[ 2017-08-08T10:39:58+08:00 ] 127.0.0.1 /Public/Admin/images/head.jpg
INFO: [ app_init ] --START--
INFO: Run Behavior\BuildLiteBehavior [ RunTime:0.000008s ]
INFO: [ app_init ] --END-- [ RunTime:0.000321s ]

[ 2017-08-08T10:39:59+08:00 ] 127.0.0.1 /Public/Admin/images/head.jpg
INFO: [ app_init ] --START--
INFO: Run Behavior\BuildLiteBehavior [ RunTime:0.000009s ]
INFO: [ app_init ] --END-- [ RunTime:0.000355s ]

[ 2017-08-08T10:40:38+08:00 ] 127.0.0.1 /Public/Admin/images/head.jpg
INFO: [ app_init ] --START--
INFO: Run Behavior\BuildLiteBehavior [ RunTime:0.000012s ]
INFO: [ app_init ] --END-- [ RunTime:0.000414s ]

[ 2017-08-08T10:40:40+08:00 ] 127.0.0.1 /Public/Admin/images/head.jpg
INFO: [ app_init ] --START--
INFO: Run Behavior\BuildLiteBehavior [ RunTime:0.000010s ]
INFO: [ app_init ] --END-- [ RunTime:0.000395s ]

[ 2017-08-08T10:40:45+08:00 ] 127.0.0.1 /Public/Admin/images/head.jpg
INFO: [ app_init ] --START--
INFO: Run Behavior\BuildLiteBehavior [ RunTime:0.000011s ]
INFO: [ app_init ] --END-- [ RunTime:0.000446s ]

[ 2017-08-08T10:40:47+08:00 ] 127.0.0.1 /Public/Admin/uploadify/uploadify.css
INFO: [ app_init ] --START--
INFO: Run Behavior\BuildLiteBehavior [ RunTime:0.000009s ]
INFO: [ app_init ] --END-- [ RunTime:0.000311s ]
INFO: [ app_begin ] --START--
INFO: Run Behavior\ReadHtmlCacheBehavior [ RunTime:0.000365s ]
INFO: [ app_begin ] --END-- [ RunTime:0.000398s ]
ERR: 无法加载控制器:Public

[ 2017-08-08T10:40:47+08:00 ] 127.0.0.1 /Public/Admin/images/head.jpg
INFO: [ app_init ] --START--
INFO: Run Behavior\BuildLiteBehavior [ RunTime:0.000009s ]
INFO: [ app_init ] --END-- [ RunTime:0.000321s ]

[ 2017-08-08T10:40:50+08:00 ] 127.0.0.1 /Public/Admin/images/head.jpg
INFO: [ app_init ] --START--
INFO: Run Behavior\BuildLiteBehavior [ RunTime:0.000010s ]
INFO: [ app_init ] --END-- [ RunTime:0.000356s ]

[ 2017-08-08T10:40:52+08:00 ] 127.0.0.1 /Public/Admin/images/head.jpg
INFO: [ app_init ] --START--
INFO: Run Behavior\BuildLiteBehavior [ RunTime:0.000014s ]
INFO: [ app_init ] --END-- [ RunTime:0.000375s ]

[ 2017-08-08T10:40:59+08:00 ] 127.0.0.1 /Public/Admin/images/head.jpg
INFO: [ app_init ] --START--
INFO: Run Behavior\BuildLiteBehavior [ RunTime:0.000009s ]
INFO: [ app_init ] --END-- [ RunTime:0.000375s ]

[ 2017-08-08T10:42:09+08:00 ] 127.0.0.1 /Public/Admin/images/head.jpg
INFO: [ app_init ] --START--
INFO: Run Behavior\BuildLiteBehavior [ RunTime:0.000008s ]
INFO: [ app_init ] --END-- [ RunTime:0.000310s ]

[ 2017-08-08T10:42:28+08:00 ] 127.0.0.1 /Public/Admin/images/head.jpg
INFO: [ app_init ] --START--
INFO: Run Behavior\BuildLiteBehavior [ RunTime:0.000011s ]
INFO: [ app_init ] --END-- [ RunTime:0.000446s ]

[ 2017-08-08T10:42:29+08:00 ] 127.0.0.1 /Public/Admin/images/head.jpg
INFO: [ app_init ] --START--
INFO: Run Behavior\BuildLiteBehavior [ RunTime:0.000009s ]
INFO: [ app_init ] --END-- [ RunTime:0.000325s ]

[ 2017-08-08T10:42:30+08:00 ] 127.0.0.1 /Public/Admin/images/head.jpg
INFO: [ app_init ] --START--
INFO: Run Behavior\BuildLiteBehavior [ RunTime:0.000010s ]
INFO: [ app_init ] --END-- [ RunTime:0.000315s ]

[ 2017-08-08T10:42:31+08:00 ] 127.0.0.1 /Public/Admin/images/head.jpg
INFO: [ app_init ] --START--
INFO: Run Behavior\BuildLiteBehavior [ RunTime:0.000009s ]
INFO: [ app_init ] --END-- [ RunTime:0.000305s ]

[ 2017-08-08T10:42:32+08:00 ] 127.0.0.1 /Public/Admin/images/head.jpg
INFO: [ app_init ] --START--
INFO: Run Behavior\BuildLiteBehavior [ RunTime:0.000009s ]
INFO: [ app_init ] --END-- [ RunTime:0.000314s ]

[ 2017-08-08T10:43:05+08:00 ] 127.0.0.1 /Public/Admin/images/head.jpg
INFO: [ app_init ] --START--
INFO: Run Behavior\BuildLiteBehavior [ RunTime:0.000010s ]
INFO: [ app_init ] --END-- [ RunTime:0.000373s ]

[ 2017-08-08T10:43:07+08:00 ] 127.0.0.1 /Public/Admin/images/head.jpg
INFO: [ app_init ] --START--
INFO: Run Behavior\BuildLiteBehavior [ RunTime:0.000009s ]
INFO: [ app_init ] --END-- [ RunTime:0.000345s ]

[ 2017-08-08T10:43:21+08:00 ] 127.0.0.1 /Public/Admin/images/head.jpg
INFO: [ app_init ] --START--
INFO: Run Behavior\BuildLiteBehavior [ RunTime:0.000010s ]
INFO: [ app_init ] --END-- [ RunTime:0.000342s ]

[ 2017-08-08T10:49:26+08:00 ] 127.0.0.1 /Public/Admin/images/head.jpg
INFO: [ app_init ] --START--
INFO: Run Behavior\BuildLiteBehavior [ RunTime:0.000010s ]
INFO: [ app_init ] --END-- [ RunTime:0.000461s ]

[ 2017-08-08T10:49:27+08:00 ] 127.0.0.1 /Public/Admin/images/head.jpg
INFO: [ app_init ] --START--
INFO: Run Behavior\BuildLiteBehavior [ RunTime:0.000010s ]
INFO: [ app_init ] --END-- [ RunTime:0.000417s ]

[ 2017-08-08T10:49:37+08:00 ] 127.0.0.1 /Public/Admin/images/head.jpg
INFO: [ app_init ] --START--
INFO: Run Behavior\BuildLiteBehavior [ RunTime:0.000011s ]
INFO: [ app_init ] --END-- [ RunTime:0.000366s ]

[ 2017-08-08T10:49:37+08:00 ] 127.0.0.1 /Public/Admin/images/head.jpg
INFO: [ app_init ] --START--
INFO: Run Behavior\BuildLiteBehavior [ RunTime:0.000010s ]
INFO: [ app_init ] --END-- [ RunTime:0.000412s ]

[ 2017-08-08T10:49:38+08:00 ] 127.0.0.1 /Public/Admin/images/head.jpg
INFO: [ app_init ] --START--
INFO: Run Behavior\BuildLiteBehavior [ RunTime:0.000009s ]
INFO: [ app_init ] --END-- [ RunTime:0.000397s ]

[ 2017-08-08T10:49:38+08:00 ] 127.0.0.1 /Public/Admin/images/head.jpg
INFO: [ app_init ] --START--
INFO: Run Behavior\BuildLiteBehavior [ RunTime:0.000011s ]
INFO: [ app_init ] --END-- [ RunTime:0.000373s ]

[ 2017-08-08T10:49:38+08:00 ] 127.0.0.1 /Public/Admin/images/head.jpg
INFO: [ app_init ] --START--
INFO: Run Behavior\BuildLiteBehavior [ RunTime:0.000014s ]
INFO: [ app_init ] --END-- [ RunTime:0.000425s ]

[ 2017-08-08T10:49:38+08:00 ] 127.0.0.1 /Public/Admin/images/head.jpg
INFO: [ app_init ] --START--
INFO: Run Behavior\BuildLiteBehavior [ RunTime:0.000018s ]
INFO: [ app_init ] --END-- [ RunTime:0.000479s ]

[ 2017-08-08T10:49:41+08:00 ] 127.0.0.1 /Public/Admin/images/head.jpg
INFO: [ app_init ] --START--
INFO: Run Behavior\BuildLiteBehavior [ RunTime:0.000010s ]
INFO: [ app_init ] --END-- [ RunTime:0.000405s ]

[ 2017-08-08T10:49:41+08:00 ] 127.0.0.1 /Public/Admin/images/head.jpg
INFO: [ app_init ] --START--
INFO: Run Behavior\BuildLiteBehavior [ RunTime:0.000018s ]
INFO: [ app_init ] --END-- [ RunTime:0.000853s ]

[ 2017-08-08T10:49:41+08:00 ] 127.0.0.1 /Public/Admin/images/head.jpg
INFO: [ app_init ] --START--
INFO: Run Behavior\BuildLiteBehavior [ RunTime:0.000017s ]
INFO: [ app_init ] --END-- [ RunTime:0.000620s ]

[ 2017-08-08T10:49:42+08:00 ] 127.0.0.1 /Public/Admin/images/head.jpg
INFO: [ app_init ] --START--
INFO: Run Behavior\BuildLiteBehavior [ RunTime:0.000012s ]
INFO: [ app_init ] --END-- [ RunTime:0.000758s ]

[ 2017-08-08T10:49:42+08:00 ] 127.0.0.1 /Public/Admin/images/head.jpg
INFO: [ app_init ] --START--
INFO: Run Behavior\BuildLiteBehavior [ RunTime:0.000012s ]
INFO: [ app_init ] --END-- [ RunTime:0.000541s ]

[ 2017-08-08T10:49:42+08:00 ] 127.0.0.1 /Public/Admin/images/head.jpg
INFO: [ app_init ] --START--
INFO: Run Behavior\BuildLiteBehavior [ RunTime:0.000034s ]
INFO: [ app_init ] --END-- [ RunTime:0.000590s ]

[ 2017-08-08T10:49:42+08:00 ] 127.0.0.1 /Public/Admin/images/head.jpg
INFO: [ app_init ] --START--
INFO: Run Behavior\BuildLiteBehavior [ RunTime:0.000011s ]
INFO: [ app_init ] --END-- [ RunTime:0.000350s ]

[ 2017-08-08T10:50:01+08:00 ] 127.0.0.1 /Public/Admin/images/head.jpg
INFO: [ app_init ] --START--
INFO: Run Behavior\BuildLiteBehavior [ RunTime:0.000009s ]
INFO: [ app_init ] --END-- [ RunTime:0.000336s ]

[ 2017-08-08T10:50:02+08:00 ] 127.0.0.1 /Public/Admin/images/head.jpg
INFO: [ app_init ] --START--
INFO: Run Behavior\BuildLiteBehavior [ RunTime:0.000010s ]
INFO: [ app_init ] --END-- [ RunTime:0.000355s ]

[ 2017-08-08T10:51:10+08:00 ] 127.0.0.1 /Public/Admin/images/head.jpg
INFO: [ app_init ] --START--
INFO: Run Behavior\BuildLiteBehavior [ RunTime:0.000009s ]
INFO: [ app_init ] --END-- [ RunTime:0.000309s ]

[ 2017-08-08T10:51:11+08:00 ] 127.0.0.1 /Public/Admin/images/head.jpg
INFO: [ app_init ] --START--
INFO: Run Behavior\BuildLiteBehavior [ RunTime:0.000009s ]
INFO: [ app_init ] --END-- [ RunTime:0.000313s ]

[ 2017-08-08T10:51:12+08:00 ] 127.0.0.1 /Public/Admin/images/head.jpg
INFO: [ app_init ] --START--
INFO: Run Behavior\BuildLiteBehavior [ RunTime:0.000035s ]
INFO: [ app_init ] --END-- [ RunTime:0.000461s ]

[ 2017-08-08T10:51:13+08:00 ] 127.0.0.1 /Public/Admin/images/head.jpg
INFO: [ app_init ] --START--
INFO: Run Behavior\BuildLiteBehavior [ RunTime:0.000011s ]
INFO: [ app_init ] --END-- [ RunTime:0.000461s ]

[ 2017-08-08T10:51:13+08:00 ] 127.0.0.1 /Public/Admin/images/head.jpg
INFO: [ app_init ] --START--
INFO: Run Behavior\BuildLiteBehavior [ RunTime:0.000010s ]
INFO: [ app_init ] --END-- [ RunTime:0.000329s ]

[ 2017-08-08T10:51:14+08:00 ] 127.0.0.1 /Public/Admin/images/head.jpg
INFO: [ app_init ] --START--
INFO: Run Behavior\BuildLiteBehavior [ RunTime:0.000009s ]
INFO: [ app_init ] --END-- [ RunTime:0.000326s ]

[ 2017-08-08T10:51:15+08:00 ] 127.0.0.1 /Public/Admin/images/head.jpg
INFO: [ app_init ] --START--
INFO: Run Behavior\BuildLiteBehavior [ RunTime:0.000009s ]
INFO: [ app_init ] --END-- [ RunTime:0.000346s ]

[ 2017-08-08T10:51:18+08:00 ] 127.0.0.1 /Public/Admin/images/head.jpg
INFO: [ app_init ] --START--
INFO: Run Behavior\BuildLiteBehavior [ RunTime:0.000010s ]
INFO: [ app_init ] --END-- [ RunTime:0.000350s ]

[ 2017-08-08T10:51:19+08:00 ] 127.0.0.1 /Public/Admin/images/head.jpg
INFO: [ app_init ] --START--
INFO: Run Behavior\BuildLiteBehavior [ RunTime:0.000010s ]
INFO: [ app_init ] --END-- [ RunTime:0.000337s ]

[ 2017-08-08T10:51:21+08:00 ] 127.0.0.1 /Public/Admin/images/head.jpg
INFO: [ app_init ] --START--
INFO: Run Behavior\BuildLiteBehavior [ RunTime:0.000013s ]
INFO: [ app_init ] --END-- [ RunTime:0.000404s ]

[ 2017-08-08T11:02:50+08:00 ] 127.0.0.1 /Public/Admin/images/head.jpg
INFO: [ app_init ] --START--
INFO: Run Behavior\BuildLiteBehavior [ RunTime:0.000010s ]
INFO: [ app_init ] --END-- [ RunTime:0.000330s ]

[ 2017-08-08T11:04:27+08:00 ] 127.0.0.1 /Public/Admin/images/head.jpg
INFO: [ app_init ] --START--
INFO: Run Behavior\BuildLiteBehavior [ RunTime:0.000010s ]
INFO: [ app_init ] --END-- [ RunTime:0.000336s ]

[ 2017-08-08T11:06:15+08:00 ] 127.0.0.1 /Public/Admin/images/head.jpg
INFO: [ app_init ] --START--
INFO: Run Behavior\BuildLiteBehavior [ RunTime:0.000009s ]
INFO: [ app_init ] --END-- [ RunTime:0.000313s ]

[ 2017-08-08T11:06:16+08:00 ] 127.0.0.1 /Public/Admin/uploadify/uploadify.css
INFO: [ app_init ] --START--
INFO: Run Behavior\BuildLiteBehavior [ RunTime:0.000009s ]
INFO: [ app_init ] --END-- [ RunTime:0.000355s ]
INFO: [ app_begin ] --START--
INFO: Run Behavior\ReadHtmlCacheBehavior [ RunTime:0.000493s ]
INFO: [ app_begin ] --END-- [ RunTime:0.000533s ]
ERR: 无法加载控制器:Public

[ 2017-08-08T11:06:16+08:00 ] 127.0.0.1 /Public/Admin/images/head.jpg
INFO: [ app_init ] --START--
INFO: Run Behavior\BuildLiteBehavior [ RunTime:0.000009s ]
INFO: [ app_init ] --END-- [ RunTime:0.000321s ]

[ 2017-08-08T11:06:31+08:00 ] 127.0.0.1 /Public/Admin/images/head.jpg
INFO: [ app_init ] --START--
INFO: Run Behavior\BuildLiteBehavior [ RunTime:0.000010s ]
INFO: [ app_init ] --END-- [ RunTime:0.000339s ]

[ 2017-08-08T11:06:33+08:00 ] 127.0.0.1 /Home/Article/detail/article_id/1.html
INFO: [ app_init ] --START--
INFO: Run Behavior\BuildLiteBehavior [ RunTime:0.000016s ]
INFO: [ app_init ] --END-- [ RunTime:0.000419s ]
INFO: [ app_begin ] --START--
INFO: Run Behavior\ReadHtmlCacheBehavior [ RunTime:0.000509s ]
INFO: [ app_begin ] --END-- [ RunTime:0.000552s ]
ERR: 无法加载控制器:Article

[ 2017-08-08T11:06:36+08:00 ] 127.0.0.1 /Public/Admin/uploadify/uploadify.css
INFO: [ app_init ] --START--
INFO: Run Behavior\BuildLiteBehavior [ RunTime:0.000009s ]
INFO: [ app_init ] --END-- [ RunTime:0.000326s ]
INFO: [ app_begin ] --START--
INFO: Run Behavior\ReadHtmlCacheBehavior [ RunTime:0.000543s ]
INFO: [ app_begin ] --END-- [ RunTime:0.000581s ]
ERR: 无法加载控制器:Public

[ 2017-08-08T11:06:36+08:00 ] 127.0.0.1 /Public/Admin/images/head.jpg
INFO: [ app_init ] --START--
INFO: Run Behavior\BuildLiteBehavior [ RunTime:0.000010s ]
INFO: [ app_init ] --END-- [ RunTime:0.000368s ]

[ 2017-08-08T11:08:23+08:00 ] 127.0.0.1 /Public/Admin/images/head.jpg
INFO: [ app_init ] --START--
INFO: Run Behavior\BuildLiteBehavior [ RunTime:0.000009s ]
INFO: [ app_init ] --END-- [ RunTime:0.000322s ]

[ 2017-08-08T11:08:24+08:00 ] 127.0.0.1 /Public/Admin/images/head.jpg
INFO: [ app_init ] --START--
INFO: Run Behavior\BuildLiteBehavior [ RunTime:0.000010s ]
INFO: [ app_init ] --END-- [ RunTime:0.000340s ]

[ 2017-08-08T11:08:25+08:00 ] 127.0.0.1 /Public/Admin/images/head.jpg
INFO: [ app_init ] --START--
INFO: Run Behavior\BuildLiteBehavior [ RunTime:0.000009s ]
INFO: [ app_init ] --END-- [ RunTime:0.000316s ]

[ 2017-08-08T11:08:26+08:00 ] 127.0.0.1 /Public/Admin/images/head.jpg
INFO: [ app_init ] --START--
INFO: Run Behavior\BuildLiteBehavior [ RunTime:0.000010s ]
INFO: [ app_init ] --END-- [ RunTime:0.000343s ]

[ 2017-08-08T11:08:47+08:00 ] 127.0.0.1 /Public/Admin/images/head.jpg
INFO: [ app_init ] --START--
INFO: Run Behavior\BuildLiteBehavior [ RunTime:0.000009s ]
INFO: [ app_init ] --END-- [ RunTime:0.000302s ]

[ 2017-08-08T11:10:57+08:00 ] 127.0.0.1 /Public/Admin/images/head.jpg
INFO: [ app_init ] --START--
INFO: Run Behavior\BuildLiteBehavior [ RunTime:0.000012s ]
INFO: [ app_init ] --END-- [ RunTime:0.000381s ]

[ 2017-08-08T11:10:59+08:00 ] 127.0.0.1 /Public/Admin/images/head.jpg
INFO: [ app_init ] --START--
INFO: Run Behavior\BuildLiteBehavior [ RunTime:0.000009s ]
INFO: [ app_init ] --END-- [ RunTime:0.000356s ]

[ 2017-08-08T11:11:25+08:00 ] 127.0.0.1 /Public/Admin/images/head.jpg
INFO: [ app_init ] --START--
INFO: Run Behavior\BuildLiteBehavior [ RunTime:0.000009s ]
INFO: [ app_init ] --END-- [ RunTime:0.000317s ]

[ 2017-08-08T11:22:52+08:00 ] 127.0.0.1 /Public/Admin/images/head.jpg
INFO: [ app_init ] --START--
INFO: Run Behavior\BuildLiteBehavior [ RunTime:0.000010s ]
INFO: [ app_init ] --END-- [ RunTime:0.000367s ]

[ 2017-08-08T11:22:52+08:00 ] 127.0.0.1 /Public/Admin/images/head.jpg
INFO: [ app_init ] --START--
INFO: Run Behavior\BuildLiteBehavior [ RunTime:0.000012s ]
INFO: [ app_init ] --END-- [ RunTime:0.000556s ]

[ 2017-08-08T11:22:57+08:00 ] 127.0.0.1 /Public/Admin/images/head.jpg
INFO: [ app_init ] --START--
INFO: Run Behavior\BuildLiteBehavior [ RunTime:0.000012s ]
INFO: [ app_init ] --END-- [ RunTime:0.000397s ]

[ 2017-08-08T11:23:00+08:00 ] 127.0.0.1 /Public/Admin/images/head.jpg
INFO: [ app_init ] --START--
INFO: Run Behavior\BuildLiteBehavior [ RunTime:0.000009s ]
INFO: [ app_init ] --END-- [ RunTime:0.000401s ]

[ 2017-08-08T11:23:12+08:00 ] 127.0.0.1 /Public/Admin/images/head.jpg
INFO: [ app_init ] --START--
INFO: Run Behavior\BuildLiteBehavior [ RunTime:0.000008s ]
INFO: [ app_init ] --END-- [ RunTime:0.000388s ]

[ 2017-08-08T11:24:22+08:00 ] 127.0.0.1 /Public/Admin/images/head.jpg
INFO: [ app_init ] --START--
INFO: Run Behavior\BuildLiteBehavior [ RunTime:0.000011s ]
INFO: [ app_init ] --END-- [ RunTime:0.000391s ]

[ 2017-08-08T11:24:24+08:00 ] 127.0.0.1 /Public/Admin/uploadify/uploadify.css
INFO: [ app_init ] --START--
INFO: Run Behavior\BuildLiteBehavior [ RunTime:0.000009s ]
INFO: [ app_init ] --END-- [ RunTime:0.000317s ]
INFO: [ app_begin ] --START--
INFO: Run Behavior\ReadHtmlCacheBehavior [ RunTime:0.000392s ]
INFO: [ app_begin ] --END-- [ RunTime:0.000423s ]
ERR: 无法加载控制器:Public

[ 2017-08-08T11:24:24+08:00 ] 127.0.0.1 /Public/Admin/images/head.jpg
INFO: [ app_init ] --START--
INFO: Run Behavior\BuildLiteBehavior [ RunTime:0.000010s ]
INFO: [ app_init ] --END-- [ RunTime:0.000353s ]

[ 2017-08-08T14:35:39+08:00 ] 127.0.0.1 /Public/Admin/uploadify/uploadify.css
INFO: [ app_init ] --START--
INFO: Run Behavior\BuildLiteBehavior [ RunTime:0.000010s ]
INFO: [ app_init ] --END-- [ RunTime:0.000380s ]
INFO: [ app_begin ] --START--
INFO: Run Behavior\ReadHtmlCacheBehavior [ RunTime:0.000430s ]
INFO: [ app_begin ] --END-- [ RunTime:0.000467s ]
ERR: 无法加载控制器:Public

[ 2017-08-08T14:36:08+08:00 ] 127.0.0.1 /Public/Admin/images/head.jpg
INFO: [ app_init ] --START--
INFO: Run Behavior\BuildLiteBehavior [ RunTime:0.000026s ]
INFO: [ app_init ] --END-- [ RunTime:0.000454s ]

[ 2017-08-08T14:36:13+08:00 ] 127.0.0.1 /Public/Admin/uploadify/uploadify.css
INFO: [ app_init ] --START--
INFO: Run Behavior\BuildLiteBehavior [ RunTime:0.000017s ]
INFO: [ app_init ] --END-- [ RunTime:0.000708s ]
INFO: [ app_begin ] --START--
INFO: Run Behavior\ReadHtmlCacheBehavior [ RunTime:0.001017s ]
INFO: [ app_begin ] --END-- [ RunTime:0.001094s ]
ERR: 无法加载控制器:Public

[ 2017-08-08T14:36:13+08:00 ] 127.0.0.1 /Public/Admin/images/head.jpg
INFO: [ app_init ] --START--
INFO: Run Behavior\BuildLiteBehavior [ RunTime:0.000017s ]
INFO: [ app_init ] --END-- [ RunTime:0.000538s ]

[ 2017-08-08T14:36:52+08:00 ] 127.0.0.1 /Public/Admin/uploadify/uploadify.css
INFO: [ app_init ] --START--
INFO: Run Behavior\BuildLiteBehavior [ RunTime:0.000010s ]
INFO: [ app_init ] --END-- [ RunTime:0.000438s ]
INFO: [ app_begin ] --START--
INFO: Run Behavior\ReadHtmlCacheBehavior [ RunTime:0.000453s ]
INFO: [ app_begin ] --END-- [ RunTime:0.000488s ]
ERR: 无法加载控制器:Public

[ 2017-08-08T14:36:52+08:00 ] 127.0.0.1 /Public/Admin/images/head.jpg
INFO: [ app_init ] --START--
INFO: Run Behavior\BuildLiteBehavior [ RunTime:0.000010s ]
INFO: [ app_init ] --END-- [ RunTime:0.000429s ]

[ 2017-08-08T14:37:07+08:00 ] 127.0.0.1 /Public/Admin/uploadify/uploadify.css
INFO: [ app_init ] --START--
INFO: Run Behavior\BuildLiteBehavior [ RunTime:0.000010s ]
INFO: [ app_init ] --END-- [ RunTime:0.000360s ]
INFO: [ app_begin ] --START--
INFO: Run Behavior\ReadHtmlCacheBehavior [ RunTime:0.000578s ]
INFO: [ app_begin ] --END-- [ RunTime:0.000622s ]
ERR: 无法加载控制器:Public

[ 2017-08-08T14:37:07+08:00 ] 127.0.0.1 /Public/Admin/images/head.jpg
INFO: [ app_init ] --START--
INFO: Run Behavior\BuildLiteBehavior [ RunTime:0.000012s ]
INFO: [ app_init ] --END-- [ RunTime:0.000452s ]

[ 2017-08-08T14:37:26+08:00 ] 127.0.0.1 /Public/Admin/images/head.jpg
INFO: [ app_init ] --START--
INFO: Run Behavior\BuildLiteBehavior [ RunTime:0.000009s ]
INFO: [ app_init ] --END-- [ RunTime:0.000348s ]

[ 2017-08-08T14:38:16+08:00 ] 127.0.0.1 /Public/Admin/images/head.jpg
INFO: [ app_init ] --START--
INFO: Run Behavior\BuildLiteBehavior [ RunTime:0.000010s ]
INFO: [ app_init ] --END-- [ RunTime:0.000399s ]

[ 2017-08-08T14:38:17+08:00 ] 127.0.0.1 /Public/Admin/uploadify/uploadify.css
INFO: [ app_init ] --START--
INFO: Run Behavior\BuildLiteBehavior [ RunTime:0.000009s ]
INFO: [ app_init ] --END-- [ RunTime:0.000351s ]
INFO: [ app_begin ] --START--
INFO: Run Behavior\ReadHtmlCacheBehavior [ RunTime:0.000443s ]
INFO: [ app_begin ] --END-- [ RunTime:0.000477s ]
ERR: 无法加载控制器:Public

[ 2017-08-08T14:38:17+08:00 ] 127.0.0.1 /Public/Admin/images/head.jpg
INFO: [ app_init ] --START--
INFO: Run Behavior\BuildLiteBehavior [ RunTime:0.000010s ]
INFO: [ app_init ] --END-- [ RunTime:0.000397s ]

[ 2017-08-08T14:38:24+08:00 ] 127.0.0.1 /Public/Admin/images/head.jpg
INFO: [ app_init ] --START--
INFO: Run Behavior\BuildLiteBehavior [ RunTime:0.000010s ]
INFO: [ app_init ] --END-- [ RunTime:0.000355s ]

[ 2017-08-08T14:39:01+08:00 ] 127.0.0.1 /Public/Admin/uploadify/uploadify.css
INFO: [ app_init ] --START--
INFO: Run Behavior\BuildLiteBehavior [ RunTime:0.000009s ]
INFO: [ app_init ] --END-- [ RunTime:0.000331s ]
INFO: [ app_begin ] --START--
INFO: Run Behavior\ReadHtmlCacheBehavior [ RunTime:0.000879s ]
INFO: [ app_begin ] --END-- [ RunTime:0.000929s ]
ERR: 无法加载控制器:Public

[ 2017-08-08T14:39:01+08:00 ] 127.0.0.1 /Public/Admin/images/head.jpg
INFO: [ app_init ] --START--
INFO: Run Behavior\BuildLiteBehavior [ RunTime:0.000011s ]
INFO: [ app_init ] --END-- [ RunTime:0.000483s ]

[ 2017-08-08T14:56:51+08:00 ] 127.0.0.1 /Public/Admin/uploadify/uploadify.css
INFO: [ app_init ] --START--
INFO: Run Behavior\BuildLiteBehavior [ RunTime:0.000021s ]
INFO: [ app_init ] --END-- [ RunTime:0.000632s ]
INFO: [ app_begin ] --START--
INFO: Run Behavior\ReadHtmlCacheBehavior [ RunTime:0.000532s ]
INFO: [ app_begin ] --END-- [ RunTime:0.000579s ]
ERR: 无法加载控制器:Public

[ 2017-08-08T14:56:51+08:00 ] 127.0.0.1 /Public/Admin/images/head.jpg
INFO: [ app_init ] --START--
INFO: Run Behavior\BuildLiteBehavior [ RunTime:0.000009s ]
INFO: [ app_init ] --END-- [ RunTime:0.000333s ]

[ 2017-08-08T14:58:21+08:00 ] 127.0.0.1 /Public/Admin/uploadify/uploadify.css
INFO: [ app_init ] --START--
INFO: Run Behavior\BuildLiteBehavior [ RunTime:0.000023s ]
INFO: [ app_init ] --END-- [ RunTime:0.000522s ]
INFO: [ app_begin ] --START--
INFO: Run Behavior\ReadHtmlCacheBehavior [ RunTime:0.001430s ]
INFO: [ app_begin ] --END-- [ RunTime:0.001501s ]
ERR: 无法加载控制器:Public

[ 2017-08-08T14:58:22+08:00 ] 127.0.0.1 /Public/Admin/images/head.jpg
INFO: [ app_init ] --START--
INFO: Run Behavior\BuildLiteBehavior [ RunTime:0.000009s ]
INFO: [ app_init ] --END-- [ RunTime:0.000344s ]

[ 2017-08-08T14:58:52+08:00 ] 127.0.0.1 /Public/Admin/images/head.jpg
INFO: [ app_init ] --START--
INFO: Run Behavior\BuildLiteBehavior [ RunTime:0.000009s ]
INFO: [ app_init ] --END-- [ RunTime:0.000360s ]

[ 2017-08-08T14:58:53+08:00 ] 127.0.0.1 /Public/Admin/images/head.jpg
INFO: [ app_init ] --START--
INFO: Run Behavior\BuildLiteBehavior [ RunTime:0.000009s ]
INFO: [ app_init ] --END-- [ RunTime:0.000429s ]

[ 2017-08-08T14:58:54+08:00 ] 127.0.0.1 /Public/Admin/images/head.jpg
INFO: [ app_init ] --START--
INFO: Run Behavior\BuildLiteBehavior [ RunTime:0.000010s ]
INFO: [ app_init ] --END-- [ RunTime:0.000410s ]

[ 2017-08-08T14:59:25+08:00 ] 127.0.0.1 /Public/Admin/images/head.jpg
INFO: [ app_init ] --START--
INFO: Run Behavior\BuildLiteBehavior [ RunTime:0.000009s ]
INFO: [ app_init ] --END-- [ RunTime:0.000353s ]

[ 2017-08-08T15:00:01+08:00 ] 127.0.0.1 /Public/Admin/images/head.jpg
INFO: [ app_init ] --START--
INFO: Run Behavior\BuildLiteBehavior [ RunTime:0.000009s ]
INFO: [ app_init ] --END-- [ RunTime:0.000365s ]

[ 2017-08-08T15:00:03+08:00 ] 127.0.0.1 /Public/Admin/images/head.jpg
INFO: [ app_init ] --START--
INFO: Run Behavior\BuildLiteBehavior [ RunTime:0.000010s ]
INFO: [ app_init ] --END-- [ RunTime:0.000355s ]

[ 2017-08-08T15:01:14+08:00 ] 127.0.0.1 /Public/Admin/images/head.jpg
INFO: [ app_init ] --START--
INFO: Run Behavior\BuildLiteBehavior [ RunTime:0.000009s ]
INFO: [ app_init ] --END-- [ RunTime:0.000382s ]

[ 2017-08-08T15:02:09+08:00 ] 127.0.0.1 /Public/Admin/images/head.jpg
INFO: [ app_init ] --START--
INFO: Run Behavior\BuildLiteBehavior [ RunTime:0.000010s ]
INFO: [ app_init ] --END-- [ RunTime:0.000434s ]

[ 2017-08-08T15:02:13+08:00 ] 127.0.0.1 /Public/Admin/images/head.jpg
INFO: [ app_init ] --START--
INFO: Run Behavior\BuildLiteBehavior [ RunTime:0.000009s ]
INFO: [ app_init ] --END-- [ RunTime:0.000354s ]

[ 2017-08-08T15:02:14+08:00 ] 127.0.0.1 /Public/Admin/images/head.jpg
INFO: [ app_init ] --START--
INFO: Run Behavior\BuildLiteBehavior [ RunTime:0.000010s ]
INFO: [ app_init ] --END-- [ RunTime:0.000359s ]

[ 2017-08-08T15:02:15+08:00 ] 127.0.0.1 /Public/Admin/images/head.jpg
INFO: [ app_init ] --START--
INFO: Run Behavior\BuildLiteBehavior [ RunTime:0.000010s ]
INFO: [ app_init ] --END-- [ RunTime:0.000345s ]

[ 2017-08-08T15:02:16+08:00 ] 127.0.0.1 /Public/Admin/images/head.jpg
INFO: [ app_init ] --START--
INFO: Run Behavior\BuildLiteBehavior [ RunTime:0.000010s ]
INFO: [ app_init ] --END-- [ RunTime:0.000335s ]

[ 2017-08-08T15:02:16+08:00 ] 127.0.0.1 /Public/Admin/images/head.jpg
INFO: [ app_init ] --START--
INFO: Run Behavior\BuildLiteBehavior [ RunTime:0.000009s ]
INFO: [ app_init ] --END-- [ RunTime:0.000339s ]

[ 2017-08-08T15:02:17+08:00 ] 127.0.0.1 /Public/Admin/images/head.jpg
INFO: [ app_init ] --START--
INFO: Run Behavior\BuildLiteBehavior [ RunTime:0.000010s ]
INFO: [ app_init ] --END-- [ RunTime:0.000370s ]

[ 2017-08-08T15:02:17+08:00 ] 127.0.0.1 /Public/Admin/images/head.jpg
INFO: [ app_init ] --START--
INFO: Run Behavior\BuildLiteBehavior [ RunTime:0.000010s ]
INFO: [ app_init ] --END-- [ RunTime:0.000347s ]

[ 2017-08-08T15:02:18+08:00 ] 127.0.0.1 /Public/Admin/images/head.jpg
INFO: [ app_init ] --START--
INFO: Run Behavior\BuildLiteBehavior [ RunTime:0.000010s ]
INFO: [ app_init ] --END-- [ RunTime:0.000323s ]

[ 2017-08-08T15:02:19+08:00 ] 127.0.0.1 /Public/Admin/images/head.jpg
INFO: [ app_init ] --START--
INFO: Run Behavior\BuildLiteBehavior [ RunTime:0.000013s ]
INFO: [ app_init ] --END-- [ RunTime:0.000528s ]

