[ 2017-10-06T17:06:08+08:00 ] 106.11.242.9 /
INFO: [ app_init ] --START--
INFO: Run Behavior\BuildLiteBehavior [ RunTime:0.000013s ]
INFO: [ app_init ] --END-- [ RunTime:0.000266s ]
INFO: [ app_begin ] --START--
INFO: Run Behavior\ReadHtmlCacheBehavior [ RunTime:0.000317s ]
INFO: [ app_begin ] --END-- [ RunTime:0.000353s ]
SQL: SHOW COLUMNS FROM `shenma_config` [ RunTime:0.0004s ]
SQL: SELECT `conf_value` FROM `shenma_config` WHERE ( conf_id = 3 ) LIMIT 1   [ RunTime:0.0001s ]
SQL: SELECT `conf_value` FROM `shenma_config` WHERE ( conf_id = 5 ) LIMIT 1   [ RunTime:0.0001s ]
SQL: SELECT `conf_value` FROM `shenma_config` WHERE ( conf_id = 4 ) LIMIT 1   [ RunTime:0.0001s ]
SQL: SHOW COLUMNS FROM `shenma_banner` [ RunTime:0.0003s ]
SQL: SELECT * FROM `shenma_banner` WHERE `classify` = 1 ORDER BY sort asc  [ RunTime:0.0001s ]
SQL: SHOW COLUMNS FROM `shenma_about` [ RunTime:0.0003s ]
SQL: SELECT * FROM `shenma_about` WHERE `id` = 2 LIMIT 1   [ RunTime:0.0001s ]
SQL: SHOW COLUMNS FROM `shenma_article` [ RunTime:0.0003s ]
SQL: SELECT * FROM `shenma_article` WHERE `is_top` = 1 ORDER BY newstime desc LIMIT 1   [ RunTime:0.0001s ]
SQL: SELECT * FROM `shenma_article` WHERE `is_recommend` = 1 ORDER BY newstime desc LIMIT 5   [ RunTime:0.0001s ]
SQL: SHOW COLUMNS FROM `shenma_brand` [ RunTime:0.0003s ]
SQL: SELECT * FROM `shenma_brand` WHERE `status` = 1  [ RunTime:0.0001s ]
SQL: SELECT COUNT(*) AS tp_count FROM `shenma_brand` LIMIT 1   [ RunTime:0.0001s ]
SQL: SHOW COLUMNS FROM `shenma_nav` [ RunTime:0.0003s ]
SQL: SELECT * FROM `shenma_nav`  [ RunTime:0.0001s ]
INFO: [ view_parse ] --START--
INFO: [ template_filter ] --START--
INFO: Run Behavior\ContentReplaceBehavior [ RunTime:0.000121s ]
INFO: [ template_filter ] --END-- [ RunTime:0.000158s ]
NOTIC: [8] Undefined index: titleimg /home/wwwroot/default/sm/Application/Runtime/Cache/Home/2a94b8bda04ff446dcedd42276fc99ee.php 第 267 行.
INFO: Run Behavior\ParseTemplateBehavior [ RunTime:0.012605s ]
INFO: [ view_parse ] --END-- [ RunTime:0.012638s ]
INFO: [ view_filter ] --START--
INFO: Run Behavior\WriteHtmlCacheBehavior [ RunTime:0.000127s ]
INFO: [ view_filter ] --END-- [ RunTime:0.000155s ]
INFO: [ app_end ] --START--
INFO: Run Behavior\ShowPageTraceBehavior [ RunTime:0.000344s ]
INFO: [ app_end ] --END-- [ RunTime:0.000401s ]

