[ 2017-10-30T08:14:14+08:00 ] 127.0.0.1 /
INFO: [ app_init ] --START--
INFO: Run Behavior\BuildLiteBehavior [ RunTime:0.000000s ]
INFO: [ app_init ] --END-- [ RunTime:0.002000s ]
INFO: [ app_begin ] --START--
INFO: Run Behavior\ReadHtmlCacheBehavior [ RunTime:0.000000s ]
INFO: [ app_begin ] --END-- [ RunTime:0.000000s ]
SQL: SHOW COLUMNS FROM `shenma_config` [ RunTime:0.0040s ]
SQL: SELECT `conf_value` FROM `shenma_config` WHERE ( conf_id = 3 ) LIMIT 1   [ RunTime:0.0000s ]
SQL: SELECT `conf_value` FROM `shenma_config` WHERE ( conf_id = 5 ) LIMIT 1   [ RunTime:0.0000s ]
SQL: SELECT `conf_value` FROM `shenma_config` WHERE ( conf_id = 4 ) LIMIT 1   [ RunTime:0.0000s ]
SQL: SHOW COLUMNS FROM `shenma_banner` [ RunTime:0.0030s ]
SQL: SELECT * FROM `shenma_banner` WHERE `classify` = 1 ORDER BY sort asc  [ RunTime:0.0010s ]
SQL: SHOW COLUMNS FROM `shenma_about` [ RunTime:0.0040s ]
SQL: SELECT * FROM `shenma_about` WHERE `id` = 2 LIMIT 1   [ RunTime:0.0000s ]
SQL: SHOW COLUMNS FROM `shenma_carousel` [ RunTime:0.0040s ]
SQL: SELECT * FROM `shenma_carousel` ORDER BY sort asc  [ RunTime:0.0000s ]
SQL: SHOW COLUMNS FROM `shenma_article` [ RunTime:0.0040s ]
SQL: SELECT * FROM `shenma_article` WHERE `is_top` = 1 ORDER BY newstime desc LIMIT 1   [ RunTime:0.0020s ]
SQL: SELECT * FROM `shenma_article` WHERE `is_recommend` = 1 ORDER BY newstime desc LIMIT 5   [ RunTime:0.0010s ]
SQL: SHOW COLUMNS FROM `shenma_brand` [ RunTime:0.0030s ]
SQL: SELECT * FROM `shenma_brand` WHERE `status` = 1 ORDER BY sort asc  [ RunTime:0.0010s ]
SQL: SELECT COUNT(*) AS tp_count FROM `shenma_brand` LIMIT 1   [ RunTime:0.0000s ]
SQL: SHOW COLUMNS FROM `shenma_nav` [ RunTime:0.0050s ]
SQL: SELECT * FROM `shenma_nav`  [ RunTime:0.0010s ]
INFO: [ view_parse ] --START--
INFO: [ template_filter ] --START--
INFO: Run Behavior\ContentReplaceBehavior [ RunTime:0.001000s ]
INFO: [ template_filter ] --END-- [ RunTime:0.001000s ]
INFO: Run Behavior\ParseTemplateBehavior [ RunTime:0.023000s ]
INFO: [ view_parse ] --END-- [ RunTime:0.023000s ]
INFO: [ view_filter ] --START--
INFO: Run Behavior\WriteHtmlCacheBehavior [ RunTime:0.001000s ]
INFO: [ view_filter ] --END-- [ RunTime:0.001000s ]
INFO: [ app_end ] --START--
INFO: Run Behavior\ShowPageTraceBehavior [ RunTime:0.001000s ]
INFO: [ app_end ] --END-- [ RunTime:0.001000s ]

[ 2017-10-30T08:14:14+08:00 ] 127.0.0.1 /Public/Home/img/QR2.jpg
INFO: [ app_init ] --START--
INFO: Run Behavior\BuildLiteBehavior [ RunTime:0.000000s ]
INFO: [ app_init ] --END-- [ RunTime:0.000000s ]

[ 2017-10-30T08:14:14+08:00 ] 127.0.0.1 /Public/Home/img/kache_weiqi.png
INFO: [ app_init ] --START--
INFO: Run Behavior\BuildLiteBehavior [ RunTime:0.000000s ]
INFO: [ app_init ] --END-- [ RunTime:0.001000s ]

[ 2017-10-30T08:14:14+08:00 ] 127.0.0.1 /Public/Home/img/imgl01.jpg
INFO: [ app_init ] --START--
INFO: Run Behavior\BuildLiteBehavior [ RunTime:0.000000s ]
INFO: [ app_init ] --END-- [ RunTime:0.000000s ]

[ 2017-10-30T08:14:14+08:00 ] 127.0.0.1 /Public/Home/img/imgl02.jpg
INFO: [ app_init ] --START--
INFO: Run Behavior\BuildLiteBehavior [ RunTime:0.000000s ]
INFO: [ app_init ] --END-- [ RunTime:0.000000s ]

[ 2017-10-30T08:14:14+08:00 ] 127.0.0.1 /Public/Home/img/imgl03.jpg
INFO: [ app_init ] --START--
INFO: Run Behavior\BuildLiteBehavior [ RunTime:0.000000s ]
INFO: [ app_init ] --END-- [ RunTime:0.000000s ]

[ 2017-10-30T08:14:14+08:00 ] 127.0.0.1 /Public/Home/img/imgl04.jpg
INFO: [ app_init ] --START--
INFO: Run Behavior\BuildLiteBehavior [ RunTime:0.000000s ]
INFO: [ app_init ] --END-- [ RunTime:0.001000s ]

[ 2017-10-30T08:14:14+08:00 ] 127.0.0.1 /Public/Home/img/imgr01.jpg
INFO: [ app_init ] --START--
INFO: Run Behavior\BuildLiteBehavior [ RunTime:0.000000s ]
INFO: [ app_init ] --END-- [ RunTime:0.000000s ]

[ 2017-10-30T08:14:14+08:00 ] 127.0.0.1 /Public/Home/img/imgr01bb.jpg
INFO: [ app_init ] --START--
INFO: Run Behavior\BuildLiteBehavior [ RunTime:0.000000s ]
INFO: [ app_init ] --END-- [ RunTime:0.001000s ]

[ 2017-10-30T08:14:14+08:00 ] 127.0.0.1 /Public/Home/img/imgr02.jpg
INFO: [ app_init ] --START--
INFO: Run Behavior\BuildLiteBehavior [ RunTime:0.000000s ]
INFO: [ app_init ] --END-- [ RunTime:0.000000s ]

[ 2017-10-30T08:14:14+08:00 ] 127.0.0.1 /Public/Home/img/imgr02bb.jpg
INFO: [ app_init ] --START--
INFO: Run Behavior\BuildLiteBehavior [ RunTime:0.000000s ]
INFO: [ app_init ] --END-- [ RunTime:0.000000s ]

[ 2017-10-30T08:14:14+08:00 ] 127.0.0.1 /Public/Home/img/imgr03.jpg
INFO: [ app_init ] --START--
INFO: Run Behavior\BuildLiteBehavior [ RunTime:0.000000s ]
INFO: [ app_init ] --END-- [ RunTime:0.000000s ]

[ 2017-10-30T08:14:14+08:00 ] 127.0.0.1 /Public/Home/img/imgr03bb.jpg
INFO: [ app_init ] --START--
INFO: Run Behavior\BuildLiteBehavior [ RunTime:0.000000s ]
INFO: [ app_init ] --END-- [ RunTime:0.000000s ]

[ 2017-10-30T08:14:14+08:00 ] 127.0.0.1 /Public/Home/img/imgr04.jpg
INFO: [ app_init ] --START--
INFO: Run Behavior\BuildLiteBehavior [ RunTime:0.000000s ]
INFO: [ app_init ] --END-- [ RunTime:0.000000s ]

[ 2017-10-30T08:14:14+08:00 ] 127.0.0.1 /Public/Home/img/imgr04bb.jpg
INFO: [ app_init ] --START--
INFO: Run Behavior\BuildLiteBehavior [ RunTime:0.000000s ]
INFO: [ app_init ] --END-- [ RunTime:0.000000s ]

[ 2017-10-30T08:14:18+08:00 ] 127.0.0.1 /favicon.ico
INFO: [ app_init ] --START--
INFO: Run Behavior\BuildLiteBehavior [ RunTime:0.000000s ]
INFO: [ app_init ] --END-- [ RunTime:0.000000s ]

[ 2017-10-30T09:09:40+08:00 ] 127.0.0.1 /Home/Index/index.html
INFO: [ app_init ] --START--
INFO: Run Behavior\BuildLiteBehavior [ RunTime:0.000000s ]
INFO: [ app_init ] --END-- [ RunTime:0.001000s ]
INFO: [ app_begin ] --START--
INFO: Run Behavior\ReadHtmlCacheBehavior [ RunTime:0.000000s ]
INFO: [ app_begin ] --END-- [ RunTime:0.000000s ]
SQL: SHOW COLUMNS FROM `shenma_config` [ RunTime:0.0070s ]
SQL: SELECT `conf_value` FROM `shenma_config` WHERE ( conf_id = 3 ) LIMIT 1   [ RunTime:0.0000s ]
SQL: SELECT `conf_value` FROM `shenma_config` WHERE ( conf_id = 5 ) LIMIT 1   [ RunTime:0.0010s ]
SQL: SELECT `conf_value` FROM `shenma_config` WHERE ( conf_id = 4 ) LIMIT 1   [ RunTime:0.0000s ]
SQL: SHOW COLUMNS FROM `shenma_banner` [ RunTime:0.0030s ]
SQL: SELECT * FROM `shenma_banner` WHERE `classify` = 1 ORDER BY sort asc  [ RunTime:0.0000s ]
SQL: SHOW COLUMNS FROM `shenma_about` [ RunTime:0.0030s ]
SQL: SELECT * FROM `shenma_about` WHERE `id` = 2 LIMIT 1   [ RunTime:0.0000s ]
SQL: SHOW COLUMNS FROM `shenma_carousel` [ RunTime:0.0040s ]
SQL: SELECT * FROM `shenma_carousel` ORDER BY sort asc  [ RunTime:0.0000s ]
SQL: SHOW COLUMNS FROM `shenma_article` [ RunTime:0.0030s ]
SQL: SELECT * FROM `shenma_article` WHERE `is_top` = 1 ORDER BY newstime desc LIMIT 1   [ RunTime:0.0010s ]
SQL: SELECT * FROM `shenma_article` WHERE `is_recommend` = 1 ORDER BY newstime desc LIMIT 5   [ RunTime:0.0000s ]
SQL: SHOW COLUMNS FROM `shenma_brand` [ RunTime:0.0030s ]
SQL: SELECT * FROM `shenma_brand` WHERE `status` = 1 ORDER BY sort asc  [ RunTime:0.0000s ]
SQL: SELECT COUNT(*) AS tp_count FROM `shenma_brand` LIMIT 1   [ RunTime:0.0000s ]
SQL: SHOW COLUMNS FROM `shenma_nav` [ RunTime:0.0040s ]
SQL: SELECT * FROM `shenma_nav`  [ RunTime:0.0010s ]
INFO: [ view_parse ] --START--
INFO: [ template_filter ] --START--
INFO: Run Behavior\ContentReplaceBehavior [ RunTime:0.000000s ]
INFO: [ template_filter ] --END-- [ RunTime:0.000000s ]
INFO: Run Behavior\ParseTemplateBehavior [ RunTime:0.014000s ]
INFO: [ view_parse ] --END-- [ RunTime:0.014000s ]
INFO: [ view_filter ] --START--
INFO: Run Behavior\WriteHtmlCacheBehavior [ RunTime:0.001000s ]
INFO: [ view_filter ] --END-- [ RunTime:0.001000s ]
INFO: [ app_end ] --START--
INFO: Run Behavior\ShowPageTraceBehavior [ RunTime:0.001000s ]
INFO: [ app_end ] --END-- [ RunTime:0.001000s ]

[ 2017-10-30T09:09:40+08:00 ] 127.0.0.1 /Public/Home/img/QR2.jpg
INFO: [ app_init ] --START--
INFO: Run Behavior\BuildLiteBehavior [ RunTime:0.000000s ]
INFO: [ app_init ] --END-- [ RunTime:0.000000s ]

[ 2017-10-30T09:09:40+08:00 ] 127.0.0.1 /Public/Home/img/kache_weiqi.png
INFO: [ app_init ] --START--
INFO: Run Behavior\BuildLiteBehavior [ RunTime:0.000000s ]
INFO: [ app_init ] --END-- [ RunTime:0.000000s ]

[ 2017-10-30T09:09:40+08:00 ] 127.0.0.1 /Public/Home/img/imgl01.jpg
INFO: [ app_init ] --START--
INFO: Run Behavior\BuildLiteBehavior [ RunTime:0.000000s ]
INFO: [ app_init ] --END-- [ RunTime:0.000000s ]

[ 2017-10-30T09:09:40+08:00 ] 127.0.0.1 /Public/Home/img/imgl02.jpg
INFO: [ app_init ] --START--
INFO: Run Behavior\BuildLiteBehavior [ RunTime:0.000000s ]
INFO: [ app_init ] --END-- [ RunTime:0.000000s ]

[ 2017-10-30T09:09:40+08:00 ] 127.0.0.1 /Public/Home/img/imgl03.jpg
INFO: [ app_init ] --START--
INFO: Run Behavior\BuildLiteBehavior [ RunTime:0.000000s ]
INFO: [ app_init ] --END-- [ RunTime:0.000000s ]

[ 2017-10-30T09:09:40+08:00 ] 127.0.0.1 /Public/Home/img/imgl04.jpg
INFO: [ app_init ] --START--
INFO: Run Behavior\BuildLiteBehavior [ RunTime:0.000000s ]
INFO: [ app_init ] --END-- [ RunTime:0.000000s ]

[ 2017-10-30T09:09:40+08:00 ] 127.0.0.1 /Public/Home/img/imgr01.jpg
INFO: [ app_init ] --START--
INFO: Run Behavior\BuildLiteBehavior [ RunTime:0.000000s ]
INFO: [ app_init ] --END-- [ RunTime:0.000000s ]

[ 2017-10-30T09:09:40+08:00 ] 127.0.0.1 /Public/Home/img/imgr01bb.jpg
INFO: [ app_init ] --START--
INFO: Run Behavior\BuildLiteBehavior [ RunTime:0.000000s ]
INFO: [ app_init ] --END-- [ RunTime:0.000000s ]

[ 2017-10-30T09:09:40+08:00 ] 127.0.0.1 /Public/Home/img/imgr02.jpg
INFO: [ app_init ] --START--
INFO: Run Behavior\BuildLiteBehavior [ RunTime:0.000000s ]
INFO: [ app_init ] --END-- [ RunTime:0.000000s ]

[ 2017-10-30T09:09:40+08:00 ] 127.0.0.1 /Public/Home/img/imgr02bb.jpg
INFO: [ app_init ] --START--
INFO: Run Behavior\BuildLiteBehavior [ RunTime:0.000000s ]
INFO: [ app_init ] --END-- [ RunTime:0.001000s ]

[ 2017-10-30T09:09:40+08:00 ] 127.0.0.1 /Public/Home/img/imgr03.jpg
INFO: [ app_init ] --START--
INFO: Run Behavior\BuildLiteBehavior [ RunTime:0.000000s ]
INFO: [ app_init ] --END-- [ RunTime:0.000000s ]

[ 2017-10-30T09:09:40+08:00 ] 127.0.0.1 /Public/Home/img/imgr03bb.jpg
INFO: [ app_init ] --START--
INFO: Run Behavior\BuildLiteBehavior [ RunTime:0.000000s ]
INFO: [ app_init ] --END-- [ RunTime:0.000000s ]

[ 2017-10-30T09:09:40+08:00 ] 127.0.0.1 /Public/Home/img/imgr04.jpg
INFO: [ app_init ] --START--
INFO: Run Behavior\BuildLiteBehavior [ RunTime:0.000000s ]
INFO: [ app_init ] --END-- [ RunTime:0.000000s ]

[ 2017-10-30T09:09:40+08:00 ] 127.0.0.1 /Public/Home/img/imgr04bb.jpg
INFO: [ app_init ] --START--
INFO: Run Behavior\BuildLiteBehavior [ RunTime:0.000000s ]
INFO: [ app_init ] --END-- [ RunTime:0.000000s ]

[ 2017-10-30T09:09:40+08:00 ] 127.0.0.1 /Public/Home/img/kache_weiqi.png
INFO: [ app_init ] --START--
INFO: Run Behavior\BuildLiteBehavior [ RunTime:0.000000s ]
INFO: [ app_init ] --END-- [ RunTime:0.001000s ]

[ 2017-10-30T09:09:45+08:00 ] 127.0.0.1 /Public/Home/img/imgl01.jpg
INFO: [ app_init ] --START--
INFO: Run Behavior\BuildLiteBehavior [ RunTime:0.001000s ]
INFO: [ app_init ] --END-- [ RunTime:0.001000s ]

[ 2017-10-30T09:09:45+08:00 ] 127.0.0.1 /Public/Home/img/imgl04.jpg
INFO: [ app_init ] --START--
INFO: Run Behavior\BuildLiteBehavior [ RunTime:0.000000s ]
INFO: [ app_init ] --END-- [ RunTime:0.001000s ]

[ 2017-10-30T09:09:45+08:00 ] 127.0.0.1 /Public/Home/img/imgr01.jpg
INFO: [ app_init ] --START--
INFO: Run Behavior\BuildLiteBehavior [ RunTime:0.000000s ]
INFO: [ app_init ] --END-- [ RunTime:0.000000s ]

[ 2017-10-30T09:09:45+08:00 ] 127.0.0.1 /Public/Home/img/imgr01bb.jpg
INFO: [ app_init ] --START--
INFO: Run Behavior\BuildLiteBehavior [ RunTime:0.000000s ]
INFO: [ app_init ] --END-- [ RunTime:0.000000s ]

[ 2017-10-30T09:09:45+08:00 ] 127.0.0.1 /Public/Home/img/imgr04.jpg
INFO: [ app_init ] --START--
INFO: Run Behavior\BuildLiteBehavior [ RunTime:0.000000s ]
INFO: [ app_init ] --END-- [ RunTime:0.001000s ]

[ 2017-10-30T09:09:45+08:00 ] 127.0.0.1 /Public/Home/img/imgr04bb.jpg
INFO: [ app_init ] --START--
INFO: Run Behavior\BuildLiteBehavior [ RunTime:0.000000s ]
INFO: [ app_init ] --END-- [ RunTime:0.000000s ]

[ 2017-10-30T09:09:49+08:00 ] 127.0.0.1 /Public/Home/img/imgl01.jpg
INFO: [ app_init ] --START--
INFO: Run Behavior\BuildLiteBehavior [ RunTime:0.000000s ]
INFO: [ app_init ] --END-- [ RunTime:0.001000s ]

[ 2017-10-30T09:09:49+08:00 ] 127.0.0.1 /Public/Home/img/imgl04.jpg
INFO: [ app_init ] --START--
INFO: Run Behavior\BuildLiteBehavior [ RunTime:0.000000s ]
INFO: [ app_init ] --END-- [ RunTime:0.000000s ]

[ 2017-10-30T09:09:49+08:00 ] 127.0.0.1 /Public/Home/img/imgr01.jpg
INFO: [ app_init ] --START--
INFO: Run Behavior\BuildLiteBehavior [ RunTime:0.000000s ]
INFO: [ app_init ] --END-- [ RunTime:0.001000s ]

[ 2017-10-30T09:09:49+08:00 ] 127.0.0.1 /Public/Home/img/imgr04bb.jpg
INFO: [ app_init ] --START--
INFO: Run Behavior\BuildLiteBehavior [ RunTime:0.000000s ]
INFO: [ app_init ] --END-- [ RunTime:0.000000s ]

[ 2017-10-30T09:09:49+08:00 ] 127.0.0.1 /Public/Home/img/imgr01bb.jpg
INFO: [ app_init ] --START--
INFO: Run Behavior\BuildLiteBehavior [ RunTime:0.000000s ]
INFO: [ app_init ] --END-- [ RunTime:0.001000s ]

[ 2017-10-30T09:09:49+08:00 ] 127.0.0.1 /Public/Home/img/imgr04.jpg
INFO: [ app_init ] --START--
INFO: Run Behavior\BuildLiteBehavior [ RunTime:0.000000s ]
INFO: [ app_init ] --END-- [ RunTime:0.000000s ]

[ 2017-10-30T09:09:53+08:00 ] 127.0.0.1 /Home/Index/index.html
INFO: [ app_init ] --START--
INFO: Run Behavior\BuildLiteBehavior [ RunTime:0.000000s ]
INFO: [ app_init ] --END-- [ RunTime:0.001000s ]
INFO: [ app_begin ] --START--
INFO: Run Behavior\ReadHtmlCacheBehavior [ RunTime:0.001000s ]
INFO: [ app_begin ] --END-- [ RunTime:0.001000s ]
SQL: SHOW COLUMNS FROM `shenma_config` [ RunTime:0.0080s ]
SQL: SELECT `conf_value` FROM `shenma_config` WHERE ( conf_id = 3 ) LIMIT 1   [ RunTime:0.0000s ]
SQL: SELECT `conf_value` FROM `shenma_config` WHERE ( conf_id = 5 ) LIMIT 1   [ RunTime:0.0010s ]
SQL: SELECT `conf_value` FROM `shenma_config` WHERE ( conf_id = 4 ) LIMIT 1   [ RunTime:0.0010s ]
SQL: SHOW COLUMNS FROM `shenma_banner` [ RunTime:0.0040s ]
SQL: SELECT * FROM `shenma_banner` WHERE `classify` = 1 ORDER BY sort asc  [ RunTime:0.0000s ]
SQL: SHOW COLUMNS FROM `shenma_about` [ RunTime:0.0030s ]
SQL: SELECT * FROM `shenma_about` WHERE `id` = 2 LIMIT 1   [ RunTime:0.0000s ]
SQL: SHOW COLUMNS FROM `shenma_carousel` [ RunTime:0.0080s ]
SQL: SELECT * FROM `shenma_carousel` ORDER BY sort asc  [ RunTime:0.0020s ]
SQL: SHOW COLUMNS FROM `shenma_article` [ RunTime:0.0050s ]
SQL: SELECT * FROM `shenma_article` WHERE `is_top` = 1 ORDER BY newstime desc LIMIT 1   [ RunTime:0.0010s ]
SQL: SELECT * FROM `shenma_article` WHERE `is_recommend` = 1 ORDER BY newstime desc LIMIT 5   [ RunTime:0.0010s ]
SQL: SHOW COLUMNS FROM `shenma_brand` [ RunTime:0.0030s ]
SQL: SELECT * FROM `shenma_brand` WHERE `status` = 1 ORDER BY sort asc  [ RunTime:0.0000s ]
SQL: SELECT COUNT(*) AS tp_count FROM `shenma_brand` LIMIT 1   [ RunTime:0.0000s ]
SQL: SHOW COLUMNS FROM `shenma_nav` [ RunTime:0.0030s ]
SQL: SELECT * FROM `shenma_nav`  [ RunTime:0.0000s ]
INFO: [ view_parse ] --START--
INFO: [ template_filter ] --START--
INFO: Run Behavior\ContentReplaceBehavior [ RunTime:0.000000s ]
INFO: [ template_filter ] --END-- [ RunTime:0.000000s ]
INFO: Run Behavior\ParseTemplateBehavior [ RunTime:0.015000s ]
INFO: [ view_parse ] --END-- [ RunTime:0.016000s ]
INFO: [ view_filter ] --START--
INFO: Run Behavior\WriteHtmlCacheBehavior [ RunTime:0.000000s ]
INFO: [ view_filter ] --END-- [ RunTime:0.000000s ]
INFO: [ app_end ] --START--
INFO: Run Behavior\ShowPageTraceBehavior [ RunTime:0.001000s ]
INFO: [ app_end ] --END-- [ RunTime:0.001000s ]

[ 2017-10-30T09:09:54+08:00 ] 127.0.0.1 /Public/Home/img/QR2.jpg
INFO: [ app_init ] --START--
INFO: Run Behavior\BuildLiteBehavior [ RunTime:0.000000s ]
INFO: [ app_init ] --END-- [ RunTime:0.001000s ]

[ 2017-10-30T09:09:54+08:00 ] 127.0.0.1 /Public/Home/img/kache_weiqi.png
INFO: [ app_init ] --START--
INFO: Run Behavior\BuildLiteBehavior [ RunTime:0.000000s ]
INFO: [ app_init ] --END-- [ RunTime:0.000000s ]

[ 2017-10-30T09:09:54+08:00 ] 127.0.0.1 /Public/Home/img/imgl01.jpg
INFO: [ app_init ] --START--
INFO: Run Behavior\BuildLiteBehavior [ RunTime:0.000000s ]
INFO: [ app_init ] --END-- [ RunTime:0.001000s ]

[ 2017-10-30T09:09:54+08:00 ] 127.0.0.1 /Public/Home/img/imgl02.jpg
INFO: [ app_init ] --START--
INFO: Run Behavior\BuildLiteBehavior [ RunTime:0.000000s ]
INFO: [ app_init ] --END-- [ RunTime:0.001000s ]

[ 2017-10-30T09:09:54+08:00 ] 127.0.0.1 /Public/Home/img/imgl03.jpg
INFO: [ app_init ] --START--
INFO: Run Behavior\BuildLiteBehavior [ RunTime:0.000000s ]
INFO: [ app_init ] --END-- [ RunTime:0.000000s ]

[ 2017-10-30T09:09:54+08:00 ] 127.0.0.1 /Public/Home/img/imgl04.jpg
INFO: [ app_init ] --START--
INFO: Run Behavior\BuildLiteBehavior [ RunTime:0.000000s ]
INFO: [ app_init ] --END-- [ RunTime:0.000000s ]

[ 2017-10-30T09:09:54+08:00 ] 127.0.0.1 /Public/Home/img/imgr01.jpg
INFO: [ app_init ] --START--
INFO: Run Behavior\BuildLiteBehavior [ RunTime:0.000000s ]
INFO: [ app_init ] --END-- [ RunTime:0.000000s ]

[ 2017-10-30T09:09:54+08:00 ] 127.0.0.1 /Public/Home/img/imgr01bb.jpg
INFO: [ app_init ] --START--
INFO: Run Behavior\BuildLiteBehavior [ RunTime:0.000000s ]
INFO: [ app_init ] --END-- [ RunTime:0.000000s ]

[ 2017-10-30T09:09:54+08:00 ] 127.0.0.1 /Public/Home/img/imgr02.jpg
INFO: [ app_init ] --START--
INFO: Run Behavior\BuildLiteBehavior [ RunTime:0.000000s ]
INFO: [ app_init ] --END-- [ RunTime:0.000000s ]

[ 2017-10-30T09:09:54+08:00 ] 127.0.0.1 /Public/Home/img/imgr02bb.jpg
INFO: [ app_init ] --START--
INFO: Run Behavior\BuildLiteBehavior [ RunTime:0.000000s ]
INFO: [ app_init ] --END-- [ RunTime:0.000000s ]

[ 2017-10-30T09:09:54+08:00 ] 127.0.0.1 /Public/Home/img/imgr03.jpg
INFO: [ app_init ] --START--
INFO: Run Behavior\BuildLiteBehavior [ RunTime:0.000000s ]
INFO: [ app_init ] --END-- [ RunTime:0.000000s ]

[ 2017-10-30T09:09:54+08:00 ] 127.0.0.1 /Public/Home/img/imgr03bb.jpg
INFO: [ app_init ] --START--
INFO: Run Behavior\BuildLiteBehavior [ RunTime:0.000000s ]
INFO: [ app_init ] --END-- [ RunTime:0.001000s ]

[ 2017-10-30T09:09:54+08:00 ] 127.0.0.1 /Public/Home/img/imgr04.jpg
INFO: [ app_init ] --START--
INFO: Run Behavior\BuildLiteBehavior [ RunTime:0.000000s ]
INFO: [ app_init ] --END-- [ RunTime:0.000000s ]

[ 2017-10-30T09:09:54+08:00 ] 127.0.0.1 /Public/Home/img/imgr04bb.jpg
INFO: [ app_init ] --START--
INFO: Run Behavior\BuildLiteBehavior [ RunTime:0.000000s ]
INFO: [ app_init ] --END-- [ RunTime:0.001000s ]

[ 2017-10-30T09:09:54+08:00 ] 127.0.0.1 /Public/Home/img/kache_weiqi.png
INFO: [ app_init ] --START--
INFO: Run Behavior\BuildLiteBehavior [ RunTime:0.000000s ]
INFO: [ app_init ] --END-- [ RunTime:0.001000s ]

[ 2017-10-30T09:09:55+08:00 ] 127.0.0.1 /Public/Home/img/imgl01.jpg
INFO: [ app_init ] --START--
INFO: Run Behavior\BuildLiteBehavior [ RunTime:0.000000s ]
INFO: [ app_init ] --END-- [ RunTime:0.000000s ]

[ 2017-10-30T09:09:55+08:00 ] 127.0.0.1 /Public/Home/img/imgr04.jpg
INFO: [ app_init ] --START--
INFO: Run Behavior\BuildLiteBehavior [ RunTime:0.000000s ]
INFO: [ app_init ] --END-- [ RunTime:0.000000s ]

[ 2017-10-30T09:09:55+08:00 ] 127.0.0.1 /Public/Home/img/imgr04bb.jpg
INFO: [ app_init ] --START--
INFO: Run Behavior\BuildLiteBehavior [ RunTime:0.000000s ]
INFO: [ app_init ] --END-- [ RunTime:0.000000s ]

[ 2017-10-30T09:09:55+08:00 ] 127.0.0.1 /Public/Home/img/imgr01bb.jpg
INFO: [ app_init ] --START--
INFO: Run Behavior\BuildLiteBehavior [ RunTime:0.000000s ]
INFO: [ app_init ] --END-- [ RunTime:0.000000s ]

[ 2017-10-30T09:09:55+08:00 ] 127.0.0.1 /Public/Home/img/imgr01.jpg
INFO: [ app_init ] --START--
INFO: Run Behavior\BuildLiteBehavior [ RunTime:0.000000s ]
INFO: [ app_init ] --END-- [ RunTime:0.000000s ]

[ 2017-10-30T09:09:55+08:00 ] 127.0.0.1 /Public/Home/img/imgl04.jpg
INFO: [ app_init ] --START--
INFO: Run Behavior\BuildLiteBehavior [ RunTime:0.000000s ]
INFO: [ app_init ] --END-- [ RunTime:0.000000s ]

[ 2017-10-30T10:24:58+08:00 ] 127.0.0.1 /m/About/index.html
INFO: [ app_init ] --START--
INFO: Run Behavior\BuildLiteBehavior [ RunTime:0.000000s ]
INFO: [ app_init ] --END-- [ RunTime:0.001000s ]
INFO: [ app_begin ] --START--
INFO: Run Behavior\ReadHtmlCacheBehavior [ RunTime:0.000000s ]
INFO: [ app_begin ] --END-- [ RunTime:0.000000s ]
ERR: 无法加载控制器:M

[ 2017-10-30T10:25:11+08:00 ] 127.0.0.1 /m/
INFO: [ app_init ] --START--
INFO: Run Behavior\BuildLiteBehavior [ RunTime:0.000000s ]
INFO: [ app_init ] --END-- [ RunTime:0.015600s ]
INFO: [ app_begin ] --START--
INFO: Run Behavior\ReadHtmlCacheBehavior [ RunTime:0.001000s ]
INFO: [ app_begin ] --END-- [ RunTime:0.001000s ]
ERR: 无法加载控制器:M

[ 2017-10-30T13:00:44+08:00 ] 127.0.0.1 /
INFO: [ app_init ] --START--
INFO: Run Behavior\BuildLiteBehavior [ RunTime:0.000000s ]
INFO: [ app_init ] --END-- [ RunTime:0.001000s ]
INFO: [ app_begin ] --START--
INFO: Run Behavior\ReadHtmlCacheBehavior [ RunTime:0.000000s ]
INFO: [ app_begin ] --END-- [ RunTime:0.000000s ]
SQL: SHOW COLUMNS FROM `shenma_config` [ RunTime:0.0030s ]
SQL: SELECT `conf_value` FROM `shenma_config` WHERE ( conf_id = 3 ) LIMIT 1   [ RunTime:0.0000s ]
SQL: SELECT `conf_value` FROM `shenma_config` WHERE ( conf_id = 5 ) LIMIT 1   [ RunTime:0.0010s ]
SQL: SELECT `conf_value` FROM `shenma_config` WHERE ( conf_id = 4 ) LIMIT 1   [ RunTime:0.0000s ]
SQL: SHOW COLUMNS FROM `shenma_banner` [ RunTime:0.0020s ]
SQL: SELECT * FROM `shenma_banner` WHERE `classify` = 1 ORDER BY sort asc  [ RunTime:0.0010s ]
SQL: SHOW COLUMNS FROM `shenma_about` [ RunTime:0.0030s ]
SQL: SELECT * FROM `shenma_about` WHERE `id` = 2 LIMIT 1   [ RunTime:0.0000s ]
SQL: SHOW COLUMNS FROM `shenma_carousel` [ RunTime:0.0030s ]
SQL: SELECT * FROM `shenma_carousel` ORDER BY sort asc  [ RunTime:0.0000s ]
SQL: SHOW COLUMNS FROM `shenma_article` [ RunTime:0.0030s ]
SQL: SELECT * FROM `shenma_article` WHERE `is_top` = 1 ORDER BY newstime desc LIMIT 1   [ RunTime:0.0000s ]
SQL: SELECT * FROM `shenma_article` WHERE `is_recommend` = 1 ORDER BY newstime desc LIMIT 5   [ RunTime:0.0000s ]
SQL: SHOW COLUMNS FROM `shenma_brand` [ RunTime:0.0030s ]
SQL: SELECT * FROM `shenma_brand` WHERE `status` = 1 ORDER BY sort asc  [ RunTime:0.0000s ]
SQL: SELECT COUNT(*) AS tp_count FROM `shenma_brand` LIMIT 1   [ RunTime:0.0000s ]
SQL: SHOW COLUMNS FROM `shenma_nav` [ RunTime:0.0030s ]
SQL: SELECT * FROM `shenma_nav`  [ RunTime:0.0000s ]
INFO: [ view_parse ] --START--
INFO: [ template_filter ] --START--
INFO: Run Behavior\ContentReplaceBehavior [ RunTime:0.000000s ]
INFO: [ template_filter ] --END-- [ RunTime:0.001000s ]
INFO: Run Behavior\ParseTemplateBehavior [ RunTime:0.012000s ]
INFO: [ view_parse ] --END-- [ RunTime:0.012000s ]
INFO: [ view_filter ] --START--
INFO: Run Behavior\WriteHtmlCacheBehavior [ RunTime:0.001000s ]
INFO: [ view_filter ] --END-- [ RunTime:0.001000s ]
INFO: [ app_end ] --START--
INFO: Run Behavior\ShowPageTraceBehavior [ RunTime:0.000000s ]
INFO: [ app_end ] --END-- [ RunTime:0.000000s ]

[ 2017-10-30T13:00:44+08:00 ] 127.0.0.1 /Public/Home/img/QR2.jpg
INFO: [ app_init ] --START--
INFO: Run Behavior\BuildLiteBehavior [ RunTime:0.000000s ]
INFO: [ app_init ] --END-- [ RunTime:0.001000s ]

[ 2017-10-30T13:00:44+08:00 ] 127.0.0.1 /Public/Home/img/kache_weiqi.png
INFO: [ app_init ] --START--
INFO: Run Behavior\BuildLiteBehavior [ RunTime:0.000000s ]
INFO: [ app_init ] --END-- [ RunTime:0.000000s ]

[ 2017-10-30T13:00:44+08:00 ] 127.0.0.1 /Public/Home/img/imgl01.jpg
INFO: [ app_init ] --START--
INFO: Run Behavior\BuildLiteBehavior [ RunTime:0.000000s ]
INFO: [ app_init ] --END-- [ RunTime:0.001000s ]

[ 2017-10-30T13:00:44+08:00 ] 127.0.0.1 /Public/Home/img/imgl02.jpg
INFO: [ app_init ] --START--
INFO: Run Behavior\BuildLiteBehavior [ RunTime:0.000000s ]
INFO: [ app_init ] --END-- [ RunTime:0.000000s ]

[ 2017-10-30T13:00:44+08:00 ] 127.0.0.1 /Public/Home/img/imgl03.jpg
INFO: [ app_init ] --START--
INFO: Run Behavior\BuildLiteBehavior [ RunTime:0.000000s ]
INFO: [ app_init ] --END-- [ RunTime:0.000000s ]

[ 2017-10-30T13:00:44+08:00 ] 127.0.0.1 /Public/Home/img/imgl04.jpg
INFO: [ app_init ] --START--
INFO: Run Behavior\BuildLiteBehavior [ RunTime:0.000000s ]
INFO: [ app_init ] --END-- [ RunTime:0.001000s ]

[ 2017-10-30T13:00:44+08:00 ] 127.0.0.1 /Public/Home/img/imgr01.jpg
INFO: [ app_init ] --START--
INFO: Run Behavior\BuildLiteBehavior [ RunTime:0.000000s ]
INFO: [ app_init ] --END-- [ RunTime:0.000000s ]

[ 2017-10-30T13:00:44+08:00 ] 127.0.0.1 /Public/Home/img/imgr01bb.jpg
INFO: [ app_init ] --START--
INFO: Run Behavior\BuildLiteBehavior [ RunTime:0.000000s ]
INFO: [ app_init ] --END-- [ RunTime:0.000000s ]

[ 2017-10-30T13:00:44+08:00 ] 127.0.0.1 /Public/Home/img/imgr02.jpg
INFO: [ app_init ] --START--
INFO: Run Behavior\BuildLiteBehavior [ RunTime:0.000000s ]
INFO: [ app_init ] --END-- [ RunTime:0.000000s ]

[ 2017-10-30T13:00:44+08:00 ] 127.0.0.1 /Public/Home/img/imgr02bb.jpg
INFO: [ app_init ] --START--
INFO: Run Behavior\BuildLiteBehavior [ RunTime:0.000000s ]
INFO: [ app_init ] --END-- [ RunTime:0.000000s ]

[ 2017-10-30T13:00:44+08:00 ] 127.0.0.1 /Public/Home/img/imgr03.jpg
INFO: [ app_init ] --START--
INFO: Run Behavior\BuildLiteBehavior [ RunTime:0.000000s ]
INFO: [ app_init ] --END-- [ RunTime:0.001000s ]

[ 2017-10-30T13:00:45+08:00 ] 127.0.0.1 /Public/Home/img/imgr03bb.jpg
INFO: [ app_init ] --START--
INFO: Run Behavior\BuildLiteBehavior [ RunTime:0.000000s ]
INFO: [ app_init ] --END-- [ RunTime:0.001000s ]

[ 2017-10-30T13:00:45+08:00 ] 127.0.0.1 /Public/Home/img/imgr04.jpg
INFO: [ app_init ] --START--
INFO: Run Behavior\BuildLiteBehavior [ RunTime:0.000000s ]
INFO: [ app_init ] --END-- [ RunTime:0.000000s ]

[ 2017-10-30T13:00:45+08:00 ] 127.0.0.1 /Public/Home/img/imgr04bb.jpg
INFO: [ app_init ] --START--
INFO: Run Behavior\BuildLiteBehavior [ RunTime:0.000000s ]
INFO: [ app_init ] --END-- [ RunTime:0.000000s ]

[ 2017-10-30T13:00:45+08:00 ] 127.0.0.1 /Public/Home/img/kache_weiqi.png
INFO: [ app_init ] --START--
INFO: Run Behavior\BuildLiteBehavior [ RunTime:0.000000s ]
INFO: [ app_init ] --END-- [ RunTime:0.000000s ]

[ 2017-10-30T13:00:47+08:00 ] 127.0.0.1 /favicon.ico
INFO: [ app_init ] --START--
INFO: Run Behavior\BuildLiteBehavior [ RunTime:0.000000s ]
INFO: [ app_init ] --END-- [ RunTime:0.001000s ]

[ 2017-10-30T13:12:55+08:00 ] 127.0.0.1 /Public/Upload/[object%20Object]
INFO: [ app_init ] --START--
INFO: Run Behavior\BuildLiteBehavior [ RunTime:0.000000s ]
INFO: [ app_init ] --END-- [ RunTime:0.000000s ]
INFO: [ app_begin ] --START--
INFO: Run Behavior\ReadHtmlCacheBehavior [ RunTime:0.000000s ]
INFO: [ app_begin ] --END-- [ RunTime:0.000000s ]
ERR: 无法加载控制器:Public

[ 2017-10-30T13:13:05+08:00 ] 127.0.0.1 /Public/Upload/[object%20Object]
INFO: [ app_init ] --START--
INFO: Run Behavior\BuildLiteBehavior [ RunTime:0.000000s ]
INFO: [ app_init ] --END-- [ RunTime:0.000000s ]
INFO: [ app_begin ] --START--
INFO: Run Behavior\ReadHtmlCacheBehavior [ RunTime:0.001000s ]
INFO: [ app_begin ] --END-- [ RunTime:0.001000s ]
ERR: 无法加载控制器:Public

[ 2017-10-30T17:27:50+08:00 ] 127.0.0.1 /
INFO: [ app_init ] --START--
INFO: Run Behavior\BuildLiteBehavior [ RunTime:0.000000s ]
INFO: [ app_init ] --END-- [ RunTime:0.000000s ]
INFO: [ app_begin ] --START--
INFO: Run Behavior\ReadHtmlCacheBehavior [ RunTime:0.000000s ]
INFO: [ app_begin ] --END-- [ RunTime:0.000000s ]
SQL: SHOW COLUMNS FROM `shenma_config` [ RunTime:0.0030s ]
SQL: SELECT `conf_value` FROM `shenma_config` WHERE ( conf_id = 3 ) LIMIT 1   [ RunTime:0.0010s ]
SQL: SELECT `conf_value` FROM `shenma_config` WHERE ( conf_id = 5 ) LIMIT 1   [ RunTime:0.0000s ]
SQL: SELECT `conf_value` FROM `shenma_config` WHERE ( conf_id = 4 ) LIMIT 1   [ RunTime:0.0000s ]
SQL: SHOW COLUMNS FROM `shenma_banner` [ RunTime:0.0030s ]
SQL: SELECT * FROM `shenma_banner` WHERE `classify` = 1 ORDER BY sort asc  [ RunTime:0.0010s ]
SQL: SHOW COLUMNS FROM `shenma_about` [ RunTime:0.0030s ]
SQL: SELECT * FROM `shenma_about` WHERE `id` = 2 LIMIT 1   [ RunTime:0.0000s ]
SQL: SHOW COLUMNS FROM `shenma_carousel` [ RunTime:0.0030s ]
SQL: SELECT * FROM `shenma_carousel` ORDER BY sort asc  [ RunTime:0.0000s ]
SQL: SHOW COLUMNS FROM `shenma_article` [ RunTime:0.0030s ]
SQL: SELECT * FROM `shenma_article` WHERE `is_top` = 1 ORDER BY newstime desc LIMIT 1   [ RunTime:0.0010s ]
SQL: SELECT * FROM `shenma_article` WHERE `is_recommend` = 1 ORDER BY newstime desc LIMIT 5   [ RunTime:0.0000s ]
SQL: SHOW COLUMNS FROM `shenma_brand` [ RunTime:0.0030s ]
SQL: SELECT * FROM `shenma_brand` WHERE `status` = 1 ORDER BY sort asc  [ RunTime:0.0000s ]
SQL: SELECT COUNT(*) AS tp_count FROM `shenma_brand` LIMIT 1   [ RunTime:0.0000s ]
SQL: SHOW COLUMNS FROM `shenma_nav` [ RunTime:0.0030s ]
SQL: SELECT * FROM `shenma_nav`  [ RunTime:0.0000s ]
INFO: [ view_parse ] --START--
INFO: [ template_filter ] --START--
INFO: Run Behavior\ContentReplaceBehavior [ RunTime:0.000000s ]
INFO: [ template_filter ] --END-- [ RunTime:0.000000s ]
INFO: Run Behavior\ParseTemplateBehavior [ RunTime:0.011000s ]
INFO: [ view_parse ] --END-- [ RunTime:0.011000s ]
INFO: [ view_filter ] --START--
INFO: Run Behavior\WriteHtmlCacheBehavior [ RunTime:0.001000s ]
INFO: [ view_filter ] --END-- [ RunTime:0.001000s ]
INFO: [ app_end ] --START--
INFO: Run Behavior\ShowPageTraceBehavior [ RunTime:0.001000s ]
INFO: [ app_end ] --END-- [ RunTime:0.001000s ]

[ 2017-10-30T17:27:50+08:00 ] 127.0.0.1 /Public/Home/img/QR2.jpg
INFO: [ app_init ] --START--
INFO: Run Behavior\BuildLiteBehavior [ RunTime:0.000000s ]
INFO: [ app_init ] --END-- [ RunTime:0.000000s ]

[ 2017-10-30T17:27:50+08:00 ] 127.0.0.1 /Public/Home/img/kache_weiqi.png
INFO: [ app_init ] --START--
INFO: Run Behavior\BuildLiteBehavior [ RunTime:0.000000s ]
INFO: [ app_init ] --END-- [ RunTime:0.001000s ]

[ 2017-10-30T17:27:50+08:00 ] 127.0.0.1 /Public/Home/img/imgl01.jpg
INFO: [ app_init ] --START--
INFO: Run Behavior\BuildLiteBehavior [ RunTime:0.000000s ]
INFO: [ app_init ] --END-- [ RunTime:0.000000s ]

[ 2017-10-30T17:27:50+08:00 ] 127.0.0.1 /Public/Home/img/imgl02.jpg
INFO: [ app_init ] --START--
INFO: Run Behavior\BuildLiteBehavior [ RunTime:0.000000s ]
INFO: [ app_init ] --END-- [ RunTime:0.001000s ]

[ 2017-10-30T17:27:50+08:00 ] 127.0.0.1 /Public/Home/img/imgl03.jpg
INFO: [ app_init ] --START--
INFO: Run Behavior\BuildLiteBehavior [ RunTime:0.000000s ]
INFO: [ app_init ] --END-- [ RunTime:0.000000s ]

[ 2017-10-30T17:27:50+08:00 ] 127.0.0.1 /Public/Home/img/imgl04.jpg
INFO: [ app_init ] --START--
INFO: Run Behavior\BuildLiteBehavior [ RunTime:0.000000s ]
INFO: [ app_init ] --END-- [ RunTime:0.000000s ]

[ 2017-10-30T17:27:50+08:00 ] 127.0.0.1 /Public/Home/img/imgr01.jpg
INFO: [ app_init ] --START--
INFO: Run Behavior\BuildLiteBehavior [ RunTime:0.000000s ]
INFO: [ app_init ] --END-- [ RunTime:0.000000s ]

[ 2017-10-30T17:27:50+08:00 ] 127.0.0.1 /Public/Home/img/imgr01bb.jpg
INFO: [ app_init ] --START--
INFO: Run Behavior\BuildLiteBehavior [ RunTime:0.000000s ]
INFO: [ app_init ] --END-- [ RunTime:0.000000s ]

[ 2017-10-30T17:27:51+08:00 ] 127.0.0.1 /Public/Home/img/imgr02.jpg
INFO: [ app_init ] --START--
INFO: Run Behavior\BuildLiteBehavior [ RunTime:0.000000s ]
INFO: [ app_init ] --END-- [ RunTime:0.000000s ]

[ 2017-10-30T17:27:51+08:00 ] 127.0.0.1 /Public/Home/img/imgr02bb.jpg
INFO: [ app_init ] --START--
INFO: Run Behavior\BuildLiteBehavior [ RunTime:0.000000s ]
INFO: [ app_init ] --END-- [ RunTime:0.002000s ]

[ 2017-10-30T17:27:51+08:00 ] 127.0.0.1 /Public/Home/img/imgr03.jpg
INFO: [ app_init ] --START--
INFO: Run Behavior\BuildLiteBehavior [ RunTime:0.000000s ]
INFO: [ app_init ] --END-- [ RunTime:0.001000s ]

[ 2017-10-30T17:27:51+08:00 ] 127.0.0.1 /Public/Home/img/imgr03bb.jpg
INFO: [ app_init ] --START--
INFO: Run Behavior\BuildLiteBehavior [ RunTime:0.000000s ]
INFO: [ app_init ] --END-- [ RunTime:0.000000s ]

[ 2017-10-30T17:27:51+08:00 ] 127.0.0.1 /Public/Home/img/imgr04.jpg
INFO: [ app_init ] --START--
INFO: Run Behavior\BuildLiteBehavior [ RunTime:0.000000s ]
INFO: [ app_init ] --END-- [ RunTime:0.001000s ]

[ 2017-10-30T17:27:51+08:00 ] 127.0.0.1 /Public/Home/img/imgr04bb.jpg
INFO: [ app_init ] --START--
INFO: Run Behavior\BuildLiteBehavior [ RunTime:0.000000s ]
INFO: [ app_init ] --END-- [ RunTime:0.000000s ]

[ 2017-10-30T17:27:53+08:00 ] 127.0.0.1 /favicon.ico
INFO: [ app_init ] --START--
INFO: Run Behavior\BuildLiteBehavior [ RunTime:0.000000s ]
INFO: [ app_init ] --END-- [ RunTime:0.000000s ]

