[ 2017-10-31T12:08:32+08:00 ] 127.0.0.1 /
INFO: [ app_init ] --START--
INFO: Run Behavior\BuildLiteBehavior [ RunTime:0.000000s ]
INFO: [ app_init ] --END-- [ RunTime:0.001000s ]
INFO: [ app_begin ] --START--
INFO: Run Behavior\ReadHtmlCacheBehavior [ RunTime:0.002000s ]
INFO: [ app_begin ] --END-- [ RunTime:0.002000s ]
SQL: SHOW COLUMNS FROM `shenma_config` [ RunTime:0.0030s ]
SQL: SELECT `conf_value` FROM `shenma_config` WHERE ( conf_id = 3 ) LIMIT 1   [ RunTime:0.0010s ]
SQL: SELECT `conf_value` FROM `shenma_config` WHERE ( conf_id = 5 ) LIMIT 1   [ RunTime:0.0000s ]
SQL: SELECT `conf_value` FROM `shenma_config` WHERE ( conf_id = 4 ) LIMIT 1   [ RunTime:0.0010s ]
SQL: SHOW COLUMNS FROM `shenma_banner` [ RunTime:0.0030s ]
SQL: SELECT * FROM `shenma_banner` WHERE `classify` = 1 ORDER BY sort asc  [ RunTime:0.0000s ]
SQL: SHOW COLUMNS FROM `shenma_about` [ RunTime:0.0040s ]
SQL: SELECT * FROM `shenma_about` WHERE `id` = 2 LIMIT 1   [ RunTime:0.0000s ]
SQL: SHOW COLUMNS FROM `shenma_carousel` [ RunTime:0.0020s ]
SQL: SELECT * FROM `shenma_carousel` ORDER BY sort asc  [ RunTime:0.0010s ]
SQL: SHOW COLUMNS FROM `shenma_article` [ RunTime:0.0030s ]
SQL: SELECT * FROM `shenma_article` WHERE `is_top` = 1 ORDER BY newstime desc LIMIT 1   [ RunTime:0.0000s ]
SQL: SELECT * FROM `shenma_article` WHERE `is_recommend` = 1 ORDER BY newstime desc LIMIT 5   [ RunTime:0.0010s ]
SQL: SHOW COLUMNS FROM `shenma_brand` [ RunTime:0.0040s ]
SQL: SELECT * FROM `shenma_brand` WHERE `status` = 1 ORDER BY sort asc  [ RunTime:0.0010s ]
SQL: SELECT COUNT(*) AS tp_count FROM `shenma_brand` LIMIT 1   [ RunTime:0.0000s ]
SQL: SHOW COLUMNS FROM `shenma_nav` [ RunTime:0.0030s ]
SQL: SELECT * FROM `shenma_nav`  [ RunTime:0.0000s ]
INFO: [ view_parse ] --START--
INFO: [ template_filter ] --START--
INFO: Run Behavior\ContentReplaceBehavior [ RunTime:0.000000s ]
INFO: [ template_filter ] --END-- [ RunTime:0.000000s ]
INFO: Run Behavior\ParseTemplateBehavior [ RunTime:0.020000s ]
INFO: [ view_parse ] --END-- [ RunTime:0.020000s ]
INFO: [ view_filter ] --START--
INFO: Run Behavior\WriteHtmlCacheBehavior [ RunTime:0.001000s ]
INFO: [ view_filter ] --END-- [ RunTime:0.001000s ]
INFO: [ app_end ] --START--
INFO: Run Behavior\ShowPageTraceBehavior [ RunTime:0.001000s ]
INFO: [ app_end ] --END-- [ RunTime:0.001000s ]

[ 2017-10-31T12:08:32+08:00 ] 127.0.0.1 /Public/Home/img/QR2.jpg
INFO: [ app_init ] --START--
INFO: Run Behavior\BuildLiteBehavior [ RunTime:0.000000s ]
INFO: [ app_init ] --END-- [ RunTime:0.001000s ]

[ 2017-10-31T12:08:33+08:00 ] 127.0.0.1 /Public/Home/img/kache_weiqi.png
INFO: [ app_init ] --START--
INFO: Run Behavior\BuildLiteBehavior [ RunTime:0.000000s ]
INFO: [ app_init ] --END-- [ RunTime:0.001000s ]

[ 2017-10-31T12:08:33+08:00 ] 127.0.0.1 /Public/Home/img/imgl01.jpg
INFO: [ app_init ] --START--
INFO: Run Behavior\BuildLiteBehavior [ RunTime:0.000000s ]
INFO: [ app_init ] --END-- [ RunTime:0.001000s ]

[ 2017-10-31T12:08:33+08:00 ] 127.0.0.1 /Public/Home/img/imgl02.jpg
INFO: [ app_init ] --START--
INFO: Run Behavior\BuildLiteBehavior [ RunTime:0.000000s ]
INFO: [ app_init ] --END-- [ RunTime:0.001000s ]

[ 2017-10-31T12:08:33+08:00 ] 127.0.0.1 /Public/Home/img/imgl03.jpg
INFO: [ app_init ] --START--
INFO: Run Behavior\BuildLiteBehavior [ RunTime:0.000000s ]
INFO: [ app_init ] --END-- [ RunTime:0.000000s ]

[ 2017-10-31T12:08:33+08:00 ] 127.0.0.1 /Public/Home/img/imgl04.jpg
INFO: [ app_init ] --START--
INFO: Run Behavior\BuildLiteBehavior [ RunTime:0.000000s ]
INFO: [ app_init ] --END-- [ RunTime:0.000000s ]

[ 2017-10-31T12:08:33+08:00 ] 127.0.0.1 /Public/Home/img/imgr01.jpg
INFO: [ app_init ] --START--
INFO: Run Behavior\BuildLiteBehavior [ RunTime:0.000000s ]
INFO: [ app_init ] --END-- [ RunTime:0.000000s ]

[ 2017-10-31T12:08:33+08:00 ] 127.0.0.1 /Public/Home/img/imgr01bb.jpg
INFO: [ app_init ] --START--
INFO: Run Behavior\BuildLiteBehavior [ RunTime:0.000000s ]
INFO: [ app_init ] --END-- [ RunTime:0.001000s ]

[ 2017-10-31T12:08:33+08:00 ] 127.0.0.1 /Public/Home/img/imgr02.jpg
INFO: [ app_init ] --START--
INFO: Run Behavior\BuildLiteBehavior [ RunTime:0.001000s ]
INFO: [ app_init ] --END-- [ RunTime:0.001000s ]

[ 2017-10-31T12:08:33+08:00 ] 127.0.0.1 /Public/Home/img/imgr02bb.jpg
INFO: [ app_init ] --START--
INFO: Run Behavior\BuildLiteBehavior [ RunTime:0.000000s ]
INFO: [ app_init ] --END-- [ RunTime:0.001000s ]

[ 2017-10-31T12:08:33+08:00 ] 127.0.0.1 /Public/Home/img/imgr03.jpg
INFO: [ app_init ] --START--
INFO: Run Behavior\BuildLiteBehavior [ RunTime:0.000000s ]
INFO: [ app_init ] --END-- [ RunTime:0.001000s ]

[ 2017-10-31T12:08:33+08:00 ] 127.0.0.1 /Public/Home/img/imgr03bb.jpg
INFO: [ app_init ] --START--
INFO: Run Behavior\BuildLiteBehavior [ RunTime:0.000000s ]
INFO: [ app_init ] --END-- [ RunTime:0.002000s ]

[ 2017-10-31T12:08:33+08:00 ] 127.0.0.1 /Public/Home/img/imgr04.jpg
INFO: [ app_init ] --START--
INFO: Run Behavior\BuildLiteBehavior [ RunTime:0.000000s ]
INFO: [ app_init ] --END-- [ RunTime:0.000000s ]

[ 2017-10-31T12:08:33+08:00 ] 127.0.0.1 /Public/Home/img/imgr04bb.jpg
INFO: [ app_init ] --START--
INFO: Run Behavior\BuildLiteBehavior [ RunTime:0.000000s ]
INFO: [ app_init ] --END-- [ RunTime:0.000000s ]

[ 2017-10-31T12:08:36+08:00 ] 127.0.0.1 /Public/Home/js/maps/swiper.min.js.map
INFO: [ app_init ] --START--
INFO: Run Behavior\BuildLiteBehavior [ RunTime:0.000000s ]
INFO: [ app_init ] --END-- [ RunTime:0.001000s ]
INFO: [ app_begin ] --START--
INFO: Run Behavior\ReadHtmlCacheBehavior [ RunTime:0.001000s ]
INFO: [ app_begin ] --END-- [ RunTime:0.001000s ]
ERR: 无法加载控制器:Public

[ 2017-10-31T12:08:38+08:00 ] 127.0.0.1 /
INFO: [ app_init ] --START--
INFO: Run Behavior\BuildLiteBehavior [ RunTime:0.000000s ]
INFO: [ app_init ] --END-- [ RunTime:0.001000s ]
INFO: [ app_begin ] --START--
INFO: Run Behavior\ReadHtmlCacheBehavior [ RunTime:0.000000s ]
INFO: [ app_begin ] --END-- [ RunTime:0.000000s ]
SQL: SHOW COLUMNS FROM `shenma_config` [ RunTime:0.0030s ]
SQL: SELECT `conf_value` FROM `shenma_config` WHERE ( conf_id = 3 ) LIMIT 1   [ RunTime:0.0000s ]
SQL: SELECT `conf_value` FROM `shenma_config` WHERE ( conf_id = 5 ) LIMIT 1   [ RunTime:0.0010s ]
SQL: SELECT `conf_value` FROM `shenma_config` WHERE ( conf_id = 4 ) LIMIT 1   [ RunTime:0.0000s ]
SQL: SHOW COLUMNS FROM `shenma_bannerm` [ RunTime:0.0040s ]
SQL: SELECT * FROM `shenma_bannerm` WHERE `classify` = 1 ORDER BY sort asc  [ RunTime:0.0000s ]
SQL: SHOW COLUMNS FROM `shenma_about` [ RunTime:0.0030s ]
SQL: SELECT * FROM `shenma_about` WHERE `id` = 2 LIMIT 1   [ RunTime:0.0000s ]
SQL: SHOW COLUMNS FROM `shenma_carousel` [ RunTime:0.0040s ]
SQL: SELECT * FROM `shenma_carousel` ORDER BY sort asc  [ RunTime:0.0000s ]
SQL: SHOW COLUMNS FROM `shenma_article` [ RunTime:0.0040s ]
SQL: SELECT * FROM `shenma_article` WHERE `is_top` = 1 ORDER BY newstime desc LIMIT 1   [ RunTime:0.0000s ]
SQL: SELECT * FROM `shenma_article` WHERE `is_recommend` = 1 ORDER BY newstime desc LIMIT 5   [ RunTime:0.0010s ]
SQL: SHOW COLUMNS FROM `shenma_brand` [ RunTime:0.0030s ]
SQL: SELECT * FROM `shenma_brand` WHERE `status` = 1 ORDER BY sort asc  [ RunTime:0.0000s ]
SQL: SELECT COUNT(*) AS tp_count FROM `shenma_brand` LIMIT 1   [ RunTime:0.0000s ]
SQL: SHOW COLUMNS FROM `shenma_nav` [ RunTime:0.0040s ]
SQL: SELECT * FROM `shenma_nav`  [ RunTime:0.0010s ]
INFO: [ view_parse ] --START--
INFO: [ template_filter ] --START--
INFO: Run Behavior\ContentReplaceBehavior [ RunTime:0.000000s ]
INFO: [ template_filter ] --END-- [ RunTime:0.000000s ]
NOTIC: [8] Undefined variable: seo D:\phpStudy\WWW\shenma\Application\Runtime\Cache\Home\0560cd7101195731ff5d2a2eb497150c.php 第 6 行.
NOTIC: [8] Undefined variable: seo D:\phpStudy\WWW\shenma\Application\Runtime\Cache\Home\0560cd7101195731ff5d2a2eb497150c.php 第 7 行.
NOTIC: [8] Undefined variable: seo D:\phpStudy\WWW\shenma\Application\Runtime\Cache\Home\0560cd7101195731ff5d2a2eb497150c.php 第 8 行.
INFO: Run Behavior\ParseTemplateBehavior [ RunTime:0.016000s ]
INFO: [ view_parse ] --END-- [ RunTime:0.016000s ]
INFO: [ view_filter ] --START--
INFO: Run Behavior\WriteHtmlCacheBehavior [ RunTime:0.001000s ]
INFO: [ view_filter ] --END-- [ RunTime:0.001000s ]
INFO: [ app_end ] --START--
INFO: Run Behavior\ShowPageTraceBehavior [ RunTime:0.001000s ]
INFO: [ app_end ] --END-- [ RunTime:0.001000s ]

[ 2017-10-31T12:08:38+08:00 ] 127.0.0.1 /Public/Mobile/js/jquery.min.map
INFO: [ app_init ] --START--
INFO: Run Behavior\BuildLiteBehavior [ RunTime:0.000000s ]
INFO: [ app_init ] --END-- [ RunTime:0.000000s ]
INFO: [ app_begin ] --START--
INFO: Run Behavior\ReadHtmlCacheBehavior [ RunTime:0.000000s ]
INFO: [ app_begin ] --END-- [ RunTime:0.000000s ]
ERR: 无法加载控制器:Public

[ 2017-10-31T12:08:39+08:00 ] 127.0.0.1 /Public/Mobile/js/maps/swiper.min.js.map
INFO: [ app_init ] --START--
INFO: Run Behavior\BuildLiteBehavior [ RunTime:0.000000s ]
INFO: [ app_init ] --END-- [ RunTime:0.001000s ]
INFO: [ app_begin ] --START--
INFO: Run Behavior\ReadHtmlCacheBehavior [ RunTime:0.000000s ]
INFO: [ app_begin ] --END-- [ RunTime:0.000000s ]
ERR: 无法加载控制器:Public

[ 2017-10-31T12:08:39+08:00 ] 127.0.0.1 /favicon.ico
INFO: [ app_init ] --START--
INFO: Run Behavior\BuildLiteBehavior [ RunTime:0.000000s ]
INFO: [ app_init ] --END-- [ RunTime:0.001000s ]

[ 2017-10-31T12:08:40+08:00 ] 127.0.0.1 /Edu/index.html
INFO: [ app_init ] --START--
INFO: Run Behavior\BuildLiteBehavior [ RunTime:0.000000s ]
INFO: [ app_init ] --END-- [ RunTime:0.000000s ]
INFO: [ app_begin ] --START--
INFO: Run Behavior\ReadHtmlCacheBehavior [ RunTime:0.001000s ]
INFO: [ app_begin ] --END-- [ RunTime:0.001000s ]
SQL: SHOW COLUMNS FROM `shenma_seo` [ RunTime:0.0030s ]
SQL: SELECT * FROM `shenma_seo` WHERE `id` = 5 LIMIT 1   [ RunTime:0.0010s ]
SQL: SHOW COLUMNS FROM `shenma_bannerm` [ RunTime:0.0030s ]
SQL: SELECT * FROM `shenma_bannerm` WHERE `id` = 3 LIMIT 1   [ RunTime:0.0010s ]
SQL: SHOW COLUMNS FROM `shenma_info` [ RunTime:0.0030s ]
SQL: SELECT * FROM `shenma_info` WHERE `id` = 2 LIMIT 1   [ RunTime:0.0010s ]
SQL: SHOW COLUMNS FROM `shenma_banner` [ RunTime:0.0030s ]
SQL: SELECT * FROM `shenma_banner` WHERE `id` = 18 LIMIT 1   [ RunTime:0.0010s ]
SQL: SELECT * FROM `shenma_banner` WHERE `id` = 11 LIMIT 1   [ RunTime:0.0000s ]
INFO: [ view_parse ] --START--
INFO: [ template_filter ] --START--
INFO: Run Behavior\ContentReplaceBehavior [ RunTime:0.000000s ]
INFO: [ template_filter ] --END-- [ RunTime:0.000000s ]
INFO: Run Behavior\ParseTemplateBehavior [ RunTime:0.006000s ]
INFO: [ view_parse ] --END-- [ RunTime:0.006000s ]
INFO: [ view_filter ] --START--
INFO: Run Behavior\WriteHtmlCacheBehavior [ RunTime:0.000000s ]
INFO: [ view_filter ] --END-- [ RunTime:0.000000s ]
INFO: [ app_end ] --START--
INFO: Run Behavior\ShowPageTraceBehavior [ RunTime:0.001000s ]
INFO: [ app_end ] --END-- [ RunTime:0.001000s ]

[ 2017-10-31T12:08:41+08:00 ] 127.0.0.1 /Public/Mobile/js/jquery.min.map
INFO: [ app_init ] --START--
INFO: Run Behavior\BuildLiteBehavior [ RunTime:0.000000s ]
INFO: [ app_init ] --END-- [ RunTime:0.000000s ]
INFO: [ app_begin ] --START--
INFO: Run Behavior\ReadHtmlCacheBehavior [ RunTime:0.001000s ]
INFO: [ app_begin ] --END-- [ RunTime:0.001000s ]
ERR: 无法加载控制器:Public

[ 2017-10-31T12:08:41+08:00 ] 127.0.0.1 /Public/Mobile/js/maps/swiper.min.js.map
INFO: [ app_init ] --START--
INFO: Run Behavior\BuildLiteBehavior [ RunTime:0.000000s ]
INFO: [ app_init ] --END-- [ RunTime:0.001000s ]
INFO: [ app_begin ] --START--
INFO: Run Behavior\ReadHtmlCacheBehavior [ RunTime:0.000000s ]
INFO: [ app_begin ] --END-- [ RunTime:0.000000s ]
ERR: 无法加载控制器:Public

[ 2017-10-31T12:08:41+08:00 ] 127.0.0.1 /Video/index.html
INFO: [ app_init ] --START--
INFO: Run Behavior\BuildLiteBehavior [ RunTime:0.000000s ]
INFO: [ app_init ] --END-- [ RunTime:0.000000s ]
INFO: [ app_begin ] --START--
INFO: Run Behavior\ReadHtmlCacheBehavior [ RunTime:0.000000s ]
INFO: [ app_begin ] --END-- [ RunTime:0.000000s ]
SQL: SHOW COLUMNS FROM `shenma_videoc` [ RunTime:0.0030s ]
SQL: SELECT * FROM `shenma_videoc` ORDER BY id asc  [ RunTime:0.0000s ]
INFO: [ view_parse ] --START--
INFO: [ template_filter ] --START--
INFO: Run Behavior\ContentReplaceBehavior [ RunTime:0.000000s ]
INFO: [ template_filter ] --END-- [ RunTime:0.000000s ]
NOTIC: [8] Undefined variable: seo D:\phpStudy\WWW\shenma\Application\Runtime\Cache\Home\304729bffd1068940cac90fde4426e72.php 第 6 行.
NOTIC: [8] Undefined variable: seo D:\phpStudy\WWW\shenma\Application\Runtime\Cache\Home\304729bffd1068940cac90fde4426e72.php 第 7 行.
NOTIC: [8] Undefined variable: seo D:\phpStudy\WWW\shenma\Application\Runtime\Cache\Home\304729bffd1068940cac90fde4426e72.php 第 8 行.
INFO: Run Behavior\ParseTemplateBehavior [ RunTime:0.012000s ]
INFO: [ view_parse ] --END-- [ RunTime:0.012000s ]
INFO: [ view_filter ] --START--
INFO: Run Behavior\WriteHtmlCacheBehavior [ RunTime:0.000000s ]
INFO: [ view_filter ] --END-- [ RunTime:0.000000s ]
INFO: [ app_end ] --START--
INFO: Run Behavior\ShowPageTraceBehavior [ RunTime:0.001000s ]
INFO: [ app_end ] --END-- [ RunTime:0.001000s ]

[ 2017-10-31T12:08:42+08:00 ] 127.0.0.1 /Public/Mobile/js/jquery.min.map
INFO: [ app_init ] --START--
INFO: Run Behavior\BuildLiteBehavior [ RunTime:0.000000s ]
INFO: [ app_init ] --END-- [ RunTime:0.000000s ]
INFO: [ app_begin ] --START--
INFO: Run Behavior\ReadHtmlCacheBehavior [ RunTime:0.000000s ]
INFO: [ app_begin ] --END-- [ RunTime:0.000000s ]
ERR: 无法加载控制器:Public

[ 2017-10-31T12:08:42+08:00 ] 127.0.0.1 /Public/Mobile/js/maps/swiper.min.js.map
INFO: [ app_init ] --START--
INFO: Run Behavior\BuildLiteBehavior [ RunTime:0.000000s ]
INFO: [ app_init ] --END-- [ RunTime:0.000000s ]
INFO: [ app_begin ] --START--
INFO: Run Behavior\ReadHtmlCacheBehavior [ RunTime:0.000000s ]
INFO: [ app_begin ] --END-- [ RunTime:0.000000s ]
ERR: 无法加载控制器:Public

[ 2017-10-31T12:08:52+08:00 ] 127.0.0.1 /Video/index2/id/6.html
INFO: [ app_init ] --START--
INFO: Run Behavior\BuildLiteBehavior [ RunTime:0.000000s ]
INFO: [ app_init ] --END-- [ RunTime:0.001000s ]
INFO: [ app_begin ] --START--
INFO: Run Behavior\ReadHtmlCacheBehavior [ RunTime:0.001000s ]
INFO: [ app_begin ] --END-- [ RunTime:0.001000s ]
SQL: SHOW COLUMNS FROM `shenma_videoc` [ RunTime:0.0160s ]
SQL: SELECT * FROM `shenma_videoc` WHERE `id` = 6 LIMIT 1   [ RunTime:0.0020s ]
SQL: SHOW COLUMNS FROM `shenma_video` [ RunTime:0.0030s ]
SQL: SELECT * FROM `shenma_video` WHERE `cate_id` = 6  [ RunTime:0.0000s ]
INFO: [ view_parse ] --START--
INFO: [ template_filter ] --START--
INFO: Run Behavior\ContentReplaceBehavior [ RunTime:0.000000s ]
INFO: [ template_filter ] --END-- [ RunTime:0.000000s ]
NOTIC: [8] Undefined variable: seo D:\phpStudy\WWW\shenma\Application\Runtime\Cache\Home\52259651b1cc31a5b6318a2bec3d3fa7.php 第 6 行.
NOTIC: [8] Undefined variable: seo D:\phpStudy\WWW\shenma\Application\Runtime\Cache\Home\52259651b1cc31a5b6318a2bec3d3fa7.php 第 7 行.
NOTIC: [8] Undefined variable: seo D:\phpStudy\WWW\shenma\Application\Runtime\Cache\Home\52259651b1cc31a5b6318a2bec3d3fa7.php 第 8 行.
INFO: Run Behavior\ParseTemplateBehavior [ RunTime:0.007000s ]
INFO: [ view_parse ] --END-- [ RunTime:0.007000s ]
INFO: [ view_filter ] --START--
INFO: Run Behavior\WriteHtmlCacheBehavior [ RunTime:0.000000s ]
INFO: [ view_filter ] --END-- [ RunTime:0.000000s ]
INFO: [ app_end ] --START--
INFO: Run Behavior\ShowPageTraceBehavior [ RunTime:0.001000s ]
INFO: [ app_end ] --END-- [ RunTime:0.001000s ]

[ 2017-10-31T12:08:52+08:00 ] 127.0.0.1 /Public/Mobile/js/jquery.min.map
INFO: [ app_init ] --START--
INFO: Run Behavior\BuildLiteBehavior [ RunTime:0.000000s ]
INFO: [ app_init ] --END-- [ RunTime:0.001000s ]
INFO: [ app_begin ] --START--
INFO: Run Behavior\ReadHtmlCacheBehavior [ RunTime:0.000000s ]
INFO: [ app_begin ] --END-- [ RunTime:0.000000s ]
ERR: 无法加载控制器:Public

[ 2017-10-31T12:08:52+08:00 ] 127.0.0.1 /Public/Mobile/js/maps/swiper.min.js.map
INFO: [ app_init ] --START--
INFO: Run Behavior\BuildLiteBehavior [ RunTime:0.000000s ]
INFO: [ app_init ] --END-- [ RunTime:0.000000s ]
INFO: [ app_begin ] --START--
INFO: Run Behavior\ReadHtmlCacheBehavior [ RunTime:0.000000s ]
INFO: [ app_begin ] --END-- [ RunTime:0.000000s ]
ERR: 无法加载控制器:Public

[ 2017-10-31T12:08:53+08:00 ] 127.0.0.1 /Video/vplay/id/9.html
INFO: [ app_init ] --START--
INFO: Run Behavior\BuildLiteBehavior [ RunTime:0.000000s ]
INFO: [ app_init ] --END-- [ RunTime:0.000000s ]
INFO: [ app_begin ] --START--
INFO: Run Behavior\ReadHtmlCacheBehavior [ RunTime:0.001000s ]
INFO: [ app_begin ] --END-- [ RunTime:0.001000s ]
SQL: SHOW COLUMNS FROM `shenma_video` [ RunTime:0.0040s ]
SQL: SELECT * FROM `shenma_video` WHERE `id` = 9 LIMIT 1   [ RunTime:0.0000s ]
INFO: [ view_parse ] --START--
INFO: [ template_filter ] --START--
INFO: Run Behavior\ContentReplaceBehavior [ RunTime:0.000000s ]
INFO: [ template_filter ] --END-- [ RunTime:0.000000s ]
NOTIC: [8] Undefined variable: seo D:\phpStudy\WWW\shenma\Application\Runtime\Cache\Home\12be951cc057dc51e691d0dc3912fb91.php 第 6 行.
NOTIC: [8] Undefined variable: seo D:\phpStudy\WWW\shenma\Application\Runtime\Cache\Home\12be951cc057dc51e691d0dc3912fb91.php 第 7 行.
NOTIC: [8] Undefined variable: seo D:\phpStudy\WWW\shenma\Application\Runtime\Cache\Home\12be951cc057dc51e691d0dc3912fb91.php 第 8 行.
INFO: Run Behavior\ParseTemplateBehavior [ RunTime:0.006000s ]
INFO: [ view_parse ] --END-- [ RunTime:0.006000s ]
INFO: [ view_filter ] --START--
INFO: Run Behavior\WriteHtmlCacheBehavior [ RunTime:0.000000s ]
INFO: [ view_filter ] --END-- [ RunTime:0.000000s ]
INFO: [ app_end ] --START--
INFO: Run Behavior\ShowPageTraceBehavior [ RunTime:0.001000s ]
INFO: [ app_end ] --END-- [ RunTime:0.001000s ]

[ 2017-10-31T12:08:53+08:00 ] 127.0.0.1 /Public/Mobile/js/jquery.min.map
INFO: [ app_init ] --START--
INFO: Run Behavior\BuildLiteBehavior [ RunTime:0.000000s ]
INFO: [ app_init ] --END-- [ RunTime:0.000000s ]
INFO: [ app_begin ] --START--
INFO: Run Behavior\ReadHtmlCacheBehavior [ RunTime:0.001000s ]
INFO: [ app_begin ] --END-- [ RunTime:0.001000s ]
ERR: 无法加载控制器:Public

[ 2017-10-31T12:08:53+08:00 ] 127.0.0.1 /Public/Mobile/js/maps/swiper.min.js.map
INFO: [ app_init ] --START--
INFO: Run Behavior\BuildLiteBehavior [ RunTime:0.000000s ]
INFO: [ app_init ] --END-- [ RunTime:0.001000s ]
INFO: [ app_begin ] --START--
INFO: Run Behavior\ReadHtmlCacheBehavior [ RunTime:0.000000s ]
INFO: [ app_begin ] --END-- [ RunTime:0.000000s ]
ERR: 无法加载控制器:Public

[ 2017-10-31T12:09:01+08:00 ] 127.0.0.1 /Video/vplay/id/9.html
INFO: [ app_init ] --START--
INFO: Run Behavior\BuildLiteBehavior [ RunTime:0.000000s ]
INFO: [ app_init ] --END-- [ RunTime:0.000000s ]
INFO: [ app_begin ] --START--
INFO: Run Behavior\ReadHtmlCacheBehavior [ RunTime:0.000000s ]
INFO: [ app_begin ] --END-- [ RunTime:0.000000s ]
SQL: SHOW COLUMNS FROM `shenma_video` [ RunTime:0.0030s ]
SQL: SELECT * FROM `shenma_video` WHERE `id` = 9 LIMIT 1   [ RunTime:0.0000s ]
INFO: [ view_parse ] --START--
INFO: [ template_filter ] --START--
INFO: Run Behavior\ContentReplaceBehavior [ RunTime:0.000000s ]
INFO: [ template_filter ] --END-- [ RunTime:0.000000s ]
NOTIC: [8] Undefined variable: seo D:\phpStudy\WWW\shenma\Application\Runtime\Cache\Home\12be951cc057dc51e691d0dc3912fb91.php 第 6 行.
NOTIC: [8] Undefined variable: seo D:\phpStudy\WWW\shenma\Application\Runtime\Cache\Home\12be951cc057dc51e691d0dc3912fb91.php 第 7 行.
NOTIC: [8] Undefined variable: seo D:\phpStudy\WWW\shenma\Application\Runtime\Cache\Home\12be951cc057dc51e691d0dc3912fb91.php 第 8 行.
INFO: Run Behavior\ParseTemplateBehavior [ RunTime:0.005000s ]
INFO: [ view_parse ] --END-- [ RunTime:0.005000s ]
INFO: [ view_filter ] --START--
INFO: Run Behavior\WriteHtmlCacheBehavior [ RunTime:0.000000s ]
INFO: [ view_filter ] --END-- [ RunTime:0.000000s ]
INFO: [ app_end ] --START--
INFO: Run Behavior\ShowPageTraceBehavior [ RunTime:0.001000s ]
INFO: [ app_end ] --END-- [ RunTime:0.001000s ]

[ 2017-10-31T12:09:02+08:00 ] 127.0.0.1 /Public/Mobile/js/jquery.min.map
INFO: [ app_init ] --START--
INFO: Run Behavior\BuildLiteBehavior [ RunTime:0.000000s ]
INFO: [ app_init ] --END-- [ RunTime:0.000000s ]
INFO: [ app_begin ] --START--
INFO: Run Behavior\ReadHtmlCacheBehavior [ RunTime:0.001000s ]
INFO: [ app_begin ] --END-- [ RunTime:0.001000s ]
ERR: 无法加载控制器:Public

[ 2017-10-31T12:09:02+08:00 ] 127.0.0.1 /Public/Mobile/js/maps/swiper.min.js.map
INFO: [ app_init ] --START--
INFO: Run Behavior\BuildLiteBehavior [ RunTime:0.000000s ]
INFO: [ app_init ] --END-- [ RunTime:0.000000s ]
INFO: [ app_begin ] --START--
INFO: Run Behavior\ReadHtmlCacheBehavior [ RunTime:0.000000s ]
INFO: [ app_begin ] --END-- [ RunTime:0.000000s ]
ERR: 无法加载控制器:Public

[ 2017-10-31T12:09:09+08:00 ] 127.0.0.1 /Video/vplay/id/9.html
INFO: [ app_init ] --START--
INFO: Run Behavior\BuildLiteBehavior [ RunTime:0.000000s ]
INFO: [ app_init ] --END-- [ RunTime:0.000000s ]
INFO: [ app_begin ] --START--
INFO: Run Behavior\ReadHtmlCacheBehavior [ RunTime:0.001000s ]
INFO: [ app_begin ] --END-- [ RunTime:0.001000s ]
SQL: SHOW COLUMNS FROM `shenma_video` [ RunTime:0.0040s ]
SQL: SELECT * FROM `shenma_video` WHERE `id` = 9 LIMIT 1   [ RunTime:0.0000s ]
INFO: [ view_parse ] --START--
INFO: [ template_filter ] --START--
INFO: Run Behavior\ContentReplaceBehavior [ RunTime:0.000000s ]
INFO: [ template_filter ] --END-- [ RunTime:0.000000s ]
NOTIC: [8] Undefined variable: seo D:\phpStudy\WWW\shenma\Application\Runtime\Cache\Home\12be951cc057dc51e691d0dc3912fb91.php 第 6 行.
NOTIC: [8] Undefined variable: seo D:\phpStudy\WWW\shenma\Application\Runtime\Cache\Home\12be951cc057dc51e691d0dc3912fb91.php 第 7 行.
NOTIC: [8] Undefined variable: seo D:\phpStudy\WWW\shenma\Application\Runtime\Cache\Home\12be951cc057dc51e691d0dc3912fb91.php 第 8 行.
INFO: Run Behavior\ParseTemplateBehavior [ RunTime:0.006000s ]
INFO: [ view_parse ] --END-- [ RunTime:0.006000s ]
INFO: [ view_filter ] --START--
INFO: Run Behavior\WriteHtmlCacheBehavior [ RunTime:0.001000s ]
INFO: [ view_filter ] --END-- [ RunTime:0.001000s ]
INFO: [ app_end ] --START--
INFO: Run Behavior\ShowPageTraceBehavior [ RunTime:0.000000s ]
INFO: [ app_end ] --END-- [ RunTime:0.000000s ]

[ 2017-10-31T12:09:09+08:00 ] 127.0.0.1 /Public/Mobile/js/jquery.min.map
INFO: [ app_init ] --START--
INFO: Run Behavior\BuildLiteBehavior [ RunTime:0.000000s ]
INFO: [ app_init ] --END-- [ RunTime:0.000000s ]
INFO: [ app_begin ] --START--
INFO: Run Behavior\ReadHtmlCacheBehavior [ RunTime:0.001000s ]
INFO: [ app_begin ] --END-- [ RunTime:0.001000s ]
ERR: 无法加载控制器:Public

[ 2017-10-31T12:09:09+08:00 ] 127.0.0.1 /Public/Mobile/js/maps/swiper.min.js.map
INFO: [ app_init ] --START--
INFO: Run Behavior\BuildLiteBehavior [ RunTime:0.000000s ]
INFO: [ app_init ] --END-- [ RunTime:0.000000s ]
INFO: [ app_begin ] --START--
INFO: Run Behavior\ReadHtmlCacheBehavior [ RunTime:0.000000s ]
INFO: [ app_begin ] --END-- [ RunTime:0.000000s ]
ERR: 无法加载控制器:Public

[ 2017-10-31T12:09:37+08:00 ] 127.0.0.1 /Video/vplay/id/9.html
INFO: [ app_init ] --START--
INFO: Run Behavior\BuildLiteBehavior [ RunTime:0.000000s ]
INFO: [ app_init ] --END-- [ RunTime:0.000000s ]
INFO: [ app_begin ] --START--
INFO: Run Behavior\ReadHtmlCacheBehavior [ RunTime:0.000000s ]
INFO: [ app_begin ] --END-- [ RunTime:0.000000s ]
SQL: SHOW COLUMNS FROM `shenma_video` [ RunTime:0.0050s ]
SQL: SELECT * FROM `shenma_video` WHERE `id` = 9 LIMIT 1   [ RunTime:0.0010s ]
ERR: 模板不存在:./Application/Home/View/Video/vplay.html

[ 2017-10-31T12:10:30+08:00 ] 127.0.0.1 /
INFO: [ app_init ] --START--
INFO: Run Behavior\BuildLiteBehavior [ RunTime:0.000000s ]
INFO: [ app_init ] --END-- [ RunTime:0.001000s ]
INFO: [ app_begin ] --START--
INFO: Run Behavior\ReadHtmlCacheBehavior [ RunTime:0.000000s ]
INFO: [ app_begin ] --END-- [ RunTime:0.000000s ]
SQL: SHOW COLUMNS FROM `shenma_config` [ RunTime:0.0030s ]
SQL: SELECT `conf_value` FROM `shenma_config` WHERE ( conf_id = 3 ) LIMIT 1   [ RunTime:0.0010s ]
SQL: SELECT `conf_value` FROM `shenma_config` WHERE ( conf_id = 5 ) LIMIT 1   [ RunTime:0.0000s ]
SQL: SELECT `conf_value` FROM `shenma_config` WHERE ( conf_id = 4 ) LIMIT 1   [ RunTime:0.0000s ]
SQL: SHOW COLUMNS FROM `shenma_banner` [ RunTime:0.0030s ]
SQL: SELECT * FROM `shenma_banner` WHERE `classify` = 1 ORDER BY sort asc  [ RunTime:0.0010s ]
SQL: SHOW COLUMNS FROM `shenma_about` [ RunTime:0.0030s ]
SQL: SELECT * FROM `shenma_about` WHERE `id` = 2 LIMIT 1   [ RunTime:0.0000s ]
SQL: SHOW COLUMNS FROM `shenma_carousel` [ RunTime:0.0030s ]
SQL: SELECT * FROM `shenma_carousel` ORDER BY sort asc  [ RunTime:0.0010s ]
SQL: SHOW COLUMNS FROM `shenma_article` [ RunTime:0.0030s ]
SQL: SELECT * FROM `shenma_article` WHERE `is_top` = 1 ORDER BY newstime desc LIMIT 1   [ RunTime:0.0000s ]
SQL: SELECT * FROM `shenma_article` WHERE `is_recommend` = 1 ORDER BY newstime desc LIMIT 5   [ RunTime:0.0010s ]
SQL: SHOW COLUMNS FROM `shenma_brand` [ RunTime:0.0030s ]
SQL: SELECT * FROM `shenma_brand` WHERE `status` = 1 ORDER BY sort asc  [ RunTime:0.0010s ]
SQL: SELECT COUNT(*) AS tp_count FROM `shenma_brand` LIMIT 1   [ RunTime:0.0000s ]
SQL: SHOW COLUMNS FROM `shenma_nav` [ RunTime:0.0030s ]
SQL: SELECT * FROM `shenma_nav`  [ RunTime:0.0000s ]
INFO: [ view_parse ] --START--
INFO: [ template_filter ] --START--
INFO: Run Behavior\ContentReplaceBehavior [ RunTime:0.000000s ]
INFO: [ template_filter ] --END-- [ RunTime:0.000000s ]
INFO: Run Behavior\ParseTemplateBehavior [ RunTime:0.012000s ]
INFO: [ view_parse ] --END-- [ RunTime:0.012000s ]
INFO: [ view_filter ] --START--
INFO: Run Behavior\WriteHtmlCacheBehavior [ RunTime:0.000000s ]
INFO: [ view_filter ] --END-- [ RunTime:0.000000s ]
INFO: [ app_end ] --START--
INFO: Run Behavior\ShowPageTraceBehavior [ RunTime:0.000000s ]
INFO: [ app_end ] --END-- [ RunTime:0.000000s ]

[ 2017-10-31T12:10:30+08:00 ] 127.0.0.1 /Public/Home/img/QR2.jpg
INFO: [ app_init ] --START--
INFO: Run Behavior\BuildLiteBehavior [ RunTime:0.000000s ]
INFO: [ app_init ] --END-- [ RunTime:0.001000s ]

[ 2017-10-31T12:10:30+08:00 ] 127.0.0.1 /Public/Home/img/kache_weiqi.png
INFO: [ app_init ] --START--
INFO: Run Behavior\BuildLiteBehavior [ RunTime:0.000000s ]
INFO: [ app_init ] --END-- [ RunTime:0.000000s ]

[ 2017-10-31T12:10:30+08:00 ] 127.0.0.1 /Public/Home/img/imgl01.jpg
INFO: [ app_init ] --START--
INFO: Run Behavior\BuildLiteBehavior [ RunTime:0.000000s ]
INFO: [ app_init ] --END-- [ RunTime:0.001000s ]

[ 2017-10-31T12:10:30+08:00 ] 127.0.0.1 /Public/Home/img/imgl02.jpg
INFO: [ app_init ] --START--
INFO: Run Behavior\BuildLiteBehavior [ RunTime:0.000000s ]
INFO: [ app_init ] --END-- [ RunTime:0.000000s ]

[ 2017-10-31T12:10:30+08:00 ] 127.0.0.1 /Public/Home/img/imgl03.jpg
INFO: [ app_init ] --START--
INFO: Run Behavior\BuildLiteBehavior [ RunTime:0.000000s ]
INFO: [ app_init ] --END-- [ RunTime:0.000000s ]

[ 2017-10-31T12:10:30+08:00 ] 127.0.0.1 /Public/Home/img/imgl04.jpg
INFO: [ app_init ] --START--
INFO: Run Behavior\BuildLiteBehavior [ RunTime:0.000000s ]
INFO: [ app_init ] --END-- [ RunTime:0.000000s ]

[ 2017-10-31T12:10:30+08:00 ] 127.0.0.1 /Public/Home/img/imgr01.jpg
INFO: [ app_init ] --START--
INFO: Run Behavior\BuildLiteBehavior [ RunTime:0.000000s ]
INFO: [ app_init ] --END-- [ RunTime:0.000000s ]

[ 2017-10-31T12:10:30+08:00 ] 127.0.0.1 /Public/Home/img/imgr01bb.jpg
INFO: [ app_init ] --START--
INFO: Run Behavior\BuildLiteBehavior [ RunTime:0.000000s ]
INFO: [ app_init ] --END-- [ RunTime:0.000000s ]

[ 2017-10-31T12:10:30+08:00 ] 127.0.0.1 /Public/Home/img/imgr02.jpg
INFO: [ app_init ] --START--
INFO: Run Behavior\BuildLiteBehavior [ RunTime:0.000000s ]
INFO: [ app_init ] --END-- [ RunTime:0.001000s ]

[ 2017-10-31T12:10:30+08:00 ] 127.0.0.1 /Public/Home/img/imgr02bb.jpg
INFO: [ app_init ] --START--
INFO: Run Behavior\BuildLiteBehavior [ RunTime:0.000000s ]
INFO: [ app_init ] --END-- [ RunTime:0.001000s ]

[ 2017-10-31T12:10:30+08:00 ] 127.0.0.1 /Public/Home/img/imgr03.jpg
INFO: [ app_init ] --START--
INFO: Run Behavior\BuildLiteBehavior [ RunTime:0.000000s ]
INFO: [ app_init ] --END-- [ RunTime:0.000000s ]

[ 2017-10-31T12:10:30+08:00 ] 127.0.0.1 /Public/Home/img/imgr03bb.jpg
INFO: [ app_init ] --START--
INFO: Run Behavior\BuildLiteBehavior [ RunTime:0.000000s ]
INFO: [ app_init ] --END-- [ RunTime:0.000000s ]

[ 2017-10-31T12:10:30+08:00 ] 127.0.0.1 /Public/Home/img/imgr04.jpg
INFO: [ app_init ] --START--
INFO: Run Behavior\BuildLiteBehavior [ RunTime:0.000000s ]
INFO: [ app_init ] --END-- [ RunTime:0.000000s ]

[ 2017-10-31T12:10:30+08:00 ] 127.0.0.1 /Public/Home/img/imgr04bb.jpg
INFO: [ app_init ] --START--
INFO: Run Behavior\BuildLiteBehavior [ RunTime:0.000000s ]
INFO: [ app_init ] --END-- [ RunTime:0.000000s ]

[ 2017-10-31T12:10:30+08:00 ] 127.0.0.1 /Public/Home/img/kache_weiqi.png
INFO: [ app_init ] --START--
INFO: Run Behavior\BuildLiteBehavior [ RunTime:0.000000s ]
INFO: [ app_init ] --END-- [ RunTime:0.000000s ]

[ 2017-10-31T12:10:32+08:00 ] 127.0.0.1 /Public/Home/js/maps/swiper.min.js.map
INFO: [ app_init ] --START--
INFO: Run Behavior\BuildLiteBehavior [ RunTime:0.000000s ]
INFO: [ app_init ] --END-- [ RunTime:0.000000s ]
INFO: [ app_begin ] --START--
INFO: Run Behavior\ReadHtmlCacheBehavior [ RunTime:0.001000s ]
INFO: [ app_begin ] --END-- [ RunTime:0.001000s ]
ERR: 无法加载控制器:Public

[ 2017-10-31T12:10:34+08:00 ] 127.0.0.1 /
INFO: [ app_init ] --START--
INFO: Run Behavior\BuildLiteBehavior [ RunTime:0.000000s ]
INFO: [ app_init ] --END-- [ RunTime:0.000000s ]
INFO: [ app_begin ] --START--
INFO: Run Behavior\ReadHtmlCacheBehavior [ RunTime:0.001000s ]
INFO: [ app_begin ] --END-- [ RunTime:0.001000s ]
SQL: SHOW COLUMNS FROM `shenma_config` [ RunTime:0.0030s ]
SQL: SELECT `conf_value` FROM `shenma_config` WHERE ( conf_id = 3 ) LIMIT 1   [ RunTime:0.0010s ]
SQL: SELECT `conf_value` FROM `shenma_config` WHERE ( conf_id = 5 ) LIMIT 1   [ RunTime:0.0000s ]
SQL: SELECT `conf_value` FROM `shenma_config` WHERE ( conf_id = 4 ) LIMIT 1   [ RunTime:0.0010s ]
SQL: SHOW COLUMNS FROM `shenma_bannerm` [ RunTime:0.0040s ]
SQL: SELECT * FROM `shenma_bannerm` WHERE `classify` = 1 ORDER BY sort asc  [ RunTime:0.0000s ]
SQL: SHOW COLUMNS FROM `shenma_about` [ RunTime:0.0030s ]
SQL: SELECT * FROM `shenma_about` WHERE `id` = 2 LIMIT 1   [ RunTime:0.0000s ]
SQL: SHOW COLUMNS FROM `shenma_carousel` [ RunTime:0.0030s ]
SQL: SELECT * FROM `shenma_carousel` ORDER BY sort asc  [ RunTime:0.0000s ]
SQL: SHOW COLUMNS FROM `shenma_article` [ RunTime:0.0030s ]
SQL: SELECT * FROM `shenma_article` WHERE `is_top` = 1 ORDER BY newstime desc LIMIT 1   [ RunTime:0.0000s ]
SQL: SELECT * FROM `shenma_article` WHERE `is_recommend` = 1 ORDER BY newstime desc LIMIT 5   [ RunTime:0.0010s ]
SQL: SHOW COLUMNS FROM `shenma_brand` [ RunTime:0.0030s ]
SQL: SELECT * FROM `shenma_brand` WHERE `status` = 1 ORDER BY sort asc  [ RunTime:0.0000s ]
SQL: SELECT COUNT(*) AS tp_count FROM `shenma_brand` LIMIT 1   [ RunTime:0.0000s ]
SQL: SHOW COLUMNS FROM `shenma_nav` [ RunTime:0.0030s ]
SQL: SELECT * FROM `shenma_nav`  [ RunTime:0.0000s ]
INFO: [ view_parse ] --START--
INFO: [ template_filter ] --START--
INFO: Run Behavior\ContentReplaceBehavior [ RunTime:0.000000s ]
INFO: [ template_filter ] --END-- [ RunTime:0.000000s ]
NOTIC: [8] Undefined variable: seo D:\phpStudy\WWW\shenma\Application\Runtime\Cache\Home\0560cd7101195731ff5d2a2eb497150c.php 第 6 行.
NOTIC: [8] Undefined variable: seo D:\phpStudy\WWW\shenma\Application\Runtime\Cache\Home\0560cd7101195731ff5d2a2eb497150c.php 第 7 行.
NOTIC: [8] Undefined variable: seo D:\phpStudy\WWW\shenma\Application\Runtime\Cache\Home\0560cd7101195731ff5d2a2eb497150c.php 第 8 行.
INFO: Run Behavior\ParseTemplateBehavior [ RunTime:0.011000s ]
INFO: [ view_parse ] --END-- [ RunTime:0.012000s ]
INFO: [ view_filter ] --START--
INFO: Run Behavior\WriteHtmlCacheBehavior [ RunTime:0.001000s ]
INFO: [ view_filter ] --END-- [ RunTime:0.001000s ]
INFO: [ app_end ] --START--
INFO: Run Behavior\ShowPageTraceBehavior [ RunTime:0.000000s ]
INFO: [ app_end ] --END-- [ RunTime:0.000000s ]

[ 2017-10-31T12:10:34+08:00 ] 127.0.0.1 /Public/Mobile/js/jquery.min.map
INFO: [ app_init ] --START--
INFO: Run Behavior\BuildLiteBehavior [ RunTime:0.000000s ]
INFO: [ app_init ] --END-- [ RunTime:0.001000s ]
INFO: [ app_begin ] --START--
INFO: Run Behavior\ReadHtmlCacheBehavior [ RunTime:0.000000s ]
INFO: [ app_begin ] --END-- [ RunTime:0.000000s ]
ERR: 无法加载控制器:Public

[ 2017-10-31T12:10:34+08:00 ] 127.0.0.1 /Public/Mobile/js/maps/swiper.min.js.map
INFO: [ app_init ] --START--
INFO: Run Behavior\BuildLiteBehavior [ RunTime:0.000000s ]
INFO: [ app_init ] --END-- [ RunTime:0.000000s ]
INFO: [ app_begin ] --START--
INFO: Run Behavior\ReadHtmlCacheBehavior [ RunTime:0.000000s ]
INFO: [ app_begin ] --END-- [ RunTime:0.000000s ]
ERR: 无法加载控制器:Public

[ 2017-10-31T12:10:36+08:00 ] 127.0.0.1 /Edu/index.html
INFO: [ app_init ] --START--
INFO: Run Behavior\BuildLiteBehavior [ RunTime:0.000000s ]
INFO: [ app_init ] --END-- [ RunTime:0.001000s ]
INFO: [ app_begin ] --START--
INFO: Run Behavior\ReadHtmlCacheBehavior [ RunTime:0.000000s ]
INFO: [ app_begin ] --END-- [ RunTime:0.000000s ]
SQL: SHOW COLUMNS FROM `shenma_seo` [ RunTime:0.0040s ]
SQL: SELECT * FROM `shenma_seo` WHERE `id` = 5 LIMIT 1   [ RunTime:0.0000s ]
SQL: SHOW COLUMNS FROM `shenma_bannerm` [ RunTime:0.0030s ]
SQL: SELECT * FROM `shenma_bannerm` WHERE `id` = 3 LIMIT 1   [ RunTime:0.0000s ]
SQL: SHOW COLUMNS FROM `shenma_info` [ RunTime:0.0030s ]
SQL: SELECT * FROM `shenma_info` WHERE `id` = 2 LIMIT 1   [ RunTime:0.0000s ]
SQL: SHOW COLUMNS FROM `shenma_banner` [ RunTime:0.0030s ]
SQL: SELECT * FROM `shenma_banner` WHERE `id` = 18 LIMIT 1   [ RunTime:0.0010s ]
SQL: SELECT * FROM `shenma_banner` WHERE `id` = 11 LIMIT 1   [ RunTime:0.0000s ]
INFO: [ view_parse ] --START--
INFO: [ template_filter ] --START--
INFO: Run Behavior\ContentReplaceBehavior [ RunTime:0.000000s ]
INFO: [ template_filter ] --END-- [ RunTime:0.000000s ]
INFO: Run Behavior\ParseTemplateBehavior [ RunTime:0.005000s ]
INFO: [ view_parse ] --END-- [ RunTime:0.005000s ]
INFO: [ view_filter ] --START--
INFO: Run Behavior\WriteHtmlCacheBehavior [ RunTime:0.001000s ]
INFO: [ view_filter ] --END-- [ RunTime:0.001000s ]
INFO: [ app_end ] --START--
INFO: Run Behavior\ShowPageTraceBehavior [ RunTime:0.000000s ]
INFO: [ app_end ] --END-- [ RunTime:0.000000s ]

[ 2017-10-31T12:10:36+08:00 ] 127.0.0.1 /Public/Mobile/js/jquery.min.map
INFO: [ app_init ] --START--
INFO: Run Behavior\BuildLiteBehavior [ RunTime:0.000000s ]
INFO: [ app_init ] --END-- [ RunTime:0.000000s ]
INFO: [ app_begin ] --START--
INFO: Run Behavior\ReadHtmlCacheBehavior [ RunTime:0.001000s ]
INFO: [ app_begin ] --END-- [ RunTime:0.001000s ]
ERR: 无法加载控制器:Public

[ 2017-10-31T12:10:36+08:00 ] 127.0.0.1 /Public/Mobile/js/maps/swiper.min.js.map
INFO: [ app_init ] --START--
INFO: Run Behavior\BuildLiteBehavior [ RunTime:0.000000s ]
INFO: [ app_init ] --END-- [ RunTime:0.000000s ]
INFO: [ app_begin ] --START--
INFO: Run Behavior\ReadHtmlCacheBehavior [ RunTime:0.001000s ]
INFO: [ app_begin ] --END-- [ RunTime:0.001000s ]
ERR: 无法加载控制器:Public

[ 2017-10-31T12:10:38+08:00 ] 127.0.0.1 /Edu/index.html
INFO: [ app_init ] --START--
INFO: Run Behavior\BuildLiteBehavior [ RunTime:0.000000s ]
INFO: [ app_init ] --END-- [ RunTime:0.000000s ]
INFO: [ app_begin ] --START--
INFO: Run Behavior\ReadHtmlCacheBehavior [ RunTime:0.001000s ]
INFO: [ app_begin ] --END-- [ RunTime:0.001000s ]
SQL: SHOW COLUMNS FROM `shenma_seo` [ RunTime:0.0040s ]
SQL: SELECT * FROM `shenma_seo` WHERE `id` = 5 LIMIT 1   [ RunTime:0.0000s ]
SQL: SHOW COLUMNS FROM `shenma_bannerm` [ RunTime:0.0030s ]
SQL: SELECT * FROM `shenma_bannerm` WHERE `id` = 3 LIMIT 1   [ RunTime:0.0010s ]
SQL: SHOW COLUMNS FROM `shenma_info` [ RunTime:0.0040s ]
SQL: SELECT * FROM `shenma_info` WHERE `id` = 2 LIMIT 1   [ RunTime:0.0010s ]
SQL: SHOW COLUMNS FROM `shenma_banner` [ RunTime:0.0030s ]
SQL: SELECT * FROM `shenma_banner` WHERE `id` = 18 LIMIT 1   [ RunTime:0.0010s ]
SQL: SELECT * FROM `shenma_banner` WHERE `id` = 11 LIMIT 1   [ RunTime:0.0000s ]
INFO: [ view_parse ] --START--
INFO: [ template_filter ] --START--
INFO: Run Behavior\ContentReplaceBehavior [ RunTime:0.000000s ]
INFO: [ template_filter ] --END-- [ RunTime:0.000000s ]
INFO: Run Behavior\ParseTemplateBehavior [ RunTime:0.007000s ]
INFO: [ view_parse ] --END-- [ RunTime:0.007000s ]
INFO: [ view_filter ] --START--
INFO: Run Behavior\WriteHtmlCacheBehavior [ RunTime:0.000000s ]
INFO: [ view_filter ] --END-- [ RunTime:0.000000s ]
INFO: [ app_end ] --START--
INFO: Run Behavior\ShowPageTraceBehavior [ RunTime:0.000000s ]
INFO: [ app_end ] --END-- [ RunTime:0.000000s ]

[ 2017-10-31T12:10:39+08:00 ] 127.0.0.1 /Public/Mobile/js/jquery.min.map
INFO: [ app_init ] --START--
INFO: Run Behavior\BuildLiteBehavior [ RunTime:0.000000s ]
INFO: [ app_init ] --END-- [ RunTime:0.001000s ]
INFO: [ app_begin ] --START--
INFO: Run Behavior\ReadHtmlCacheBehavior [ RunTime:0.001000s ]
INFO: [ app_begin ] --END-- [ RunTime:0.001000s ]
ERR: 无法加载控制器:Public

[ 2017-10-31T12:10:39+08:00 ] 127.0.0.1 /Public/Mobile/js/maps/swiper.min.js.map
INFO: [ app_init ] --START--
INFO: Run Behavior\BuildLiteBehavior [ RunTime:0.000000s ]
INFO: [ app_init ] --END-- [ RunTime:0.000000s ]
INFO: [ app_begin ] --START--
INFO: Run Behavior\ReadHtmlCacheBehavior [ RunTime:0.000000s ]
INFO: [ app_begin ] --END-- [ RunTime:0.000000s ]
ERR: 无法加载控制器:Public

[ 2017-10-31T12:10:42+08:00 ] 127.0.0.1 /Video/index.html
INFO: [ app_init ] --START--
INFO: Run Behavior\BuildLiteBehavior [ RunTime:0.000000s ]
INFO: [ app_init ] --END-- [ RunTime:0.000000s ]
INFO: [ app_begin ] --START--
INFO: Run Behavior\ReadHtmlCacheBehavior [ RunTime:0.001000s ]
INFO: [ app_begin ] --END-- [ RunTime:0.001000s ]
SQL: SHOW COLUMNS FROM `shenma_videoc` [ RunTime:0.0040s ]
SQL: SELECT * FROM `shenma_videoc` ORDER BY id asc  [ RunTime:0.0000s ]
INFO: [ view_parse ] --START--
INFO: [ template_filter ] --START--
INFO: Run Behavior\ContentReplaceBehavior [ RunTime:0.000000s ]
INFO: [ template_filter ] --END-- [ RunTime:0.000000s ]
NOTIC: [8] Undefined variable: seo D:\phpStudy\WWW\shenma\Application\Runtime\Cache\Home\304729bffd1068940cac90fde4426e72.php 第 6 行.
NOTIC: [8] Undefined variable: seo D:\phpStudy\WWW\shenma\Application\Runtime\Cache\Home\304729bffd1068940cac90fde4426e72.php 第 7 行.
NOTIC: [8] Undefined variable: seo D:\phpStudy\WWW\shenma\Application\Runtime\Cache\Home\304729bffd1068940cac90fde4426e72.php 第 8 行.
INFO: Run Behavior\ParseTemplateBehavior [ RunTime:0.009000s ]
INFO: [ view_parse ] --END-- [ RunTime:0.009000s ]
INFO: [ view_filter ] --START--
INFO: Run Behavior\WriteHtmlCacheBehavior [ RunTime:0.000000s ]
INFO: [ view_filter ] --END-- [ RunTime:0.000000s ]
INFO: [ app_end ] --START--
INFO: Run Behavior\ShowPageTraceBehavior [ RunTime:0.000000s ]
INFO: [ app_end ] --END-- [ RunTime:0.000000s ]

[ 2017-10-31T12:10:43+08:00 ] 127.0.0.1 /Public/Mobile/js/jquery.min.map
INFO: [ app_init ] --START--
INFO: Run Behavior\BuildLiteBehavior [ RunTime:0.000000s ]
INFO: [ app_init ] --END-- [ RunTime:0.000000s ]
INFO: [ app_begin ] --START--
INFO: Run Behavior\ReadHtmlCacheBehavior [ RunTime:0.000000s ]
INFO: [ app_begin ] --END-- [ RunTime:0.000000s ]
ERR: 无法加载控制器:Public

[ 2017-10-31T12:10:43+08:00 ] 127.0.0.1 /Public/Mobile/js/maps/swiper.min.js.map
INFO: [ app_init ] --START--
INFO: Run Behavior\BuildLiteBehavior [ RunTime:0.000000s ]
INFO: [ app_init ] --END-- [ RunTime:0.001000s ]
INFO: [ app_begin ] --START--
INFO: Run Behavior\ReadHtmlCacheBehavior [ RunTime:0.000000s ]
INFO: [ app_begin ] --END-- [ RunTime:0.000000s ]
ERR: 无法加载控制器:Public

[ 2017-10-31T12:10:49+08:00 ] 127.0.0.1 /Video/index2/id/6.html
INFO: [ app_init ] --START--
INFO: Run Behavior\BuildLiteBehavior [ RunTime:0.000000s ]
INFO: [ app_init ] --END-- [ RunTime:0.001000s ]
INFO: [ app_begin ] --START--
INFO: Run Behavior\ReadHtmlCacheBehavior [ RunTime:0.001000s ]
INFO: [ app_begin ] --END-- [ RunTime:0.001000s ]
SQL: SHOW COLUMNS FROM `shenma_videoc` [ RunTime:0.0020s ]
SQL: SELECT * FROM `shenma_videoc` WHERE `id` = 6 LIMIT 1   [ RunTime:0.0000s ]
SQL: SHOW COLUMNS FROM `shenma_video` [ RunTime:0.0040s ]
SQL: SELECT * FROM `shenma_video` WHERE `cate_id` = 6  [ RunTime:0.0000s ]
INFO: [ view_parse ] --START--
INFO: [ template_filter ] --START--
INFO: Run Behavior\ContentReplaceBehavior [ RunTime:0.000000s ]
INFO: [ template_filter ] --END-- [ RunTime:0.000000s ]
NOTIC: [8] Undefined variable: seo D:\phpStudy\WWW\shenma\Application\Runtime\Cache\Home\52259651b1cc31a5b6318a2bec3d3fa7.php 第 6 行.
NOTIC: [8] Undefined variable: seo D:\phpStudy\WWW\shenma\Application\Runtime\Cache\Home\52259651b1cc31a5b6318a2bec3d3fa7.php 第 7 行.
NOTIC: [8] Undefined variable: seo D:\phpStudy\WWW\shenma\Application\Runtime\Cache\Home\52259651b1cc31a5b6318a2bec3d3fa7.php 第 8 行.
INFO: Run Behavior\ParseTemplateBehavior [ RunTime:0.007000s ]
INFO: [ view_parse ] --END-- [ RunTime:0.007000s ]
INFO: [ view_filter ] --START--
INFO: Run Behavior\WriteHtmlCacheBehavior [ RunTime:0.001000s ]
INFO: [ view_filter ] --END-- [ RunTime:0.001000s ]
INFO: [ app_end ] --START--
INFO: Run Behavior\ShowPageTraceBehavior [ RunTime:0.000000s ]
INFO: [ app_end ] --END-- [ RunTime:0.000000s ]

[ 2017-10-31T12:10:49+08:00 ] 127.0.0.1 /Public/Mobile/js/jquery.min.map
INFO: [ app_init ] --START--
INFO: Run Behavior\BuildLiteBehavior [ RunTime:0.000000s ]
INFO: [ app_init ] --END-- [ RunTime:0.001000s ]
INFO: [ app_begin ] --START--
INFO: Run Behavior\ReadHtmlCacheBehavior [ RunTime:0.000000s ]
INFO: [ app_begin ] --END-- [ RunTime:0.000000s ]
ERR: 无法加载控制器:Public

[ 2017-10-31T12:10:49+08:00 ] 127.0.0.1 /Public/Mobile/js/maps/swiper.min.js.map
INFO: [ app_init ] --START--
INFO: Run Behavior\BuildLiteBehavior [ RunTime:0.000000s ]
INFO: [ app_init ] --END-- [ RunTime:0.000000s ]
INFO: [ app_begin ] --START--
INFO: Run Behavior\ReadHtmlCacheBehavior [ RunTime:0.001000s ]
INFO: [ app_begin ] --END-- [ RunTime:0.001000s ]
ERR: 无法加载控制器:Public

[ 2017-10-31T12:10:50+08:00 ] 127.0.0.1 /Video/vplay/id/9.html
INFO: [ app_init ] --START--
INFO: Run Behavior\BuildLiteBehavior [ RunTime:0.000000s ]
INFO: [ app_init ] --END-- [ RunTime:0.000000s ]
INFO: [ app_begin ] --START--
INFO: Run Behavior\ReadHtmlCacheBehavior [ RunTime:0.000000s ]
INFO: [ app_begin ] --END-- [ RunTime:0.000000s ]
SQL: SHOW COLUMNS FROM `shenma_video` [ RunTime:0.0030s ]
SQL: SELECT * FROM `shenma_video` WHERE `id` = 9 LIMIT 1   [ RunTime:0.0010s ]
INFO: [ view_parse ] --START--
INFO: [ template_filter ] --START--
INFO: Run Behavior\ContentReplaceBehavior [ RunTime:0.000000s ]
INFO: [ template_filter ] --END-- [ RunTime:0.000000s ]
NOTIC: [8] Undefined variable: seo D:\phpStudy\WWW\shenma\Application\Runtime\Cache\Home\12be951cc057dc51e691d0dc3912fb91.php 第 6 行.
NOTIC: [8] Undefined variable: seo D:\phpStudy\WWW\shenma\Application\Runtime\Cache\Home\12be951cc057dc51e691d0dc3912fb91.php 第 7 行.
NOTIC: [8] Undefined variable: seo D:\phpStudy\WWW\shenma\Application\Runtime\Cache\Home\12be951cc057dc51e691d0dc3912fb91.php 第 8 行.
INFO: Run Behavior\ParseTemplateBehavior [ RunTime:0.005000s ]
INFO: [ view_parse ] --END-- [ RunTime:0.005000s ]
INFO: [ view_filter ] --START--
INFO: Run Behavior\WriteHtmlCacheBehavior [ RunTime:0.001000s ]
INFO: [ view_filter ] --END-- [ RunTime:0.001000s ]
INFO: [ app_end ] --START--
INFO: Run Behavior\ShowPageTraceBehavior [ RunTime:0.000000s ]
INFO: [ app_end ] --END-- [ RunTime:0.000000s ]

[ 2017-10-31T12:10:50+08:00 ] 127.0.0.1 /Public/Mobile/js/jquery.min.map
INFO: [ app_init ] --START--
INFO: Run Behavior\BuildLiteBehavior [ RunTime:0.000000s ]
INFO: [ app_init ] --END-- [ RunTime:0.002000s ]
INFO: [ app_begin ] --START--
INFO: Run Behavior\ReadHtmlCacheBehavior [ RunTime:0.000000s ]
INFO: [ app_begin ] --END-- [ RunTime:0.000000s ]
ERR: 无法加载控制器:Public

[ 2017-10-31T12:10:50+08:00 ] 127.0.0.1 /Public/Mobile/js/maps/swiper.min.js.map
INFO: [ app_init ] --START--
INFO: Run Behavior\BuildLiteBehavior [ RunTime:0.000000s ]
INFO: [ app_init ] --END-- [ RunTime:0.001000s ]
INFO: [ app_begin ] --START--
INFO: Run Behavior\ReadHtmlCacheBehavior [ RunTime:0.000000s ]
INFO: [ app_begin ] --END-- [ RunTime:0.000000s ]
ERR: 无法加载控制器:Public

