[ 2017-10-01T03:40:51+08:00 ] 106.11.227.175 /
INFO: [ app_init ] --START--
INFO: Run Behavior\BuildLiteBehavior [ RunTime:0.000012s ]
INFO: [ app_init ] --END-- [ RunTime:0.000252s ]
INFO: [ app_begin ] --START--
INFO: Run Behavior\ReadHtmlCacheBehavior [ RunTime:0.000324s ]
INFO: [ app_begin ] --END-- [ RunTime:0.000375s ]
SQL: SHOW COLUMNS FROM `shenma_config` [ RunTime:0.0006s ]
SQL: SELECT `conf_value` FROM `shenma_config` WHERE ( conf_id = 3 ) LIMIT 1   [ RunTime:0.0001s ]
SQL: SELECT `conf_value` FROM `shenma_config` WHERE ( conf_id = 5 ) LIMIT 1   [ RunTime:0.0001s ]
SQL: SELECT `conf_value` FROM `shenma_config` WHERE ( conf_id = 4 ) LIMIT 1   [ RunTime:0.0001s ]
SQL: SHOW COLUMNS FROM `shenma_banner` [ RunTime:0.0004s ]
SQL: SELECT * FROM `shenma_banner` WHERE `classify` = 1 ORDER BY sort asc  [ RunTime:0.0001s ]
SQL: SHOW COLUMNS FROM `shenma_about` [ RunTime:0.0004s ]
SQL: SELECT * FROM `shenma_about` WHERE `id` = 2 LIMIT 1   [ RunTime:0.0001s ]
SQL: SHOW COLUMNS FROM `shenma_article` [ RunTime:0.0005s ]
SQL: SELECT * FROM `shenma_article` WHERE `is_top` = 1 ORDER BY newstime desc LIMIT 1   [ RunTime:0.0001s ]
SQL: SELECT * FROM `shenma_article` WHERE `is_recommend` = 1 ORDER BY newstime desc LIMIT 5   [ RunTime:0.0001s ]
SQL: SHOW COLUMNS FROM `shenma_brand` [ RunTime:0.0004s ]
SQL: SELECT * FROM `shenma_brand` WHERE `status` = 1  [ RunTime:0.0001s ]
SQL: SELECT COUNT(*) AS tp_count FROM `shenma_brand` LIMIT 1   [ RunTime:0.0001s ]
SQL: SHOW COLUMNS FROM `shenma_nav` [ RunTime:0.0004s ]
SQL: SELECT * FROM `shenma_nav`  [ RunTime:0.0001s ]
INFO: [ view_parse ] --START--
INFO: [ template_filter ] --START--
INFO: Run Behavior\ContentReplaceBehavior [ RunTime:0.000158s ]
INFO: [ template_filter ] --END-- [ RunTime:0.000195s ]
NOTIC: [8] Undefined index: titleimg /home/wwwroot/default/sm/Application/Runtime/Cache/Home/2a94b8bda04ff446dcedd42276fc99ee.php 第 361 行.
INFO: Run Behavior\ParseTemplateBehavior [ RunTime:0.016171s ]
INFO: [ view_parse ] --END-- [ RunTime:0.016225s ]
INFO: [ view_filter ] --START--
INFO: Run Behavior\WriteHtmlCacheBehavior [ RunTime:0.000112s ]
INFO: [ view_filter ] --END-- [ RunTime:0.000140s ]
INFO: [ app_end ] --START--
INFO: Run Behavior\ShowPageTraceBehavior [ RunTime:0.000323s ]
INFO: [ app_end ] --END-- [ RunTime:0.000362s ]

[ 2017-10-01T13:09:07+08:00 ] 58.40.231.5 /Loans/index.html
INFO: [ app_init ] --START--
INFO: Run Behavior\BuildLiteBehavior [ RunTime:0.000012s ]
INFO: [ app_init ] --END-- [ RunTime:0.000271s ]
INFO: [ app_begin ] --START--
INFO: Run Behavior\ReadHtmlCacheBehavior [ RunTime:0.000325s ]
INFO: [ app_begin ] --END-- [ RunTime:0.000362s ]
SQL: SHOW COLUMNS FROM `shenma_banner` [ RunTime:0.0005s ]
SQL: SELECT * FROM `shenma_banner` WHERE `id` = 6 LIMIT 1   [ RunTime:0.0001s ]
SQL: SHOW COLUMNS FROM `shenma_icon` [ RunTime:0.0003s ]
SQL: SELECT * FROM `shenma_icon`  [ RunTime:0.0001s ]
SQL: SELECT * FROM `shenma_banner` WHERE `classify` = 4  [ RunTime:0.0001s ]
SQL: SHOW COLUMNS FROM `shenma_product` [ RunTime:0.0003s ]
SQL: SELECT * FROM `shenma_product`  [ RunTime:0.0001s ]
INFO: [ view_parse ] --START--
INFO: [ template_filter ] --START--
INFO: Run Behavior\ContentReplaceBehavior [ RunTime:0.000067s ]
INFO: [ template_filter ] --END-- [ RunTime:0.000104s ]
INFO: Run Behavior\ParseTemplateBehavior [ RunTime:0.006969s ]
INFO: [ view_parse ] --END-- [ RunTime:0.007005s ]
INFO: [ view_filter ] --START--
INFO: Run Behavior\WriteHtmlCacheBehavior [ RunTime:0.000115s ]
INFO: [ view_filter ] --END-- [ RunTime:0.000144s ]
INFO: [ app_end ] --START--
INFO: Run Behavior\ShowPageTraceBehavior [ RunTime:0.000339s ]
INFO: [ app_end ] --END-- [ RunTime:0.000374s ]

[ 2017-10-01T13:09:11+08:00 ] 58.40.231.5 /Home/index.html
INFO: [ app_init ] --START--
INFO: Run Behavior\BuildLiteBehavior [ RunTime:0.000012s ]
INFO: [ app_init ] --END-- [ RunTime:0.000275s ]
INFO: [ app_begin ] --START--
INFO: Run Behavior\ReadHtmlCacheBehavior [ RunTime:0.000331s ]
INFO: [ app_begin ] --END-- [ RunTime:0.000368s ]
SQL: SHOW COLUMNS FROM `shenma_config` [ RunTime:0.0006s ]
SQL: SELECT `conf_value` FROM `shenma_config` WHERE ( conf_id = 3 ) LIMIT 1   [ RunTime:0.0001s ]
SQL: SELECT `conf_value` FROM `shenma_config` WHERE ( conf_id = 5 ) LIMIT 1   [ RunTime:0.0001s ]
SQL: SELECT `conf_value` FROM `shenma_config` WHERE ( conf_id = 4 ) LIMIT 1   [ RunTime:0.0001s ]
SQL: SHOW COLUMNS FROM `shenma_banner` [ RunTime:0.0004s ]
SQL: SELECT * FROM `shenma_banner` WHERE `classify` = 1 ORDER BY sort asc  [ RunTime:0.0001s ]
SQL: SHOW COLUMNS FROM `shenma_about` [ RunTime:0.0004s ]
SQL: SELECT * FROM `shenma_about` WHERE `id` = 2 LIMIT 1   [ RunTime:0.0001s ]
SQL: SHOW COLUMNS FROM `shenma_article` [ RunTime:0.0005s ]
SQL: SELECT * FROM `shenma_article` WHERE `is_top` = 1 ORDER BY newstime desc LIMIT 1   [ RunTime:0.0001s ]
SQL: SELECT * FROM `shenma_article` WHERE `is_recommend` = 1 ORDER BY newstime desc LIMIT 5   [ RunTime:0.0001s ]
SQL: SHOW COLUMNS FROM `shenma_brand` [ RunTime:0.0004s ]
SQL: SELECT * FROM `shenma_brand` WHERE `status` = 1  [ RunTime:0.0001s ]
SQL: SELECT COUNT(*) AS tp_count FROM `shenma_brand` LIMIT 1   [ RunTime:0.0001s ]
SQL: SHOW COLUMNS FROM `shenma_nav` [ RunTime:0.0004s ]
SQL: SELECT * FROM `shenma_nav`  [ RunTime:0.0001s ]
INFO: [ view_parse ] --START--
INFO: [ template_filter ] --START--
INFO: Run Behavior\ContentReplaceBehavior [ RunTime:0.000206s ]
INFO: [ template_filter ] --END-- [ RunTime:0.000279s ]
NOTIC: [8] Undefined index: titleimg /home/wwwroot/default/sm/Application/Runtime/Cache/Home/2a94b8bda04ff446dcedd42276fc99ee.php 第 361 行.
INFO: Run Behavior\ParseTemplateBehavior [ RunTime:0.023860s ]
INFO: [ view_parse ] --END-- [ RunTime:0.023912s ]
INFO: [ view_filter ] --START--
INFO: Run Behavior\WriteHtmlCacheBehavior [ RunTime:0.000182s ]
INFO: [ view_filter ] --END-- [ RunTime:0.000227s ]
INFO: [ app_end ] --START--
INFO: Run Behavior\ShowPageTraceBehavior [ RunTime:0.000566s ]
INFO: [ app_end ] --END-- [ RunTime:0.000625s ]

[ 2017-10-01T13:09:12+08:00 ] 58.40.231.5 /Public/Home/img/mobile_huijia.png
INFO: [ app_init ] --START--
INFO: Run Behavior\BuildLiteBehavior [ RunTime:0.000016s ]
INFO: [ app_init ] --END-- [ RunTime:0.000314s ]

[ 2017-10-01T13:09:12+08:00 ] 58.40.231.5 /Public/Home/img/kache_weiqi.png
INFO: [ app_init ] --START--
INFO: Run Behavior\BuildLiteBehavior [ RunTime:0.000014s ]
INFO: [ app_init ] --END-- [ RunTime:0.000270s ]

[ 2017-10-01T13:09:12+08:00 ] 58.40.231.5 /Public/Home/img/next.png
INFO: [ app_init ] --START--
INFO: Run Behavior\BuildLiteBehavior [ RunTime:0.000011s ]
INFO: [ app_init ] --END-- [ RunTime:0.000256s ]

[ 2017-10-01T13:09:12+08:00 ] 58.40.231.5 /Public/Home/img/mobile_jinmen.png
INFO: [ app_init ] --START--
INFO: Run Behavior\BuildLiteBehavior [ RunTime:0.000011s ]
INFO: [ app_init ] --END-- [ RunTime:0.000286s ]

[ 2017-10-01T13:09:12+08:00 ] 58.40.231.5 /Public/Home/img/mobile_huijia.png
INFO: [ app_init ] --START--
INFO: Run Behavior\BuildLiteBehavior [ RunTime:0.000011s ]
INFO: [ app_init ] --END-- [ RunTime:0.000282s ]

[ 2017-10-01T13:09:12+08:00 ] 58.40.231.5 /Public/Home/img/next.png
INFO: [ app_init ] --START--
INFO: Run Behavior\BuildLiteBehavior [ RunTime:0.000017s ]
INFO: [ app_init ] --END-- [ RunTime:0.000284s ]

[ 2017-10-01T13:09:12+08:00 ] 58.40.231.5 /Public/Home/img/kache_weiqi.png
INFO: [ app_init ] --START--
INFO: Run Behavior\BuildLiteBehavior [ RunTime:0.000013s ]
INFO: [ app_init ] --END-- [ RunTime:0.000275s ]

[ 2017-10-01T13:09:12+08:00 ] 58.40.231.5 /Public/Home/img/mobile_jinmen.png
INFO: [ app_init ] --START--
INFO: Run Behavior\BuildLiteBehavior [ RunTime:0.000011s ]
INFO: [ app_init ] --END-- [ RunTime:0.000260s ]

[ 2017-10-01T13:09:16+08:00 ] 58.40.231.5 /Contact/index.html
INFO: [ app_init ] --START--
INFO: Run Behavior\BuildLiteBehavior [ RunTime:0.000012s ]
INFO: [ app_init ] --END-- [ RunTime:0.000252s ]
INFO: [ app_begin ] --START--
INFO: Run Behavior\ReadHtmlCacheBehavior [ RunTime:0.000321s ]
INFO: [ app_begin ] --END-- [ RunTime:0.000359s ]
SQL: SHOW COLUMNS FROM `shenma_banner` [ RunTime:0.0005s ]
SQL: SELECT * FROM `shenma_banner` WHERE `id` = 12 LIMIT 1   [ RunTime:0.0001s ]
SQL: SHOW COLUMNS FROM `shenma_department` [ RunTime:0.0003s ]
SQL: SELECT * FROM `shenma_department` ORDER BY id asc  [ RunTime:0.0001s ]
SQL: SELECT * FROM `shenma_department` WHERE `parent_id` = 1 ORDER BY id asc  [ RunTime:0.0001s ]
SQL: SHOW COLUMNS FROM `shenma_post` [ RunTime:0.0003s ]
SQL: SELECT * FROM `shenma_post` ORDER BY id asc  [ RunTime:0.0001s ]
SQL: SHOW COLUMNS FROM `shenma_question` [ RunTime:0.0003s ]
SQL: SELECT * FROM `shenma_question`  [ RunTime:0.0001s ]
SQL: SHOW COLUMNS FROM `shenma_qc` [ RunTime:0.0003s ]
SQL: SELECT * FROM `shenma_qc`  [ RunTime:0.0001s ]
INFO: [ view_parse ] --START--
INFO: [ template_filter ] --START--
INFO: Run Behavior\ContentReplaceBehavior [ RunTime:0.000077s ]
INFO: [ template_filter ] --END-- [ RunTime:0.000114s ]
INFO: Run Behavior\ParseTemplateBehavior [ RunTime:0.012704s ]
INFO: [ view_parse ] --END-- [ RunTime:0.012753s ]
INFO: [ view_filter ] --START--
INFO: Run Behavior\WriteHtmlCacheBehavior [ RunTime:0.000113s ]
INFO: [ view_filter ] --END-- [ RunTime:0.000141s ]
INFO: [ app_end ] --START--
INFO: Run Behavior\ShowPageTraceBehavior [ RunTime:0.000339s ]
INFO: [ app_end ] --END-- [ RunTime:0.000377s ]

[ 2017-10-01T13:09:24+08:00 ] 58.40.231.5 /Contact/getPostInfo.html
INFO: [ app_init ] --START--
INFO: Run Behavior\BuildLiteBehavior [ RunTime:0.000011s ]
INFO: [ app_init ] --END-- [ RunTime:0.000306s ]
INFO: [ app_begin ] --START--
INFO: Run Behavior\ReadHtmlCacheBehavior [ RunTime:0.000326s ]
INFO: [ app_begin ] --END-- [ RunTime:0.000362s ]
SQL: SHOW COLUMNS FROM `shenma_department` [ RunTime:0.0004s ]
SQL: SELECT * FROM `shenma_department` WHERE `parent_id` = 3 ORDER BY id asc  [ RunTime:0.0001s ]
SQL: SHOW COLUMNS FROM `shenma_post` [ RunTime:0.0003s ]
SQL: SELECT * FROM `shenma_post` ORDER BY id asc  [ RunTime:0.0001s ]
INFO: [ view_parse ] --START--
INFO: [ template_filter ] --START--
INFO: Run Behavior\ContentReplaceBehavior [ RunTime:0.000029s ]
INFO: [ template_filter ] --END-- [ RunTime:0.000063s ]
INFO: Run Behavior\ParseTemplateBehavior [ RunTime:0.004905s ]
INFO: [ view_parse ] --END-- [ RunTime:0.004938s ]
INFO: [ view_filter ] --START--
INFO: Run Behavior\WriteHtmlCacheBehavior [ RunTime:0.000128s ]
INFO: [ view_filter ] --END-- [ RunTime:0.000155s ]
INFO: [ app_end ] --START--
INFO: Run Behavior\ShowPageTraceBehavior [ RunTime:0.000323s ]
INFO: [ app_end ] --END-- [ RunTime:0.000352s ]

[ 2017-10-01T13:09:27+08:00 ] 58.40.231.5 /Contact/getPostInfo.html
INFO: [ app_init ] --START--
INFO: Run Behavior\BuildLiteBehavior [ RunTime:0.000012s ]
INFO: [ app_init ] --END-- [ RunTime:0.000271s ]
INFO: [ app_begin ] --START--
INFO: Run Behavior\ReadHtmlCacheBehavior [ RunTime:0.000355s ]
INFO: [ app_begin ] --END-- [ RunTime:0.000392s ]
SQL: SHOW COLUMNS FROM `shenma_department` [ RunTime:0.0005s ]
SQL: SELECT * FROM `shenma_department` WHERE `parent_id` = 6 ORDER BY id asc  [ RunTime:0.0001s ]
SQL: SHOW COLUMNS FROM `shenma_post` [ RunTime:0.0003s ]
SQL: SELECT * FROM `shenma_post` ORDER BY id asc  [ RunTime:0.0001s ]
INFO: [ view_parse ] --START--
INFO: [ template_filter ] --START--
INFO: Run Behavior\ContentReplaceBehavior [ RunTime:0.000029s ]
INFO: [ template_filter ] --END-- [ RunTime:0.000065s ]
INFO: Run Behavior\ParseTemplateBehavior [ RunTime:0.005429s ]
INFO: [ view_parse ] --END-- [ RunTime:0.005464s ]
INFO: [ view_filter ] --START--
INFO: Run Behavior\WriteHtmlCacheBehavior [ RunTime:0.000109s ]
INFO: [ view_filter ] --END-- [ RunTime:0.000137s ]
INFO: [ app_end ] --START--
INFO: Run Behavior\ShowPageTraceBehavior [ RunTime:0.000339s ]
INFO: [ app_end ] --END-- [ RunTime:0.000378s ]

[ 2017-10-01T13:09:43+08:00 ] 58.40.231.5 /Loans/index.html
INFO: [ app_init ] --START--
INFO: Run Behavior\BuildLiteBehavior [ RunTime:0.000012s ]
INFO: [ app_init ] --END-- [ RunTime:0.000303s ]
INFO: [ app_begin ] --START--
INFO: Run Behavior\ReadHtmlCacheBehavior [ RunTime:0.000334s ]
INFO: [ app_begin ] --END-- [ RunTime:0.000371s ]
SQL: SHOW COLUMNS FROM `shenma_banner` [ RunTime:0.0005s ]
SQL: SELECT * FROM `shenma_banner` WHERE `id` = 6 LIMIT 1   [ RunTime:0.0001s ]
SQL: SHOW COLUMNS FROM `shenma_icon` [ RunTime:0.0003s ]
SQL: SELECT * FROM `shenma_icon`  [ RunTime:0.0001s ]
SQL: SELECT * FROM `shenma_banner` WHERE `classify` = 4  [ RunTime:0.0001s ]
SQL: SHOW COLUMNS FROM `shenma_product` [ RunTime:0.0003s ]
SQL: SELECT * FROM `shenma_product`  [ RunTime:0.0001s ]
INFO: [ view_parse ] --START--
INFO: [ template_filter ] --START--
INFO: Run Behavior\ContentReplaceBehavior [ RunTime:0.000057s ]
INFO: [ template_filter ] --END-- [ RunTime:0.000091s ]
INFO: Run Behavior\ParseTemplateBehavior [ RunTime:0.007351s ]
INFO: [ view_parse ] --END-- [ RunTime:0.007385s ]
INFO: [ view_filter ] --START--
INFO: Run Behavior\WriteHtmlCacheBehavior [ RunTime:0.000121s ]
INFO: [ view_filter ] --END-- [ RunTime:0.000149s ]
INFO: [ app_end ] --START--
INFO: Run Behavior\ShowPageTraceBehavior [ RunTime:0.000343s ]
INFO: [ app_end ] --END-- [ RunTime:0.000381s ]

[ 2017-10-01T13:10:36+08:00 ] 58.40.231.5 /Loans/index2.html
INFO: [ app_init ] --START--
INFO: Run Behavior\BuildLiteBehavior [ RunTime:0.000012s ]
INFO: [ app_init ] --END-- [ RunTime:0.000251s ]
INFO: [ app_begin ] --START--
INFO: Run Behavior\ReadHtmlCacheBehavior [ RunTime:0.000328s ]
INFO: [ app_begin ] --END-- [ RunTime:0.000366s ]
SQL: SHOW COLUMNS FROM `shenma_banner` [ RunTime:0.0005s ]
SQL: SELECT * FROM `shenma_banner` WHERE `id` = 6 LIMIT 1   [ RunTime:0.0001s ]
SQL: SHOW COLUMNS FROM `shenma_icon` [ RunTime:0.0003s ]
SQL: SELECT * FROM `shenma_icon`  [ RunTime:0.0001s ]
SQL: SELECT * FROM `shenma_banner` WHERE `id` = 16 LIMIT 1   [ RunTime:0.0001s ]
SQL: SHOW COLUMNS FROM `shenma_productf` [ RunTime:0.0003s ]
SQL: SELECT * FROM `shenma_productf` WHERE `classify` = 16 ORDER BY sort asc  [ RunTime:0.0001s ]
SQL: SELECT * FROM `shenma_banner` WHERE `id` = 17 LIMIT 1   [ RunTime:0.0001s ]
SQL: SELECT * FROM `shenma_productf` WHERE `classify` = 17 ORDER BY sort asc  [ RunTime:0.0001s ]
INFO: [ view_parse ] --START--
INFO: [ template_filter ] --START--
INFO: Run Behavior\ContentReplaceBehavior [ RunTime:0.000057s ]
INFO: [ template_filter ] --END-- [ RunTime:0.000091s ]
INFO: Run Behavior\ParseTemplateBehavior [ RunTime:0.007442s ]
INFO: [ view_parse ] --END-- [ RunTime:0.007477s ]
INFO: [ view_filter ] --START--
INFO: Run Behavior\WriteHtmlCacheBehavior [ RunTime:0.000105s ]
INFO: [ view_filter ] --END-- [ RunTime:0.000131s ]
INFO: [ app_end ] --START--
INFO: Run Behavior\ShowPageTraceBehavior [ RunTime:0.000330s ]
INFO: [ app_end ] --END-- [ RunTime:0.000364s ]

[ 2017-10-01T13:11:01+08:00 ] 58.40.231.5 /About/index.html
INFO: [ app_init ] --START--
INFO: Run Behavior\BuildLiteBehavior [ RunTime:0.000014s ]
INFO: [ app_init ] --END-- [ RunTime:0.000258s ]
INFO: [ app_begin ] --START--
INFO: Run Behavior\ReadHtmlCacheBehavior [ RunTime:0.000330s ]
INFO: [ app_begin ] --END-- [ RunTime:0.000368s ]
SQL: SHOW COLUMNS FROM `shenma_banner` [ RunTime:0.0006s ]
SQL: SELECT * FROM `shenma_banner` WHERE `id` = 5 LIMIT 1   [ RunTime:0.0001s ]
SQL: SHOW COLUMNS FROM `shenma_about` [ RunTime:0.0004s ]
SQL: SELECT * FROM `shenma_about` WHERE `id` = 1 LIMIT 1   [ RunTime:0.0001s ]
SQL: SHOW COLUMNS FROM `shenma_develop` [ RunTime:0.0004s ]
SQL: SELECT * FROM `shenma_develop` ORDER BY newstime asc  [ RunTime:0.0001s ]
SQL: SHOW COLUMNS FROM `shenma_team` [ RunTime:0.0003s ]
SQL: SELECT * FROM `shenma_team` ORDER BY sort asc  [ RunTime:0.0001s ]
SQL: SHOW COLUMNS FROM `shenma_info` [ RunTime:0.0003s ]
SQL: SELECT * FROM `shenma_info` WHERE `id` = 1 LIMIT 1   [ RunTime:0.0001s ]
INFO: [ view_parse ] --START--
INFO: [ template_filter ] --START--
INFO: Run Behavior\ContentReplaceBehavior [ RunTime:0.000085s ]
INFO: [ template_filter ] --END-- [ RunTime:0.000142s ]
INFO: Run Behavior\ParseTemplateBehavior [ RunTime:0.009247s ]
INFO: [ view_parse ] --END-- [ RunTime:0.009295s ]
INFO: [ view_filter ] --START--
INFO: Run Behavior\WriteHtmlCacheBehavior [ RunTime:0.000160s ]
INFO: [ view_filter ] --END-- [ RunTime:0.000205s ]
INFO: [ app_end ] --START--
INFO: Run Behavior\ShowPageTraceBehavior [ RunTime:0.000562s ]
INFO: [ app_end ] --END-- [ RunTime:0.000625s ]

[ 2017-10-01T13:11:01+08:00 ] 58.40.231.5 /Public/Home/css/dot.html
INFO: [ app_init ] --START--
INFO: Run Behavior\BuildLiteBehavior [ RunTime:0.000017s ]
INFO: [ app_init ] --END-- [ RunTime:0.000285s ]
INFO: [ app_begin ] --START--
INFO: Run Behavior\ReadHtmlCacheBehavior [ RunTime:0.000329s ]
INFO: [ app_begin ] --END-- [ RunTime:0.000367s ]
ERR: 无法加载控制器:Public

[ 2017-10-01T13:11:14+08:00 ] 58.40.231.5 /Article/index.html
INFO: [ app_init ] --START--
INFO: Run Behavior\BuildLiteBehavior [ RunTime:0.000012s ]
INFO: [ app_init ] --END-- [ RunTime:0.000251s ]
INFO: [ app_begin ] --START--
INFO: Run Behavior\ReadHtmlCacheBehavior [ RunTime:0.000375s ]
INFO: [ app_begin ] --END-- [ RunTime:0.000412s ]
SQL: SHOW COLUMNS FROM `shenma_banner` [ RunTime:0.0005s ]
SQL: SELECT * FROM `shenma_banner` WHERE `id` = 9 LIMIT 1   [ RunTime:0.0001s ]
SQL: SELECT * FROM `shenma_banner` WHERE `classify` = 8 ORDER BY sort  [ RunTime:0.0001s ]
SQL: SHOW COLUMNS FROM `shenma_article` [ RunTime:0.0004s ]
NOTIC: [8] Undefined variable: where /home/wwwroot/default/sm/Application/Home/Controller/ArticleController.class.php 第 68 行.
SQL: SELECT * FROM `shenma_article` ORDER BY article_id desc LIMIT 0,15   [ RunTime:0.0002s ]
NOTIC: [8] Undefined variable: where /home/wwwroot/default/sm/Application/Home/Controller/ArticleController.class.php 第 70 行.
SQL: SELECT COUNT(*) AS tp_count FROM `shenma_article` LIMIT 1   [ RunTime:0.0001s ]
INFO: [ view_parse ] --START--
INFO: [ template_filter ] --START--
INFO: Run Behavior\ContentReplaceBehavior [ RunTime:0.000053s ]
INFO: [ template_filter ] --END-- [ RunTime:0.000088s ]
NOTIC: [8] Undefined variable: keyword /home/wwwroot/default/sm/Application/Runtime/Cache/Home/2ac6c1276904b87404ed678dbabb985c.php 第 131 行.
INFO: Run Behavior\ParseTemplateBehavior [ RunTime:0.007968s ]
INFO: [ view_parse ] --END-- [ RunTime:0.008002s ]
INFO: [ view_filter ] --START--
INFO: Run Behavior\WriteHtmlCacheBehavior [ RunTime:0.000108s ]
INFO: [ view_filter ] --END-- [ RunTime:0.000135s ]
INFO: [ app_end ] --START--
INFO: Run Behavior\ShowPageTraceBehavior [ RunTime:0.000324s ]
INFO: [ app_end ] --END-- [ RunTime:0.000359s ]

[ 2017-10-01T13:11:19+08:00 ] 58.40.231.5 /Edu/index.html
INFO: [ app_init ] --START--
INFO: Run Behavior\BuildLiteBehavior [ RunTime:0.000011s ]
INFO: [ app_init ] --END-- [ RunTime:0.000269s ]
INFO: [ app_begin ] --START--
INFO: Run Behavior\ReadHtmlCacheBehavior [ RunTime:0.000320s ]
INFO: [ app_begin ] --END-- [ RunTime:0.000356s ]
SQL: SHOW COLUMNS FROM `shenma_banner` [ RunTime:0.0004s ]
SQL: SELECT * FROM `shenma_banner` WHERE `id` = 10 LIMIT 1   [ RunTime:0.0001s ]
SQL: SHOW COLUMNS FROM `shenma_info` [ RunTime:0.0003s ]
SQL: SELECT * FROM `shenma_info` WHERE `id` = 2 LIMIT 1   [ RunTime:0.0001s ]
SQL: SELECT * FROM `shenma_banner` WHERE `id` = 18 LIMIT 1   [ RunTime:0.0001s ]
SQL: SELECT * FROM `shenma_banner` WHERE `id` = 11 LIMIT 1   [ RunTime:0.0001s ]
INFO: [ view_parse ] --START--
INFO: [ template_filter ] --START--
INFO: Run Behavior\ContentReplaceBehavior [ RunTime:0.000054s ]
INFO: [ template_filter ] --END-- [ RunTime:0.000089s ]
INFO: Run Behavior\ParseTemplateBehavior [ RunTime:0.005778s ]
INFO: [ view_parse ] --END-- [ RunTime:0.005814s ]
INFO: [ view_filter ] --START--
INFO: Run Behavior\WriteHtmlCacheBehavior [ RunTime:0.000120s ]
INFO: [ view_filter ] --END-- [ RunTime:0.000147s ]
INFO: [ app_end ] --START--
INFO: Run Behavior\ShowPageTraceBehavior [ RunTime:0.000322s ]
INFO: [ app_end ] --END-- [ RunTime:0.000355s ]

[ 2017-10-01T13:11:23+08:00 ] 58.40.231.5 /About/index.html
INFO: [ app_init ] --START--
INFO: Run Behavior\BuildLiteBehavior [ RunTime:0.000019s ]
INFO: [ app_init ] --END-- [ RunTime:0.000401s ]
INFO: [ app_begin ] --START--
INFO: Run Behavior\ReadHtmlCacheBehavior [ RunTime:0.000497s ]
INFO: [ app_begin ] --END-- [ RunTime:0.000554s ]
SQL: SHOW COLUMNS FROM `shenma_banner` [ RunTime:0.0006s ]
SQL: SELECT * FROM `shenma_banner` WHERE `id` = 5 LIMIT 1   [ RunTime:0.0001s ]
SQL: SHOW COLUMNS FROM `shenma_about` [ RunTime:0.0003s ]
SQL: SELECT * FROM `shenma_about` WHERE `id` = 1 LIMIT 1   [ RunTime:0.0001s ]
SQL: SHOW COLUMNS FROM `shenma_develop` [ RunTime:0.0004s ]
SQL: SELECT * FROM `shenma_develop` ORDER BY newstime asc  [ RunTime:0.0001s ]
SQL: SHOW COLUMNS FROM `shenma_team` [ RunTime:0.0004s ]
SQL: SELECT * FROM `shenma_team` ORDER BY sort asc  [ RunTime:0.0001s ]
SQL: SHOW COLUMNS FROM `shenma_info` [ RunTime:0.0004s ]
SQL: SELECT * FROM `shenma_info` WHERE `id` = 1 LIMIT 1   [ RunTime:0.0001s ]
INFO: [ view_parse ] --START--
INFO: [ template_filter ] --START--
INFO: Run Behavior\ContentReplaceBehavior [ RunTime:0.000087s ]
INFO: [ template_filter ] --END-- [ RunTime:0.000148s ]
INFO: Run Behavior\ParseTemplateBehavior [ RunTime:0.013278s ]
INFO: [ view_parse ] --END-- [ RunTime:0.013333s ]
INFO: [ view_filter ] --START--
INFO: Run Behavior\WriteHtmlCacheBehavior [ RunTime:0.000161s ]
INFO: [ view_filter ] --END-- [ RunTime:0.000204s ]
INFO: [ app_end ] --START--
INFO: Run Behavior\ShowPageTraceBehavior [ RunTime:0.000569s ]
INFO: [ app_end ] --END-- [ RunTime:0.000625s ]

[ 2017-10-01T13:11:23+08:00 ] 58.40.231.5 /Public/Home/css/dot.html
INFO: [ app_init ] --START--
INFO: Run Behavior\BuildLiteBehavior [ RunTime:0.000014s ]
INFO: [ app_init ] --END-- [ RunTime:0.000290s ]
INFO: [ app_begin ] --START--
INFO: Run Behavior\ReadHtmlCacheBehavior [ RunTime:0.000343s ]
INFO: [ app_begin ] --END-- [ RunTime:0.000380s ]
ERR: 无法加载控制器:Public

[ 2017-10-01T13:11:26+08:00 ] 58.40.231.5 /Contact/index.html
INFO: [ app_init ] --START--
INFO: Run Behavior\BuildLiteBehavior [ RunTime:0.000013s ]
INFO: [ app_init ] --END-- [ RunTime:0.000257s ]
INFO: [ app_begin ] --START--
INFO: Run Behavior\ReadHtmlCacheBehavior [ RunTime:0.000319s ]
INFO: [ app_begin ] --END-- [ RunTime:0.000356s ]
SQL: SHOW COLUMNS FROM `shenma_banner` [ RunTime:0.0005s ]
SQL: SELECT * FROM `shenma_banner` WHERE `id` = 12 LIMIT 1   [ RunTime:0.0001s ]
SQL: SHOW COLUMNS FROM `shenma_department` [ RunTime:0.0003s ]
SQL: SELECT * FROM `shenma_department` ORDER BY id asc  [ RunTime:0.0001s ]
SQL: SELECT * FROM `shenma_department` WHERE `parent_id` = 1 ORDER BY id asc  [ RunTime:0.0001s ]
SQL: SHOW COLUMNS FROM `shenma_post` [ RunTime:0.0003s ]
SQL: SELECT * FROM `shenma_post` ORDER BY id asc  [ RunTime:0.0001s ]
SQL: SHOW COLUMNS FROM `shenma_question` [ RunTime:0.0003s ]
SQL: SELECT * FROM `shenma_question`  [ RunTime:0.0001s ]
SQL: SHOW COLUMNS FROM `shenma_qc` [ RunTime:0.0003s ]
SQL: SELECT * FROM `shenma_qc`  [ RunTime:0.0001s ]
INFO: [ view_parse ] --START--
INFO: [ template_filter ] --START--
INFO: Run Behavior\ContentReplaceBehavior [ RunTime:0.000082s ]
INFO: [ template_filter ] --END-- [ RunTime:0.000121s ]
INFO: Run Behavior\ParseTemplateBehavior [ RunTime:0.012060s ]
INFO: [ view_parse ] --END-- [ RunTime:0.012104s ]
INFO: [ view_filter ] --START--
INFO: Run Behavior\WriteHtmlCacheBehavior [ RunTime:0.000112s ]
INFO: [ view_filter ] --END-- [ RunTime:0.000139s ]
INFO: [ app_end ] --START--
INFO: Run Behavior\ShowPageTraceBehavior [ RunTime:0.000347s ]
INFO: [ app_end ] --END-- [ RunTime:0.000384s ]

[ 2017-10-01T13:11:37+08:00 ] 58.40.231.5 /Home/index.html
INFO: [ app_init ] --START--
INFO: Run Behavior\BuildLiteBehavior [ RunTime:0.000012s ]
INFO: [ app_init ] --END-- [ RunTime:0.000257s ]
INFO: [ app_begin ] --START--
INFO: Run Behavior\ReadHtmlCacheBehavior [ RunTime:0.000358s ]
INFO: [ app_begin ] --END-- [ RunTime:0.000396s ]
SQL: SHOW COLUMNS FROM `shenma_config` [ RunTime:0.0004s ]
SQL: SELECT `conf_value` FROM `shenma_config` WHERE ( conf_id = 3 ) LIMIT 1   [ RunTime:0.0001s ]
SQL: SELECT `conf_value` FROM `shenma_config` WHERE ( conf_id = 5 ) LIMIT 1   [ RunTime:0.0001s ]
SQL: SELECT `conf_value` FROM `shenma_config` WHERE ( conf_id = 4 ) LIMIT 1   [ RunTime:0.0001s ]
SQL: SHOW COLUMNS FROM `shenma_banner` [ RunTime:0.0003s ]
SQL: SELECT * FROM `shenma_banner` WHERE `classify` = 1 ORDER BY sort asc  [ RunTime:0.0001s ]
SQL: SHOW COLUMNS FROM `shenma_about` [ RunTime:0.0003s ]
SQL: SELECT * FROM `shenma_about` WHERE `id` = 2 LIMIT 1   [ RunTime:0.0001s ]
SQL: SHOW COLUMNS FROM `shenma_article` [ RunTime:0.0003s ]
SQL: SELECT * FROM `shenma_article` WHERE `is_top` = 1 ORDER BY newstime desc LIMIT 1   [ RunTime:0.0001s ]
SQL: SELECT * FROM `shenma_article` WHERE `is_recommend` = 1 ORDER BY newstime desc LIMIT 5   [ RunTime:0.0001s ]
SQL: SHOW COLUMNS FROM `shenma_brand` [ RunTime:0.0003s ]
SQL: SELECT * FROM `shenma_brand` WHERE `status` = 1  [ RunTime:0.0001s ]
SQL: SELECT COUNT(*) AS tp_count FROM `shenma_brand` LIMIT 1   [ RunTime:0.0001s ]
SQL: SHOW COLUMNS FROM `shenma_nav` [ RunTime:0.0003s ]
SQL: SELECT * FROM `shenma_nav`  [ RunTime:0.0001s ]
INFO: [ view_parse ] --START--
INFO: [ template_filter ] --START--
INFO: Run Behavior\ContentReplaceBehavior [ RunTime:0.000155s ]
INFO: [ template_filter ] --END-- [ RunTime:0.000204s ]
NOTIC: [8] Undefined index: titleimg /home/wwwroot/default/sm/Application/Runtime/Cache/Home/2a94b8bda04ff446dcedd42276fc99ee.php 第 361 行.
INFO: Run Behavior\ParseTemplateBehavior [ RunTime:0.014279s ]
INFO: [ view_parse ] --END-- [ RunTime:0.014313s ]
INFO: [ view_filter ] --START--
INFO: Run Behavior\WriteHtmlCacheBehavior [ RunTime:0.000124s ]
INFO: [ view_filter ] --END-- [ RunTime:0.000153s ]
INFO: [ app_end ] --START--
INFO: Run Behavior\ShowPageTraceBehavior [ RunTime:0.000396s ]
INFO: [ app_end ] --END-- [ RunTime:0.000438s ]

[ 2017-10-01T13:11:37+08:00 ] 58.40.231.5 /Public/Home/img/kache_weiqi.png
INFO: [ app_init ] --START--
INFO: Run Behavior\BuildLiteBehavior [ RunTime:0.000016s ]
INFO: [ app_init ] --END-- [ RunTime:0.000282s ]

[ 2017-10-01T13:11:37+08:00 ] 58.40.231.5 /Public/Home/img/mobile_jinmen.png
INFO: [ app_init ] --START--
INFO: Run Behavior\BuildLiteBehavior [ RunTime:0.000011s ]
INFO: [ app_init ] --END-- [ RunTime:0.000256s ]

[ 2017-10-01T13:11:37+08:00 ] 58.40.231.5 /Public/Home/img/next.png
INFO: [ app_init ] --START--
INFO: Run Behavior\BuildLiteBehavior [ RunTime:0.000015s ]
INFO: [ app_init ] --END-- [ RunTime:0.000280s ]

[ 2017-10-01T13:11:37+08:00 ] 58.40.231.5 /Public/Home/img/mobile_huijia.png
INFO: [ app_init ] --START--
INFO: Run Behavior\BuildLiteBehavior [ RunTime:0.000012s ]
INFO: [ app_init ] --END-- [ RunTime:0.000289s ]

[ 2017-10-01T13:15:04+08:00 ] 58.40.231.5 /Home/index.html
INFO: [ app_init ] --START--
INFO: Run Behavior\BuildLiteBehavior [ RunTime:0.000013s ]
INFO: [ app_init ] --END-- [ RunTime:0.000261s ]
INFO: [ app_begin ] --START--
INFO: Run Behavior\ReadHtmlCacheBehavior [ RunTime:0.000314s ]
INFO: [ app_begin ] --END-- [ RunTime:0.000366s ]
SQL: SHOW COLUMNS FROM `shenma_config` [ RunTime:0.0004s ]
SQL: SELECT `conf_value` FROM `shenma_config` WHERE ( conf_id = 3 ) LIMIT 1   [ RunTime:0.0001s ]
SQL: SELECT `conf_value` FROM `shenma_config` WHERE ( conf_id = 5 ) LIMIT 1   [ RunTime:0.0001s ]
SQL: SELECT `conf_value` FROM `shenma_config` WHERE ( conf_id = 4 ) LIMIT 1   [ RunTime:0.0001s ]
SQL: SHOW COLUMNS FROM `shenma_banner` [ RunTime:0.0003s ]
SQL: SELECT * FROM `shenma_banner` WHERE `classify` = 1 ORDER BY sort asc  [ RunTime:0.0001s ]
SQL: SHOW COLUMNS FROM `shenma_about` [ RunTime:0.0003s ]
SQL: SELECT * FROM `shenma_about` WHERE `id` = 2 LIMIT 1   [ RunTime:0.0001s ]
SQL: SHOW COLUMNS FROM `shenma_article` [ RunTime:0.0004s ]
SQL: SELECT * FROM `shenma_article` WHERE `is_top` = 1 ORDER BY newstime desc LIMIT 1   [ RunTime:0.0001s ]
SQL: SELECT * FROM `shenma_article` WHERE `is_recommend` = 1 ORDER BY newstime desc LIMIT 5   [ RunTime:0.0001s ]
SQL: SHOW COLUMNS FROM `shenma_brand` [ RunTime:0.0003s ]
SQL: SELECT * FROM `shenma_brand` WHERE `status` = 1  [ RunTime:0.0001s ]
SQL: SELECT COUNT(*) AS tp_count FROM `shenma_brand` LIMIT 1   [ RunTime:0.0001s ]
SQL: SHOW COLUMNS FROM `shenma_nav` [ RunTime:0.0003s ]
SQL: SELECT * FROM `shenma_nav`  [ RunTime:0.0001s ]
INFO: [ view_parse ] --START--
INFO: [ template_filter ] --START--
INFO: Run Behavior\ContentReplaceBehavior [ RunTime:0.000127s ]
INFO: [ template_filter ] --END-- [ RunTime:0.000168s ]
NOTIC: [8] Undefined index: titleimg /home/wwwroot/default/sm/Application/Runtime/Cache/Home/2a94b8bda04ff446dcedd42276fc99ee.php 第 266 行.
INFO: Run Behavior\ParseTemplateBehavior [ RunTime:0.012687s ]
INFO: [ view_parse ] --END-- [ RunTime:0.012728s ]
INFO: [ view_filter ] --START--
INFO: Run Behavior\WriteHtmlCacheBehavior [ RunTime:0.000129s ]
INFO: [ view_filter ] --END-- [ RunTime:0.000158s ]
INFO: [ app_end ] --START--
INFO: Run Behavior\ShowPageTraceBehavior [ RunTime:0.000340s ]
INFO: [ app_end ] --END-- [ RunTime:0.000381s ]

[ 2017-10-01T13:15:04+08:00 ] 58.40.231.5 /Public/Home/img/kache_weiqi.png
INFO: [ app_init ] --START--
INFO: Run Behavior\BuildLiteBehavior [ RunTime:0.000017s ]
INFO: [ app_init ] --END-- [ RunTime:0.000328s ]

[ 2017-10-01T13:16:19+08:00 ] 58.40.231.5 /Home/index.html
INFO: [ app_init ] --START--
INFO: Run Behavior\BuildLiteBehavior [ RunTime:0.000012s ]
INFO: [ app_init ] --END-- [ RunTime:0.000308s ]
INFO: [ app_begin ] --START--
INFO: Run Behavior\ReadHtmlCacheBehavior [ RunTime:0.000324s ]
INFO: [ app_begin ] --END-- [ RunTime:0.000360s ]
SQL: SHOW COLUMNS FROM `shenma_config` [ RunTime:0.0004s ]
SQL: SELECT `conf_value` FROM `shenma_config` WHERE ( conf_id = 3 ) LIMIT 1   [ RunTime:0.0001s ]
SQL: SELECT `conf_value` FROM `shenma_config` WHERE ( conf_id = 5 ) LIMIT 1   [ RunTime:0.0001s ]
SQL: SELECT `conf_value` FROM `shenma_config` WHERE ( conf_id = 4 ) LIMIT 1   [ RunTime:0.0001s ]
SQL: SHOW COLUMNS FROM `shenma_banner` [ RunTime:0.0003s ]
SQL: SELECT * FROM `shenma_banner` WHERE `classify` = 1 ORDER BY sort asc  [ RunTime:0.0001s ]
SQL: SHOW COLUMNS FROM `shenma_about` [ RunTime:0.0003s ]
SQL: SELECT * FROM `shenma_about` WHERE `id` = 2 LIMIT 1   [ RunTime:0.0001s ]
SQL: SHOW COLUMNS FROM `shenma_article` [ RunTime:0.0004s ]
SQL: SELECT * FROM `shenma_article` WHERE `is_top` = 1 ORDER BY newstime desc LIMIT 1   [ RunTime:0.0001s ]
SQL: SELECT * FROM `shenma_article` WHERE `is_recommend` = 1 ORDER BY newstime desc LIMIT 5   [ RunTime:0.0001s ]
SQL: SHOW COLUMNS FROM `shenma_brand` [ RunTime:0.0003s ]
SQL: SELECT * FROM `shenma_brand` WHERE `status` = 1  [ RunTime:0.0001s ]
SQL: SELECT COUNT(*) AS tp_count FROM `shenma_brand` LIMIT 1   [ RunTime:0.0001s ]
SQL: SHOW COLUMNS FROM `shenma_nav` [ RunTime:0.0003s ]
SQL: SELECT * FROM `shenma_nav`  [ RunTime:0.0001s ]
INFO: [ view_parse ] --START--
INFO: [ template_filter ] --START--
INFO: Run Behavior\ContentReplaceBehavior [ RunTime:0.000132s ]
INFO: [ template_filter ] --END-- [ RunTime:0.000172s ]
NOTIC: [8] Undefined index: titleimg /home/wwwroot/default/sm/Application/Runtime/Cache/Home/2a94b8bda04ff446dcedd42276fc99ee.php 第 267 行.
INFO: Run Behavior\ParseTemplateBehavior [ RunTime:0.013681s ]
INFO: [ view_parse ] --END-- [ RunTime:0.013724s ]
INFO: [ view_filter ] --START--
INFO: Run Behavior\WriteHtmlCacheBehavior [ RunTime:0.000116s ]
INFO: [ view_filter ] --END-- [ RunTime:0.000147s ]
INFO: [ app_end ] --START--
INFO: Run Behavior\ShowPageTraceBehavior [ RunTime:0.000393s ]
INFO: [ app_end ] --END-- [ RunTime:0.000435s ]

[ 2017-10-01T13:16:19+08:00 ] 58.40.231.5 /Public/Home/img/kache_weiqi.png
INFO: [ app_init ] --START--
INFO: Run Behavior\BuildLiteBehavior [ RunTime:0.000016s ]
INFO: [ app_init ] --END-- [ RunTime:0.000296s ]

[ 2017-10-01T13:16:37+08:00 ] 58.40.231.5 /Contact/index.html
INFO: [ app_init ] --START--
INFO: Run Behavior\BuildLiteBehavior [ RunTime:0.000014s ]
INFO: [ app_init ] --END-- [ RunTime:0.000315s ]
INFO: [ app_begin ] --START--
INFO: Run Behavior\ReadHtmlCacheBehavior [ RunTime:0.000380s ]
INFO: [ app_begin ] --END-- [ RunTime:0.000419s ]
SQL: SHOW COLUMNS FROM `shenma_banner` [ RunTime:0.0005s ]
SQL: SELECT * FROM `shenma_banner` WHERE `id` = 12 LIMIT 1   [ RunTime:0.0001s ]
SQL: SHOW COLUMNS FROM `shenma_department` [ RunTime:0.0003s ]
SQL: SELECT * FROM `shenma_department` ORDER BY id asc  [ RunTime:0.0001s ]
SQL: SELECT * FROM `shenma_department` WHERE `parent_id` = 1 ORDER BY id asc  [ RunTime:0.0001s ]
SQL: SHOW COLUMNS FROM `shenma_post` [ RunTime:0.0003s ]
SQL: SELECT * FROM `shenma_post` ORDER BY id asc  [ RunTime:0.0001s ]
SQL: SHOW COLUMNS FROM `shenma_question` [ RunTime:0.0003s ]
SQL: SELECT * FROM `shenma_question`  [ RunTime:0.0001s ]
SQL: SHOW COLUMNS FROM `shenma_qc` [ RunTime:0.0003s ]
SQL: SELECT * FROM `shenma_qc`  [ RunTime:0.0001s ]
INFO: [ view_parse ] --START--
INFO: [ template_filter ] --START--
INFO: Run Behavior\ContentReplaceBehavior [ RunTime:0.000086s ]
INFO: [ template_filter ] --END-- [ RunTime:0.000137s ]
INFO: Run Behavior\ParseTemplateBehavior [ RunTime:0.012615s ]
INFO: [ view_parse ] --END-- [ RunTime:0.012652s ]
INFO: [ view_filter ] --START--
INFO: Run Behavior\WriteHtmlCacheBehavior [ RunTime:0.000122s ]
INFO: [ view_filter ] --END-- [ RunTime:0.000160s ]
INFO: [ app_end ] --START--
INFO: Run Behavior\ShowPageTraceBehavior [ RunTime:0.000383s ]
INFO: [ app_end ] --END-- [ RunTime:0.000423s ]

[ 2017-10-01T13:16:41+08:00 ] 58.40.231.5 /Home/index.html
INFO: [ app_init ] --START--
INFO: Run Behavior\BuildLiteBehavior [ RunTime:0.000013s ]
INFO: [ app_init ] --END-- [ RunTime:0.000263s ]
INFO: [ app_begin ] --START--
INFO: Run Behavior\ReadHtmlCacheBehavior [ RunTime:0.000334s ]
INFO: [ app_begin ] --END-- [ RunTime:0.000378s ]
SQL: SHOW COLUMNS FROM `shenma_config` [ RunTime:0.0004s ]
SQL: SELECT `conf_value` FROM `shenma_config` WHERE ( conf_id = 3 ) LIMIT 1   [ RunTime:0.0001s ]
SQL: SELECT `conf_value` FROM `shenma_config` WHERE ( conf_id = 5 ) LIMIT 1   [ RunTime:0.0001s ]
SQL: SELECT `conf_value` FROM `shenma_config` WHERE ( conf_id = 4 ) LIMIT 1   [ RunTime:0.0001s ]
SQL: SHOW COLUMNS FROM `shenma_banner` [ RunTime:0.0003s ]
SQL: SELECT * FROM `shenma_banner` WHERE `classify` = 1 ORDER BY sort asc  [ RunTime:0.0001s ]
SQL: SHOW COLUMNS FROM `shenma_about` [ RunTime:0.0003s ]
SQL: SELECT * FROM `shenma_about` WHERE `id` = 2 LIMIT 1   [ RunTime:0.0001s ]
SQL: SHOW COLUMNS FROM `shenma_article` [ RunTime:0.0004s ]
SQL: SELECT * FROM `shenma_article` WHERE `is_top` = 1 ORDER BY newstime desc LIMIT 1   [ RunTime:0.0001s ]
SQL: SELECT * FROM `shenma_article` WHERE `is_recommend` = 1 ORDER BY newstime desc LIMIT 5   [ RunTime:0.0001s ]
SQL: SHOW COLUMNS FROM `shenma_brand` [ RunTime:0.0003s ]
SQL: SELECT * FROM `shenma_brand` WHERE `status` = 1  [ RunTime:0.0001s ]
SQL: SELECT COUNT(*) AS tp_count FROM `shenma_brand` LIMIT 1   [ RunTime:0.0001s ]
SQL: SHOW COLUMNS FROM `shenma_nav` [ RunTime:0.0003s ]
SQL: SELECT * FROM `shenma_nav`  [ RunTime:0.0001s ]
INFO: [ view_parse ] --START--
INFO: [ template_filter ] --START--
INFO: Run Behavior\ContentReplaceBehavior [ RunTime:0.000126s ]
INFO: [ template_filter ] --END-- [ RunTime:0.000167s ]
NOTIC: [8] Undefined index: titleimg /home/wwwroot/default/sm/Application/Runtime/Cache/Home/2a94b8bda04ff446dcedd42276fc99ee.php 第 267 行.
INFO: Run Behavior\ParseTemplateBehavior [ RunTime:0.013864s ]
INFO: [ view_parse ] --END-- [ RunTime:0.013900s ]
INFO: [ view_filter ] --START--
INFO: Run Behavior\WriteHtmlCacheBehavior [ RunTime:0.000123s ]
INFO: [ view_filter ] --END-- [ RunTime:0.000152s ]
INFO: [ app_end ] --START--
INFO: Run Behavior\ShowPageTraceBehavior [ RunTime:0.000349s ]
INFO: [ app_end ] --END-- [ RunTime:0.000392s ]

[ 2017-10-01T13:16:42+08:00 ] 58.40.231.5 /Public/Home/img/kache_weiqi.png
INFO: [ app_init ] --START--
INFO: Run Behavior\BuildLiteBehavior [ RunTime:0.000014s ]
INFO: [ app_init ] --END-- [ RunTime:0.000284s ]

