[ 2017-10-02T10:24:54+08:00 ] 58.40.231.5 /Home/index.html
INFO: [ app_init ] --START--
INFO: Run Behavior\BuildLiteBehavior [ RunTime:0.000012s ]
INFO: [ app_init ] --END-- [ RunTime:0.000256s ]
INFO: [ app_begin ] --START--
INFO: Run Behavior\ReadHtmlCacheBehavior [ RunTime:0.000351s ]
INFO: [ app_begin ] --END-- [ RunTime:0.000390s ]
SQL: SHOW COLUMNS FROM `shenma_config` [ RunTime:0.0004s ]
SQL: SELECT `conf_value` FROM `shenma_config` WHERE ( conf_id = 3 ) LIMIT 1   [ RunTime:0.0001s ]
SQL: SELECT `conf_value` FROM `shenma_config` WHERE ( conf_id = 5 ) LIMIT 1   [ RunTime:0.0001s ]
SQL: SELECT `conf_value` FROM `shenma_config` WHERE ( conf_id = 4 ) LIMIT 1   [ RunTime:0.0001s ]
SQL: SHOW COLUMNS FROM `shenma_banner` [ RunTime:0.0003s ]
SQL: SELECT * FROM `shenma_banner` WHERE `classify` = 1 ORDER BY sort asc  [ RunTime:0.0001s ]
SQL: SHOW COLUMNS FROM `shenma_about` [ RunTime:0.0003s ]
SQL: SELECT * FROM `shenma_about` WHERE `id` = 2 LIMIT 1   [ RunTime:0.0001s ]
SQL: SHOW COLUMNS FROM `shenma_article` [ RunTime:0.0003s ]
SQL: SELECT * FROM `shenma_article` WHERE `is_top` = 1 ORDER BY newstime desc LIMIT 1   [ RunTime:0.0001s ]
SQL: SELECT * FROM `shenma_article` WHERE `is_recommend` = 1 ORDER BY newstime desc LIMIT 5   [ RunTime:0.0001s ]
SQL: SHOW COLUMNS FROM `shenma_brand` [ RunTime:0.0003s ]
SQL: SELECT * FROM `shenma_brand` WHERE `status` = 1  [ RunTime:0.0001s ]
SQL: SELECT COUNT(*) AS tp_count FROM `shenma_brand` LIMIT 1   [ RunTime:0.0001s ]
SQL: SHOW COLUMNS FROM `shenma_nav` [ RunTime:0.0003s ]
SQL: SELECT * FROM `shenma_nav`  [ RunTime:0.0001s ]
INFO: [ view_parse ] --START--
INFO: [ template_filter ] --START--
INFO: Run Behavior\ContentReplaceBehavior [ RunTime:0.000139s ]
INFO: [ template_filter ] --END-- [ RunTime:0.000188s ]
NOTIC: [8] Undefined index: titleimg /home/wwwroot/default/sm/Application/Runtime/Cache/Home/2a94b8bda04ff446dcedd42276fc99ee.php 第 267 行.
INFO: Run Behavior\ParseTemplateBehavior [ RunTime:0.013434s ]
INFO: [ view_parse ] --END-- [ RunTime:0.013486s ]
INFO: [ view_filter ] --START--
INFO: Run Behavior\WriteHtmlCacheBehavior [ RunTime:0.000143s ]
INFO: [ view_filter ] --END-- [ RunTime:0.000181s ]
INFO: [ app_end ] --START--
INFO: Run Behavior\ShowPageTraceBehavior [ RunTime:0.000387s ]
INFO: [ app_end ] --END-- [ RunTime:0.000429s ]

[ 2017-10-02T10:24:54+08:00 ] 58.40.231.5 /Public/Home/img/kache_weiqi.png
INFO: [ app_init ] --START--
INFO: Run Behavior\BuildLiteBehavior [ RunTime:0.000013s ]
INFO: [ app_init ] --END-- [ RunTime:0.000269s ]

[ 2017-10-02T10:25:22+08:00 ] 58.40.231.5 /Contact/index.html
INFO: [ app_init ] --START--
INFO: Run Behavior\BuildLiteBehavior [ RunTime:0.000015s ]
INFO: [ app_init ] --END-- [ RunTime:0.000312s ]
INFO: [ app_begin ] --START--
INFO: Run Behavior\ReadHtmlCacheBehavior [ RunTime:0.000322s ]
INFO: [ app_begin ] --END-- [ RunTime:0.000360s ]
SQL: SHOW COLUMNS FROM `shenma_banner` [ RunTime:0.0005s ]
SQL: SELECT * FROM `shenma_banner` WHERE `id` = 12 LIMIT 1   [ RunTime:0.0001s ]
SQL: SHOW COLUMNS FROM `shenma_department` [ RunTime:0.0003s ]
SQL: SELECT * FROM `shenma_department` ORDER BY id asc  [ RunTime:0.0001s ]
SQL: SELECT * FROM `shenma_department` WHERE `parent_id` = 1 ORDER BY id asc  [ RunTime:0.0001s ]
SQL: SHOW COLUMNS FROM `shenma_post` [ RunTime:0.0003s ]
SQL: SELECT * FROM `shenma_post` ORDER BY id asc  [ RunTime:0.0001s ]
SQL: SHOW COLUMNS FROM `shenma_question` [ RunTime:0.0003s ]
SQL: SELECT * FROM `shenma_question`  [ RunTime:0.0001s ]
SQL: SHOW COLUMNS FROM `shenma_qc` [ RunTime:0.0003s ]
SQL: SELECT * FROM `shenma_qc`  [ RunTime:0.0001s ]
INFO: [ view_parse ] --START--
INFO: [ template_filter ] --START--
INFO: Run Behavior\ContentReplaceBehavior [ RunTime:0.000089s ]
INFO: [ template_filter ] --END-- [ RunTime:0.000135s ]
INFO: Run Behavior\ParseTemplateBehavior [ RunTime:0.013072s ]
INFO: [ view_parse ] --END-- [ RunTime:0.013112s ]
INFO: [ view_filter ] --START--
INFO: Run Behavior\WriteHtmlCacheBehavior [ RunTime:0.000127s ]
INFO: [ view_filter ] --END-- [ RunTime:0.000155s ]
INFO: [ app_end ] --START--
INFO: Run Behavior\ShowPageTraceBehavior [ RunTime:0.000357s ]
INFO: [ app_end ] --END-- [ RunTime:0.000407s ]

[ 2017-10-02T10:25:28+08:00 ] 58.40.231.5 /Contact/getPostInfo.html
INFO: [ app_init ] --START--
INFO: Run Behavior\BuildLiteBehavior [ RunTime:0.000011s ]
INFO: [ app_init ] --END-- [ RunTime:0.000250s ]
INFO: [ app_begin ] --START--
INFO: Run Behavior\ReadHtmlCacheBehavior [ RunTime:0.000313s ]
INFO: [ app_begin ] --END-- [ RunTime:0.000349s ]
SQL: SHOW COLUMNS FROM `shenma_department` [ RunTime:0.0004s ]
SQL: SELECT * FROM `shenma_department` WHERE `parent_id` = 6 ORDER BY id asc  [ RunTime:0.0001s ]
SQL: SHOW COLUMNS FROM `shenma_post` [ RunTime:0.0003s ]
SQL: SELECT * FROM `shenma_post` ORDER BY id asc  [ RunTime:0.0001s ]
INFO: [ view_parse ] --START--
INFO: [ template_filter ] --START--
INFO: Run Behavior\ContentReplaceBehavior [ RunTime:0.000031s ]
INFO: [ template_filter ] --END-- [ RunTime:0.000065s ]
INFO: Run Behavior\ParseTemplateBehavior [ RunTime:0.004838s ]
INFO: [ view_parse ] --END-- [ RunTime:0.004871s ]
INFO: [ view_filter ] --START--
INFO: Run Behavior\WriteHtmlCacheBehavior [ RunTime:0.000106s ]
INFO: [ view_filter ] --END-- [ RunTime:0.000133s ]
INFO: [ app_end ] --START--
INFO: Run Behavior\ShowPageTraceBehavior [ RunTime:0.000330s ]
INFO: [ app_end ] --END-- [ RunTime:0.000358s ]

[ 2017-10-02T10:25:31+08:00 ] 58.40.231.5 /Contact/getPostInfo.html
INFO: [ app_init ] --START--
INFO: Run Behavior\BuildLiteBehavior [ RunTime:0.000012s ]
INFO: [ app_init ] --END-- [ RunTime:0.000256s ]
INFO: [ app_begin ] --START--
INFO: Run Behavior\ReadHtmlCacheBehavior [ RunTime:0.000336s ]
INFO: [ app_begin ] --END-- [ RunTime:0.000373s ]
SQL: SHOW COLUMNS FROM `shenma_department` [ RunTime:0.0004s ]
SQL: SELECT * FROM `shenma_department` WHERE `parent_id` = 4 ORDER BY id asc  [ RunTime:0.0001s ]
SQL: SHOW COLUMNS FROM `shenma_post` [ RunTime:0.0003s ]
SQL: SELECT * FROM `shenma_post` ORDER BY id asc  [ RunTime:0.0001s ]
INFO: [ view_parse ] --START--
INFO: [ template_filter ] --START--
INFO: Run Behavior\ContentReplaceBehavior [ RunTime:0.000030s ]
INFO: [ template_filter ] --END-- [ RunTime:0.000065s ]
INFO: Run Behavior\ParseTemplateBehavior [ RunTime:0.004977s ]
INFO: [ view_parse ] --END-- [ RunTime:0.005013s ]
INFO: [ view_filter ] --START--
INFO: Run Behavior\WriteHtmlCacheBehavior [ RunTime:0.000115s ]
INFO: [ view_filter ] --END-- [ RunTime:0.000155s ]
INFO: [ app_end ] --START--
INFO: Run Behavior\ShowPageTraceBehavior [ RunTime:0.000341s ]
INFO: [ app_end ] --END-- [ RunTime:0.000372s ]

[ 2017-10-02T10:25:32+08:00 ] 58.40.231.5 /Contact/getPostInfo.html
INFO: [ app_init ] --START--
INFO: Run Behavior\BuildLiteBehavior [ RunTime:0.000012s ]
INFO: [ app_init ] --END-- [ RunTime:0.000264s ]
INFO: [ app_begin ] --START--
INFO: Run Behavior\ReadHtmlCacheBehavior [ RunTime:0.000330s ]
INFO: [ app_begin ] --END-- [ RunTime:0.000366s ]
SQL: SHOW COLUMNS FROM `shenma_department` [ RunTime:0.0004s ]
SQL: SELECT * FROM `shenma_department` WHERE `parent_id` = 1 ORDER BY id asc  [ RunTime:0.0001s ]
SQL: SHOW COLUMNS FROM `shenma_post` [ RunTime:0.0003s ]
SQL: SELECT * FROM `shenma_post` ORDER BY id asc  [ RunTime:0.0001s ]
INFO: [ view_parse ] --START--
INFO: [ template_filter ] --START--
INFO: Run Behavior\ContentReplaceBehavior [ RunTime:0.000029s ]
INFO: [ template_filter ] --END-- [ RunTime:0.000062s ]
INFO: Run Behavior\ParseTemplateBehavior [ RunTime:0.004872s ]
INFO: [ view_parse ] --END-- [ RunTime:0.004921s ]
INFO: [ view_filter ] --START--
INFO: Run Behavior\WriteHtmlCacheBehavior [ RunTime:0.000126s ]
INFO: [ view_filter ] --END-- [ RunTime:0.000154s ]
INFO: [ app_end ] --START--
INFO: Run Behavior\ShowPageTraceBehavior [ RunTime:0.000320s ]
INFO: [ app_end ] --END-- [ RunTime:0.000348s ]

[ 2017-10-02T10:25:32+08:00 ] 58.40.231.5 /Contact/getPostInfo.html
INFO: [ app_init ] --START--
INFO: Run Behavior\BuildLiteBehavior [ RunTime:0.000012s ]
INFO: [ app_init ] --END-- [ RunTime:0.000262s ]
INFO: [ app_begin ] --START--
INFO: Run Behavior\ReadHtmlCacheBehavior [ RunTime:0.000332s ]
INFO: [ app_begin ] --END-- [ RunTime:0.000369s ]
SQL: SHOW COLUMNS FROM `shenma_department` [ RunTime:0.0004s ]
SQL: SELECT * FROM `shenma_department` WHERE `parent_id` = 3 ORDER BY id asc  [ RunTime:0.0001s ]
SQL: SHOW COLUMNS FROM `shenma_post` [ RunTime:0.0003s ]
SQL: SELECT * FROM `shenma_post` ORDER BY id asc  [ RunTime:0.0001s ]
INFO: [ view_parse ] --START--
INFO: [ template_filter ] --START--
INFO: Run Behavior\ContentReplaceBehavior [ RunTime:0.000029s ]
INFO: [ template_filter ] --END-- [ RunTime:0.000065s ]
INFO: Run Behavior\ParseTemplateBehavior [ RunTime:0.005017s ]
INFO: [ view_parse ] --END-- [ RunTime:0.005053s ]
INFO: [ view_filter ] --START--
INFO: Run Behavior\WriteHtmlCacheBehavior [ RunTime:0.000111s ]
INFO: [ view_filter ] --END-- [ RunTime:0.000138s ]
INFO: [ app_end ] --START--
INFO: Run Behavior\ShowPageTraceBehavior [ RunTime:0.000340s ]
INFO: [ app_end ] --END-- [ RunTime:0.000372s ]

[ 2017-10-02T10:25:58+08:00 ] 58.40.231.5 /About/index.html
INFO: [ app_init ] --START--
INFO: Run Behavior\BuildLiteBehavior [ RunTime:0.000012s ]
INFO: [ app_init ] --END-- [ RunTime:0.000265s ]
INFO: [ app_begin ] --START--
INFO: Run Behavior\ReadHtmlCacheBehavior [ RunTime:0.000310s ]
INFO: [ app_begin ] --END-- [ RunTime:0.000347s ]
SQL: SHOW COLUMNS FROM `shenma_banner` [ RunTime:0.0005s ]
SQL: SELECT * FROM `shenma_banner` WHERE `id` = 5 LIMIT 1   [ RunTime:0.0001s ]
SQL: SHOW COLUMNS FROM `shenma_about` [ RunTime:0.0003s ]
SQL: SELECT * FROM `shenma_about` WHERE `id` = 1 LIMIT 1   [ RunTime:0.0001s ]
SQL: SHOW COLUMNS FROM `shenma_develop` [ RunTime:0.0003s ]
SQL: SELECT * FROM `shenma_develop` ORDER BY newstime asc  [ RunTime:0.0001s ]
SQL: SHOW COLUMNS FROM `shenma_team` [ RunTime:0.0003s ]
SQL: SELECT * FROM `shenma_team` ORDER BY sort asc  [ RunTime:0.0001s ]
SQL: SHOW COLUMNS FROM `shenma_info` [ RunTime:0.0003s ]
SQL: SELECT * FROM `shenma_info` WHERE `id` = 1 LIMIT 1   [ RunTime:0.0001s ]
INFO: [ view_parse ] --START--
INFO: [ template_filter ] --START--
INFO: Run Behavior\ContentReplaceBehavior [ RunTime:0.000057s ]
INFO: [ template_filter ] --END-- [ RunTime:0.000092s ]
INFO: Run Behavior\ParseTemplateBehavior [ RunTime:0.007954s ]
INFO: [ view_parse ] --END-- [ RunTime:0.007989s ]
INFO: [ view_filter ] --START--
INFO: Run Behavior\WriteHtmlCacheBehavior [ RunTime:0.000109s ]
INFO: [ view_filter ] --END-- [ RunTime:0.000136s ]
INFO: [ app_end ] --START--
INFO: Run Behavior\ShowPageTraceBehavior [ RunTime:0.000336s ]
INFO: [ app_end ] --END-- [ RunTime:0.000372s ]

[ 2017-10-02T10:25:59+08:00 ] 58.40.231.5 /Public/Home/css/dot.html
INFO: [ app_init ] --START--
INFO: Run Behavior\BuildLiteBehavior [ RunTime:0.000012s ]
INFO: [ app_init ] --END-- [ RunTime:0.000300s ]
INFO: [ app_begin ] --START--
INFO: Run Behavior\ReadHtmlCacheBehavior [ RunTime:0.000324s ]
INFO: [ app_begin ] --END-- [ RunTime:0.000361s ]
ERR: 无法加载控制器:Public

[ 2017-10-02T10:26:07+08:00 ] 58.40.231.5 /Article/index.html
INFO: [ app_init ] --START--
INFO: Run Behavior\BuildLiteBehavior [ RunTime:0.000016s ]
INFO: [ app_init ] --END-- [ RunTime:0.000291s ]
INFO: [ app_begin ] --START--
INFO: Run Behavior\ReadHtmlCacheBehavior [ RunTime:0.000312s ]
INFO: [ app_begin ] --END-- [ RunTime:0.000350s ]
SQL: SHOW COLUMNS FROM `shenma_banner` [ RunTime:0.0005s ]
SQL: SELECT * FROM `shenma_banner` WHERE `id` = 9 LIMIT 1   [ RunTime:0.0001s ]
SQL: SELECT * FROM `shenma_banner` WHERE `classify` = 8 ORDER BY sort  [ RunTime:0.0001s ]
SQL: SHOW COLUMNS FROM `shenma_article` [ RunTime:0.0004s ]
NOTIC: [8] Undefined variable: where /home/wwwroot/default/sm/Application/Home/Controller/ArticleController.class.php 第 68 行.
SQL: SELECT * FROM `shenma_article` ORDER BY article_id desc LIMIT 0,15   [ RunTime:0.0001s ]
NOTIC: [8] Undefined variable: where /home/wwwroot/default/sm/Application/Home/Controller/ArticleController.class.php 第 70 行.
SQL: SELECT COUNT(*) AS tp_count FROM `shenma_article` LIMIT 1   [ RunTime:0.0001s ]
INFO: [ view_parse ] --START--
INFO: [ template_filter ] --START--
INFO: Run Behavior\ContentReplaceBehavior [ RunTime:0.000059s ]
INFO: [ template_filter ] --END-- [ RunTime:0.000106s ]
NOTIC: [8] Undefined variable: keyword /home/wwwroot/default/sm/Application/Runtime/Cache/Home/2ac6c1276904b87404ed678dbabb985c.php 第 131 行.
INFO: Run Behavior\ParseTemplateBehavior [ RunTime:0.008341s ]
INFO: [ view_parse ] --END-- [ RunTime:0.008376s ]
INFO: [ view_filter ] --START--
INFO: Run Behavior\WriteHtmlCacheBehavior [ RunTime:0.000126s ]
INFO: [ view_filter ] --END-- [ RunTime:0.000154s ]
INFO: [ app_end ] --START--
INFO: Run Behavior\ShowPageTraceBehavior [ RunTime:0.000349s ]
INFO: [ app_end ] --END-- [ RunTime:0.000390s ]

[ 2017-10-02T10:26:09+08:00 ] 58.40.231.5 /Edu/index.html
INFO: [ app_init ] --START--
INFO: Run Behavior\BuildLiteBehavior [ RunTime:0.000012s ]
INFO: [ app_init ] --END-- [ RunTime:0.000255s ]
INFO: [ app_begin ] --START--
INFO: Run Behavior\ReadHtmlCacheBehavior [ RunTime:0.000326s ]
INFO: [ app_begin ] --END-- [ RunTime:0.000363s ]
SQL: SHOW COLUMNS FROM `shenma_banner` [ RunTime:0.0005s ]
SQL: SELECT * FROM `shenma_banner` WHERE `id` = 10 LIMIT 1   [ RunTime:0.0001s ]
SQL: SHOW COLUMNS FROM `shenma_info` [ RunTime:0.0003s ]
SQL: SELECT * FROM `shenma_info` WHERE `id` = 2 LIMIT 1   [ RunTime:0.0001s ]
SQL: SELECT * FROM `shenma_banner` WHERE `id` = 18 LIMIT 1   [ RunTime:0.0001s ]
SQL: SELECT * FROM `shenma_banner` WHERE `id` = 11 LIMIT 1   [ RunTime:0.0001s ]
INFO: [ view_parse ] --START--
INFO: [ template_filter ] --START--
INFO: Run Behavior\ContentReplaceBehavior [ RunTime:0.000051s ]
INFO: [ template_filter ] --END-- [ RunTime:0.000086s ]
INFO: Run Behavior\ParseTemplateBehavior [ RunTime:0.005973s ]
INFO: [ view_parse ] --END-- [ RunTime:0.006011s ]
INFO: [ view_filter ] --START--
INFO: Run Behavior\WriteHtmlCacheBehavior [ RunTime:0.000109s ]
INFO: [ view_filter ] --END-- [ RunTime:0.000135s ]
INFO: [ app_end ] --START--
INFO: Run Behavior\ShowPageTraceBehavior [ RunTime:0.000345s ]
INFO: [ app_end ] --END-- [ RunTime:0.000380s ]

[ 2017-10-02T10:26:10+08:00 ] 58.40.231.5 /Loans/index.html
INFO: [ app_init ] --START--
INFO: Run Behavior\BuildLiteBehavior [ RunTime:0.000014s ]
INFO: [ app_init ] --END-- [ RunTime:0.000319s ]
INFO: [ app_begin ] --START--
INFO: Run Behavior\ReadHtmlCacheBehavior [ RunTime:0.000342s ]
INFO: [ app_begin ] --END-- [ RunTime:0.000390s ]
SQL: SHOW COLUMNS FROM `shenma_banner` [ RunTime:0.0004s ]
SQL: SELECT * FROM `shenma_banner` WHERE `id` = 6 LIMIT 1   [ RunTime:0.0001s ]
SQL: SHOW COLUMNS FROM `shenma_icon` [ RunTime:0.0003s ]
SQL: SELECT * FROM `shenma_icon`  [ RunTime:0.0001s ]
SQL: SELECT * FROM `shenma_banner` WHERE `classify` = 4  [ RunTime:0.0001s ]
SQL: SHOW COLUMNS FROM `shenma_product` [ RunTime:0.0003s ]
SQL: SELECT * FROM `shenma_product`  [ RunTime:0.0001s ]
INFO: [ view_parse ] --START--
INFO: [ template_filter ] --START--
INFO: Run Behavior\ContentReplaceBehavior [ RunTime:0.000066s ]
INFO: [ template_filter ] --END-- [ RunTime:0.000104s ]
INFO: Run Behavior\ParseTemplateBehavior [ RunTime:0.007869s ]
INFO: [ view_parse ] --END-- [ RunTime:0.007913s ]
INFO: [ view_filter ] --START--
INFO: Run Behavior\WriteHtmlCacheBehavior [ RunTime:0.000135s ]
INFO: [ view_filter ] --END-- [ RunTime:0.000174s ]
INFO: [ app_end ] --START--
INFO: Run Behavior\ShowPageTraceBehavior [ RunTime:0.000384s ]
INFO: [ app_end ] --END-- [ RunTime:0.000441s ]

[ 2017-10-02T10:26:17+08:00 ] 58.40.231.5 /Loans/index2.html
INFO: [ app_init ] --START--
INFO: Run Behavior\BuildLiteBehavior [ RunTime:0.000012s ]
INFO: [ app_init ] --END-- [ RunTime:0.000263s ]
INFO: [ app_begin ] --START--
INFO: Run Behavior\ReadHtmlCacheBehavior [ RunTime:0.000318s ]
INFO: [ app_begin ] --END-- [ RunTime:0.000361s ]
SQL: SHOW COLUMNS FROM `shenma_banner` [ RunTime:0.0005s ]
SQL: SELECT * FROM `shenma_banner` WHERE `id` = 6 LIMIT 1   [ RunTime:0.0001s ]
SQL: SHOW COLUMNS FROM `shenma_icon` [ RunTime:0.0003s ]
SQL: SELECT * FROM `shenma_icon`  [ RunTime:0.0001s ]
SQL: SELECT * FROM `shenma_banner` WHERE `id` = 16 LIMIT 1   [ RunTime:0.0001s ]
SQL: SHOW COLUMNS FROM `shenma_productf` [ RunTime:0.0003s ]
SQL: SELECT * FROM `shenma_productf` WHERE `classify` = 16 ORDER BY sort asc  [ RunTime:0.0001s ]
SQL: SELECT * FROM `shenma_banner` WHERE `id` = 17 LIMIT 1   [ RunTime:0.0001s ]
SQL: SELECT * FROM `shenma_productf` WHERE `classify` = 17 ORDER BY sort asc  [ RunTime:0.0001s ]
INFO: [ view_parse ] --START--
INFO: [ template_filter ] --START--
INFO: Run Behavior\ContentReplaceBehavior [ RunTime:0.000063s ]
INFO: [ template_filter ] --END-- [ RunTime:0.000100s ]
INFO: Run Behavior\ParseTemplateBehavior [ RunTime:0.008032s ]
INFO: [ view_parse ] --END-- [ RunTime:0.008067s ]
INFO: [ view_filter ] --START--
INFO: Run Behavior\WriteHtmlCacheBehavior [ RunTime:0.000111s ]
INFO: [ view_filter ] --END-- [ RunTime:0.000138s ]
INFO: [ app_end ] --START--
INFO: Run Behavior\ShowPageTraceBehavior [ RunTime:0.000389s ]
INFO: [ app_end ] --END-- [ RunTime:0.000426s ]

[ 2017-10-02T16:30:25+08:00 ] 58.40.231.5 /
INFO: [ app_init ] --START--
INFO: Run Behavior\BuildLiteBehavior [ RunTime:0.000013s ]
INFO: [ app_init ] --END-- [ RunTime:0.000294s ]
INFO: [ app_begin ] --START--
INFO: Run Behavior\ReadHtmlCacheBehavior [ RunTime:0.000385s ]
INFO: [ app_begin ] --END-- [ RunTime:0.000425s ]
SQL: SHOW COLUMNS FROM `shenma_config` [ RunTime:0.0005s ]
SQL: SELECT `conf_value` FROM `shenma_config` WHERE ( conf_id = 3 ) LIMIT 1   [ RunTime:0.0001s ]
SQL: SELECT `conf_value` FROM `shenma_config` WHERE ( conf_id = 5 ) LIMIT 1   [ RunTime:0.0001s ]
SQL: SELECT `conf_value` FROM `shenma_config` WHERE ( conf_id = 4 ) LIMIT 1   [ RunTime:0.0001s ]
SQL: SHOW COLUMNS FROM `shenma_banner` [ RunTime:0.0003s ]
SQL: SELECT * FROM `shenma_banner` WHERE `classify` = 1 ORDER BY sort asc  [ RunTime:0.0001s ]
SQL: SHOW COLUMNS FROM `shenma_about` [ RunTime:0.0003s ]
SQL: SELECT * FROM `shenma_about` WHERE `id` = 2 LIMIT 1   [ RunTime:0.0001s ]
SQL: SHOW COLUMNS FROM `shenma_article` [ RunTime:0.0004s ]
SQL: SELECT * FROM `shenma_article` WHERE `is_top` = 1 ORDER BY newstime desc LIMIT 1   [ RunTime:0.0001s ]
SQL: SELECT * FROM `shenma_article` WHERE `is_recommend` = 1 ORDER BY newstime desc LIMIT 5   [ RunTime:0.0001s ]
SQL: SHOW COLUMNS FROM `shenma_brand` [ RunTime:0.0003s ]
SQL: SELECT * FROM `shenma_brand` WHERE `status` = 1  [ RunTime:0.0001s ]
SQL: SELECT COUNT(*) AS tp_count FROM `shenma_brand` LIMIT 1   [ RunTime:0.0001s ]
SQL: SHOW COLUMNS FROM `shenma_nav` [ RunTime:0.0003s ]
SQL: SELECT * FROM `shenma_nav`  [ RunTime:0.0001s ]
INFO: [ view_parse ] --START--
INFO: [ template_filter ] --START--
INFO: Run Behavior\ContentReplaceBehavior [ RunTime:0.000142s ]
INFO: [ template_filter ] --END-- [ RunTime:0.000198s ]
NOTIC: [8] Undefined index: titleimg /home/wwwroot/default/sm/Application/Runtime/Cache/Home/2a94b8bda04ff446dcedd42276fc99ee.php 第 267 行.
INFO: Run Behavior\ParseTemplateBehavior [ RunTime:0.014260s ]
INFO: [ view_parse ] --END-- [ RunTime:0.014301s ]
INFO: [ view_filter ] --START--
INFO: Run Behavior\WriteHtmlCacheBehavior [ RunTime:0.000143s ]
INFO: [ view_filter ] --END-- [ RunTime:0.000173s ]
INFO: [ app_end ] --START--
INFO: Run Behavior\ShowPageTraceBehavior [ RunTime:0.000372s ]
INFO: [ app_end ] --END-- [ RunTime:0.000416s ]

[ 2017-10-02T16:30:27+08:00 ] 58.40.231.5 /Public/Home/img/kache_weiqi.png
INFO: [ app_init ] --START--
INFO: Run Behavior\BuildLiteBehavior [ RunTime:0.000012s ]
INFO: [ app_init ] --END-- [ RunTime:0.000258s ]

[ 2017-10-02T16:30:44+08:00 ] 58.40.231.5 /Loans/index.html
INFO: [ app_init ] --START--
INFO: Run Behavior\BuildLiteBehavior [ RunTime:0.000013s ]
INFO: [ app_init ] --END-- [ RunTime:0.000267s ]
INFO: [ app_begin ] --START--
INFO: Run Behavior\ReadHtmlCacheBehavior [ RunTime:0.000374s ]
INFO: [ app_begin ] --END-- [ RunTime:0.000412s ]
SQL: SHOW COLUMNS FROM `shenma_banner` [ RunTime:0.0005s ]
SQL: SELECT * FROM `shenma_banner` WHERE `id` = 6 LIMIT 1   [ RunTime:0.0001s ]
SQL: SHOW COLUMNS FROM `shenma_icon` [ RunTime:0.0003s ]
SQL: SELECT * FROM `shenma_icon`  [ RunTime:0.0001s ]
SQL: SELECT * FROM `shenma_banner` WHERE `classify` = 4  [ RunTime:0.0001s ]
SQL: SHOW COLUMNS FROM `shenma_product` [ RunTime:0.0003s ]
SQL: SELECT * FROM `shenma_product`  [ RunTime:0.0001s ]
INFO: [ view_parse ] --START--
INFO: [ template_filter ] --START--
INFO: Run Behavior\ContentReplaceBehavior [ RunTime:0.000059s ]
INFO: [ template_filter ] --END-- [ RunTime:0.000094s ]
INFO: Run Behavior\ParseTemplateBehavior [ RunTime:0.006990s ]
INFO: [ view_parse ] --END-- [ RunTime:0.007024s ]
INFO: [ view_filter ] --START--
INFO: Run Behavior\WriteHtmlCacheBehavior [ RunTime:0.000111s ]
INFO: [ view_filter ] --END-- [ RunTime:0.000139s ]
INFO: [ app_end ] --START--
INFO: Run Behavior\ShowPageTraceBehavior [ RunTime:0.000333s ]
INFO: [ app_end ] --END-- [ RunTime:0.000367s ]

[ 2017-10-02T16:30:55+08:00 ] 58.40.231.5 /Loans/index2.html
INFO: [ app_init ] --START--
INFO: Run Behavior\BuildLiteBehavior [ RunTime:0.000012s ]
INFO: [ app_init ] --END-- [ RunTime:0.000256s ]
INFO: [ app_begin ] --START--
INFO: Run Behavior\ReadHtmlCacheBehavior [ RunTime:0.000327s ]
INFO: [ app_begin ] --END-- [ RunTime:0.000366s ]
SQL: SHOW COLUMNS FROM `shenma_banner` [ RunTime:0.0005s ]
SQL: SELECT * FROM `shenma_banner` WHERE `id` = 6 LIMIT 1   [ RunTime:0.0001s ]
SQL: SHOW COLUMNS FROM `shenma_icon` [ RunTime:0.0003s ]
SQL: SELECT * FROM `shenma_icon`  [ RunTime:0.0001s ]
SQL: SELECT * FROM `shenma_banner` WHERE `id` = 16 LIMIT 1   [ RunTime:0.0001s ]
SQL: SHOW COLUMNS FROM `shenma_productf` [ RunTime:0.0003s ]
SQL: SELECT * FROM `shenma_productf` WHERE `classify` = 16 ORDER BY sort asc  [ RunTime:0.0001s ]
SQL: SELECT * FROM `shenma_banner` WHERE `id` = 17 LIMIT 1   [ RunTime:0.0001s ]
SQL: SELECT * FROM `shenma_productf` WHERE `classify` = 17 ORDER BY sort asc  [ RunTime:0.0001s ]
INFO: [ view_parse ] --START--
INFO: [ template_filter ] --START--
INFO: Run Behavior\ContentReplaceBehavior [ RunTime:0.000079s ]
INFO: [ template_filter ] --END-- [ RunTime:0.000116s ]
INFO: Run Behavior\ParseTemplateBehavior [ RunTime:0.007908s ]
INFO: [ view_parse ] --END-- [ RunTime:0.007964s ]
INFO: [ view_filter ] --START--
INFO: Run Behavior\WriteHtmlCacheBehavior [ RunTime:0.000115s ]
INFO: [ view_filter ] --END-- [ RunTime:0.000143s ]
INFO: [ app_end ] --START--
INFO: Run Behavior\ShowPageTraceBehavior [ RunTime:0.000348s ]
INFO: [ app_end ] --END-- [ RunTime:0.000384s ]

[ 2017-10-02T16:31:01+08:00 ] 58.40.231.5 /About/index.html
INFO: [ app_init ] --START--
INFO: Run Behavior\BuildLiteBehavior [ RunTime:0.000016s ]
INFO: [ app_init ] --END-- [ RunTime:0.000292s ]
INFO: [ app_begin ] --START--
INFO: Run Behavior\ReadHtmlCacheBehavior [ RunTime:0.000366s ]
INFO: [ app_begin ] --END-- [ RunTime:0.000407s ]
SQL: SHOW COLUMNS FROM `shenma_banner` [ RunTime:0.0005s ]
SQL: SELECT * FROM `shenma_banner` WHERE `id` = 5 LIMIT 1   [ RunTime:0.0001s ]
SQL: SHOW COLUMNS FROM `shenma_about` [ RunTime:0.0003s ]
SQL: SELECT * FROM `shenma_about` WHERE `id` = 1 LIMIT 1   [ RunTime:0.0001s ]
SQL: SHOW COLUMNS FROM `shenma_develop` [ RunTime:0.0003s ]
SQL: SELECT * FROM `shenma_develop` ORDER BY newstime asc  [ RunTime:0.0001s ]
SQL: SHOW COLUMNS FROM `shenma_team` [ RunTime:0.0003s ]
SQL: SELECT * FROM `shenma_team` ORDER BY sort asc  [ RunTime:0.0001s ]
SQL: SHOW COLUMNS FROM `shenma_info` [ RunTime:0.0003s ]
SQL: SELECT * FROM `shenma_info` WHERE `id` = 1 LIMIT 1   [ RunTime:0.0001s ]
INFO: [ view_parse ] --START--
INFO: [ template_filter ] --START--
INFO: Run Behavior\ContentReplaceBehavior [ RunTime:0.000058s ]
INFO: [ template_filter ] --END-- [ RunTime:0.000094s ]
INFO: Run Behavior\ParseTemplateBehavior [ RunTime:0.008614s ]
INFO: [ view_parse ] --END-- [ RunTime:0.008649s ]
INFO: [ view_filter ] --START--
INFO: Run Behavior\WriteHtmlCacheBehavior [ RunTime:0.000112s ]
INFO: [ view_filter ] --END-- [ RunTime:0.000140s ]
INFO: [ app_end ] --START--
INFO: Run Behavior\ShowPageTraceBehavior [ RunTime:0.000387s ]
INFO: [ app_end ] --END-- [ RunTime:0.000423s ]

[ 2017-10-02T16:31:03+08:00 ] 58.40.231.5 /Article/index.html
INFO: [ app_init ] --START--
INFO: Run Behavior\BuildLiteBehavior [ RunTime:0.000013s ]
INFO: [ app_init ] --END-- [ RunTime:0.000273s ]
INFO: [ app_begin ] --START--
INFO: Run Behavior\ReadHtmlCacheBehavior [ RunTime:0.000319s ]
INFO: [ app_begin ] --END-- [ RunTime:0.000366s ]
SQL: SHOW COLUMNS FROM `shenma_banner` [ RunTime:0.0006s ]
SQL: SELECT * FROM `shenma_banner` WHERE `id` = 9 LIMIT 1   [ RunTime:0.0001s ]
SQL: SELECT * FROM `shenma_banner` WHERE `classify` = 8 ORDER BY sort  [ RunTime:0.0001s ]
SQL: SHOW COLUMNS FROM `shenma_article` [ RunTime:0.0005s ]
NOTIC: [8] Undefined variable: where /home/wwwroot/default/sm/Application/Home/Controller/ArticleController.class.php 第 68 行.
SQL: SELECT * FROM `shenma_article` ORDER BY article_id desc LIMIT 0,15   [ RunTime:0.0001s ]
NOTIC: [8] Undefined variable: where /home/wwwroot/default/sm/Application/Home/Controller/ArticleController.class.php 第 70 行.
SQL: SELECT COUNT(*) AS tp_count FROM `shenma_article` LIMIT 1   [ RunTime:0.0001s ]
INFO: [ view_parse ] --START--
INFO: [ template_filter ] --START--
INFO: Run Behavior\ContentReplaceBehavior [ RunTime:0.000062s ]
INFO: [ template_filter ] --END-- [ RunTime:0.000109s ]
NOTIC: [8] Undefined variable: keyword /home/wwwroot/default/sm/Application/Runtime/Cache/Home/2ac6c1276904b87404ed678dbabb985c.php 第 131 行.
INFO: Run Behavior\ParseTemplateBehavior [ RunTime:0.009308s ]
INFO: [ view_parse ] --END-- [ RunTime:0.009352s ]
INFO: [ view_filter ] --START--
INFO: Run Behavior\WriteHtmlCacheBehavior [ RunTime:0.000113s ]
INFO: [ view_filter ] --END-- [ RunTime:0.000149s ]
INFO: [ app_end ] --START--
INFO: Run Behavior\ShowPageTraceBehavior [ RunTime:0.000399s ]
INFO: [ app_end ] --END-- [ RunTime:0.000446s ]

[ 2017-10-02T16:31:03+08:00 ] 58.40.231.5 /Public/Home/css/dot.html
INFO: [ app_init ] --START--
INFO: Run Behavior\BuildLiteBehavior [ RunTime:0.000011s ]
INFO: [ app_init ] --END-- [ RunTime:0.000244s ]
INFO: [ app_begin ] --START--
INFO: Run Behavior\ReadHtmlCacheBehavior [ RunTime:0.000321s ]
INFO: [ app_begin ] --END-- [ RunTime:0.000357s ]
ERR: 无法加载控制器:Public

[ 2017-10-02T16:31:05+08:00 ] 58.40.231.5 /Edu/index.html
INFO: [ app_init ] --START--
INFO: Run Behavior\BuildLiteBehavior [ RunTime:0.000012s ]
INFO: [ app_init ] --END-- [ RunTime:0.000276s ]
INFO: [ app_begin ] --START--
INFO: Run Behavior\ReadHtmlCacheBehavior [ RunTime:0.000392s ]
INFO: [ app_begin ] --END-- [ RunTime:0.000430s ]
SQL: SHOW COLUMNS FROM `shenma_banner` [ RunTime:0.0005s ]
SQL: SELECT * FROM `shenma_banner` WHERE `id` = 10 LIMIT 1   [ RunTime:0.0001s ]
SQL: SHOW COLUMNS FROM `shenma_info` [ RunTime:0.0003s ]
SQL: SELECT * FROM `shenma_info` WHERE `id` = 2 LIMIT 1   [ RunTime:0.0001s ]
SQL: SELECT * FROM `shenma_banner` WHERE `id` = 18 LIMIT 1   [ RunTime:0.0001s ]
SQL: SELECT * FROM `shenma_banner` WHERE `id` = 11 LIMIT 1   [ RunTime:0.0001s ]
INFO: [ view_parse ] --START--
INFO: [ template_filter ] --START--
INFO: Run Behavior\ContentReplaceBehavior [ RunTime:0.000051s ]
INFO: [ template_filter ] --END-- [ RunTime:0.000085s ]
INFO: Run Behavior\ParseTemplateBehavior [ RunTime:0.006308s ]
INFO: [ view_parse ] --END-- [ RunTime:0.006345s ]
INFO: [ view_filter ] --START--
INFO: Run Behavior\WriteHtmlCacheBehavior [ RunTime:0.000112s ]
INFO: [ view_filter ] --END-- [ RunTime:0.000139s ]
INFO: [ app_end ] --START--
INFO: Run Behavior\ShowPageTraceBehavior [ RunTime:0.000388s ]
INFO: [ app_end ] --END-- [ RunTime:0.000431s ]

[ 2017-10-02T16:31:06+08:00 ] 58.40.231.5 /Contact/index.html
INFO: [ app_init ] --START--
INFO: Run Behavior\BuildLiteBehavior [ RunTime:0.000016s ]
INFO: [ app_init ] --END-- [ RunTime:0.000326s ]
INFO: [ app_begin ] --START--
INFO: Run Behavior\ReadHtmlCacheBehavior [ RunTime:0.000357s ]
INFO: [ app_begin ] --END-- [ RunTime:0.000399s ]
SQL: SHOW COLUMNS FROM `shenma_banner` [ RunTime:0.0005s ]
SQL: SELECT * FROM `shenma_banner` WHERE `id` = 12 LIMIT 1   [ RunTime:0.0001s ]
SQL: SHOW COLUMNS FROM `shenma_department` [ RunTime:0.0003s ]
SQL: SELECT * FROM `shenma_department` ORDER BY id asc  [ RunTime:0.0001s ]
SQL: SELECT * FROM `shenma_department` WHERE `parent_id` = 1 ORDER BY id asc  [ RunTime:0.0001s ]
SQL: SHOW COLUMNS FROM `shenma_post` [ RunTime:0.0003s ]
SQL: SELECT * FROM `shenma_post` ORDER BY id asc  [ RunTime:0.0001s ]
SQL: SHOW COLUMNS FROM `shenma_question` [ RunTime:0.0003s ]
SQL: SELECT * FROM `shenma_question`  [ RunTime:0.0001s ]
SQL: SHOW COLUMNS FROM `shenma_qc` [ RunTime:0.0003s ]
SQL: SELECT * FROM `shenma_qc`  [ RunTime:0.0001s ]
INFO: [ view_parse ] --START--
INFO: [ template_filter ] --START--
INFO: Run Behavior\ContentReplaceBehavior [ RunTime:0.000098s ]
INFO: [ template_filter ] --END-- [ RunTime:0.000160s ]
INFO: Run Behavior\ParseTemplateBehavior [ RunTime:0.014055s ]
INFO: [ view_parse ] --END-- [ RunTime:0.014107s ]
INFO: [ view_filter ] --START--
INFO: Run Behavior\WriteHtmlCacheBehavior [ RunTime:0.000129s ]
INFO: [ view_filter ] --END-- [ RunTime:0.000157s ]
INFO: [ app_end ] --START--
INFO: Run Behavior\ShowPageTraceBehavior [ RunTime:0.000389s ]
INFO: [ app_end ] --END-- [ RunTime:0.000429s ]

[ 2017-10-02T16:31:12+08:00 ] 58.40.231.5 /Home/index.html
INFO: [ app_init ] --START--
INFO: Run Behavior\BuildLiteBehavior [ RunTime:0.000014s ]
INFO: [ app_init ] --END-- [ RunTime:0.000293s ]
INFO: [ app_begin ] --START--
INFO: Run Behavior\ReadHtmlCacheBehavior [ RunTime:0.000487s ]
INFO: [ app_begin ] --END-- [ RunTime:0.000555s ]
SQL: SHOW COLUMNS FROM `shenma_config` [ RunTime:0.0005s ]
SQL: SELECT `conf_value` FROM `shenma_config` WHERE ( conf_id = 3 ) LIMIT 1   [ RunTime:0.0001s ]
SQL: SELECT `conf_value` FROM `shenma_config` WHERE ( conf_id = 5 ) LIMIT 1   [ RunTime:0.0001s ]
SQL: SELECT `conf_value` FROM `shenma_config` WHERE ( conf_id = 4 ) LIMIT 1   [ RunTime:0.0001s ]
SQL: SHOW COLUMNS FROM `shenma_banner` [ RunTime:0.0003s ]
SQL: SELECT * FROM `shenma_banner` WHERE `classify` = 1 ORDER BY sort asc  [ RunTime:0.0001s ]
SQL: SHOW COLUMNS FROM `shenma_about` [ RunTime:0.0003s ]
SQL: SELECT * FROM `shenma_about` WHERE `id` = 2 LIMIT 1   [ RunTime:0.0001s ]
SQL: SHOW COLUMNS FROM `shenma_article` [ RunTime:0.0004s ]
SQL: SELECT * FROM `shenma_article` WHERE `is_top` = 1 ORDER BY newstime desc LIMIT 1   [ RunTime:0.0001s ]
SQL: SELECT * FROM `shenma_article` WHERE `is_recommend` = 1 ORDER BY newstime desc LIMIT 5   [ RunTime:0.0001s ]
SQL: SHOW COLUMNS FROM `shenma_brand` [ RunTime:0.0003s ]
SQL: SELECT * FROM `shenma_brand` WHERE `status` = 1  [ RunTime:0.0001s ]
SQL: SELECT COUNT(*) AS tp_count FROM `shenma_brand` LIMIT 1   [ RunTime:0.0001s ]
SQL: SHOW COLUMNS FROM `shenma_nav` [ RunTime:0.0003s ]
SQL: SELECT * FROM `shenma_nav`  [ RunTime:0.0001s ]
INFO: [ view_parse ] --START--
INFO: [ template_filter ] --START--
INFO: Run Behavior\ContentReplaceBehavior [ RunTime:0.000125s ]
INFO: [ template_filter ] --END-- [ RunTime:0.000176s ]
NOTIC: [8] Undefined index: titleimg /home/wwwroot/default/sm/Application/Runtime/Cache/Home/2a94b8bda04ff446dcedd42276fc99ee.php 第 267 行.
INFO: Run Behavior\ParseTemplateBehavior [ RunTime:0.013417s ]
INFO: [ view_parse ] --END-- [ RunTime:0.013453s ]
INFO: [ view_filter ] --START--
INFO: Run Behavior\WriteHtmlCacheBehavior [ RunTime:0.000121s ]
INFO: [ view_filter ] --END-- [ RunTime:0.000150s ]
INFO: [ app_end ] --START--
INFO: Run Behavior\ShowPageTraceBehavior [ RunTime:0.000354s ]
INFO: [ app_end ] --END-- [ RunTime:0.000398s ]

[ 2017-10-02T16:31:12+08:00 ] 58.40.231.5 /Public/Home/img/kache_weiqi.png
INFO: [ app_init ] --START--
INFO: Run Behavior\BuildLiteBehavior [ RunTime:0.000013s ]
INFO: [ app_init ] --END-- [ RunTime:0.000259s ]

[ 2017-10-02T16:31:12+08:00 ] 58.40.231.5 /Public/Home/img/kache_weiqi.png
INFO: [ app_init ] --START--
INFO: Run Behavior\BuildLiteBehavior [ RunTime:0.000012s ]
INFO: [ app_init ] --END-- [ RunTime:0.000255s ]

[ 2017-10-02T16:55:05+08:00 ] 106.11.225.242 /
INFO: [ app_init ] --START--
INFO: Run Behavior\BuildLiteBehavior [ RunTime:0.000016s ]
INFO: [ app_init ] --END-- [ RunTime:0.000412s ]
INFO: [ app_begin ] --START--
INFO: Run Behavior\ReadHtmlCacheBehavior [ RunTime:0.000406s ]
INFO: [ app_begin ] --END-- [ RunTime:0.000448s ]
SQL: SHOW COLUMNS FROM `shenma_config` [ RunTime:0.0005s ]
SQL: SELECT `conf_value` FROM `shenma_config` WHERE ( conf_id = 3 ) LIMIT 1   [ RunTime:0.0001s ]
SQL: SELECT `conf_value` FROM `shenma_config` WHERE ( conf_id = 5 ) LIMIT 1   [ RunTime:0.0001s ]
SQL: SELECT `conf_value` FROM `shenma_config` WHERE ( conf_id = 4 ) LIMIT 1   [ RunTime:0.0001s ]
SQL: SHOW COLUMNS FROM `shenma_banner` [ RunTime:0.0003s ]
SQL: SELECT * FROM `shenma_banner` WHERE `classify` = 1 ORDER BY sort asc  [ RunTime:0.0001s ]
SQL: SHOW COLUMNS FROM `shenma_about` [ RunTime:0.0003s ]
SQL: SELECT * FROM `shenma_about` WHERE `id` = 2 LIMIT 1   [ RunTime:0.0001s ]
SQL: SHOW COLUMNS FROM `shenma_article` [ RunTime:0.0004s ]
SQL: SELECT * FROM `shenma_article` WHERE `is_top` = 1 ORDER BY newstime desc LIMIT 1   [ RunTime:0.0001s ]
SQL: SELECT * FROM `shenma_article` WHERE `is_recommend` = 1 ORDER BY newstime desc LIMIT 5   [ RunTime:0.0001s ]
SQL: SHOW COLUMNS FROM `shenma_brand` [ RunTime:0.0003s ]
SQL: SELECT * FROM `shenma_brand` WHERE `status` = 1  [ RunTime:0.0001s ]
SQL: SELECT COUNT(*) AS tp_count FROM `shenma_brand` LIMIT 1   [ RunTime:0.0001s ]
SQL: SHOW COLUMNS FROM `shenma_nav` [ RunTime:0.0003s ]
SQL: SELECT * FROM `shenma_nav`  [ RunTime:0.0001s ]
INFO: [ view_parse ] --START--
INFO: [ template_filter ] --START--
INFO: Run Behavior\ContentReplaceBehavior [ RunTime:0.000151s ]
INFO: [ template_filter ] --END-- [ RunTime:0.000207s ]
NOTIC: [8] Undefined index: titleimg /home/wwwroot/default/sm/Application/Runtime/Cache/Home/2a94b8bda04ff446dcedd42276fc99ee.php 第 267 行.
INFO: Run Behavior\ParseTemplateBehavior [ RunTime:0.014820s ]
INFO: [ view_parse ] --END-- [ RunTime:0.014872s ]
INFO: [ view_filter ] --START--
INFO: Run Behavior\WriteHtmlCacheBehavior [ RunTime:0.000136s ]
INFO: [ view_filter ] --END-- [ RunTime:0.000165s ]
INFO: [ app_end ] --START--
INFO: Run Behavior\ShowPageTraceBehavior [ RunTime:0.000387s ]
INFO: [ app_end ] --END-- [ RunTime:0.000432s ]

