[ 2017-10-11T09:53:12+08:00 ] 127.0.0.1 /
INFO: [ app_init ] --START--
INFO: Run Behavior\BuildLiteBehavior [ RunTime:0.000000s ]
INFO: [ app_init ] --END-- [ RunTime:0.002000s ]
INFO: [ app_begin ] --START--
INFO: Run Behavior\ReadHtmlCacheBehavior [ RunTime:0.001000s ]
INFO: [ app_begin ] --END-- [ RunTime:0.001000s ]
SQL: SHOW COLUMNS FROM `shenma_config` [ RunTime:0.0060s ]
SQL: SELECT `conf_value` FROM `shenma_config` WHERE ( conf_id = 3 ) LIMIT 1   [ RunTime:0.0010s ]
SQL: SELECT `conf_value` FROM `shenma_config` WHERE ( conf_id = 5 ) LIMIT 1   [ RunTime:0.0000s ]
SQL: SELECT `conf_value` FROM `shenma_config` WHERE ( conf_id = 4 ) LIMIT 1   [ RunTime:0.0010s ]
SQL: SHOW COLUMNS FROM `shenma_banner` [ RunTime:0.0040s ]
SQL: SELECT * FROM `shenma_banner` WHERE `classify` = 1 ORDER BY sort asc  [ RunTime:0.0010s ]
SQL: SHOW COLUMNS FROM `shenma_about` [ RunTime:0.0040s ]
SQL: SELECT * FROM `shenma_about` WHERE `id` = 2 LIMIT 1   [ RunTime:0.0010s ]
SQL: SHOW COLUMNS FROM `shenma_carousel` [ RunTime:0.0040s ]
SQL: SELECT * FROM `shenma_carousel` ORDER BY sort asc  [ RunTime:0.0000s ]
SQL: SHOW COLUMNS FROM `shenma_article` [ RunTime:0.0040s ]
SQL: SELECT * FROM `shenma_article` WHERE `is_top` = 1 ORDER BY newstime desc LIMIT 1   [ RunTime:0.0010s ]
SQL: SELECT * FROM `shenma_article` WHERE `is_recommend` = 1 ORDER BY newstime desc LIMIT 5   [ RunTime:0.0000s ]
SQL: SHOW COLUMNS FROM `shenma_brand` [ RunTime:0.0050s ]
SQL: SELECT * FROM `shenma_brand` WHERE `status` = 1 ORDER BY sort asc  [ RunTime:0.0010s ]
SQL: SELECT COUNT(*) AS tp_count FROM `shenma_brand` LIMIT 1   [ RunTime:0.0000s ]
SQL: SHOW COLUMNS FROM `shenma_nav` [ RunTime:0.0050s ]
SQL: SELECT * FROM `shenma_nav`  [ RunTime:0.0000s ]
INFO: [ view_parse ] --START--
INFO: [ template_filter ] --START--
INFO: Run Behavior\ContentReplaceBehavior [ RunTime:0.001000s ]
INFO: [ template_filter ] --END-- [ RunTime:0.001000s ]
NOTIC: [8] Undefined offset: 4 D:\phpStudy\WWW\shenma\Application\Runtime\Cache\Home\2a94b8bda04ff446dcedd42276fc99ee.php 第 239 行.
NOTIC: [8] Undefined offset: 4 D:\phpStudy\WWW\shenma\Application\Runtime\Cache\Home\2a94b8bda04ff446dcedd42276fc99ee.php 第 250 行.
NOTIC: [8] Undefined offset: 4 D:\phpStudy\WWW\shenma\Application\Runtime\Cache\Home\2a94b8bda04ff446dcedd42276fc99ee.php 第 250 行.
INFO: Run Behavior\ParseTemplateBehavior [ RunTime:0.023000s ]
INFO: [ view_parse ] --END-- [ RunTime:0.023000s ]
INFO: [ view_filter ] --START--
INFO: Run Behavior\WriteHtmlCacheBehavior [ RunTime:0.001000s ]
INFO: [ view_filter ] --END-- [ RunTime:0.001000s ]
INFO: [ app_end ] --START--
INFO: Run Behavior\ShowPageTraceBehavior [ RunTime:0.001000s ]
INFO: [ app_end ] --END-- [ RunTime:0.001000s ]

[ 2017-10-11T09:53:12+08:00 ] 127.0.0.1 /Public/Home/img/kache_weiqi.png
INFO: [ app_init ] --START--
INFO: Run Behavior\BuildLiteBehavior [ RunTime:0.000000s ]
INFO: [ app_init ] --END-- [ RunTime:0.000000s ]

[ 2017-10-11T09:53:13+08:00 ] 127.0.0.1 /Article/index.html
INFO: [ app_init ] --START--
INFO: Run Behavior\BuildLiteBehavior [ RunTime:0.000000s ]
INFO: [ app_init ] --END-- [ RunTime:0.000000s ]
INFO: [ app_begin ] --START--
INFO: Run Behavior\ReadHtmlCacheBehavior [ RunTime:0.001000s ]
INFO: [ app_begin ] --END-- [ RunTime:0.001000s ]
SQL: SHOW COLUMNS FROM `shenma_banner` [ RunTime:0.0030s ]
SQL: SELECT * FROM `shenma_banner` WHERE `id` = 9 LIMIT 1   [ RunTime:0.0000s ]
SQL: SELECT * FROM `shenma_banner` WHERE `classify` = 8 ORDER BY sort  [ RunTime:0.0010s ]
SQL: SHOW COLUMNS FROM `shenma_article` [ RunTime:0.0040s ]
NOTIC: [8] Undefined variable: where D:\phpStudy\WWW\shenma\Application\Home\Controller\ArticleController.class.php 第 69 行.
SQL: SELECT * FROM `shenma_article` ORDER BY article_id desc LIMIT 0,15   [ RunTime:0.0010s ]
NOTIC: [8] Undefined variable: where D:\phpStudy\WWW\shenma\Application\Home\Controller\ArticleController.class.php 第 71 行.
SQL: SELECT COUNT(*) AS tp_count FROM `shenma_article` LIMIT 1   [ RunTime:0.0000s ]
INFO: [ view_parse ] --START--
INFO: [ template_filter ] --START--
INFO: Run Behavior\ContentReplaceBehavior [ RunTime:0.001000s ]
INFO: [ template_filter ] --END-- [ RunTime:0.001000s ]
NOTIC: [8] Undefined variable: cate_id D:\phpStudy\WWW\shenma\Application\Runtime\Cache\Home\2ac6c1276904b87404ed678dbabb985c.php 第 117 行.
NOTIC: [8] Undefined variable: cate_id D:\phpStudy\WWW\shenma\Application\Runtime\Cache\Home\2ac6c1276904b87404ed678dbabb985c.php 第 118 行.
NOTIC: [8] Undefined variable: keyword D:\phpStudy\WWW\shenma\Application\Runtime\Cache\Home\2ac6c1276904b87404ed678dbabb985c.php 第 131 行.
INFO: Run Behavior\ParseTemplateBehavior [ RunTime:0.008000s ]
INFO: [ view_parse ] --END-- [ RunTime:0.008000s ]
INFO: [ view_filter ] --START--
INFO: Run Behavior\WriteHtmlCacheBehavior [ RunTime:0.001000s ]
INFO: [ view_filter ] --END-- [ RunTime:0.001000s ]
INFO: [ app_end ] --START--
INFO: Run Behavior\ShowPageTraceBehavior [ RunTime:0.000000s ]
INFO: [ app_end ] --END-- [ RunTime:0.000000s ]

[ 2017-10-11T09:53:15+08:00 ] 127.0.0.1 /Article/index/cate_id/1.html
INFO: [ app_init ] --START--
INFO: Run Behavior\BuildLiteBehavior [ RunTime:0.000000s ]
INFO: [ app_init ] --END-- [ RunTime:0.000000s ]
INFO: [ app_begin ] --START--
INFO: Run Behavior\ReadHtmlCacheBehavior [ RunTime:0.001000s ]
INFO: [ app_begin ] --END-- [ RunTime:0.001000s ]
SQL: SHOW COLUMNS FROM `shenma_banner` [ RunTime:0.0030s ]
SQL: SELECT * FROM `shenma_banner` WHERE `id` = 9 LIMIT 1   [ RunTime:0.0000s ]
SQL: SELECT * FROM `shenma_banner` WHERE `classify` = 8 ORDER BY sort  [ RunTime:0.0010s ]
SQL: SHOW COLUMNS FROM `shenma_article` [ RunTime:0.0040s ]
SQL: SELECT * FROM `shenma_article` WHERE (  `cate_id` = '1' ) ORDER BY article_id desc LIMIT 0,15   [ RunTime:0.0010s ]
SQL: SELECT COUNT(*) AS tp_count FROM `shenma_article` WHERE (  `cate_id` = '1' ) LIMIT 1   [ RunTime:0.0010s ]
INFO: [ view_parse ] --START--
INFO: [ template_filter ] --START--
INFO: Run Behavior\ContentReplaceBehavior [ RunTime:0.001000s ]
INFO: [ template_filter ] --END-- [ RunTime:0.001000s ]
NOTIC: [8] Undefined variable: keyword D:\phpStudy\WWW\shenma\Application\Runtime\Cache\Home\2ac6c1276904b87404ed678dbabb985c.php 第 131 行.
INFO: Run Behavior\ParseTemplateBehavior [ RunTime:0.008000s ]
INFO: [ view_parse ] --END-- [ RunTime:0.008000s ]
INFO: [ view_filter ] --START--
INFO: Run Behavior\WriteHtmlCacheBehavior [ RunTime:0.000000s ]
INFO: [ view_filter ] --END-- [ RunTime:0.001000s ]
INFO: [ app_end ] --START--
INFO: Run Behavior\ShowPageTraceBehavior [ RunTime:0.000000s ]
INFO: [ app_end ] --END-- [ RunTime:0.000000s ]

[ 2017-10-11T09:53:16+08:00 ] 127.0.0.1 /Article/index/cate_id/2.html
INFO: [ app_init ] --START--
INFO: Run Behavior\BuildLiteBehavior [ RunTime:0.000000s ]
INFO: [ app_init ] --END-- [ RunTime:0.000000s ]
INFO: [ app_begin ] --START--
INFO: Run Behavior\ReadHtmlCacheBehavior [ RunTime:0.000000s ]
INFO: [ app_begin ] --END-- [ RunTime:0.001000s ]
SQL: SHOW COLUMNS FROM `shenma_banner` [ RunTime:0.0030s ]
SQL: SELECT * FROM `shenma_banner` WHERE `id` = 9 LIMIT 1   [ RunTime:0.0000s ]
SQL: SELECT * FROM `shenma_banner` WHERE `classify` = 8 ORDER BY sort  [ RunTime:0.0000s ]
SQL: SHOW COLUMNS FROM `shenma_article` [ RunTime:0.0030s ]
SQL: SELECT * FROM `shenma_article` WHERE (  `cate_id` = '2' ) ORDER BY article_id desc LIMIT 0,15   [ RunTime:0.0010s ]
SQL: SELECT COUNT(*) AS tp_count FROM `shenma_article` WHERE (  `cate_id` = '2' ) LIMIT 1   [ RunTime:0.0000s ]
INFO: [ view_parse ] --START--
INFO: [ template_filter ] --START--
INFO: Run Behavior\ContentReplaceBehavior [ RunTime:0.000000s ]
INFO: [ template_filter ] --END-- [ RunTime:0.000000s ]
NOTIC: [8] Undefined variable: keyword D:\phpStudy\WWW\shenma\Application\Runtime\Cache\Home\2ac6c1276904b87404ed678dbabb985c.php 第 131 行.
INFO: Run Behavior\ParseTemplateBehavior [ RunTime:0.007000s ]
INFO: [ view_parse ] --END-- [ RunTime:0.007000s ]
INFO: [ view_filter ] --START--
INFO: Run Behavior\WriteHtmlCacheBehavior [ RunTime:0.001000s ]
INFO: [ view_filter ] --END-- [ RunTime:0.001000s ]
INFO: [ app_end ] --START--
INFO: Run Behavior\ShowPageTraceBehavior [ RunTime:0.000000s ]
INFO: [ app_end ] --END-- [ RunTime:0.000000s ]

[ 2017-10-11T09:53:18+08:00 ] 127.0.0.1 /Article/index.html
INFO: [ app_init ] --START--
INFO: Run Behavior\BuildLiteBehavior [ RunTime:0.000000s ]
INFO: [ app_init ] --END-- [ RunTime:0.001000s ]
INFO: [ app_begin ] --START--
INFO: Run Behavior\ReadHtmlCacheBehavior [ RunTime:0.000000s ]
INFO: [ app_begin ] --END-- [ RunTime:0.000000s ]
SQL: SHOW COLUMNS FROM `shenma_banner` [ RunTime:0.0030s ]
SQL: SELECT * FROM `shenma_banner` WHERE `id` = 9 LIMIT 1   [ RunTime:0.0010s ]
SQL: SELECT * FROM `shenma_banner` WHERE `classify` = 8 ORDER BY sort  [ RunTime:0.0000s ]
SQL: SHOW COLUMNS FROM `shenma_article` [ RunTime:0.0030s ]
NOTIC: [8] Undefined variable: where D:\phpStudy\WWW\shenma\Application\Home\Controller\ArticleController.class.php 第 69 行.
SQL: SELECT * FROM `shenma_article` ORDER BY article_id desc LIMIT 0,15   [ RunTime:0.0010s ]
NOTIC: [8] Undefined variable: where D:\phpStudy\WWW\shenma\Application\Home\Controller\ArticleController.class.php 第 71 行.
SQL: SELECT COUNT(*) AS tp_count FROM `shenma_article` LIMIT 1   [ RunTime:0.0000s ]
INFO: [ view_parse ] --START--
INFO: [ template_filter ] --START--
INFO: Run Behavior\ContentReplaceBehavior [ RunTime:0.000000s ]
INFO: [ template_filter ] --END-- [ RunTime:0.000000s ]
NOTIC: [8] Undefined variable: cate_id D:\phpStudy\WWW\shenma\Application\Runtime\Cache\Home\2ac6c1276904b87404ed678dbabb985c.php 第 117 行.
NOTIC: [8] Undefined variable: cate_id D:\phpStudy\WWW\shenma\Application\Runtime\Cache\Home\2ac6c1276904b87404ed678dbabb985c.php 第 118 行.
NOTIC: [8] Undefined variable: keyword D:\phpStudy\WWW\shenma\Application\Runtime\Cache\Home\2ac6c1276904b87404ed678dbabb985c.php 第 131 行.
INFO: Run Behavior\ParseTemplateBehavior [ RunTime:0.009000s ]
INFO: [ view_parse ] --END-- [ RunTime:0.009000s ]
INFO: [ view_filter ] --START--
INFO: Run Behavior\WriteHtmlCacheBehavior [ RunTime:0.000000s ]
INFO: [ view_filter ] --END-- [ RunTime:0.000000s ]
INFO: [ app_end ] --START--
INFO: Run Behavior\ShowPageTraceBehavior [ RunTime:0.001000s ]
INFO: [ app_end ] --END-- [ RunTime:0.001000s ]

[ 2017-10-11T10:10:19+08:00 ] 127.0.0.1 /Article/index.html
INFO: [ app_init ] --START--
INFO: Run Behavior\BuildLiteBehavior [ RunTime:0.000000s ]
INFO: [ app_init ] --END-- [ RunTime:0.001000s ]
INFO: [ app_begin ] --START--
INFO: Run Behavior\ReadHtmlCacheBehavior [ RunTime:0.000000s ]
INFO: [ app_begin ] --END-- [ RunTime:0.000000s ]
SQL: SHOW COLUMNS FROM `shenma_banner` [ RunTime:0.0060s ]
SQL: SELECT * FROM `shenma_banner` WHERE `id` = 9 LIMIT 1   [ RunTime:0.0010s ]
SQL: SELECT * FROM `shenma_banner` WHERE `classify` = 8 ORDER BY sort  [ RunTime:0.0000s ]
SQL: SHOW COLUMNS FROM `shenma_article` [ RunTime:0.0060s ]
SQL: SELECT * FROM `shenma_article` ORDER BY article_id desc LIMIT 0,10   [ RunTime:0.0010s ]
SQL: SELECT COUNT(*) AS tp_count FROM `shenma_article` LIMIT 1   [ RunTime:0.0010s ]
INFO: [ view_parse ] --START--
INFO: [ template_filter ] --START--
INFO: Run Behavior\ContentReplaceBehavior [ RunTime:0.000000s ]
INFO: [ template_filter ] --END-- [ RunTime:0.000000s ]
NOTIC: [8] Undefined variable: cate_id D:\phpStudy\WWW\shenma\Application\Runtime\Cache\Home\2ac6c1276904b87404ed678dbabb985c.php 第 117 行.
NOTIC: [8] Undefined variable: cate_id D:\phpStudy\WWW\shenma\Application\Runtime\Cache\Home\2ac6c1276904b87404ed678dbabb985c.php 第 118 行.
NOTIC: [8] Undefined variable: keyword D:\phpStudy\WWW\shenma\Application\Runtime\Cache\Home\2ac6c1276904b87404ed678dbabb985c.php 第 131 行.
INFO: Run Behavior\ParseTemplateBehavior [ RunTime:0.013000s ]
INFO: [ view_parse ] --END-- [ RunTime:0.013000s ]
INFO: [ view_filter ] --START--
INFO: Run Behavior\WriteHtmlCacheBehavior [ RunTime:0.001000s ]
INFO: [ view_filter ] --END-- [ RunTime:0.001000s ]
INFO: [ app_end ] --START--
INFO: Run Behavior\ShowPageTraceBehavior [ RunTime:0.001000s ]
INFO: [ app_end ] --END-- [ RunTime:0.002000s ]

[ 2017-10-11T10:10:19+08:00 ] 127.0.0.1 /Article/index.html
INFO: [ app_init ] --START--
INFO: Run Behavior\BuildLiteBehavior [ RunTime:0.000000s ]
INFO: [ app_init ] --END-- [ RunTime:0.000000s ]
INFO: [ app_begin ] --START--
INFO: Run Behavior\ReadHtmlCacheBehavior [ RunTime:0.000000s ]
INFO: [ app_begin ] --END-- [ RunTime:0.000000s ]
SQL: SHOW COLUMNS FROM `shenma_banner` [ RunTime:0.0030s ]
SQL: SELECT * FROM `shenma_banner` WHERE `id` = 9 LIMIT 1   [ RunTime:0.0010s ]
SQL: SELECT * FROM `shenma_banner` WHERE `classify` = 8 ORDER BY sort  [ RunTime:0.0000s ]
SQL: SHOW COLUMNS FROM `shenma_article` [ RunTime:0.0030s ]
SQL: SELECT * FROM `shenma_article` ORDER BY article_id desc LIMIT 0,10   [ RunTime:0.0000s ]
SQL: SELECT COUNT(*) AS tp_count FROM `shenma_article` LIMIT 1   [ RunTime:0.0000s ]
INFO: [ view_parse ] --START--
INFO: [ template_filter ] --START--
INFO: Run Behavior\ContentReplaceBehavior [ RunTime:0.000000s ]
INFO: [ template_filter ] --END-- [ RunTime:0.000000s ]
NOTIC: [8] Undefined variable: cate_id D:\phpStudy\WWW\shenma\Application\Runtime\Cache\Home\2ac6c1276904b87404ed678dbabb985c.php 第 117 行.
NOTIC: [8] Undefined variable: cate_id D:\phpStudy\WWW\shenma\Application\Runtime\Cache\Home\2ac6c1276904b87404ed678dbabb985c.php 第 118 行.
NOTIC: [8] Undefined variable: keyword D:\phpStudy\WWW\shenma\Application\Runtime\Cache\Home\2ac6c1276904b87404ed678dbabb985c.php 第 131 行.
INFO: Run Behavior\ParseTemplateBehavior [ RunTime:0.008000s ]
INFO: [ view_parse ] --END-- [ RunTime:0.008000s ]
INFO: [ view_filter ] --START--
INFO: Run Behavior\WriteHtmlCacheBehavior [ RunTime:0.000000s ]
INFO: [ view_filter ] --END-- [ RunTime:0.000000s ]
INFO: [ app_end ] --START--
INFO: Run Behavior\ShowPageTraceBehavior [ RunTime:0.001000s ]
INFO: [ app_end ] --END-- [ RunTime:0.001000s ]

[ 2017-10-11T10:10:22+08:00 ] 127.0.0.1 /Article/index.html
INFO: [ app_init ] --START--
INFO: Run Behavior\BuildLiteBehavior [ RunTime:0.000000s ]
INFO: [ app_init ] --END-- [ RunTime:0.000000s ]
INFO: [ app_begin ] --START--
INFO: Run Behavior\ReadHtmlCacheBehavior [ RunTime:0.001000s ]
INFO: [ app_begin ] --END-- [ RunTime:0.001000s ]
SQL: SHOW COLUMNS FROM `shenma_banner` [ RunTime:0.0030s ]
SQL: SELECT * FROM `shenma_banner` WHERE `id` = 9 LIMIT 1   [ RunTime:0.0000s ]
SQL: SELECT * FROM `shenma_banner` WHERE `classify` = 8 ORDER BY sort  [ RunTime:0.0000s ]
SQL: SHOW COLUMNS FROM `shenma_article` [ RunTime:0.0030s ]
SQL: SELECT * FROM `shenma_article` ORDER BY article_id desc LIMIT 0,10   [ RunTime:0.0010s ]
SQL: SELECT COUNT(*) AS tp_count FROM `shenma_article` LIMIT 1   [ RunTime:0.0000s ]
INFO: [ view_parse ] --START--
INFO: [ template_filter ] --START--
INFO: Run Behavior\ContentReplaceBehavior [ RunTime:0.000000s ]
INFO: [ template_filter ] --END-- [ RunTime:0.000000s ]
NOTIC: [8] Undefined variable: cate_id D:\phpStudy\WWW\shenma\Application\Runtime\Cache\Home\2ac6c1276904b87404ed678dbabb985c.php 第 117 行.
NOTIC: [8] Undefined variable: cate_id D:\phpStudy\WWW\shenma\Application\Runtime\Cache\Home\2ac6c1276904b87404ed678dbabb985c.php 第 118 行.
NOTIC: [8] Undefined variable: keyword D:\phpStudy\WWW\shenma\Application\Runtime\Cache\Home\2ac6c1276904b87404ed678dbabb985c.php 第 131 行.
INFO: Run Behavior\ParseTemplateBehavior [ RunTime:0.008000s ]
INFO: [ view_parse ] --END-- [ RunTime:0.008000s ]
INFO: [ view_filter ] --START--
INFO: Run Behavior\WriteHtmlCacheBehavior [ RunTime:0.000000s ]
INFO: [ view_filter ] --END-- [ RunTime:0.000000s ]
INFO: [ app_end ] --START--
INFO: Run Behavior\ShowPageTraceBehavior [ RunTime:0.001000s ]
INFO: [ app_end ] --END-- [ RunTime:0.001000s ]

[ 2017-10-11T10:10:22+08:00 ] 127.0.0.1 /Article/index.html
INFO: [ app_init ] --START--
INFO: Run Behavior\BuildLiteBehavior [ RunTime:0.000000s ]
INFO: [ app_init ] --END-- [ RunTime:0.000000s ]
INFO: [ app_begin ] --START--
INFO: Run Behavior\ReadHtmlCacheBehavior [ RunTime:0.000000s ]
INFO: [ app_begin ] --END-- [ RunTime:0.000000s ]
SQL: SHOW COLUMNS FROM `shenma_banner` [ RunTime:0.0030s ]
SQL: SELECT * FROM `shenma_banner` WHERE `id` = 9 LIMIT 1   [ RunTime:0.0010s ]
SQL: SELECT * FROM `shenma_banner` WHERE `classify` = 8 ORDER BY sort  [ RunTime:0.0000s ]
SQL: SHOW COLUMNS FROM `shenma_article` [ RunTime:0.0030s ]
SQL: SELECT * FROM `shenma_article` ORDER BY article_id desc LIMIT 0,10   [ RunTime:0.0010s ]
SQL: SELECT COUNT(*) AS tp_count FROM `shenma_article` LIMIT 1   [ RunTime:0.0000s ]
INFO: [ view_parse ] --START--
INFO: [ template_filter ] --START--
INFO: Run Behavior\ContentReplaceBehavior [ RunTime:0.000000s ]
INFO: [ template_filter ] --END-- [ RunTime:0.000000s ]
NOTIC: [8] Undefined variable: cate_id D:\phpStudy\WWW\shenma\Application\Runtime\Cache\Home\2ac6c1276904b87404ed678dbabb985c.php 第 117 行.
NOTIC: [8] Undefined variable: cate_id D:\phpStudy\WWW\shenma\Application\Runtime\Cache\Home\2ac6c1276904b87404ed678dbabb985c.php 第 118 行.
NOTIC: [8] Undefined variable: keyword D:\phpStudy\WWW\shenma\Application\Runtime\Cache\Home\2ac6c1276904b87404ed678dbabb985c.php 第 131 行.
INFO: Run Behavior\ParseTemplateBehavior [ RunTime:0.008000s ]
INFO: [ view_parse ] --END-- [ RunTime:0.008000s ]
INFO: [ view_filter ] --START--
INFO: Run Behavior\WriteHtmlCacheBehavior [ RunTime:0.001000s ]
INFO: [ view_filter ] --END-- [ RunTime:0.001000s ]
INFO: [ app_end ] --START--
INFO: Run Behavior\ShowPageTraceBehavior [ RunTime:0.000000s ]
INFO: [ app_end ] --END-- [ RunTime:0.000000s ]

[ 2017-10-11T10:10:22+08:00 ] 127.0.0.1 /Article/index.html
INFO: [ app_init ] --START--
INFO: Run Behavior\BuildLiteBehavior [ RunTime:0.000000s ]
INFO: [ app_init ] --END-- [ RunTime:0.001000s ]
INFO: [ app_begin ] --START--
INFO: Run Behavior\ReadHtmlCacheBehavior [ RunTime:0.001000s ]
INFO: [ app_begin ] --END-- [ RunTime:0.001000s ]
SQL: SHOW COLUMNS FROM `shenma_banner` [ RunTime:0.0030s ]
SQL: SELECT * FROM `shenma_banner` WHERE `id` = 9 LIMIT 1   [ RunTime:0.0020s ]
SQL: SELECT * FROM `shenma_banner` WHERE `classify` = 8 ORDER BY sort  [ RunTime:0.0010s ]
SQL: SHOW COLUMNS FROM `shenma_article` [ RunTime:0.0030s ]
SQL: SELECT * FROM `shenma_article` ORDER BY article_id desc LIMIT 0,10   [ RunTime:0.0000s ]
SQL: SELECT COUNT(*) AS tp_count FROM `shenma_article` LIMIT 1   [ RunTime:0.0000s ]
INFO: [ view_parse ] --START--
INFO: [ template_filter ] --START--
INFO: Run Behavior\ContentReplaceBehavior [ RunTime:0.000000s ]
INFO: [ template_filter ] --END-- [ RunTime:0.000000s ]
NOTIC: [8] Undefined variable: cate_id D:\phpStudy\WWW\shenma\Application\Runtime\Cache\Home\2ac6c1276904b87404ed678dbabb985c.php 第 117 行.
NOTIC: [8] Undefined variable: cate_id D:\phpStudy\WWW\shenma\Application\Runtime\Cache\Home\2ac6c1276904b87404ed678dbabb985c.php 第 118 行.
NOTIC: [8] Undefined variable: keyword D:\phpStudy\WWW\shenma\Application\Runtime\Cache\Home\2ac6c1276904b87404ed678dbabb985c.php 第 131 行.
INFO: Run Behavior\ParseTemplateBehavior [ RunTime:0.008000s ]
INFO: [ view_parse ] --END-- [ RunTime:0.008000s ]
INFO: [ view_filter ] --START--
INFO: Run Behavior\WriteHtmlCacheBehavior [ RunTime:0.001000s ]
INFO: [ view_filter ] --END-- [ RunTime:0.001000s ]
INFO: [ app_end ] --START--
INFO: Run Behavior\ShowPageTraceBehavior [ RunTime:0.001000s ]
INFO: [ app_end ] --END-- [ RunTime:0.001000s ]

[ 2017-10-11T10:10:23+08:00 ] 127.0.0.1 /Article/index.html
INFO: [ app_init ] --START--
INFO: Run Behavior\BuildLiteBehavior [ RunTime:0.000000s ]
INFO: [ app_init ] --END-- [ RunTime:0.001000s ]
INFO: [ app_begin ] --START--
INFO: Run Behavior\ReadHtmlCacheBehavior [ RunTime:0.001000s ]
INFO: [ app_begin ] --END-- [ RunTime:0.001000s ]
SQL: SHOW COLUMNS FROM `shenma_banner` [ RunTime:0.0030s ]
SQL: SELECT * FROM `shenma_banner` WHERE `id` = 9 LIMIT 1   [ RunTime:0.0000s ]
SQL: SELECT * FROM `shenma_banner` WHERE `classify` = 8 ORDER BY sort  [ RunTime:0.0010s ]
SQL: SHOW COLUMNS FROM `shenma_article` [ RunTime:0.0040s ]
SQL: SELECT * FROM `shenma_article` ORDER BY article_id desc LIMIT 0,10   [ RunTime:0.0000s ]
SQL: SELECT COUNT(*) AS tp_count FROM `shenma_article` LIMIT 1   [ RunTime:0.0000s ]
INFO: [ view_parse ] --START--
INFO: [ template_filter ] --START--
INFO: Run Behavior\ContentReplaceBehavior [ RunTime:0.000000s ]
INFO: [ template_filter ] --END-- [ RunTime:0.000000s ]
NOTIC: [8] Undefined variable: cate_id D:\phpStudy\WWW\shenma\Application\Runtime\Cache\Home\2ac6c1276904b87404ed678dbabb985c.php 第 117 行.
NOTIC: [8] Undefined variable: cate_id D:\phpStudy\WWW\shenma\Application\Runtime\Cache\Home\2ac6c1276904b87404ed678dbabb985c.php 第 118 行.
NOTIC: [8] Undefined variable: keyword D:\phpStudy\WWW\shenma\Application\Runtime\Cache\Home\2ac6c1276904b87404ed678dbabb985c.php 第 131 行.
INFO: Run Behavior\ParseTemplateBehavior [ RunTime:0.007000s ]
INFO: [ view_parse ] --END-- [ RunTime:0.007000s ]
INFO: [ view_filter ] --START--
INFO: Run Behavior\WriteHtmlCacheBehavior [ RunTime:0.001000s ]
INFO: [ view_filter ] --END-- [ RunTime:0.001000s ]
INFO: [ app_end ] --START--
INFO: Run Behavior\ShowPageTraceBehavior [ RunTime:0.001000s ]
INFO: [ app_end ] --END-- [ RunTime:0.001000s ]

[ 2017-10-11T10:10:23+08:00 ] 127.0.0.1 /Article/index.html
INFO: [ app_init ] --START--
INFO: Run Behavior\BuildLiteBehavior [ RunTime:0.000000s ]
INFO: [ app_init ] --END-- [ RunTime:0.000000s ]
INFO: [ app_begin ] --START--
INFO: Run Behavior\ReadHtmlCacheBehavior [ RunTime:0.000000s ]
INFO: [ app_begin ] --END-- [ RunTime:0.000000s ]
SQL: SHOW COLUMNS FROM `shenma_banner` [ RunTime:0.0050s ]
SQL: SELECT * FROM `shenma_banner` WHERE `id` = 9 LIMIT 1   [ RunTime:0.0010s ]
SQL: SELECT * FROM `shenma_banner` WHERE `classify` = 8 ORDER BY sort  [ RunTime:0.0010s ]
SQL: SHOW COLUMNS FROM `shenma_article` [ RunTime:0.0020s ]
SQL: SELECT * FROM `shenma_article` ORDER BY article_id desc LIMIT 0,10   [ RunTime:0.0000s ]
SQL: SELECT COUNT(*) AS tp_count FROM `shenma_article` LIMIT 1   [ RunTime:0.0010s ]
INFO: [ view_parse ] --START--
INFO: [ template_filter ] --START--
INFO: Run Behavior\ContentReplaceBehavior [ RunTime:0.000000s ]
INFO: [ template_filter ] --END-- [ RunTime:0.000000s ]
NOTIC: [8] Undefined variable: cate_id D:\phpStudy\WWW\shenma\Application\Runtime\Cache\Home\2ac6c1276904b87404ed678dbabb985c.php 第 117 行.
NOTIC: [8] Undefined variable: cate_id D:\phpStudy\WWW\shenma\Application\Runtime\Cache\Home\2ac6c1276904b87404ed678dbabb985c.php 第 118 行.
NOTIC: [8] Undefined variable: keyword D:\phpStudy\WWW\shenma\Application\Runtime\Cache\Home\2ac6c1276904b87404ed678dbabb985c.php 第 131 行.
INFO: Run Behavior\ParseTemplateBehavior [ RunTime:0.008000s ]
INFO: [ view_parse ] --END-- [ RunTime:0.008000s ]
INFO: [ view_filter ] --START--
INFO: Run Behavior\WriteHtmlCacheBehavior [ RunTime:0.001000s ]
INFO: [ view_filter ] --END-- [ RunTime:0.001000s ]
INFO: [ app_end ] --START--
INFO: Run Behavior\ShowPageTraceBehavior [ RunTime:0.000000s ]
INFO: [ app_end ] --END-- [ RunTime:0.000000s ]

[ 2017-10-11T10:10:23+08:00 ] 127.0.0.1 /Article/index.html
INFO: [ app_init ] --START--
INFO: Run Behavior\BuildLiteBehavior [ RunTime:0.000000s ]
INFO: [ app_init ] --END-- [ RunTime:0.000000s ]
INFO: [ app_begin ] --START--
INFO: Run Behavior\ReadHtmlCacheBehavior [ RunTime:0.001000s ]
INFO: [ app_begin ] --END-- [ RunTime:0.001000s ]
SQL: SHOW COLUMNS FROM `shenma_banner` [ RunTime:0.0030s ]
SQL: SELECT * FROM `shenma_banner` WHERE `id` = 9 LIMIT 1   [ RunTime:0.0000s ]
SQL: SELECT * FROM `shenma_banner` WHERE `classify` = 8 ORDER BY sort  [ RunTime:0.0010s ]
SQL: SHOW COLUMNS FROM `shenma_article` [ RunTime:0.0030s ]
SQL: SELECT * FROM `shenma_article` ORDER BY article_id desc LIMIT 0,10   [ RunTime:0.0010s ]
SQL: SELECT COUNT(*) AS tp_count FROM `shenma_article` LIMIT 1   [ RunTime:0.0000s ]
INFO: [ view_parse ] --START--
INFO: [ template_filter ] --START--
INFO: Run Behavior\ContentReplaceBehavior [ RunTime:0.000000s ]
INFO: [ template_filter ] --END-- [ RunTime:0.000000s ]
NOTIC: [8] Undefined variable: cate_id D:\phpStudy\WWW\shenma\Application\Runtime\Cache\Home\2ac6c1276904b87404ed678dbabb985c.php 第 117 行.
NOTIC: [8] Undefined variable: cate_id D:\phpStudy\WWW\shenma\Application\Runtime\Cache\Home\2ac6c1276904b87404ed678dbabb985c.php 第 118 行.
NOTIC: [8] Undefined variable: keyword D:\phpStudy\WWW\shenma\Application\Runtime\Cache\Home\2ac6c1276904b87404ed678dbabb985c.php 第 131 行.
INFO: Run Behavior\ParseTemplateBehavior [ RunTime:0.007000s ]
INFO: [ view_parse ] --END-- [ RunTime:0.007000s ]
INFO: [ view_filter ] --START--
INFO: Run Behavior\WriteHtmlCacheBehavior [ RunTime:0.000000s ]
INFO: [ view_filter ] --END-- [ RunTime:0.000000s ]
INFO: [ app_end ] --START--
INFO: Run Behavior\ShowPageTraceBehavior [ RunTime:0.001000s ]
INFO: [ app_end ] --END-- [ RunTime:0.001000s ]

[ 2017-10-11T10:10:23+08:00 ] 127.0.0.1 /Article/index.html
INFO: [ app_init ] --START--
INFO: Run Behavior\BuildLiteBehavior [ RunTime:0.000000s ]
INFO: [ app_init ] --END-- [ RunTime:0.001000s ]
INFO: [ app_begin ] --START--
INFO: Run Behavior\ReadHtmlCacheBehavior [ RunTime:0.001000s ]
INFO: [ app_begin ] --END-- [ RunTime:0.001000s ]
SQL: SHOW COLUMNS FROM `shenma_banner` [ RunTime:0.0060s ]
SQL: SELECT * FROM `shenma_banner` WHERE `id` = 9 LIMIT 1   [ RunTime:0.0000s ]
SQL: SELECT * FROM `shenma_banner` WHERE `classify` = 8 ORDER BY sort  [ RunTime:0.0010s ]
SQL: SHOW COLUMNS FROM `shenma_article` [ RunTime:0.0040s ]
SQL: SELECT * FROM `shenma_article` ORDER BY article_id desc LIMIT 0,10   [ RunTime:0.0000s ]
SQL: SELECT COUNT(*) AS tp_count FROM `shenma_article` LIMIT 1   [ RunTime:0.0000s ]
INFO: [ view_parse ] --START--
INFO: [ template_filter ] --START--
INFO: Run Behavior\ContentReplaceBehavior [ RunTime:0.000000s ]
INFO: [ template_filter ] --END-- [ RunTime:0.000000s ]
NOTIC: [8] Undefined variable: cate_id D:\phpStudy\WWW\shenma\Application\Runtime\Cache\Home\2ac6c1276904b87404ed678dbabb985c.php 第 117 行.
NOTIC: [8] Undefined variable: cate_id D:\phpStudy\WWW\shenma\Application\Runtime\Cache\Home\2ac6c1276904b87404ed678dbabb985c.php 第 118 行.
NOTIC: [8] Undefined variable: keyword D:\phpStudy\WWW\shenma\Application\Runtime\Cache\Home\2ac6c1276904b87404ed678dbabb985c.php 第 131 行.
INFO: Run Behavior\ParseTemplateBehavior [ RunTime:0.008000s ]
INFO: [ view_parse ] --END-- [ RunTime:0.008000s ]
INFO: [ view_filter ] --START--
INFO: Run Behavior\WriteHtmlCacheBehavior [ RunTime:0.000000s ]
INFO: [ view_filter ] --END-- [ RunTime:0.000000s ]
INFO: [ app_end ] --START--
INFO: Run Behavior\ShowPageTraceBehavior [ RunTime:0.000000s ]
INFO: [ app_end ] --END-- [ RunTime:0.000000s ]

[ 2017-10-11T10:10:23+08:00 ] 127.0.0.1 /Article/index.html
INFO: [ app_init ] --START--
INFO: Run Behavior\BuildLiteBehavior [ RunTime:0.000000s ]
INFO: [ app_init ] --END-- [ RunTime:0.000000s ]
INFO: [ app_begin ] --START--
INFO: Run Behavior\ReadHtmlCacheBehavior [ RunTime:0.000000s ]
INFO: [ app_begin ] --END-- [ RunTime:0.000000s ]
SQL: SHOW COLUMNS FROM `shenma_banner` [ RunTime:0.0030s ]
SQL: SELECT * FROM `shenma_banner` WHERE `id` = 9 LIMIT 1   [ RunTime:0.0000s ]
SQL: SELECT * FROM `shenma_banner` WHERE `classify` = 8 ORDER BY sort  [ RunTime:0.0000s ]
SQL: SHOW COLUMNS FROM `shenma_article` [ RunTime:0.0030s ]
SQL: SELECT * FROM `shenma_article` ORDER BY article_id desc LIMIT 0,10   [ RunTime:0.0000s ]
SQL: SELECT COUNT(*) AS tp_count FROM `shenma_article` LIMIT 1   [ RunTime:0.0000s ]
INFO: [ view_parse ] --START--
INFO: [ template_filter ] --START--
INFO: Run Behavior\ContentReplaceBehavior [ RunTime:0.000000s ]
INFO: [ template_filter ] --END-- [ RunTime:0.000000s ]
NOTIC: [8] Undefined variable: cate_id D:\phpStudy\WWW\shenma\Application\Runtime\Cache\Home\2ac6c1276904b87404ed678dbabb985c.php 第 117 行.
NOTIC: [8] Undefined variable: cate_id D:\phpStudy\WWW\shenma\Application\Runtime\Cache\Home\2ac6c1276904b87404ed678dbabb985c.php 第 118 行.
NOTIC: [8] Undefined variable: keyword D:\phpStudy\WWW\shenma\Application\Runtime\Cache\Home\2ac6c1276904b87404ed678dbabb985c.php 第 131 行.
INFO: Run Behavior\ParseTemplateBehavior [ RunTime:0.007000s ]
INFO: [ view_parse ] --END-- [ RunTime:0.007000s ]
INFO: [ view_filter ] --START--
INFO: Run Behavior\WriteHtmlCacheBehavior [ RunTime:0.000000s ]
INFO: [ view_filter ] --END-- [ RunTime:0.000000s ]
INFO: [ app_end ] --START--
INFO: Run Behavior\ShowPageTraceBehavior [ RunTime:0.001000s ]
INFO: [ app_end ] --END-- [ RunTime:0.001000s ]

[ 2017-10-11T10:10:32+08:00 ] 127.0.0.1 /favicon.ico
INFO: [ app_init ] --START--
INFO: Run Behavior\BuildLiteBehavior [ RunTime:0.000000s ]
INFO: [ app_init ] --END-- [ RunTime:0.000000s ]

[ 2017-10-11T10:10:44+08:00 ] 127.0.0.1 /Public/Admin/images/head.jpg
INFO: [ app_init ] --START--
INFO: Run Behavior\BuildLiteBehavior [ RunTime:0.000000s ]
INFO: [ app_init ] --END-- [ RunTime:0.001000s ]

[ 2017-10-11T10:10:48+08:00 ] 127.0.0.1 /Public/Admin/images/head.jpg
INFO: [ app_init ] --START--
INFO: Run Behavior\BuildLiteBehavior [ RunTime:0.000000s ]
INFO: [ app_init ] --END-- [ RunTime:0.000000s ]

[ 2017-10-11T10:10:54+08:00 ] 127.0.0.1 /Public/Admin/images/head.jpg
INFO: [ app_init ] --START--
INFO: Run Behavior\BuildLiteBehavior [ RunTime:0.000000s ]
INFO: [ app_init ] --END-- [ RunTime:0.001000s ]

[ 2017-10-11T10:12:19+08:00 ] 127.0.0.1 /Home/Index/index.html
INFO: [ app_init ] --START--
INFO: Run Behavior\BuildLiteBehavior [ RunTime:0.000000s ]
INFO: [ app_init ] --END-- [ RunTime:0.001000s ]
INFO: [ app_begin ] --START--
INFO: Run Behavior\ReadHtmlCacheBehavior [ RunTime:0.000000s ]
INFO: [ app_begin ] --END-- [ RunTime:0.001000s ]
SQL: SHOW COLUMNS FROM `shenma_config` [ RunTime:0.0030s ]
SQL: SELECT `conf_value` FROM `shenma_config` WHERE ( conf_id = 3 ) LIMIT 1   [ RunTime:0.0010s ]
SQL: SELECT `conf_value` FROM `shenma_config` WHERE ( conf_id = 5 ) LIMIT 1   [ RunTime:0.0000s ]
SQL: SELECT `conf_value` FROM `shenma_config` WHERE ( conf_id = 4 ) LIMIT 1   [ RunTime:0.0010s ]
SQL: SHOW COLUMNS FROM `shenma_banner` [ RunTime:0.0050s ]
SQL: SELECT * FROM `shenma_banner` WHERE `classify` = 1 ORDER BY sort asc  [ RunTime:0.0000s ]
SQL: SHOW COLUMNS FROM `shenma_about` [ RunTime:0.0030s ]
SQL: SELECT * FROM `shenma_about` WHERE `id` = 2 LIMIT 1   [ RunTime:0.0000s ]
SQL: SHOW COLUMNS FROM `shenma_carousel` [ RunTime:0.0030s ]
SQL: SELECT * FROM `shenma_carousel` ORDER BY sort asc  [ RunTime:0.0010s ]
SQL: SHOW COLUMNS FROM `shenma_article` [ RunTime:0.0040s ]
SQL: SELECT * FROM `shenma_article` WHERE `is_top` = 1 ORDER BY newstime desc LIMIT 1   [ RunTime:0.0000s ]
SQL: SELECT * FROM `shenma_article` WHERE `is_recommend` = 1 ORDER BY newstime desc LIMIT 5   [ RunTime:0.0010s ]
SQL: SHOW COLUMNS FROM `shenma_brand` [ RunTime:0.0040s ]
SQL: SELECT * FROM `shenma_brand` WHERE `status` = 1 ORDER BY sort asc  [ RunTime:0.0000s ]
SQL: SELECT COUNT(*) AS tp_count FROM `shenma_brand` LIMIT 1   [ RunTime:0.0000s ]
SQL: SHOW COLUMNS FROM `shenma_nav` [ RunTime:0.0040s ]
SQL: SELECT * FROM `shenma_nav`  [ RunTime:0.0000s ]
INFO: [ view_parse ] --START--
INFO: [ template_filter ] --START--
INFO: Run Behavior\ContentReplaceBehavior [ RunTime:0.000000s ]
INFO: [ template_filter ] --END-- [ RunTime:0.000000s ]
NOTIC: [8] Undefined offset: 4 D:\phpStudy\WWW\shenma\Application\Runtime\Cache\Home\2a94b8bda04ff446dcedd42276fc99ee.php 第 239 行.
NOTIC: [8] Undefined offset: 4 D:\phpStudy\WWW\shenma\Application\Runtime\Cache\Home\2a94b8bda04ff446dcedd42276fc99ee.php 第 250 行.
NOTIC: [8] Undefined offset: 4 D:\phpStudy\WWW\shenma\Application\Runtime\Cache\Home\2a94b8bda04ff446dcedd42276fc99ee.php 第 250 行.
INFO: Run Behavior\ParseTemplateBehavior [ RunTime:0.011000s ]
INFO: [ view_parse ] --END-- [ RunTime:0.011000s ]
INFO: [ view_filter ] --START--
INFO: Run Behavior\WriteHtmlCacheBehavior [ RunTime:0.001000s ]
INFO: [ view_filter ] --END-- [ RunTime:0.001000s ]
INFO: [ app_end ] --START--
INFO: Run Behavior\ShowPageTraceBehavior [ RunTime:0.000000s ]
INFO: [ app_end ] --END-- [ RunTime:0.000000s ]

[ 2017-10-11T10:12:19+08:00 ] 127.0.0.1 /Public/Home/img/kache_weiqi.png
INFO: [ app_init ] --START--
INFO: Run Behavior\BuildLiteBehavior [ RunTime:0.000000s ]
INFO: [ app_init ] --END-- [ RunTime:0.000000s ]

[ 2017-10-11T10:12:19+08:00 ] 127.0.0.1 /Public/Home/img/kache_weiqi.png
INFO: [ app_init ] --START--
INFO: Run Behavior\BuildLiteBehavior [ RunTime:0.000000s ]
INFO: [ app_init ] --END-- [ RunTime:0.001000s ]

[ 2017-10-11T10:12:20+08:00 ] 127.0.0.1 /Home/Index/index.html
INFO: [ app_init ] --START--
INFO: Run Behavior\BuildLiteBehavior [ RunTime:0.000000s ]
INFO: [ app_init ] --END-- [ RunTime:0.000000s ]
INFO: [ app_begin ] --START--
INFO: Run Behavior\ReadHtmlCacheBehavior [ RunTime:0.001000s ]
INFO: [ app_begin ] --END-- [ RunTime:0.001000s ]
SQL: SHOW COLUMNS FROM `shenma_config` [ RunTime:0.0030s ]
SQL: SELECT `conf_value` FROM `shenma_config` WHERE ( conf_id = 3 ) LIMIT 1   [ RunTime:0.0000s ]
SQL: SELECT `conf_value` FROM `shenma_config` WHERE ( conf_id = 5 ) LIMIT 1   [ RunTime:0.0000s ]
SQL: SELECT `conf_value` FROM `shenma_config` WHERE ( conf_id = 4 ) LIMIT 1   [ RunTime:0.0000s ]
SQL: SHOW COLUMNS FROM `shenma_banner` [ RunTime:0.0030s ]
SQL: SELECT * FROM `shenma_banner` WHERE `classify` = 1 ORDER BY sort asc  [ RunTime:0.0000s ]
SQL: SHOW COLUMNS FROM `shenma_about` [ RunTime:0.0030s ]
SQL: SELECT * FROM `shenma_about` WHERE `id` = 2 LIMIT 1   [ RunTime:0.0000s ]
SQL: SHOW COLUMNS FROM `shenma_carousel` [ RunTime:0.0030s ]
SQL: SELECT * FROM `shenma_carousel` ORDER BY sort asc  [ RunTime:0.0010s ]
SQL: SHOW COLUMNS FROM `shenma_article` [ RunTime:0.0040s ]
SQL: SELECT * FROM `shenma_article` WHERE `is_top` = 1 ORDER BY newstime desc LIMIT 1   [ RunTime:0.0010s ]
SQL: SELECT * FROM `shenma_article` WHERE `is_recommend` = 1 ORDER BY newstime desc LIMIT 5   [ RunTime:0.0000s ]
SQL: SHOW COLUMNS FROM `shenma_brand` [ RunTime:0.0030s ]
SQL: SELECT * FROM `shenma_brand` WHERE `status` = 1 ORDER BY sort asc  [ RunTime:0.0000s ]
SQL: SELECT COUNT(*) AS tp_count FROM `shenma_brand` LIMIT 1   [ RunTime:0.0000s ]
SQL: SHOW COLUMNS FROM `shenma_nav` [ RunTime:0.0040s ]
SQL: SELECT * FROM `shenma_nav`  [ RunTime:0.0000s ]
INFO: [ view_parse ] --START--
INFO: [ template_filter ] --START--
INFO: Run Behavior\ContentReplaceBehavior [ RunTime:0.000000s ]
INFO: [ template_filter ] --END-- [ RunTime:0.000000s ]
NOTIC: [8] Undefined offset: 4 D:\phpStudy\WWW\shenma\Application\Runtime\Cache\Home\2a94b8bda04ff446dcedd42276fc99ee.php 第 239 行.
NOTIC: [8] Undefined offset: 4 D:\phpStudy\WWW\shenma\Application\Runtime\Cache\Home\2a94b8bda04ff446dcedd42276fc99ee.php 第 250 行.
NOTIC: [8] Undefined offset: 4 D:\phpStudy\WWW\shenma\Application\Runtime\Cache\Home\2a94b8bda04ff446dcedd42276fc99ee.php 第 250 行.
INFO: Run Behavior\ParseTemplateBehavior [ RunTime:0.013000s ]
INFO: [ view_parse ] --END-- [ RunTime:0.013000s ]
INFO: [ view_filter ] --START--
INFO: Run Behavior\WriteHtmlCacheBehavior [ RunTime:0.001000s ]
INFO: [ view_filter ] --END-- [ RunTime:0.001000s ]
INFO: [ app_end ] --START--
INFO: Run Behavior\ShowPageTraceBehavior [ RunTime:0.001000s ]
INFO: [ app_end ] --END-- [ RunTime:0.001000s ]

[ 2017-10-11T10:12:20+08:00 ] 127.0.0.1 /Public/Home/img/kache_weiqi.png
INFO: [ app_init ] --START--
INFO: Run Behavior\BuildLiteBehavior [ RunTime:0.000000s ]
INFO: [ app_init ] --END-- [ RunTime:0.000000s ]

[ 2017-10-11T10:12:20+08:00 ] 127.0.0.1 /Public/Home/img/kache_weiqi.png
INFO: [ app_init ] --START--
INFO: Run Behavior\BuildLiteBehavior [ RunTime:0.000000s ]
INFO: [ app_init ] --END-- [ RunTime:0.000000s ]

[ 2017-10-11T10:12:21+08:00 ] 127.0.0.1 /Article/index.html
INFO: [ app_init ] --START--
INFO: Run Behavior\BuildLiteBehavior [ RunTime:0.000000s ]
INFO: [ app_init ] --END-- [ RunTime:0.000000s ]
INFO: [ app_begin ] --START--
INFO: Run Behavior\ReadHtmlCacheBehavior [ RunTime:0.000000s ]
INFO: [ app_begin ] --END-- [ RunTime:0.000000s ]
SQL: SHOW COLUMNS FROM `shenma_banner` [ RunTime:0.0050s ]
SQL: SELECT * FROM `shenma_banner` WHERE `id` = 9 LIMIT 1   [ RunTime:0.0000s ]
SQL: SELECT * FROM `shenma_banner` WHERE `classify` = 8 ORDER BY sort  [ RunTime:0.0000s ]
SQL: SHOW COLUMNS FROM `shenma_article` [ RunTime:0.0030s ]
SQL: SELECT * FROM `shenma_article` ORDER BY article_id desc LIMIT 0,1   [ RunTime:0.0000s ]
SQL: SELECT COUNT(*) AS tp_count FROM `shenma_article` LIMIT 1   [ RunTime:0.0000s ]
INFO: [ view_parse ] --START--
INFO: [ template_filter ] --START--
INFO: Run Behavior\ContentReplaceBehavior [ RunTime:0.000000s ]
INFO: [ template_filter ] --END-- [ RunTime:0.000000s ]
NOTIC: [8] Undefined variable: cate_id D:\phpStudy\WWW\shenma\Application\Runtime\Cache\Home\2ac6c1276904b87404ed678dbabb985c.php 第 117 行.
NOTIC: [8] Undefined variable: cate_id D:\phpStudy\WWW\shenma\Application\Runtime\Cache\Home\2ac6c1276904b87404ed678dbabb985c.php 第 118 行.
NOTIC: [8] Undefined variable: keyword D:\phpStudy\WWW\shenma\Application\Runtime\Cache\Home\2ac6c1276904b87404ed678dbabb985c.php 第 131 行.
INFO: Run Behavior\ParseTemplateBehavior [ RunTime:0.009000s ]
INFO: [ view_parse ] --END-- [ RunTime:0.009000s ]
INFO: [ view_filter ] --START--
INFO: Run Behavior\WriteHtmlCacheBehavior [ RunTime:0.000000s ]
INFO: [ view_filter ] --END-- [ RunTime:0.000000s ]
INFO: [ app_end ] --START--
INFO: Run Behavior\ShowPageTraceBehavior [ RunTime:0.001000s ]
INFO: [ app_end ] --END-- [ RunTime:0.001000s ]

[ 2017-10-11T10:12:25+08:00 ] 127.0.0.1 /Article/index.html
INFO: [ app_init ] --START--
INFO: Run Behavior\BuildLiteBehavior [ RunTime:0.000000s ]
INFO: [ app_init ] --END-- [ RunTime:0.000000s ]
INFO: [ app_begin ] --START--
INFO: Run Behavior\ReadHtmlCacheBehavior [ RunTime:0.001000s ]
INFO: [ app_begin ] --END-- [ RunTime:0.001000s ]
SQL: SHOW COLUMNS FROM `shenma_banner` [ RunTime:0.0030s ]
SQL: SELECT * FROM `shenma_banner` WHERE `id` = 9 LIMIT 1   [ RunTime:0.0000s ]
SQL: SELECT * FROM `shenma_banner` WHERE `classify` = 8 ORDER BY sort  [ RunTime:0.0010s ]
SQL: SHOW COLUMNS FROM `shenma_article` [ RunTime:0.0030s ]
SQL: SELECT * FROM `shenma_article` ORDER BY article_id desc LIMIT 0,1   [ RunTime:0.0000s ]
SQL: SELECT COUNT(*) AS tp_count FROM `shenma_article` LIMIT 1   [ RunTime:0.0010s ]
INFO: [ view_parse ] --START--
INFO: [ template_filter ] --START--
INFO: Run Behavior\ContentReplaceBehavior [ RunTime:0.000000s ]
INFO: [ template_filter ] --END-- [ RunTime:0.000000s ]
NOTIC: [8] Undefined variable: cate_id D:\phpStudy\WWW\shenma\Application\Runtime\Cache\Home\2ac6c1276904b87404ed678dbabb985c.php 第 117 行.
NOTIC: [8] Undefined variable: cate_id D:\phpStudy\WWW\shenma\Application\Runtime\Cache\Home\2ac6c1276904b87404ed678dbabb985c.php 第 118 行.
NOTIC: [8] Undefined variable: keyword D:\phpStudy\WWW\shenma\Application\Runtime\Cache\Home\2ac6c1276904b87404ed678dbabb985c.php 第 131 行.
INFO: Run Behavior\ParseTemplateBehavior [ RunTime:0.008000s ]
INFO: [ view_parse ] --END-- [ RunTime:0.008000s ]
INFO: [ view_filter ] --START--
INFO: Run Behavior\WriteHtmlCacheBehavior [ RunTime:0.000000s ]
INFO: [ view_filter ] --END-- [ RunTime:0.000000s ]
INFO: [ app_end ] --START--
INFO: Run Behavior\ShowPageTraceBehavior [ RunTime:0.001000s ]
INFO: [ app_end ] --END-- [ RunTime:0.001000s ]

[ 2017-10-11T10:12:27+08:00 ] 127.0.0.1 /Article/index.html
INFO: [ app_init ] --START--
INFO: Run Behavior\BuildLiteBehavior [ RunTime:0.000000s ]
INFO: [ app_init ] --END-- [ RunTime:0.000000s ]
INFO: [ app_begin ] --START--
INFO: Run Behavior\ReadHtmlCacheBehavior [ RunTime:0.000000s ]
INFO: [ app_begin ] --END-- [ RunTime:0.000000s ]
SQL: SHOW COLUMNS FROM `shenma_banner` [ RunTime:0.0040s ]
SQL: SELECT * FROM `shenma_banner` WHERE `id` = 9 LIMIT 1   [ RunTime:0.0000s ]
SQL: SELECT * FROM `shenma_banner` WHERE `classify` = 8 ORDER BY sort  [ RunTime:0.0010s ]
SQL: SHOW COLUMNS FROM `shenma_article` [ RunTime:0.0050s ]
SQL: SELECT * FROM `shenma_article` ORDER BY article_id desc LIMIT 0,1   [ RunTime:0.0000s ]
SQL: SELECT COUNT(*) AS tp_count FROM `shenma_article` LIMIT 1   [ RunTime:0.0000s ]
INFO: [ view_parse ] --START--
INFO: [ template_filter ] --START--
INFO: Run Behavior\ContentReplaceBehavior [ RunTime:0.001000s ]
INFO: [ template_filter ] --END-- [ RunTime:0.001000s ]
NOTIC: [8] Undefined variable: cate_id D:\phpStudy\WWW\shenma\Application\Runtime\Cache\Home\2ac6c1276904b87404ed678dbabb985c.php 第 117 行.
NOTIC: [8] Undefined variable: cate_id D:\phpStudy\WWW\shenma\Application\Runtime\Cache\Home\2ac6c1276904b87404ed678dbabb985c.php 第 118 行.
NOTIC: [8] Undefined variable: keyword D:\phpStudy\WWW\shenma\Application\Runtime\Cache\Home\2ac6c1276904b87404ed678dbabb985c.php 第 131 行.
INFO: Run Behavior\ParseTemplateBehavior [ RunTime:0.010000s ]
INFO: [ view_parse ] --END-- [ RunTime:0.010000s ]
INFO: [ view_filter ] --START--
INFO: Run Behavior\WriteHtmlCacheBehavior [ RunTime:0.000000s ]
INFO: [ view_filter ] --END-- [ RunTime:0.000000s ]
INFO: [ app_end ] --START--
INFO: Run Behavior\ShowPageTraceBehavior [ RunTime:0.000000s ]
INFO: [ app_end ] --END-- [ RunTime:0.000000s ]

[ 2017-10-11T10:12:34+08:00 ] 127.0.0.1 /Article/index.html
INFO: [ app_init ] --START--
INFO: Run Behavior\BuildLiteBehavior [ RunTime:0.000000s ]
INFO: [ app_init ] --END-- [ RunTime:0.000000s ]
INFO: [ app_begin ] --START--
INFO: Run Behavior\ReadHtmlCacheBehavior [ RunTime:0.000000s ]
INFO: [ app_begin ] --END-- [ RunTime:0.000000s ]
SQL: SHOW COLUMNS FROM `shenma_banner` [ RunTime:0.0040s ]
SQL: SELECT * FROM `shenma_banner` WHERE `id` = 9 LIMIT 1   [ RunTime:0.0000s ]
SQL: SELECT * FROM `shenma_banner` WHERE `classify` = 8 ORDER BY sort  [ RunTime:0.0010s ]
SQL: SHOW COLUMNS FROM `shenma_article` [ RunTime:0.0030s ]
SQL: SELECT * FROM `shenma_article` ORDER BY article_id desc LIMIT 0,10   [ RunTime:0.0000s ]
SQL: SELECT COUNT(*) AS tp_count FROM `shenma_article` LIMIT 1   [ RunTime:0.0000s ]
INFO: [ view_parse ] --START--
INFO: [ template_filter ] --START--
INFO: Run Behavior\ContentReplaceBehavior [ RunTime:0.000000s ]
INFO: [ template_filter ] --END-- [ RunTime:0.000000s ]
NOTIC: [8] Undefined variable: cate_id D:\phpStudy\WWW\shenma\Application\Runtime\Cache\Home\2ac6c1276904b87404ed678dbabb985c.php 第 117 行.
NOTIC: [8] Undefined variable: cate_id D:\phpStudy\WWW\shenma\Application\Runtime\Cache\Home\2ac6c1276904b87404ed678dbabb985c.php 第 118 行.
NOTIC: [8] Undefined variable: keyword D:\phpStudy\WWW\shenma\Application\Runtime\Cache\Home\2ac6c1276904b87404ed678dbabb985c.php 第 131 行.
INFO: Run Behavior\ParseTemplateBehavior [ RunTime:0.007000s ]
INFO: [ view_parse ] --END-- [ RunTime:0.007000s ]
INFO: [ view_filter ] --START--
INFO: Run Behavior\WriteHtmlCacheBehavior [ RunTime:0.000000s ]
INFO: [ view_filter ] --END-- [ RunTime:0.000000s ]
INFO: [ app_end ] --START--
INFO: Run Behavior\ShowPageTraceBehavior [ RunTime:0.001000s ]
INFO: [ app_end ] --END-- [ RunTime:0.001000s ]

[ 2017-10-11T10:12:36+08:00 ] 127.0.0.1 /Article/index.html
INFO: [ app_init ] --START--
INFO: Run Behavior\BuildLiteBehavior [ RunTime:0.000000s ]
INFO: [ app_init ] --END-- [ RunTime:0.001000s ]
INFO: [ app_begin ] --START--
INFO: Run Behavior\ReadHtmlCacheBehavior [ RunTime:0.001000s ]
INFO: [ app_begin ] --END-- [ RunTime:0.001000s ]
SQL: SHOW COLUMNS FROM `shenma_banner` [ RunTime:0.0020s ]
SQL: SELECT * FROM `shenma_banner` WHERE `id` = 9 LIMIT 1   [ RunTime:0.0000s ]
SQL: SELECT * FROM `shenma_banner` WHERE `classify` = 8 ORDER BY sort  [ RunTime:0.0010s ]
SQL: SHOW COLUMNS FROM `shenma_article` [ RunTime:0.0030s ]
SQL: SELECT * FROM `shenma_article` ORDER BY article_id desc LIMIT 0,10   [ RunTime:0.0010s ]
SQL: SELECT COUNT(*) AS tp_count FROM `shenma_article` LIMIT 1   [ RunTime:0.0010s ]
INFO: [ view_parse ] --START--
INFO: [ template_filter ] --START--
INFO: Run Behavior\ContentReplaceBehavior [ RunTime:0.000000s ]
INFO: [ template_filter ] --END-- [ RunTime:0.000000s ]
NOTIC: [8] Undefined variable: cate_id D:\phpStudy\WWW\shenma\Application\Runtime\Cache\Home\2ac6c1276904b87404ed678dbabb985c.php 第 117 行.
NOTIC: [8] Undefined variable: cate_id D:\phpStudy\WWW\shenma\Application\Runtime\Cache\Home\2ac6c1276904b87404ed678dbabb985c.php 第 118 行.
NOTIC: [8] Undefined variable: keyword D:\phpStudy\WWW\shenma\Application\Runtime\Cache\Home\2ac6c1276904b87404ed678dbabb985c.php 第 131 行.
INFO: Run Behavior\ParseTemplateBehavior [ RunTime:0.008000s ]
INFO: [ view_parse ] --END-- [ RunTime:0.008000s ]
INFO: [ view_filter ] --START--
INFO: Run Behavior\WriteHtmlCacheBehavior [ RunTime:0.000000s ]
INFO: [ view_filter ] --END-- [ RunTime:0.000000s ]
INFO: [ app_end ] --START--
INFO: Run Behavior\ShowPageTraceBehavior [ RunTime:0.001000s ]
INFO: [ app_end ] --END-- [ RunTime:0.001000s ]

[ 2017-10-11T10:12:37+08:00 ] 127.0.0.1 /Article/index.html
INFO: [ app_init ] --START--
INFO: Run Behavior\BuildLiteBehavior [ RunTime:0.000000s ]
INFO: [ app_init ] --END-- [ RunTime:0.001000s ]
INFO: [ app_begin ] --START--
INFO: Run Behavior\ReadHtmlCacheBehavior [ RunTime:0.001000s ]
INFO: [ app_begin ] --END-- [ RunTime:0.001000s ]
SQL: SHOW COLUMNS FROM `shenma_banner` [ RunTime:0.0040s ]
SQL: SELECT * FROM `shenma_banner` WHERE `id` = 9 LIMIT 1   [ RunTime:0.0010s ]
SQL: SELECT * FROM `shenma_banner` WHERE `classify` = 8 ORDER BY sort  [ RunTime:0.0000s ]
SQL: SHOW COLUMNS FROM `shenma_article` [ RunTime:0.0040s ]
SQL: SELECT * FROM `shenma_article` ORDER BY article_id desc LIMIT 0,10   [ RunTime:0.0010s ]
SQL: SELECT COUNT(*) AS tp_count FROM `shenma_article` LIMIT 1   [ RunTime:0.0010s ]
INFO: [ view_parse ] --START--
INFO: [ template_filter ] --START--
INFO: Run Behavior\ContentReplaceBehavior [ RunTime:0.000000s ]
INFO: [ template_filter ] --END-- [ RunTime:0.000000s ]
NOTIC: [8] Undefined variable: cate_id D:\phpStudy\WWW\shenma\Application\Runtime\Cache\Home\2ac6c1276904b87404ed678dbabb985c.php 第 117 行.
NOTIC: [8] Undefined variable: cate_id D:\phpStudy\WWW\shenma\Application\Runtime\Cache\Home\2ac6c1276904b87404ed678dbabb985c.php 第 118 行.
NOTIC: [8] Undefined variable: keyword D:\phpStudy\WWW\shenma\Application\Runtime\Cache\Home\2ac6c1276904b87404ed678dbabb985c.php 第 131 行.
INFO: Run Behavior\ParseTemplateBehavior [ RunTime:0.008000s ]
INFO: [ view_parse ] --END-- [ RunTime:0.008000s ]
INFO: [ view_filter ] --START--
INFO: Run Behavior\WriteHtmlCacheBehavior [ RunTime:0.000000s ]
INFO: [ view_filter ] --END-- [ RunTime:0.000000s ]
INFO: [ app_end ] --START--
INFO: Run Behavior\ShowPageTraceBehavior [ RunTime:0.001000s ]
INFO: [ app_end ] --END-- [ RunTime:0.001000s ]

[ 2017-10-11T10:12:37+08:00 ] 127.0.0.1 /Article/index.html
INFO: [ app_init ] --START--
INFO: Run Behavior\BuildLiteBehavior [ RunTime:0.000000s ]
INFO: [ app_init ] --END-- [ RunTime:0.000000s ]
INFO: [ app_begin ] --START--
INFO: Run Behavior\ReadHtmlCacheBehavior [ RunTime:0.001000s ]
INFO: [ app_begin ] --END-- [ RunTime:0.001000s ]
SQL: SHOW COLUMNS FROM `shenma_banner` [ RunTime:0.0030s ]
SQL: SELECT * FROM `shenma_banner` WHERE `id` = 9 LIMIT 1   [ RunTime:0.0010s ]
SQL: SELECT * FROM `shenma_banner` WHERE `classify` = 8 ORDER BY sort  [ RunTime:0.0000s ]
SQL: SHOW COLUMNS FROM `shenma_article` [ RunTime:0.0030s ]
SQL: SELECT * FROM `shenma_article` ORDER BY article_id desc LIMIT 0,10   [ RunTime:0.0010s ]
SQL: SELECT COUNT(*) AS tp_count FROM `shenma_article` LIMIT 1   [ RunTime:0.0000s ]
INFO: [ view_parse ] --START--
INFO: [ template_filter ] --START--
INFO: Run Behavior\ContentReplaceBehavior [ RunTime:0.000000s ]
INFO: [ template_filter ] --END-- [ RunTime:0.000000s ]
NOTIC: [8] Undefined variable: cate_id D:\phpStudy\WWW\shenma\Application\Runtime\Cache\Home\2ac6c1276904b87404ed678dbabb985c.php 第 117 行.
NOTIC: [8] Undefined variable: cate_id D:\phpStudy\WWW\shenma\Application\Runtime\Cache\Home\2ac6c1276904b87404ed678dbabb985c.php 第 118 行.
NOTIC: [8] Undefined variable: keyword D:\phpStudy\WWW\shenma\Application\Runtime\Cache\Home\2ac6c1276904b87404ed678dbabb985c.php 第 131 行.
INFO: Run Behavior\ParseTemplateBehavior [ RunTime:0.008000s ]
INFO: [ view_parse ] --END-- [ RunTime:0.008000s ]
INFO: [ view_filter ] --START--
INFO: Run Behavior\WriteHtmlCacheBehavior [ RunTime:0.000000s ]
INFO: [ view_filter ] --END-- [ RunTime:0.000000s ]
INFO: [ app_end ] --START--
INFO: Run Behavior\ShowPageTraceBehavior [ RunTime:0.001000s ]
INFO: [ app_end ] --END-- [ RunTime:0.001000s ]

[ 2017-10-11T10:12:38+08:00 ] 127.0.0.1 /Article/index.html
INFO: [ app_init ] --START--
INFO: Run Behavior\BuildLiteBehavior [ RunTime:0.000000s ]
INFO: [ app_init ] --END-- [ RunTime:0.001000s ]
INFO: [ app_begin ] --START--
INFO: Run Behavior\ReadHtmlCacheBehavior [ RunTime:0.001000s ]
INFO: [ app_begin ] --END-- [ RunTime:0.001000s ]
SQL: SHOW COLUMNS FROM `shenma_banner` [ RunTime:0.0040s ]
SQL: SELECT * FROM `shenma_banner` WHERE `id` = 9 LIMIT 1   [ RunTime:0.0010s ]
SQL: SELECT * FROM `shenma_banner` WHERE `classify` = 8 ORDER BY sort  [ RunTime:0.0010s ]
SQL: SHOW COLUMNS FROM `shenma_article` [ RunTime:0.0050s ]
SQL: SELECT * FROM `shenma_article` ORDER BY article_id desc LIMIT 0,10   [ RunTime:0.0020s ]
SQL: SELECT COUNT(*) AS tp_count FROM `shenma_article` LIMIT 1   [ RunTime:0.0000s ]
INFO: [ view_parse ] --START--
INFO: [ template_filter ] --START--
INFO: Run Behavior\ContentReplaceBehavior [ RunTime:0.000000s ]
INFO: [ template_filter ] --END-- [ RunTime:0.001000s ]
NOTIC: [8] Undefined variable: cate_id D:\phpStudy\WWW\shenma\Application\Runtime\Cache\Home\2ac6c1276904b87404ed678dbabb985c.php 第 117 行.
NOTIC: [8] Undefined variable: cate_id D:\phpStudy\WWW\shenma\Application\Runtime\Cache\Home\2ac6c1276904b87404ed678dbabb985c.php 第 118 行.
NOTIC: [8] Undefined variable: keyword D:\phpStudy\WWW\shenma\Application\Runtime\Cache\Home\2ac6c1276904b87404ed678dbabb985c.php 第 131 行.
INFO: Run Behavior\ParseTemplateBehavior [ RunTime:0.010000s ]
INFO: [ view_parse ] --END-- [ RunTime:0.010000s ]
INFO: [ view_filter ] --START--
INFO: Run Behavior\WriteHtmlCacheBehavior [ RunTime:0.001000s ]
INFO: [ view_filter ] --END-- [ RunTime:0.001000s ]
INFO: [ app_end ] --START--
INFO: Run Behavior\ShowPageTraceBehavior [ RunTime:0.001000s ]
INFO: [ app_end ] --END-- [ RunTime:0.001000s ]

[ 2017-10-11T10:12:38+08:00 ] 127.0.0.1 /Article/index.html
INFO: [ app_init ] --START--
INFO: Run Behavior\BuildLiteBehavior [ RunTime:0.000000s ]
INFO: [ app_init ] --END-- [ RunTime:0.000000s ]
INFO: [ app_begin ] --START--
INFO: Run Behavior\ReadHtmlCacheBehavior [ RunTime:0.000000s ]
INFO: [ app_begin ] --END-- [ RunTime:0.000000s ]
SQL: SHOW COLUMNS FROM `shenma_banner` [ RunTime:0.0060s ]
SQL: SELECT * FROM `shenma_banner` WHERE `id` = 9 LIMIT 1   [ RunTime:0.0000s ]
SQL: SELECT * FROM `shenma_banner` WHERE `classify` = 8 ORDER BY sort  [ RunTime:0.0000s ]
SQL: SHOW COLUMNS FROM `shenma_article` [ RunTime:0.0030s ]
SQL: SELECT * FROM `shenma_article` ORDER BY article_id desc LIMIT 0,10   [ RunTime:0.0000s ]
SQL: SELECT COUNT(*) AS tp_count FROM `shenma_article` LIMIT 1   [ RunTime:0.0010s ]
INFO: [ view_parse ] --START--
INFO: [ template_filter ] --START--
INFO: Run Behavior\ContentReplaceBehavior [ RunTime:0.000000s ]
INFO: [ template_filter ] --END-- [ RunTime:0.000000s ]
NOTIC: [8] Undefined variable: cate_id D:\phpStudy\WWW\shenma\Application\Runtime\Cache\Home\2ac6c1276904b87404ed678dbabb985c.php 第 117 行.
NOTIC: [8] Undefined variable: cate_id D:\phpStudy\WWW\shenma\Application\Runtime\Cache\Home\2ac6c1276904b87404ed678dbabb985c.php 第 118 行.
NOTIC: [8] Undefined variable: keyword D:\phpStudy\WWW\shenma\Application\Runtime\Cache\Home\2ac6c1276904b87404ed678dbabb985c.php 第 131 行.
INFO: Run Behavior\ParseTemplateBehavior [ RunTime:0.008000s ]
INFO: [ view_parse ] --END-- [ RunTime:0.008000s ]
INFO: [ view_filter ] --START--
INFO: Run Behavior\WriteHtmlCacheBehavior [ RunTime:0.001000s ]
INFO: [ view_filter ] --END-- [ RunTime:0.001000s ]
INFO: [ app_end ] --START--
INFO: Run Behavior\ShowPageTraceBehavior [ RunTime:0.000000s ]
INFO: [ app_end ] --END-- [ RunTime:0.000000s ]

[ 2017-10-11T10:12:45+08:00 ] 127.0.0.1 /Article/index.html
INFO: [ app_init ] --START--
INFO: Run Behavior\BuildLiteBehavior [ RunTime:0.000000s ]
INFO: [ app_init ] --END-- [ RunTime:0.000000s ]
INFO: [ app_begin ] --START--
INFO: Run Behavior\ReadHtmlCacheBehavior [ RunTime:0.000000s ]
INFO: [ app_begin ] --END-- [ RunTime:0.000000s ]
SQL: SHOW COLUMNS FROM `shenma_banner` [ RunTime:0.0040s ]
SQL: SELECT * FROM `shenma_banner` WHERE `id` = 9 LIMIT 1   [ RunTime:0.0010s ]
SQL: SELECT * FROM `shenma_banner` WHERE `classify` = 8 ORDER BY sort  [ RunTime:0.0000s ]
SQL: SHOW COLUMNS FROM `shenma_article` [ RunTime:0.0040s ]
SQL: SELECT * FROM `shenma_article` ORDER BY article_id desc LIMIT 0,5   [ RunTime:0.0000s ]
SQL: SELECT COUNT(*) AS tp_count FROM `shenma_article` LIMIT 1   [ RunTime:0.0010s ]
INFO: [ view_parse ] --START--
INFO: [ template_filter ] --START--
INFO: Run Behavior\ContentReplaceBehavior [ RunTime:0.000000s ]
INFO: [ template_filter ] --END-- [ RunTime:0.000000s ]
NOTIC: [8] Undefined variable: cate_id D:\phpStudy\WWW\shenma\Application\Runtime\Cache\Home\2ac6c1276904b87404ed678dbabb985c.php 第 117 行.
NOTIC: [8] Undefined variable: cate_id D:\phpStudy\WWW\shenma\Application\Runtime\Cache\Home\2ac6c1276904b87404ed678dbabb985c.php 第 118 行.
NOTIC: [8] Undefined variable: keyword D:\phpStudy\WWW\shenma\Application\Runtime\Cache\Home\2ac6c1276904b87404ed678dbabb985c.php 第 131 行.
INFO: Run Behavior\ParseTemplateBehavior [ RunTime:0.008000s ]
INFO: [ view_parse ] --END-- [ RunTime:0.008000s ]
INFO: [ view_filter ] --START--
INFO: Run Behavior\WriteHtmlCacheBehavior [ RunTime:0.001000s ]
INFO: [ view_filter ] --END-- [ RunTime:0.001000s ]
INFO: [ app_end ] --START--
INFO: Run Behavior\ShowPageTraceBehavior [ RunTime:0.000000s ]
INFO: [ app_end ] --END-- [ RunTime:0.000000s ]

[ 2017-10-11T10:12:57+08:00 ] 127.0.0.1 /Article/index.html
INFO: [ app_init ] --START--
INFO: Run Behavior\BuildLiteBehavior [ RunTime:0.000000s ]
INFO: [ app_init ] --END-- [ RunTime:0.001000s ]
INFO: [ app_begin ] --START--
INFO: Run Behavior\ReadHtmlCacheBehavior [ RunTime:0.000000s ]
INFO: [ app_begin ] --END-- [ RunTime:0.000000s ]
SQL: SHOW COLUMNS FROM `shenma_banner` [ RunTime:0.0030s ]
SQL: SELECT * FROM `shenma_banner` WHERE `id` = 9 LIMIT 1   [ RunTime:0.0010s ]
SQL: SELECT * FROM `shenma_banner` WHERE `classify` = 8 ORDER BY sort  [ RunTime:0.0000s ]
SQL: SHOW COLUMNS FROM `shenma_article` [ RunTime:0.0040s ]
SQL: SELECT * FROM `shenma_article` ORDER BY article_id desc LIMIT 0,8   [ RunTime:0.0010s ]
SQL: SELECT COUNT(*) AS tp_count FROM `shenma_article` LIMIT 1   [ RunTime:0.0000s ]
INFO: [ view_parse ] --START--
INFO: [ template_filter ] --START--
INFO: Run Behavior\ContentReplaceBehavior [ RunTime:0.000000s ]
INFO: [ template_filter ] --END-- [ RunTime:0.000000s ]
NOTIC: [8] Undefined variable: cate_id D:\phpStudy\WWW\shenma\Application\Runtime\Cache\Home\2ac6c1276904b87404ed678dbabb985c.php 第 117 行.
NOTIC: [8] Undefined variable: cate_id D:\phpStudy\WWW\shenma\Application\Runtime\Cache\Home\2ac6c1276904b87404ed678dbabb985c.php 第 118 行.
NOTIC: [8] Undefined variable: keyword D:\phpStudy\WWW\shenma\Application\Runtime\Cache\Home\2ac6c1276904b87404ed678dbabb985c.php 第 131 行.
INFO: Run Behavior\ParseTemplateBehavior [ RunTime:0.007000s ]
INFO: [ view_parse ] --END-- [ RunTime:0.007000s ]
INFO: [ view_filter ] --START--
INFO: Run Behavior\WriteHtmlCacheBehavior [ RunTime:0.000000s ]
INFO: [ view_filter ] --END-- [ RunTime:0.000000s ]
INFO: [ app_end ] --START--
INFO: Run Behavior\ShowPageTraceBehavior [ RunTime:0.001000s ]
INFO: [ app_end ] --END-- [ RunTime:0.001000s ]

[ 2017-10-11T10:13:04+08:00 ] 127.0.0.1 /Article/index.html
INFO: [ app_init ] --START--
INFO: Run Behavior\BuildLiteBehavior [ RunTime:0.000000s ]
INFO: [ app_init ] --END-- [ RunTime:0.000000s ]
INFO: [ app_begin ] --START--
INFO: Run Behavior\ReadHtmlCacheBehavior [ RunTime:0.001000s ]
INFO: [ app_begin ] --END-- [ RunTime:0.001000s ]
SQL: SHOW COLUMNS FROM `shenma_banner` [ RunTime:0.0040s ]
SQL: SELECT * FROM `shenma_banner` WHERE `id` = 9 LIMIT 1   [ RunTime:0.0010s ]
SQL: SELECT * FROM `shenma_banner` WHERE `classify` = 8 ORDER BY sort  [ RunTime:0.0010s ]
SQL: SHOW COLUMNS FROM `shenma_article` [ RunTime:0.0040s ]
SQL: SELECT * FROM `shenma_article` ORDER BY article_id desc LIMIT 0,9   [ RunTime:0.0010s ]
SQL: SELECT COUNT(*) AS tp_count FROM `shenma_article` LIMIT 1   [ RunTime:0.0000s ]
INFO: [ view_parse ] --START--
INFO: [ template_filter ] --START--
INFO: Run Behavior\ContentReplaceBehavior [ RunTime:0.000000s ]
INFO: [ template_filter ] --END-- [ RunTime:0.000000s ]
NOTIC: [8] Undefined variable: cate_id D:\phpStudy\WWW\shenma\Application\Runtime\Cache\Home\2ac6c1276904b87404ed678dbabb985c.php 第 117 行.
NOTIC: [8] Undefined variable: cate_id D:\phpStudy\WWW\shenma\Application\Runtime\Cache\Home\2ac6c1276904b87404ed678dbabb985c.php 第 118 行.
NOTIC: [8] Undefined variable: keyword D:\phpStudy\WWW\shenma\Application\Runtime\Cache\Home\2ac6c1276904b87404ed678dbabb985c.php 第 131 行.
INFO: Run Behavior\ParseTemplateBehavior [ RunTime:0.008000s ]
INFO: [ view_parse ] --END-- [ RunTime:0.008000s ]
INFO: [ view_filter ] --START--
INFO: Run Behavior\WriteHtmlCacheBehavior [ RunTime:0.001000s ]
INFO: [ view_filter ] --END-- [ RunTime:0.001000s ]
INFO: [ app_end ] --START--
INFO: Run Behavior\ShowPageTraceBehavior [ RunTime:0.001000s ]
INFO: [ app_end ] --END-- [ RunTime:0.001000s ]

[ 2017-10-11T10:13:14+08:00 ] 127.0.0.1 /Public/Admin/images/head.jpg
INFO: [ app_init ] --START--
INFO: Run Behavior\BuildLiteBehavior [ RunTime:0.000000s ]
INFO: [ app_init ] --END-- [ RunTime:0.000000s ]

[ 2017-10-11T10:50:51+08:00 ] 127.0.0.1 /
INFO: [ app_init ] --START--
INFO: Run Behavior\BuildLiteBehavior [ RunTime:0.000000s ]
INFO: [ app_init ] --END-- [ RunTime:0.000000s ]
INFO: [ app_begin ] --START--
INFO: Run Behavior\ReadHtmlCacheBehavior [ RunTime:0.001000s ]
INFO: [ app_begin ] --END-- [ RunTime:0.001000s ]
SQL: SHOW COLUMNS FROM `shenma_config` [ RunTime:0.0030s ]
SQL: SELECT `conf_value` FROM `shenma_config` WHERE ( conf_id = 3 ) LIMIT 1   [ RunTime:0.0000s ]
SQL: SELECT `conf_value` FROM `shenma_config` WHERE ( conf_id = 5 ) LIMIT 1   [ RunTime:0.0010s ]
SQL: SELECT `conf_value` FROM `shenma_config` WHERE ( conf_id = 4 ) LIMIT 1   [ RunTime:0.0000s ]
SQL: SHOW COLUMNS FROM `shenma_banner` [ RunTime:0.0030s ]
SQL: SELECT * FROM `shenma_banner` WHERE `classify` = 1 ORDER BY sort asc  [ RunTime:0.0000s ]
SQL: SHOW COLUMNS FROM `shenma_about` [ RunTime:0.0050s ]
SQL: SELECT * FROM `shenma_about` WHERE `id` = 2 LIMIT 1   [ RunTime:0.0010s ]
SQL: SHOW COLUMNS FROM `shenma_carousel` [ RunTime:0.0030s ]
SQL: SELECT * FROM `shenma_carousel` ORDER BY sort asc  [ RunTime:0.0010s ]
SQL: SHOW COLUMNS FROM `shenma_article` [ RunTime:0.0030s ]
SQL: SELECT * FROM `shenma_article` WHERE `is_top` = 1 ORDER BY newstime desc LIMIT 1   [ RunTime:0.0000s ]
SQL: SELECT * FROM `shenma_article` WHERE `is_recommend` = 1 ORDER BY newstime desc LIMIT 5   [ RunTime:0.0000s ]
SQL: SHOW COLUMNS FROM `shenma_brand` [ RunTime:0.0030s ]
SQL: SELECT * FROM `shenma_brand` WHERE `status` = 1 ORDER BY sort asc  [ RunTime:0.0010s ]
SQL: SELECT COUNT(*) AS tp_count FROM `shenma_brand` LIMIT 1   [ RunTime:0.0000s ]
SQL: SHOW COLUMNS FROM `shenma_nav` [ RunTime:0.0040s ]
SQL: SELECT * FROM `shenma_nav`  [ RunTime:0.0000s ]
INFO: [ view_parse ] --START--
INFO: [ template_filter ] --START--
INFO: Run Behavior\ContentReplaceBehavior [ RunTime:0.000000s ]
INFO: [ template_filter ] --END-- [ RunTime:0.000000s ]
NOTIC: [8] Undefined offset: 4 D:\phpStudy\WWW\shenma\Application\Runtime\Cache\Home\2a94b8bda04ff446dcedd42276fc99ee.php 第 239 行.
NOTIC: [8] Undefined offset: 4 D:\phpStudy\WWW\shenma\Application\Runtime\Cache\Home\2a94b8bda04ff446dcedd42276fc99ee.php 第 250 行.
NOTIC: [8] Undefined offset: 4 D:\phpStudy\WWW\shenma\Application\Runtime\Cache\Home\2a94b8bda04ff446dcedd42276fc99ee.php 第 250 行.
INFO: Run Behavior\ParseTemplateBehavior [ RunTime:0.013000s ]
INFO: [ view_parse ] --END-- [ RunTime:0.013000s ]
INFO: [ view_filter ] --START--
INFO: Run Behavior\WriteHtmlCacheBehavior [ RunTime:0.000000s ]
INFO: [ view_filter ] --END-- [ RunTime:0.000000s ]
INFO: [ app_end ] --START--
INFO: Run Behavior\ShowPageTraceBehavior [ RunTime:0.000000s ]
INFO: [ app_end ] --END-- [ RunTime:0.000000s ]

[ 2017-10-11T10:50:51+08:00 ] 127.0.0.1 /Public/Home/img/kache_weiqi.png
INFO: [ app_init ] --START--
INFO: Run Behavior\BuildLiteBehavior [ RunTime:0.000000s ]
INFO: [ app_init ] --END-- [ RunTime:0.001000s ]

[ 2017-10-11T10:50:51+08:00 ] 127.0.0.1 /Public/Home/img/kache_weiqi.png
INFO: [ app_init ] --START--
INFO: Run Behavior\BuildLiteBehavior [ RunTime:0.000000s ]
INFO: [ app_init ] --END-- [ RunTime:0.000000s ]

[ 2017-10-11T10:50:54+08:00 ] 127.0.0.1 /Public/Admin/images/head.jpg
INFO: [ app_init ] --START--
INFO: Run Behavior\BuildLiteBehavior [ RunTime:0.000000s ]
INFO: [ app_init ] --END-- [ RunTime:0.000000s ]

[ 2017-10-11T10:51:00+08:00 ] 127.0.0.1 /Public/Admin/images/head.jpg
INFO: [ app_init ] --START--
INFO: Run Behavior\BuildLiteBehavior [ RunTime:0.000000s ]
INFO: [ app_init ] --END-- [ RunTime:0.000000s ]

[ 2017-10-11T10:51:01+08:00 ] 127.0.0.1 /Public/Admin/images/head.jpg
INFO: [ app_init ] --START--
INFO: Run Behavior\BuildLiteBehavior [ RunTime:0.000000s ]
INFO: [ app_init ] --END-- [ RunTime:0.000000s ]

[ 2017-10-11T10:51:13+08:00 ] 127.0.0.1 /Public/Admin/images/head.jpg
INFO: [ app_init ] --START--
INFO: Run Behavior\BuildLiteBehavior [ RunTime:0.000000s ]
INFO: [ app_init ] --END-- [ RunTime:0.000000s ]

[ 2017-10-11T10:51:27+08:00 ] 127.0.0.1 /Public/Admin/images/head.jpg
INFO: [ app_init ] --START--
INFO: Run Behavior\BuildLiteBehavior [ RunTime:0.000000s ]
INFO: [ app_init ] --END-- [ RunTime:0.000000s ]

[ 2017-10-11T10:51:49+08:00 ] 127.0.0.1 /Public/Admin/images/head.jpg
INFO: [ app_init ] --START--
INFO: Run Behavior\BuildLiteBehavior [ RunTime:0.000000s ]
INFO: [ app_init ] --END-- [ RunTime:0.001000s ]

[ 2017-10-11T10:51:52+08:00 ] 127.0.0.1 /Public/Admin/images/head.jpg
INFO: [ app_init ] --START--
INFO: Run Behavior\BuildLiteBehavior [ RunTime:0.000000s ]
INFO: [ app_init ] --END-- [ RunTime:0.001000s ]

[ 2017-10-11T10:51:55+08:00 ] 127.0.0.1 /Public/Admin/images/head.jpg
INFO: [ app_init ] --START--
INFO: Run Behavior\BuildLiteBehavior [ RunTime:0.000000s ]
INFO: [ app_init ] --END-- [ RunTime:0.000000s ]

[ 2017-10-11T10:55:10+08:00 ] 127.0.0.1 /
INFO: [ app_init ] --START--
INFO: Run Behavior\BuildLiteBehavior [ RunTime:0.000000s ]
INFO: [ app_init ] --END-- [ RunTime:0.000000s ]
INFO: [ app_begin ] --START--
INFO: Run Behavior\ReadHtmlCacheBehavior [ RunTime:0.001000s ]
INFO: [ app_begin ] --END-- [ RunTime:0.001000s ]
SQL: SHOW COLUMNS FROM `shenma_config` [ RunTime:0.0040s ]
SQL: SELECT `conf_value` FROM `shenma_config` WHERE ( conf_id = 3 ) LIMIT 1   [ RunTime:0.0000s ]
SQL: SELECT `conf_value` FROM `shenma_config` WHERE ( conf_id = 5 ) LIMIT 1   [ RunTime:0.0010s ]
SQL: SELECT `conf_value` FROM `shenma_config` WHERE ( conf_id = 4 ) LIMIT 1   [ RunTime:0.0000s ]
SQL: SHOW COLUMNS FROM `shenma_banner` [ RunTime:0.0060s ]
SQL: SELECT * FROM `shenma_banner` WHERE `classify` = 1 ORDER BY sort asc  [ RunTime:0.0000s ]
SQL: SHOW COLUMNS FROM `shenma_about` [ RunTime:0.0040s ]
SQL: SELECT * FROM `shenma_about` WHERE `id` = 2 LIMIT 1   [ RunTime:0.0010s ]
SQL: SHOW COLUMNS FROM `shenma_carousel` [ RunTime:0.0040s ]
SQL: SELECT * FROM `shenma_carousel` ORDER BY sort asc  [ RunTime:0.0000s ]
SQL: SHOW COLUMNS FROM `shenma_article` [ RunTime:0.0040s ]
SQL: SELECT * FROM `shenma_article` WHERE `is_top` = 1 ORDER BY newstime desc LIMIT 1   [ RunTime:0.0010s ]
SQL: SELECT * FROM `shenma_article` WHERE `is_recommend` = 1 ORDER BY newstime desc LIMIT 5   [ RunTime:0.0000s ]
SQL: SHOW COLUMNS FROM `shenma_brand` [ RunTime:0.0040s ]
SQL: SELECT * FROM `shenma_brand` WHERE `status` = 1 ORDER BY sort asc  [ RunTime:0.0010s ]
SQL: SELECT COUNT(*) AS tp_count FROM `shenma_brand` LIMIT 1   [ RunTime:0.0000s ]
SQL: SHOW COLUMNS FROM `shenma_nav` [ RunTime:0.0040s ]
SQL: SELECT * FROM `shenma_nav`  [ RunTime:0.0010s ]
INFO: [ view_parse ] --START--
INFO: [ template_filter ] --START--
INFO: Run Behavior\ContentReplaceBehavior [ RunTime:0.000000s ]
INFO: [ template_filter ] --END-- [ RunTime:0.000000s ]
NOTIC: [8] Undefined offset: 4 D:\phpStudy\WWW\shenma\Application\Runtime\Cache\Home\2a94b8bda04ff446dcedd42276fc99ee.php 第 239 行.
NOTIC: [8] Undefined offset: 4 D:\phpStudy\WWW\shenma\Application\Runtime\Cache\Home\2a94b8bda04ff446dcedd42276fc99ee.php 第 250 行.
NOTIC: [8] Undefined offset: 4 D:\phpStudy\WWW\shenma\Application\Runtime\Cache\Home\2a94b8bda04ff446dcedd42276fc99ee.php 第 250 行.
INFO: Run Behavior\ParseTemplateBehavior [ RunTime:0.013000s ]
INFO: [ view_parse ] --END-- [ RunTime:0.013000s ]
INFO: [ view_filter ] --START--
INFO: Run Behavior\WriteHtmlCacheBehavior [ RunTime:0.001000s ]
INFO: [ view_filter ] --END-- [ RunTime:0.001000s ]
INFO: [ app_end ] --START--
INFO: Run Behavior\ShowPageTraceBehavior [ RunTime:0.000000s ]
INFO: [ app_end ] --END-- [ RunTime:0.000000s ]

[ 2017-10-11T10:55:10+08:00 ] 127.0.0.1 /Public/Home/img/kache_weiqi.png
INFO: [ app_init ] --START--
INFO: Run Behavior\BuildLiteBehavior [ RunTime:0.000000s ]
INFO: [ app_init ] --END-- [ RunTime:0.000000s ]

[ 2017-10-11T10:55:10+08:00 ] 127.0.0.1 /Public/Home/img/kache_weiqi.png
INFO: [ app_init ] --START--
INFO: Run Behavior\BuildLiteBehavior [ RunTime:0.000000s ]
INFO: [ app_init ] --END-- [ RunTime:0.001000s ]

[ 2017-10-11T10:55:11+08:00 ] 127.0.0.1 /About/index.html
INFO: [ app_init ] --START--
INFO: Run Behavior\BuildLiteBehavior [ RunTime:0.000000s ]
INFO: [ app_init ] --END-- [ RunTime:0.001000s ]
INFO: [ app_begin ] --START--
INFO: Run Behavior\ReadHtmlCacheBehavior [ RunTime:0.000000s ]
INFO: [ app_begin ] --END-- [ RunTime:0.000000s ]
SQL: SHOW COLUMNS FROM `shenma_banner` [ RunTime:0.0060s ]
SQL: SELECT * FROM `shenma_banner` WHERE `id` = 5 LIMIT 1   [ RunTime:0.0010s ]
SQL: SHOW COLUMNS FROM `shenma_about` [ RunTime:0.0050s ]
SQL: SELECT * FROM `shenma_about` WHERE `id` = 1 LIMIT 1   [ RunTime:0.0000s ]
SQL: SHOW COLUMNS FROM `shenma_develop` [ RunTime:0.0050s ]
SQL: SELECT * FROM `shenma_develop` ORDER BY newstime asc  [ RunTime:0.0000s ]
SQL: SHOW COLUMNS FROM `shenma_team` [ RunTime:0.0080s ]
SQL: SELECT * FROM `shenma_team` ORDER BY sort asc  [ RunTime:0.0010s ]
SQL: SHOW COLUMNS FROM `shenma_info` [ RunTime:0.0060s ]
SQL: SELECT * FROM `shenma_info` WHERE `id` = 1 LIMIT 1   [ RunTime:0.0000s ]
INFO: [ view_parse ] --START--
INFO: [ template_filter ] --START--
INFO: Run Behavior\ContentReplaceBehavior [ RunTime:0.000000s ]
INFO: [ template_filter ] --END-- [ RunTime:0.000000s ]
INFO: Run Behavior\ParseTemplateBehavior [ RunTime:0.008000s ]
INFO: [ view_parse ] --END-- [ RunTime:0.008000s ]
INFO: [ view_filter ] --START--
INFO: Run Behavior\WriteHtmlCacheBehavior [ RunTime:0.001000s ]
INFO: [ view_filter ] --END-- [ RunTime:0.001000s ]
INFO: [ app_end ] --START--
INFO: Run Behavior\ShowPageTraceBehavior [ RunTime:0.000000s ]
INFO: [ app_end ] --END-- [ RunTime:0.000000s ]

[ 2017-10-11T10:55:11+08:00 ] 127.0.0.1 /Public/Home/css/layout.css
INFO: [ app_init ] --START--
INFO: Run Behavior\BuildLiteBehavior [ RunTime:0.000000s ]
INFO: [ app_init ] --END-- [ RunTime:0.000000s ]
INFO: [ app_begin ] --START--
INFO: Run Behavior\ReadHtmlCacheBehavior [ RunTime:0.000000s ]
INFO: [ app_begin ] --END-- [ RunTime:0.000000s ]
ERR: 无法加载控制器:Public

[ 2017-10-11T10:55:11+08:00 ] 127.0.0.1 /Public/Home/js/jquery-ui.min.js
INFO: [ app_init ] --START--
INFO: Run Behavior\BuildLiteBehavior [ RunTime:0.000000s ]
INFO: [ app_init ] --END-- [ RunTime:0.001000s ]
INFO: [ app_begin ] --START--
INFO: Run Behavior\ReadHtmlCacheBehavior [ RunTime:0.000000s ]
INFO: [ app_begin ] --END-- [ RunTime:0.000000s ]
ERR: 无法加载控制器:Public

[ 2017-10-11T10:55:11+08:00 ] 127.0.0.1 /Public/Home/js/timeline.js
INFO: [ app_init ] --START--
INFO: Run Behavior\BuildLiteBehavior [ RunTime:0.000000s ]
INFO: [ app_init ] --END-- [ RunTime:0.001000s ]
INFO: [ app_begin ] --START--
INFO: Run Behavior\ReadHtmlCacheBehavior [ RunTime:0.001000s ]
INFO: [ app_begin ] --END-- [ RunTime:0.001000s ]
ERR: 无法加载控制器:Public

[ 2017-10-11T10:56:39+08:00 ] 127.0.0.1 /About/index.html
INFO: [ app_init ] --START--
INFO: Run Behavior\BuildLiteBehavior [ RunTime:0.000000s ]
INFO: [ app_init ] --END-- [ RunTime:0.001000s ]
INFO: [ app_begin ] --START--
INFO: Run Behavior\ReadHtmlCacheBehavior [ RunTime:0.000000s ]
INFO: [ app_begin ] --END-- [ RunTime:0.000000s ]
SQL: SHOW COLUMNS FROM `shenma_banner` [ RunTime:0.0050s ]
SQL: SELECT * FROM `shenma_banner` WHERE `id` = 5 LIMIT 1   [ RunTime:0.0000s ]
SQL: SHOW COLUMNS FROM `shenma_about` [ RunTime:0.0040s ]
SQL: SELECT * FROM `shenma_about` WHERE `id` = 1 LIMIT 1   [ RunTime:0.0010s ]
SQL: SHOW COLUMNS FROM `shenma_develop` [ RunTime:0.0030s ]
SQL: SELECT * FROM `shenma_develop` ORDER BY newstime asc  [ RunTime:0.0010s ]
SQL: SHOW COLUMNS FROM `shenma_team` [ RunTime:0.0030s ]
SQL: SELECT * FROM `shenma_team` ORDER BY sort asc  [ RunTime:0.0000s ]
SQL: SHOW COLUMNS FROM `shenma_info` [ RunTime:0.0050s ]
SQL: SELECT * FROM `shenma_info` WHERE `id` = 1 LIMIT 1   [ RunTime:0.0000s ]
INFO: [ view_parse ] --START--
INFO: [ template_filter ] --START--
INFO: Run Behavior\ContentReplaceBehavior [ RunTime:0.000000s ]
INFO: [ template_filter ] --END-- [ RunTime:0.000000s ]
INFO: Run Behavior\ParseTemplateBehavior [ RunTime:0.007000s ]
INFO: [ view_parse ] --END-- [ RunTime:0.007000s ]
INFO: [ view_filter ] --START--
INFO: Run Behavior\WriteHtmlCacheBehavior [ RunTime:0.000000s ]
INFO: [ view_filter ] --END-- [ RunTime:0.000000s ]
INFO: [ app_end ] --START--
INFO: Run Behavior\ShowPageTraceBehavior [ RunTime:0.001000s ]
INFO: [ app_end ] --END-- [ RunTime:0.001000s ]

[ 2017-10-11T10:59:38+08:00 ] 127.0.0.1 /About/index.html
INFO: [ app_init ] --START--
INFO: Run Behavior\BuildLiteBehavior [ RunTime:0.000000s ]
INFO: [ app_init ] --END-- [ RunTime:0.000000s ]
INFO: [ app_begin ] --START--
INFO: Run Behavior\ReadHtmlCacheBehavior [ RunTime:0.000000s ]
INFO: [ app_begin ] --END-- [ RunTime:0.000000s ]
SQL: SHOW COLUMNS FROM `shenma_banner` [ RunTime:0.0040s ]
SQL: SELECT * FROM `shenma_banner` WHERE `id` = 5 LIMIT 1   [ RunTime:0.0010s ]
SQL: SHOW COLUMNS FROM `shenma_about` [ RunTime:0.0050s ]
SQL: SELECT * FROM `shenma_about` WHERE `id` = 1 LIMIT 1   [ RunTime:0.0000s ]
SQL: SHOW COLUMNS FROM `shenma_develop` [ RunTime:0.0030s ]
SQL: SELECT * FROM `shenma_develop` ORDER BY newstime asc  [ RunTime:0.0010s ]
SQL: SHOW COLUMNS FROM `shenma_team` [ RunTime:0.0040s ]
SQL: SELECT * FROM `shenma_team` ORDER BY sort asc  [ RunTime:0.0000s ]
SQL: SHOW COLUMNS FROM `shenma_info` [ RunTime:0.0040s ]
SQL: SELECT * FROM `shenma_info` WHERE `id` = 1 LIMIT 1   [ RunTime:0.0000s ]
INFO: [ view_parse ] --START--
INFO: [ template_filter ] --START--
INFO: Run Behavior\ContentReplaceBehavior [ RunTime:0.000000s ]
INFO: [ template_filter ] --END-- [ RunTime:0.000000s ]
INFO: Run Behavior\ParseTemplateBehavior [ RunTime:0.009000s ]
INFO: [ view_parse ] --END-- [ RunTime:0.009000s ]
INFO: [ view_filter ] --START--
INFO: Run Behavior\WriteHtmlCacheBehavior [ RunTime:0.000000s ]
INFO: [ view_filter ] --END-- [ RunTime:0.000000s ]
INFO: [ app_end ] --START--
INFO: Run Behavior\ShowPageTraceBehavior [ RunTime:0.000000s ]
INFO: [ app_end ] --END-- [ RunTime:0.000000s ]

[ 2017-10-11T10:59:40+08:00 ] 127.0.0.1 /About/index.html
INFO: [ app_init ] --START--
INFO: Run Behavior\BuildLiteBehavior [ RunTime:0.000000s ]
INFO: [ app_init ] --END-- [ RunTime:0.000000s ]
INFO: [ app_begin ] --START--
INFO: Run Behavior\ReadHtmlCacheBehavior [ RunTime:0.001000s ]
INFO: [ app_begin ] --END-- [ RunTime:0.001000s ]
SQL: SHOW COLUMNS FROM `shenma_banner` [ RunTime:0.0090s ]
SQL: SELECT * FROM `shenma_banner` WHERE `id` = 5 LIMIT 1   [ RunTime:0.0000s ]
SQL: SHOW COLUMNS FROM `shenma_about` [ RunTime:0.0030s ]
SQL: SELECT * FROM `shenma_about` WHERE `id` = 1 LIMIT 1   [ RunTime:0.0010s ]
SQL: SHOW COLUMNS FROM `shenma_develop` [ RunTime:0.0050s ]
SQL: SELECT * FROM `shenma_develop` ORDER BY newstime asc  [ RunTime:0.0000s ]
SQL: SHOW COLUMNS FROM `shenma_team` [ RunTime:0.0030s ]
SQL: SELECT * FROM `shenma_team` ORDER BY sort asc  [ RunTime:0.0010s ]
SQL: SHOW COLUMNS FROM `shenma_info` [ RunTime:0.0040s ]
SQL: SELECT * FROM `shenma_info` WHERE `id` = 1 LIMIT 1   [ RunTime:0.0000s ]
INFO: [ view_parse ] --START--
INFO: [ template_filter ] --START--
INFO: Run Behavior\ContentReplaceBehavior [ RunTime:0.000000s ]
INFO: [ template_filter ] --END-- [ RunTime:0.000000s ]
INFO: Run Behavior\ParseTemplateBehavior [ RunTime:0.010000s ]
INFO: [ view_parse ] --END-- [ RunTime:0.010000s ]
INFO: [ view_filter ] --START--
INFO: Run Behavior\WriteHtmlCacheBehavior [ RunTime:0.001000s ]
INFO: [ view_filter ] --END-- [ RunTime:0.001000s ]
INFO: [ app_end ] --START--
INFO: Run Behavior\ShowPageTraceBehavior [ RunTime:0.000000s ]
INFO: [ app_end ] --END-- [ RunTime:0.000000s ]

[ 2017-10-11T10:59:41+08:00 ] 127.0.0.1 /About/index.html
INFO: [ app_init ] --START--
INFO: Run Behavior\BuildLiteBehavior [ RunTime:0.000000s ]
INFO: [ app_init ] --END-- [ RunTime:0.000000s ]
INFO: [ app_begin ] --START--
INFO: Run Behavior\ReadHtmlCacheBehavior [ RunTime:0.000000s ]
INFO: [ app_begin ] --END-- [ RunTime:0.001000s ]
SQL: SHOW COLUMNS FROM `shenma_banner` [ RunTime:0.0040s ]
SQL: SELECT * FROM `shenma_banner` WHERE `id` = 5 LIMIT 1   [ RunTime:0.0000s ]
SQL: SHOW COLUMNS FROM `shenma_about` [ RunTime:0.0030s ]
SQL: SELECT * FROM `shenma_about` WHERE `id` = 1 LIMIT 1   [ RunTime:0.0010s ]
SQL: SHOW COLUMNS FROM `shenma_develop` [ RunTime:0.0040s ]
SQL: SELECT * FROM `shenma_develop` ORDER BY newstime asc  [ RunTime:0.0000s ]
SQL: SHOW COLUMNS FROM `shenma_team` [ RunTime:0.0040s ]
SQL: SELECT * FROM `shenma_team` ORDER BY sort asc  [ RunTime:0.0000s ]
SQL: SHOW COLUMNS FROM `shenma_info` [ RunTime:0.0050s ]
SQL: SELECT * FROM `shenma_info` WHERE `id` = 1 LIMIT 1   [ RunTime:0.0000s ]
INFO: [ view_parse ] --START--
INFO: [ template_filter ] --START--
INFO: Run Behavior\ContentReplaceBehavior [ RunTime:0.000000s ]
INFO: [ template_filter ] --END-- [ RunTime:0.001000s ]
INFO: Run Behavior\ParseTemplateBehavior [ RunTime:0.009000s ]
INFO: [ view_parse ] --END-- [ RunTime:0.009000s ]
INFO: [ view_filter ] --START--
INFO: Run Behavior\WriteHtmlCacheBehavior [ RunTime:0.001000s ]
INFO: [ view_filter ] --END-- [ RunTime:0.001000s ]
INFO: [ app_end ] --START--
INFO: Run Behavior\ShowPageTraceBehavior [ RunTime:0.000000s ]
INFO: [ app_end ] --END-- [ RunTime:0.001000s ]

[ 2017-10-11T11:00:50+08:00 ] 127.0.0.1 /About/index.html
INFO: [ app_init ] --START--
INFO: Run Behavior\BuildLiteBehavior [ RunTime:0.000000s ]
INFO: [ app_init ] --END-- [ RunTime:0.001000s ]
INFO: [ app_begin ] --START--
INFO: Run Behavior\ReadHtmlCacheBehavior [ RunTime:0.000000s ]
INFO: [ app_begin ] --END-- [ RunTime:0.000000s ]
SQL: SHOW COLUMNS FROM `shenma_banner` [ RunTime:0.0030s ]
SQL: SELECT * FROM `shenma_banner` WHERE `id` = 5 LIMIT 1   [ RunTime:0.0010s ]
SQL: SHOW COLUMNS FROM `shenma_about` [ RunTime:0.0040s ]
SQL: SELECT * FROM `shenma_about` WHERE `id` = 1 LIMIT 1   [ RunTime:0.0000s ]
SQL: SHOW COLUMNS FROM `shenma_develop` [ RunTime:0.0040s ]
SQL: SELECT * FROM `shenma_develop` ORDER BY newstime asc  [ RunTime:0.0010s ]
SQL: SHOW COLUMNS FROM `shenma_team` [ RunTime:0.0050s ]
SQL: SELECT * FROM `shenma_team` ORDER BY sort asc  [ RunTime:0.0000s ]
SQL: SHOW COLUMNS FROM `shenma_info` [ RunTime:0.0060s ]
SQL: SELECT * FROM `shenma_info` WHERE `id` = 1 LIMIT 1   [ RunTime:0.0010s ]
INFO: [ view_parse ] --START--
INFO: [ template_filter ] --START--
INFO: Run Behavior\ContentReplaceBehavior [ RunTime:0.000000s ]
INFO: [ template_filter ] --END-- [ RunTime:0.000000s ]
INFO: Run Behavior\ParseTemplateBehavior [ RunTime:0.008000s ]
INFO: [ view_parse ] --END-- [ RunTime:0.008000s ]
INFO: [ view_filter ] --START--
INFO: Run Behavior\WriteHtmlCacheBehavior [ RunTime:0.000000s ]
INFO: [ view_filter ] --END-- [ RunTime:0.000000s ]
INFO: [ app_end ] --START--
INFO: Run Behavior\ShowPageTraceBehavior [ RunTime:0.001000s ]
INFO: [ app_end ] --END-- [ RunTime:0.001000s ]

[ 2017-10-11T11:01:47+08:00 ] 127.0.0.1 /About/index.html
INFO: [ app_init ] --START--
INFO: Run Behavior\BuildLiteBehavior [ RunTime:0.000000s ]
INFO: [ app_init ] --END-- [ RunTime:0.001000s ]
INFO: [ app_begin ] --START--
INFO: Run Behavior\ReadHtmlCacheBehavior [ RunTime:0.001000s ]
INFO: [ app_begin ] --END-- [ RunTime:0.001000s ]
SQL: SHOW COLUMNS FROM `shenma_banner` [ RunTime:0.0060s ]
SQL: SELECT * FROM `shenma_banner` WHERE `id` = 5 LIMIT 1   [ RunTime:0.0000s ]
SQL: SHOW COLUMNS FROM `shenma_about` [ RunTime:0.0030s ]
SQL: SELECT * FROM `shenma_about` WHERE `id` = 1 LIMIT 1   [ RunTime:0.0000s ]
SQL: SHOW COLUMNS FROM `shenma_develop` [ RunTime:0.0040s ]
SQL: SELECT * FROM `shenma_develop` ORDER BY newstime asc  [ RunTime:0.0000s ]
SQL: SHOW COLUMNS FROM `shenma_team` [ RunTime:0.0040s ]
SQL: SELECT * FROM `shenma_team` ORDER BY sort asc  [ RunTime:0.0000s ]
SQL: SHOW COLUMNS FROM `shenma_info` [ RunTime:0.0040s ]
SQL: SELECT * FROM `shenma_info` WHERE `id` = 1 LIMIT 1   [ RunTime:0.0000s ]
INFO: [ view_parse ] --START--
INFO: [ template_filter ] --START--
INFO: Run Behavior\ContentReplaceBehavior [ RunTime:0.000000s ]
INFO: [ template_filter ] --END-- [ RunTime:0.000000s ]
INFO: Run Behavior\ParseTemplateBehavior [ RunTime:0.009000s ]
INFO: [ view_parse ] --END-- [ RunTime:0.009000s ]
INFO: [ view_filter ] --START--
INFO: Run Behavior\WriteHtmlCacheBehavior [ RunTime:0.000000s ]
INFO: [ view_filter ] --END-- [ RunTime:0.000000s ]
INFO: [ app_end ] --START--
INFO: Run Behavior\ShowPageTraceBehavior [ RunTime:0.001000s ]
INFO: [ app_end ] --END-- [ RunTime:0.001000s ]

[ 2017-10-11T11:10:04+08:00 ] 127.0.0.1 /About/index.html
INFO: [ app_init ] --START--
INFO: Run Behavior\BuildLiteBehavior [ RunTime:0.000000s ]
INFO: [ app_init ] --END-- [ RunTime:0.000000s ]
INFO: [ app_begin ] --START--
INFO: Run Behavior\ReadHtmlCacheBehavior [ RunTime:0.001000s ]
INFO: [ app_begin ] --END-- [ RunTime:0.001000s ]
SQL: SHOW COLUMNS FROM `shenma_banner` [ RunTime:0.0050s ]
SQL: SELECT * FROM `shenma_banner` WHERE `id` = 5 LIMIT 1   [ RunTime:0.0010s ]
SQL: SHOW COLUMNS FROM `shenma_about` [ RunTime:0.0050s ]
SQL: SELECT * FROM `shenma_about` WHERE `id` = 1 LIMIT 1   [ RunTime:0.0000s ]
SQL: SHOW COLUMNS FROM `shenma_develop` [ RunTime:0.0050s ]
SQL: SELECT * FROM `shenma_develop` ORDER BY newstime asc  [ RunTime:0.0000s ]
SQL: SHOW COLUMNS FROM `shenma_team` [ RunTime:0.0070s ]
SQL: SELECT * FROM `shenma_team` ORDER BY sort asc  [ RunTime:0.0010s ]
SQL: SHOW COLUMNS FROM `shenma_info` [ RunTime:0.0030s ]
SQL: SELECT * FROM `shenma_info` WHERE `id` = 1 LIMIT 1   [ RunTime:0.0010s ]
INFO: [ view_parse ] --START--
INFO: [ template_filter ] --START--
INFO: Run Behavior\ContentReplaceBehavior [ RunTime:0.000000s ]
INFO: [ template_filter ] --END-- [ RunTime:0.000000s ]
INFO: Run Behavior\ParseTemplateBehavior [ RunTime:0.007000s ]
INFO: [ view_parse ] --END-- [ RunTime:0.007000s ]
INFO: [ view_filter ] --START--
INFO: Run Behavior\WriteHtmlCacheBehavior [ RunTime:0.001000s ]
INFO: [ view_filter ] --END-- [ RunTime:0.001000s ]
INFO: [ app_end ] --START--
INFO: Run Behavior\ShowPageTraceBehavior [ RunTime:0.001000s ]
INFO: [ app_end ] --END-- [ RunTime:0.001000s ]

[ 2017-10-11T11:10:05+08:00 ] 127.0.0.1 /About/index.html
INFO: [ app_init ] --START--
INFO: Run Behavior\BuildLiteBehavior [ RunTime:0.000000s ]
INFO: [ app_init ] --END-- [ RunTime:0.000000s ]
INFO: [ app_begin ] --START--
INFO: Run Behavior\ReadHtmlCacheBehavior [ RunTime:0.000000s ]
INFO: [ app_begin ] --END-- [ RunTime:0.000000s ]
SQL: SHOW COLUMNS FROM `shenma_banner` [ RunTime:0.0040s ]
SQL: SELECT * FROM `shenma_banner` WHERE `id` = 5 LIMIT 1   [ RunTime:0.0010s ]
SQL: SHOW COLUMNS FROM `shenma_about` [ RunTime:0.0040s ]
SQL: SELECT * FROM `shenma_about` WHERE `id` = 1 LIMIT 1   [ RunTime:0.0010s ]
SQL: SHOW COLUMNS FROM `shenma_develop` [ RunTime:0.0040s ]
SQL: SELECT * FROM `shenma_develop` ORDER BY newstime asc  [ RunTime:0.0010s ]
SQL: SHOW COLUMNS FROM `shenma_team` [ RunTime:0.0040s ]
SQL: SELECT * FROM `shenma_team` ORDER BY sort asc  [ RunTime:0.0000s ]
SQL: SHOW COLUMNS FROM `shenma_info` [ RunTime:0.0040s ]
SQL: SELECT * FROM `shenma_info` WHERE `id` = 1 LIMIT 1   [ RunTime:0.0010s ]
INFO: [ view_parse ] --START--
INFO: [ template_filter ] --START--
INFO: Run Behavior\ContentReplaceBehavior [ RunTime:0.000000s ]
INFO: [ template_filter ] --END-- [ RunTime:0.000000s ]
INFO: Run Behavior\ParseTemplateBehavior [ RunTime:0.008000s ]
INFO: [ view_parse ] --END-- [ RunTime:0.009000s ]
INFO: [ view_filter ] --START--
INFO: Run Behavior\WriteHtmlCacheBehavior [ RunTime:0.000000s ]
INFO: [ view_filter ] --END-- [ RunTime:0.000000s ]
INFO: [ app_end ] --START--
INFO: Run Behavior\ShowPageTraceBehavior [ RunTime:0.001000s ]
INFO: [ app_end ] --END-- [ RunTime:0.001000s ]

[ 2017-10-11T11:10:05+08:00 ] 127.0.0.1 /About/index.html
INFO: [ app_init ] --START--
INFO: Run Behavior\BuildLiteBehavior [ RunTime:0.000000s ]
INFO: [ app_init ] --END-- [ RunTime:0.016600s ]
INFO: [ app_begin ] --START--
INFO: Run Behavior\ReadHtmlCacheBehavior [ RunTime:0.001000s ]
INFO: [ app_begin ] --END-- [ RunTime:0.001000s ]
SQL: SHOW COLUMNS FROM `shenma_banner` [ RunTime:0.0030s ]
SQL: SELECT * FROM `shenma_banner` WHERE `id` = 5 LIMIT 1   [ RunTime:0.0000s ]
SQL: SHOW COLUMNS FROM `shenma_about` [ RunTime:0.0040s ]
SQL: SELECT * FROM `shenma_about` WHERE `id` = 1 LIMIT 1   [ RunTime:0.0000s ]
SQL: SHOW COLUMNS FROM `shenma_develop` [ RunTime:0.0040s ]
SQL: SELECT * FROM `shenma_develop` ORDER BY newstime asc  [ RunTime:0.0000s ]
SQL: SHOW COLUMNS FROM `shenma_team` [ RunTime:0.0030s ]
SQL: SELECT * FROM `shenma_team` ORDER BY sort asc  [ RunTime:0.0010s ]
SQL: SHOW COLUMNS FROM `shenma_info` [ RunTime:0.0030s ]
SQL: SELECT * FROM `shenma_info` WHERE `id` = 1 LIMIT 1   [ RunTime:0.0000s ]
INFO: [ view_parse ] --START--
INFO: [ template_filter ] --START--
INFO: Run Behavior\ContentReplaceBehavior [ RunTime:0.000000s ]
INFO: [ template_filter ] --END-- [ RunTime:0.000000s ]
INFO: Run Behavior\ParseTemplateBehavior [ RunTime:0.008000s ]
INFO: [ view_parse ] --END-- [ RunTime:0.008000s ]
INFO: [ view_filter ] --START--
INFO: Run Behavior\WriteHtmlCacheBehavior [ RunTime:0.000000s ]
INFO: [ view_filter ] --END-- [ RunTime:0.000000s ]
INFO: [ app_end ] --START--
INFO: Run Behavior\ShowPageTraceBehavior [ RunTime:0.001000s ]
INFO: [ app_end ] --END-- [ RunTime:0.001000s ]

[ 2017-10-11T11:10:06+08:00 ] 127.0.0.1 /About/index.html
INFO: [ app_init ] --START--
INFO: Run Behavior\BuildLiteBehavior [ RunTime:0.000000s ]
INFO: [ app_init ] --END-- [ RunTime:0.001000s ]
INFO: [ app_begin ] --START--
INFO: Run Behavior\ReadHtmlCacheBehavior [ RunTime:0.001000s ]
INFO: [ app_begin ] --END-- [ RunTime:0.001000s ]
SQL: SHOW COLUMNS FROM `shenma_banner` [ RunTime:0.0040s ]
SQL: SELECT * FROM `shenma_banner` WHERE `id` = 5 LIMIT 1   [ RunTime:0.0000s ]
SQL: SHOW COLUMNS FROM `shenma_about` [ RunTime:0.0040s ]
SQL: SELECT * FROM `shenma_about` WHERE `id` = 1 LIMIT 1   [ RunTime:0.0000s ]
SQL: SHOW COLUMNS FROM `shenma_develop` [ RunTime:0.0040s ]
SQL: SELECT * FROM `shenma_develop` ORDER BY newstime asc  [ RunTime:0.0010s ]
SQL: SHOW COLUMNS FROM `shenma_team` [ RunTime:0.0030s ]
SQL: SELECT * FROM `shenma_team` ORDER BY sort asc  [ RunTime:0.0000s ]
SQL: SHOW COLUMNS FROM `shenma_info` [ RunTime:0.0040s ]
SQL: SELECT * FROM `shenma_info` WHERE `id` = 1 LIMIT 1   [ RunTime:0.0000s ]
INFO: [ view_parse ] --START--
INFO: [ template_filter ] --START--
INFO: Run Behavior\ContentReplaceBehavior [ RunTime:0.000000s ]
INFO: [ template_filter ] --END-- [ RunTime:0.000000s ]
INFO: Run Behavior\ParseTemplateBehavior [ RunTime:0.008000s ]
INFO: [ view_parse ] --END-- [ RunTime:0.008000s ]
INFO: [ view_filter ] --START--
INFO: Run Behavior\WriteHtmlCacheBehavior [ RunTime:0.000000s ]
INFO: [ view_filter ] --END-- [ RunTime:0.000000s ]
INFO: [ app_end ] --START--
INFO: Run Behavior\ShowPageTraceBehavior [ RunTime:0.001000s ]
INFO: [ app_end ] --END-- [ RunTime:0.001000s ]

[ 2017-10-11T11:10:06+08:00 ] 127.0.0.1 /About/index.html
INFO: [ app_init ] --START--
INFO: Run Behavior\BuildLiteBehavior [ RunTime:0.000000s ]
INFO: [ app_init ] --END-- [ RunTime:0.001000s ]
INFO: [ app_begin ] --START--
INFO: Run Behavior\ReadHtmlCacheBehavior [ RunTime:0.000000s ]
INFO: [ app_begin ] --END-- [ RunTime:0.000000s ]
SQL: SHOW COLUMNS FROM `shenma_banner` [ RunTime:0.0040s ]
SQL: SELECT * FROM `shenma_banner` WHERE `id` = 5 LIMIT 1   [ RunTime:0.0010s ]
SQL: SHOW COLUMNS FROM `shenma_about` [ RunTime:0.0030s ]
SQL: SELECT * FROM `shenma_about` WHERE `id` = 1 LIMIT 1   [ RunTime:0.0010s ]
SQL: SHOW COLUMNS FROM `shenma_develop` [ RunTime:0.0040s ]
SQL: SELECT * FROM `shenma_develop` ORDER BY newstime asc  [ RunTime:0.0000s ]
SQL: SHOW COLUMNS FROM `shenma_team` [ RunTime:0.0050s ]
SQL: SELECT * FROM `shenma_team` ORDER BY sort asc  [ RunTime:0.0000s ]
SQL: SHOW COLUMNS FROM `shenma_info` [ RunTime:0.0040s ]
SQL: SELECT * FROM `shenma_info` WHERE `id` = 1 LIMIT 1   [ RunTime:0.0000s ]
INFO: [ view_parse ] --START--
INFO: [ template_filter ] --START--
INFO: Run Behavior\ContentReplaceBehavior [ RunTime:0.000000s ]
INFO: [ template_filter ] --END-- [ RunTime:0.000000s ]
INFO: Run Behavior\ParseTemplateBehavior [ RunTime:0.008000s ]
INFO: [ view_parse ] --END-- [ RunTime:0.008000s ]
INFO: [ view_filter ] --START--
INFO: Run Behavior\WriteHtmlCacheBehavior [ RunTime:0.001000s ]
INFO: [ view_filter ] --END-- [ RunTime:0.001000s ]
INFO: [ app_end ] --START--
INFO: Run Behavior\ShowPageTraceBehavior [ RunTime:0.000000s ]
INFO: [ app_end ] --END-- [ RunTime:0.000000s ]

[ 2017-10-11T11:10:26+08:00 ] 127.0.0.1 /About/index.html
INFO: [ app_init ] --START--
INFO: Run Behavior\BuildLiteBehavior [ RunTime:0.000000s ]
INFO: [ app_init ] --END-- [ RunTime:0.000000s ]
INFO: [ app_begin ] --START--
INFO: Run Behavior\ReadHtmlCacheBehavior [ RunTime:0.001000s ]
INFO: [ app_begin ] --END-- [ RunTime:0.001000s ]
SQL: SHOW COLUMNS FROM `shenma_banner` [ RunTime:0.0040s ]
SQL: SELECT * FROM `shenma_banner` WHERE `id` = 5 LIMIT 1   [ RunTime:0.0010s ]
SQL: SHOW COLUMNS FROM `shenma_about` [ RunTime:0.0040s ]
SQL: SELECT * FROM `shenma_about` WHERE `id` = 1 LIMIT 1   [ RunTime:0.0000s ]
SQL: SHOW COLUMNS FROM `shenma_develop` [ RunTime:0.0040s ]
SQL: SELECT * FROM `shenma_develop` ORDER BY newstime asc  [ RunTime:0.0000s ]
SQL: SHOW COLUMNS FROM `shenma_team` [ RunTime:0.0040s ]
SQL: SELECT * FROM `shenma_team` ORDER BY sort asc  [ RunTime:0.0000s ]
SQL: SHOW COLUMNS FROM `shenma_info` [ RunTime:0.0030s ]
SQL: SELECT * FROM `shenma_info` WHERE `id` = 1 LIMIT 1   [ RunTime:0.0010s ]
INFO: [ view_parse ] --START--
INFO: [ template_filter ] --START--
INFO: Run Behavior\ContentReplaceBehavior [ RunTime:0.000000s ]
INFO: [ template_filter ] --END-- [ RunTime:0.000000s ]
INFO: Run Behavior\ParseTemplateBehavior [ RunTime:0.008000s ]
INFO: [ view_parse ] --END-- [ RunTime:0.008000s ]
INFO: [ view_filter ] --START--
INFO: Run Behavior\WriteHtmlCacheBehavior [ RunTime:0.000000s ]
INFO: [ view_filter ] --END-- [ RunTime:0.000000s ]
INFO: [ app_end ] --START--
INFO: Run Behavior\ShowPageTraceBehavior [ RunTime:0.001000s ]
INFO: [ app_end ] --END-- [ RunTime:0.001000s ]

[ 2017-10-11T17:20:18+08:00 ] 127.0.0.1 /
INFO: [ app_init ] --START--
INFO: Run Behavior\BuildLiteBehavior [ RunTime:0.000000s ]
INFO: [ app_init ] --END-- [ RunTime:0.000000s ]
INFO: [ app_begin ] --START--
INFO: Run Behavior\ReadHtmlCacheBehavior [ RunTime:0.001000s ]
INFO: [ app_begin ] --END-- [ RunTime:0.001000s ]
SQL: SHOW COLUMNS FROM `shenma_config` [ RunTime:0.0030s ]
SQL: SELECT `conf_value` FROM `shenma_config` WHERE ( conf_id = 3 ) LIMIT 1   [ RunTime:0.0000s ]
SQL: SELECT `conf_value` FROM `shenma_config` WHERE ( conf_id = 5 ) LIMIT 1   [ RunTime:0.0000s ]
SQL: SELECT `conf_value` FROM `shenma_config` WHERE ( conf_id = 4 ) LIMIT 1   [ RunTime:0.0000s ]
SQL: SHOW COLUMNS FROM `shenma_banner` [ RunTime:0.0030s ]
SQL: SELECT * FROM `shenma_banner` WHERE `classify` = 1 ORDER BY sort asc  [ RunTime:0.0010s ]
SQL: SHOW COLUMNS FROM `shenma_about` [ RunTime:0.0030s ]
SQL: SELECT * FROM `shenma_about` WHERE `id` = 2 LIMIT 1   [ RunTime:0.0000s ]
SQL: SHOW COLUMNS FROM `shenma_carousel` [ RunTime:0.0020s ]
SQL: SELECT * FROM `shenma_carousel` ORDER BY sort asc  [ RunTime:0.0000s ]
SQL: SHOW COLUMNS FROM `shenma_article` [ RunTime:0.0030s ]
SQL: SELECT * FROM `shenma_article` WHERE `is_top` = 1 ORDER BY newstime desc LIMIT 1   [ RunTime:0.0000s ]
SQL: SELECT * FROM `shenma_article` WHERE `is_recommend` = 1 ORDER BY newstime desc LIMIT 5   [ RunTime:0.0010s ]
SQL: SHOW COLUMNS FROM `shenma_brand` [ RunTime:0.0030s ]
SQL: SELECT * FROM `shenma_brand` WHERE `status` = 1 ORDER BY sort asc  [ RunTime:0.0000s ]
SQL: SELECT COUNT(*) AS tp_count FROM `shenma_brand` LIMIT 1   [ RunTime:0.0000s ]
SQL: SHOW COLUMNS FROM `shenma_nav` [ RunTime:0.0040s ]
SQL: SELECT * FROM `shenma_nav`  [ RunTime:0.0000s ]
INFO: [ view_parse ] --START--
INFO: [ template_filter ] --START--
INFO: Run Behavior\ContentReplaceBehavior [ RunTime:0.000000s ]
INFO: [ template_filter ] --END-- [ RunTime:0.000000s ]
NOTIC: [8] Undefined offset: 4 D:\phpStudy\WWW\shenma\Application\Runtime\Cache\Home\2a94b8bda04ff446dcedd42276fc99ee.php 第 239 行.
NOTIC: [8] Undefined offset: 4 D:\phpStudy\WWW\shenma\Application\Runtime\Cache\Home\2a94b8bda04ff446dcedd42276fc99ee.php 第 250 行.
NOTIC: [8] Undefined offset: 4 D:\phpStudy\WWW\shenma\Application\Runtime\Cache\Home\2a94b8bda04ff446dcedd42276fc99ee.php 第 250 行.
INFO: Run Behavior\ParseTemplateBehavior [ RunTime:0.011000s ]
INFO: [ view_parse ] --END-- [ RunTime:0.011000s ]
INFO: [ view_filter ] --START--
INFO: Run Behavior\WriteHtmlCacheBehavior [ RunTime:0.001000s ]
INFO: [ view_filter ] --END-- [ RunTime:0.001000s ]
INFO: [ app_end ] --START--
INFO: Run Behavior\ShowPageTraceBehavior [ RunTime:0.000000s ]
INFO: [ app_end ] --END-- [ RunTime:0.000000s ]

[ 2017-10-11T17:20:18+08:00 ] 127.0.0.1 /Public/Home/img/kache_weiqi.png
INFO: [ app_init ] --START--
INFO: Run Behavior\BuildLiteBehavior [ RunTime:0.000000s ]
INFO: [ app_init ] --END-- [ RunTime:0.000000s ]

[ 2017-10-11T17:20:18+08:00 ] 127.0.0.1 /Public/Home/img/kache_weiqi.png
INFO: [ app_init ] --START--
INFO: Run Behavior\BuildLiteBehavior [ RunTime:0.000000s ]
INFO: [ app_init ] --END-- [ RunTime:0.000000s ]

[ 2017-10-11T17:20:21+08:00 ] 127.0.0.1 /Article/index.html
INFO: [ app_init ] --START--
INFO: Run Behavior\BuildLiteBehavior [ RunTime:0.000000s ]
INFO: [ app_init ] --END-- [ RunTime:0.001000s ]
INFO: [ app_begin ] --START--
INFO: Run Behavior\ReadHtmlCacheBehavior [ RunTime:0.001000s ]
INFO: [ app_begin ] --END-- [ RunTime:0.001000s ]
SQL: SHOW COLUMNS FROM `shenma_banner` [ RunTime:0.0030s ]
SQL: SELECT * FROM `shenma_banner` WHERE `id` = 9 LIMIT 1   [ RunTime:0.0010s ]
SQL: SELECT * FROM `shenma_banner` WHERE `classify` = 8 ORDER BY sort  [ RunTime:0.0010s ]
SQL: SHOW COLUMNS FROM `shenma_article` [ RunTime:0.0040s ]
SQL: SELECT * FROM `shenma_article` ORDER BY newstime desc LIMIT 0,9   [ RunTime:0.0010s ]
SQL: SELECT COUNT(*) AS tp_count FROM `shenma_article` LIMIT 1   [ RunTime:0.0000s ]
INFO: [ view_parse ] --START--
INFO: [ template_filter ] --START--
INFO: Run Behavior\ContentReplaceBehavior [ RunTime:0.000000s ]
INFO: [ template_filter ] --END-- [ RunTime:0.000000s ]
NOTIC: [8] Undefined variable: cate_id D:\phpStudy\WWW\shenma\Application\Runtime\Cache\Home\2ac6c1276904b87404ed678dbabb985c.php 第 117 行.
NOTIC: [8] Undefined variable: cate_id D:\phpStudy\WWW\shenma\Application\Runtime\Cache\Home\2ac6c1276904b87404ed678dbabb985c.php 第 118 行.
NOTIC: [8] Undefined variable: keyword D:\phpStudy\WWW\shenma\Application\Runtime\Cache\Home\2ac6c1276904b87404ed678dbabb985c.php 第 131 行.
INFO: Run Behavior\ParseTemplateBehavior [ RunTime:0.008000s ]
INFO: [ view_parse ] --END-- [ RunTime:0.008000s ]
INFO: [ view_filter ] --START--
INFO: Run Behavior\WriteHtmlCacheBehavior [ RunTime:0.001000s ]
INFO: [ view_filter ] --END-- [ RunTime:0.001000s ]
INFO: [ app_end ] --START--
INFO: Run Behavior\ShowPageTraceBehavior [ RunTime:0.001000s ]
INFO: [ app_end ] --END-- [ RunTime:0.001000s ]

[ 2017-10-11T17:20:23+08:00 ] 127.0.0.1 /Article/detail/article_id/3.html
INFO: [ app_init ] --START--
INFO: Run Behavior\BuildLiteBehavior [ RunTime:0.000000s ]
INFO: [ app_init ] --END-- [ RunTime:0.000000s ]
INFO: [ app_begin ] --START--
INFO: Run Behavior\ReadHtmlCacheBehavior [ RunTime:0.000000s ]
INFO: [ app_begin ] --END-- [ RunTime:0.000000s ]
SQL: SHOW COLUMNS FROM `shenma_article` [ RunTime:0.0000s ]
SQL: UPDATE `shenma_article` SET `click`=click+1 WHERE `article_id` = 3 [ RunTime:0.0000s ]
SQL: SELECT * FROM `shenma_article` WHERE `article_id` = 3 LIMIT 1   [ RunTime:0.0000s ]
SQL: SELECT * FROM `shenma_article` WHERE `status` = 1 AND `cate_id` = 2 AND `article_id` < '3' ORDER BY article_id desc LIMIT 1   [ RunTime:0.0000s ]
SQL: SELECT * FROM `shenma_article` WHERE `status` = 1 AND `cate_id` = 2 AND `article_id` > '3' ORDER BY article_id asc LIMIT 1   [ RunTime:0.0000s ]
INFO: [ view_parse ] --START--
INFO: [ template_filter ] --START--
INFO: Run Behavior\ContentReplaceBehavior [ RunTime:0.000000s ]
INFO: [ template_filter ] --END-- [ RunTime:0.000000s ]
NOTIC: [8] Undefined variable: category D:\phpStudy\WWW\shenma\Application\Runtime\Cache\Home\3c8a1a47a3534a7b1252c226abfc3928.php 第 119 行.
INFO: Run Behavior\ParseTemplateBehavior [ RunTime:0.022600s ]
INFO: [ view_parse ] --END-- [ RunTime:0.022600s ]
INFO: [ view_filter ] --START--
INFO: Run Behavior\WriteHtmlCacheBehavior [ RunTime:0.001000s ]
INFO: [ view_filter ] --END-- [ RunTime:0.001000s ]
INFO: [ app_end ] --START--
INFO: Run Behavior\ShowPageTraceBehavior [ RunTime:0.000000s ]
INFO: [ app_end ] --END-- [ RunTime:0.000000s ]

[ 2017-10-11T17:20:36+08:00 ] 127.0.0.1 /favicon.ico
INFO: [ app_init ] --START--
INFO: Run Behavior\BuildLiteBehavior [ RunTime:0.000000s ]
INFO: [ app_init ] --END-- [ RunTime:0.001000s ]

