[ 2017-10-18T08:53:20+08:00 ] 127.0.0.1 /
INFO: [ app_init ] --START--
INFO: Run Behavior\BuildLiteBehavior [ RunTime:0.000000s ]
INFO: [ app_init ] --END-- [ RunTime:0.003000s ]
INFO: [ app_begin ] --START--
INFO: Run Behavior\ReadHtmlCacheBehavior [ RunTime:0.000000s ]
INFO: [ app_begin ] --END-- [ RunTime:0.000000s ]
SQL: SHOW COLUMNS FROM `shenma_config` [ RunTime:0.0040s ]
SQL: SELECT `conf_value` FROM `shenma_config` WHERE ( conf_id = 3 ) LIMIT 1   [ RunTime:0.0000s ]
SQL: SELECT `conf_value` FROM `shenma_config` WHERE ( conf_id = 5 ) LIMIT 1   [ RunTime:0.0000s ]
SQL: SELECT `conf_value` FROM `shenma_config` WHERE ( conf_id = 4 ) LIMIT 1   [ RunTime:0.0000s ]
SQL: SHOW COLUMNS FROM `shenma_banner` [ RunTime:0.0030s ]
SQL: SELECT * FROM `shenma_banner` WHERE `classify` = 1 ORDER BY sort asc  [ RunTime:0.0000s ]
SQL: SHOW COLUMNS FROM `shenma_about` [ RunTime:0.0040s ]
SQL: SELECT * FROM `shenma_about` WHERE `id` = 2 LIMIT 1   [ RunTime:0.0000s ]
SQL: SHOW COLUMNS FROM `shenma_carousel` [ RunTime:0.0040s ]
SQL: SELECT * FROM `shenma_carousel` ORDER BY sort asc  [ RunTime:0.0000s ]
SQL: SHOW COLUMNS FROM `shenma_article` [ RunTime:0.0040s ]
SQL: SELECT * FROM `shenma_article` WHERE `is_top` = 1 ORDER BY newstime desc LIMIT 1   [ RunTime:0.0010s ]
SQL: SELECT * FROM `shenma_article` WHERE `is_recommend` = 1 ORDER BY newstime desc LIMIT 5   [ RunTime:0.0000s ]
SQL: SHOW COLUMNS FROM `shenma_brand` [ RunTime:0.0030s ]
SQL: SELECT * FROM `shenma_brand` WHERE `status` = 1 ORDER BY sort asc  [ RunTime:0.0010s ]
SQL: SELECT COUNT(*) AS tp_count FROM `shenma_brand` LIMIT 1   [ RunTime:0.0000s ]
SQL: SHOW COLUMNS FROM `shenma_nav` [ RunTime:0.0030s ]
SQL: SELECT * FROM `shenma_nav`  [ RunTime:0.0010s ]
INFO: [ view_parse ] --START--
INFO: [ template_filter ] --START--
INFO: Run Behavior\ContentReplaceBehavior [ RunTime:0.001000s ]
INFO: [ template_filter ] --END-- [ RunTime:0.001000s ]
INFO: Run Behavior\ParseTemplateBehavior [ RunTime:0.022000s ]
INFO: [ view_parse ] --END-- [ RunTime:0.022000s ]
INFO: [ view_filter ] --START--
INFO: Run Behavior\WriteHtmlCacheBehavior [ RunTime:0.001000s ]
INFO: [ view_filter ] --END-- [ RunTime:0.001000s ]
INFO: [ app_end ] --START--
INFO: Run Behavior\ShowPageTraceBehavior [ RunTime:0.002000s ]
INFO: [ app_end ] --END-- [ RunTime:0.002000s ]

[ 2017-10-18T08:53:20+08:00 ] 127.0.0.1 /Public/Home/img/QR2.jpg
INFO: [ app_init ] --START--
INFO: Run Behavior\BuildLiteBehavior [ RunTime:0.000000s ]
INFO: [ app_init ] --END-- [ RunTime:0.001000s ]

[ 2017-10-18T08:53:20+08:00 ] 127.0.0.1 /Public/Home/img/kache_weiqi.png
INFO: [ app_init ] --START--
INFO: Run Behavior\BuildLiteBehavior [ RunTime:0.000000s ]
INFO: [ app_init ] --END-- [ RunTime:0.000000s ]

[ 2017-10-18T08:53:20+08:00 ] 127.0.0.1 /Public/Home/img/imgl01.jpg
INFO: [ app_init ] --START--
INFO: Run Behavior\BuildLiteBehavior [ RunTime:0.000000s ]
INFO: [ app_init ] --END-- [ RunTime:0.000000s ]

[ 2017-10-18T08:53:20+08:00 ] 127.0.0.1 /Public/Home/img/imgl03.jpg
INFO: [ app_init ] --START--
INFO: Run Behavior\BuildLiteBehavior [ RunTime:0.000000s ]
INFO: [ app_init ] --END-- [ RunTime:0.000000s ]

[ 2017-10-18T08:53:20+08:00 ] 127.0.0.1 /Public/Home/img/imgl02.jpg
INFO: [ app_init ] --START--
INFO: Run Behavior\BuildLiteBehavior [ RunTime:0.000000s ]
INFO: [ app_init ] --END-- [ RunTime:0.001000s ]

[ 2017-10-18T08:53:20+08:00 ] 127.0.0.1 /Public/Home/img/imgl04.jpg
INFO: [ app_init ] --START--
INFO: Run Behavior\BuildLiteBehavior [ RunTime:0.000000s ]
INFO: [ app_init ] --END-- [ RunTime:0.000000s ]

[ 2017-10-18T08:53:20+08:00 ] 127.0.0.1 /Public/Home/img/imgr01.jpg
INFO: [ app_init ] --START--
INFO: Run Behavior\BuildLiteBehavior [ RunTime:0.000000s ]
INFO: [ app_init ] --END-- [ RunTime:0.000000s ]

[ 2017-10-18T08:53:20+08:00 ] 127.0.0.1 /Public/Home/img/imgr01b.jpg
INFO: [ app_init ] --START--
INFO: Run Behavior\BuildLiteBehavior [ RunTime:0.000000s ]
INFO: [ app_init ] --END-- [ RunTime:0.000000s ]

[ 2017-10-18T08:53:20+08:00 ] 127.0.0.1 /Public/Home/img/imgr02.jpg
INFO: [ app_init ] --START--
INFO: Run Behavior\BuildLiteBehavior [ RunTime:0.000000s ]
INFO: [ app_init ] --END-- [ RunTime:0.000000s ]

[ 2017-10-18T08:53:20+08:00 ] 127.0.0.1 /Public/Home/img/imgr02b.jpg
INFO: [ app_init ] --START--
INFO: Run Behavior\BuildLiteBehavior [ RunTime:0.001000s ]
INFO: [ app_init ] --END-- [ RunTime:0.001000s ]

[ 2017-10-18T08:53:20+08:00 ] 127.0.0.1 /Public/Home/img/imgr03.jpg
INFO: [ app_init ] --START--
INFO: Run Behavior\BuildLiteBehavior [ RunTime:0.000000s ]
INFO: [ app_init ] --END-- [ RunTime:0.000000s ]

[ 2017-10-18T08:53:20+08:00 ] 127.0.0.1 /Public/Home/img/imgr03b.jpg
INFO: [ app_init ] --START--
INFO: Run Behavior\BuildLiteBehavior [ RunTime:0.000000s ]
INFO: [ app_init ] --END-- [ RunTime:0.000000s ]

[ 2017-10-18T08:53:20+08:00 ] 127.0.0.1 /Public/Home/img/imgr04.jpg
INFO: [ app_init ] --START--
INFO: Run Behavior\BuildLiteBehavior [ RunTime:0.000000s ]
INFO: [ app_init ] --END-- [ RunTime:0.000000s ]

[ 2017-10-18T08:53:20+08:00 ] 127.0.0.1 /Public/Home/img/imgr04b.jpg
INFO: [ app_init ] --START--
INFO: Run Behavior\BuildLiteBehavior [ RunTime:0.000000s ]
INFO: [ app_init ] --END-- [ RunTime:0.001000s ]

[ 2017-10-18T08:53:22+08:00 ] 127.0.0.1 /favicon.ico
INFO: [ app_init ] --START--
INFO: Run Behavior\BuildLiteBehavior [ RunTime:0.000000s ]
INFO: [ app_init ] --END-- [ RunTime:0.000000s ]

[ 2017-10-18T08:53:36+08:00 ] 127.0.0.1 /Home/Index/index.html
INFO: [ app_init ] --START--
INFO: Run Behavior\BuildLiteBehavior [ RunTime:0.000000s ]
INFO: [ app_init ] --END-- [ RunTime:0.001000s ]
INFO: [ app_begin ] --START--
INFO: Run Behavior\ReadHtmlCacheBehavior [ RunTime:0.001000s ]
INFO: [ app_begin ] --END-- [ RunTime:0.001000s ]
SQL: SHOW COLUMNS FROM `shenma_config` [ RunTime:0.0040s ]
SQL: SELECT `conf_value` FROM `shenma_config` WHERE ( conf_id = 3 ) LIMIT 1   [ RunTime:0.0020s ]
SQL: SELECT `conf_value` FROM `shenma_config` WHERE ( conf_id = 5 ) LIMIT 1   [ RunTime:0.0010s ]
SQL: SELECT `conf_value` FROM `shenma_config` WHERE ( conf_id = 4 ) LIMIT 1   [ RunTime:0.0000s ]
SQL: SHOW COLUMNS FROM `shenma_banner` [ RunTime:0.0020s ]
SQL: SELECT * FROM `shenma_banner` WHERE `classify` = 1 ORDER BY sort asc  [ RunTime:0.0000s ]
SQL: SHOW COLUMNS FROM `shenma_about` [ RunTime:0.0020s ]
SQL: SELECT * FROM `shenma_about` WHERE `id` = 2 LIMIT 1   [ RunTime:0.0000s ]
SQL: SHOW COLUMNS FROM `shenma_carousel` [ RunTime:0.0020s ]
SQL: SELECT * FROM `shenma_carousel` ORDER BY sort asc  [ RunTime:0.0010s ]
SQL: SHOW COLUMNS FROM `shenma_article` [ RunTime:0.0030s ]
SQL: SELECT * FROM `shenma_article` WHERE `is_top` = 1 ORDER BY newstime desc LIMIT 1   [ RunTime:0.0010s ]
SQL: SELECT * FROM `shenma_article` WHERE `is_recommend` = 1 ORDER BY newstime desc LIMIT 5   [ RunTime:0.0000s ]
SQL: SHOW COLUMNS FROM `shenma_brand` [ RunTime:0.0030s ]
SQL: SELECT * FROM `shenma_brand` WHERE `status` = 1 ORDER BY sort asc  [ RunTime:0.0010s ]
SQL: SELECT COUNT(*) AS tp_count FROM `shenma_brand` LIMIT 1   [ RunTime:0.0000s ]
SQL: SHOW COLUMNS FROM `shenma_nav` [ RunTime:0.0020s ]
SQL: SELECT * FROM `shenma_nav`  [ RunTime:0.0000s ]
INFO: [ view_parse ] --START--
INFO: [ template_filter ] --START--
INFO: Run Behavior\ContentReplaceBehavior [ RunTime:0.001000s ]
INFO: [ template_filter ] --END-- [ RunTime:0.001000s ]
INFO: Run Behavior\ParseTemplateBehavior [ RunTime:0.013000s ]
INFO: [ view_parse ] --END-- [ RunTime:0.013000s ]
INFO: [ view_filter ] --START--
INFO: Run Behavior\WriteHtmlCacheBehavior [ RunTime:0.000000s ]
INFO: [ view_filter ] --END-- [ RunTime:0.000000s ]
INFO: [ app_end ] --START--
INFO: Run Behavior\ShowPageTraceBehavior [ RunTime:0.001000s ]
INFO: [ app_end ] --END-- [ RunTime:0.001000s ]

[ 2017-10-18T08:53:36+08:00 ] 127.0.0.1 /Public/Home/img/QR2.jpg
INFO: [ app_init ] --START--
INFO: Run Behavior\BuildLiteBehavior [ RunTime:0.000000s ]
INFO: [ app_init ] --END-- [ RunTime:0.001000s ]

[ 2017-10-18T08:53:36+08:00 ] 127.0.0.1 /Public/Home/img/kache_weiqi.png
INFO: [ app_init ] --START--
INFO: Run Behavior\BuildLiteBehavior [ RunTime:0.000000s ]
INFO: [ app_init ] --END-- [ RunTime:0.001000s ]

[ 2017-10-18T08:53:36+08:00 ] 127.0.0.1 /Public/Home/img/imgr01.jpg
INFO: [ app_init ] --START--
INFO: Run Behavior\BuildLiteBehavior [ RunTime:0.000000s ]
INFO: [ app_init ] --END-- [ RunTime:0.001000s ]

[ 2017-10-18T08:53:36+08:00 ] 127.0.0.1 /Public/Home/img/imgl02.jpg
INFO: [ app_init ] --START--
INFO: Run Behavior\BuildLiteBehavior [ RunTime:0.000000s ]
INFO: [ app_init ] --END-- [ RunTime:0.000000s ]

[ 2017-10-18T08:53:36+08:00 ] 127.0.0.1 /Public/Home/img/imgl04.jpg
INFO: [ app_init ] --START--
INFO: Run Behavior\BuildLiteBehavior [ RunTime:0.000000s ]
INFO: [ app_init ] --END-- [ RunTime:0.000000s ]

[ 2017-10-18T08:53:36+08:00 ] 127.0.0.1 /Public/Home/img/imgl01.jpg
INFO: [ app_init ] --START--
INFO: Run Behavior\BuildLiteBehavior [ RunTime:0.000000s ]
INFO: [ app_init ] --END-- [ RunTime:0.001000s ]

[ 2017-10-18T08:53:36+08:00 ] 127.0.0.1 /Public/Home/img/imgl03.jpg
INFO: [ app_init ] --START--
INFO: Run Behavior\BuildLiteBehavior [ RunTime:0.000000s ]
INFO: [ app_init ] --END-- [ RunTime:0.001000s ]

[ 2017-10-18T08:53:36+08:00 ] 127.0.0.1 /Public/Home/img/imgr01b.jpg
INFO: [ app_init ] --START--
INFO: Run Behavior\BuildLiteBehavior [ RunTime:0.000000s ]
INFO: [ app_init ] --END-- [ RunTime:0.000000s ]

[ 2017-10-18T08:53:36+08:00 ] 127.0.0.1 /Public/Home/img/imgr03.jpg
INFO: [ app_init ] --START--
INFO: Run Behavior\BuildLiteBehavior [ RunTime:0.000000s ]
INFO: [ app_init ] --END-- [ RunTime:0.000000s ]

[ 2017-10-18T08:53:36+08:00 ] 127.0.0.1 /Public/Home/img/imgr03b.jpg
INFO: [ app_init ] --START--
INFO: Run Behavior\BuildLiteBehavior [ RunTime:0.000000s ]
INFO: [ app_init ] --END-- [ RunTime:0.001000s ]

[ 2017-10-18T08:53:36+08:00 ] 127.0.0.1 /Public/Home/img/imgr02b.jpg
INFO: [ app_init ] --START--
INFO: Run Behavior\BuildLiteBehavior [ RunTime:0.000000s ]
INFO: [ app_init ] --END-- [ RunTime:0.001000s ]

[ 2017-10-18T08:53:36+08:00 ] 127.0.0.1 /Public/Home/img/imgr02.jpg
INFO: [ app_init ] --START--
INFO: Run Behavior\BuildLiteBehavior [ RunTime:0.000000s ]
INFO: [ app_init ] --END-- [ RunTime:0.000000s ]

[ 2017-10-18T08:53:36+08:00 ] 127.0.0.1 /Public/Home/img/imgr04.jpg
INFO: [ app_init ] --START--
INFO: Run Behavior\BuildLiteBehavior [ RunTime:0.000000s ]
INFO: [ app_init ] --END-- [ RunTime:0.001000s ]

[ 2017-10-18T08:53:36+08:00 ] 127.0.0.1 /Public/Home/img/imgr04b.jpg
INFO: [ app_init ] --START--
INFO: Run Behavior\BuildLiteBehavior [ RunTime:0.000000s ]
INFO: [ app_init ] --END-- [ RunTime:0.000000s ]

[ 2017-10-18T08:53:39+08:00 ] 127.0.0.1 /About/index.html
INFO: [ app_init ] --START--
INFO: Run Behavior\BuildLiteBehavior [ RunTime:0.000000s ]
INFO: [ app_init ] --END-- [ RunTime:0.000000s ]
INFO: [ app_begin ] --START--
INFO: Run Behavior\ReadHtmlCacheBehavior [ RunTime:0.001000s ]
INFO: [ app_begin ] --END-- [ RunTime:0.001000s ]
SQL: SHOW COLUMNS FROM `shenma_seo` [ RunTime:0.0040s ]
SQL: SELECT * FROM `shenma_seo` WHERE `id` = 3 LIMIT 1   [ RunTime:0.0010s ]
SQL: SHOW COLUMNS FROM `shenma_banner` [ RunTime:0.0030s ]
SQL: SELECT * FROM `shenma_banner` WHERE `id` = 5 LIMIT 1   [ RunTime:0.0000s ]
SQL: SHOW COLUMNS FROM `shenma_about` [ RunTime:0.0030s ]
SQL: SELECT * FROM `shenma_about` WHERE `id` = 1 LIMIT 1   [ RunTime:0.0000s ]
SQL: SHOW COLUMNS FROM `shenma_develop` [ RunTime:0.0060s ]
SQL: SELECT * FROM `shenma_develop` ORDER BY newstime asc  [ RunTime:0.0000s ]
SQL: SHOW COLUMNS FROM `shenma_team` [ RunTime:0.0040s ]
SQL: SELECT * FROM `shenma_team` ORDER BY sort asc  [ RunTime:0.0010s ]
SQL: SHOW COLUMNS FROM `shenma_info` [ RunTime:0.0060s ]
SQL: SELECT * FROM `shenma_info` WHERE `id` = 1 LIMIT 1   [ RunTime:0.0010s ]
INFO: [ view_parse ] --START--
INFO: [ template_filter ] --START--
INFO: Run Behavior\ContentReplaceBehavior [ RunTime:0.000000s ]
INFO: [ template_filter ] --END-- [ RunTime:0.000000s ]
INFO: Run Behavior\ParseTemplateBehavior [ RunTime:0.013000s ]
INFO: [ view_parse ] --END-- [ RunTime:0.013000s ]
INFO: [ view_filter ] --START--
INFO: Run Behavior\WriteHtmlCacheBehavior [ RunTime:0.000000s ]
INFO: [ view_filter ] --END-- [ RunTime:0.000000s ]
INFO: [ app_end ] --START--
INFO: Run Behavior\ShowPageTraceBehavior [ RunTime:0.001000s ]
INFO: [ app_end ] --END-- [ RunTime:0.001000s ]

[ 2017-10-18T08:53:39+08:00 ] 127.0.0.1 /Public/Home/img/imgbkmap.jpg
INFO: [ app_init ] --START--
INFO: Run Behavior\BuildLiteBehavior [ RunTime:0.000000s ]
INFO: [ app_init ] --END-- [ RunTime:0.000000s ]

[ 2017-10-18T08:53:40+08:00 ] 127.0.0.1 /Loans/index.html
INFO: [ app_init ] --START--
INFO: Run Behavior\BuildLiteBehavior [ RunTime:0.000000s ]
INFO: [ app_init ] --END-- [ RunTime:0.001000s ]
INFO: [ app_begin ] --START--
INFO: Run Behavior\ReadHtmlCacheBehavior [ RunTime:0.001000s ]
INFO: [ app_begin ] --END-- [ RunTime:0.001000s ]
SQL: SHOW COLUMNS FROM `shenma_seo` [ RunTime:0.0030s ]
SQL: SELECT * FROM `shenma_seo` WHERE `id` = 1 LIMIT 1   [ RunTime:0.0000s ]
SQL: SHOW COLUMNS FROM `shenma_banner` [ RunTime:0.0030s ]
SQL: SELECT * FROM `shenma_banner` WHERE `id` = 6 LIMIT 1   [ RunTime:0.0010s ]
SQL: SHOW COLUMNS FROM `shenma_icon` [ RunTime:0.0050s ]
SQL: SELECT * FROM `shenma_icon`  [ RunTime:0.0010s ]
SQL: SELECT * FROM `shenma_banner` WHERE `classify` = 4  [ RunTime:0.0010s ]
SQL: SHOW COLUMNS FROM `shenma_product` [ RunTime:0.0050s ]
SQL: SELECT * FROM `shenma_product`  [ RunTime:0.0010s ]
SQL: SHOW COLUMNS FROM `shenma_add` [ RunTime:0.0050s ]
SQL: SELECT * FROM `shenma_add` WHERE `classify` = 2 ORDER BY id asc  [ RunTime:0.0010s ]
INFO: [ view_parse ] --START--
INFO: [ template_filter ] --START--
INFO: Run Behavior\ContentReplaceBehavior [ RunTime:0.000000s ]
INFO: [ template_filter ] --END-- [ RunTime:0.000000s ]
INFO: Run Behavior\ParseTemplateBehavior [ RunTime:0.010000s ]
INFO: [ view_parse ] --END-- [ RunTime:0.010000s ]
INFO: [ view_filter ] --START--
INFO: Run Behavior\WriteHtmlCacheBehavior [ RunTime:0.000000s ]
INFO: [ view_filter ] --END-- [ RunTime:0.001000s ]
INFO: [ app_end ] --START--
INFO: Run Behavior\ShowPageTraceBehavior [ RunTime:0.000000s ]
INFO: [ app_end ] --END-- [ RunTime:0.000000s ]

[ 2017-10-18T08:54:36+08:00 ] 127.0.0.1 /Loans/index2.html
INFO: [ app_init ] --START--
INFO: Run Behavior\BuildLiteBehavior [ RunTime:0.000000s ]
INFO: [ app_init ] --END-- [ RunTime:0.001000s ]
INFO: [ app_begin ] --START--
INFO: Run Behavior\ReadHtmlCacheBehavior [ RunTime:0.001000s ]
INFO: [ app_begin ] --END-- [ RunTime:0.001000s ]
SQL: SHOW COLUMNS FROM `shenma_seo` [ RunTime:0.0030s ]
SQL: SELECT * FROM `shenma_seo` WHERE `id` = 2 LIMIT 1   [ RunTime:0.0010s ]
SQL: SHOW COLUMNS FROM `shenma_banner` [ RunTime:0.0150s ]
SQL: SELECT * FROM `shenma_banner` WHERE `id` = 6 LIMIT 1   [ RunTime:0.0010s ]
SQL: SHOW COLUMNS FROM `shenma_icon` [ RunTime:0.0050s ]
SQL: SELECT * FROM `shenma_icon`  [ RunTime:0.0010s ]
SQL: SELECT * FROM `shenma_banner` WHERE `id` = 16 LIMIT 1   [ RunTime:0.0000s ]
SQL: SHOW COLUMNS FROM `shenma_productf` [ RunTime:0.0060s ]
SQL: SELECT * FROM `shenma_productf` WHERE `classify` = 16 ORDER BY sort asc  [ RunTime:0.0010s ]
SQL: SELECT * FROM `shenma_banner` WHERE `id` = 17 LIMIT 1   [ RunTime:0.0000s ]
SQL: SELECT * FROM `shenma_productf` WHERE `classify` = 17 ORDER BY sort asc  [ RunTime:0.0000s ]
SQL: SHOW COLUMNS FROM `shenma_add` [ RunTime:0.0030s ]
SQL: SELECT * FROM `shenma_add` WHERE `classify` = 3 ORDER BY id asc  [ RunTime:0.0000s ]
INFO: [ view_parse ] --START--
INFO: [ template_filter ] --START--
INFO: Run Behavior\ContentReplaceBehavior [ RunTime:0.000000s ]
INFO: [ template_filter ] --END-- [ RunTime:0.001000s ]
INFO: Run Behavior\ParseTemplateBehavior [ RunTime:0.007000s ]
INFO: [ view_parse ] --END-- [ RunTime:0.007000s ]
INFO: [ view_filter ] --START--
INFO: Run Behavior\WriteHtmlCacheBehavior [ RunTime:0.000000s ]
INFO: [ view_filter ] --END-- [ RunTime:0.001000s ]
INFO: [ app_end ] --START--
INFO: Run Behavior\ShowPageTraceBehavior [ RunTime:0.000000s ]
INFO: [ app_end ] --END-- [ RunTime:0.000000s ]

[ 2017-10-18T08:58:22+08:00 ] 127.0.0.1 /Loans/index2.html
INFO: [ app_init ] --START--
INFO: Run Behavior\BuildLiteBehavior [ RunTime:0.000000s ]
INFO: [ app_init ] --END-- [ RunTime:0.001000s ]
INFO: [ app_begin ] --START--
INFO: Run Behavior\ReadHtmlCacheBehavior [ RunTime:0.001000s ]
INFO: [ app_begin ] --END-- [ RunTime:0.001000s ]
SQL: SHOW COLUMNS FROM `shenma_seo` [ RunTime:0.0030s ]
SQL: SELECT * FROM `shenma_seo` WHERE `id` = 2 LIMIT 1   [ RunTime:0.0010s ]
SQL: SHOW COLUMNS FROM `shenma_banner` [ RunTime:0.0050s ]
SQL: SELECT * FROM `shenma_banner` WHERE `id` = 6 LIMIT 1   [ RunTime:0.0000s ]
SQL: SHOW COLUMNS FROM `shenma_icon` [ RunTime:0.0030s ]
SQL: SELECT * FROM `shenma_icon`  [ RunTime:0.0000s ]
SQL: SELECT * FROM `shenma_banner` WHERE `id` = 16 LIMIT 1   [ RunTime:0.0010s ]
SQL: SHOW COLUMNS FROM `shenma_productf` [ RunTime:0.0020s ]
SQL: SELECT * FROM `shenma_productf` WHERE `classify` = 16 ORDER BY sort asc  [ RunTime:0.0000s ]
SQL: SELECT * FROM `shenma_banner` WHERE `id` = 17 LIMIT 1   [ RunTime:0.0000s ]
SQL: SELECT * FROM `shenma_productf` WHERE `classify` = 17 ORDER BY sort asc  [ RunTime:0.0010s ]
SQL: SHOW COLUMNS FROM `shenma_add` [ RunTime:0.0040s ]
SQL: SELECT * FROM `shenma_add` WHERE `classify` = 3 ORDER BY id asc  [ RunTime:0.0010s ]
INFO: [ view_parse ] --START--
INFO: [ template_filter ] --START--
INFO: Run Behavior\ContentReplaceBehavior [ RunTime:0.000000s ]
INFO: [ template_filter ] --END-- [ RunTime:0.000000s ]
INFO: Run Behavior\ParseTemplateBehavior [ RunTime:0.009000s ]
INFO: [ view_parse ] --END-- [ RunTime:0.009000s ]
INFO: [ view_filter ] --START--
INFO: Run Behavior\WriteHtmlCacheBehavior [ RunTime:0.000000s ]
INFO: [ view_filter ] --END-- [ RunTime:0.000000s ]
INFO: [ app_end ] --START--
INFO: Run Behavior\ShowPageTraceBehavior [ RunTime:0.000000s ]
INFO: [ app_end ] --END-- [ RunTime:0.000000s ]

