[ 2017-10-18T08:53:22+08:00 ] 127.0.0.1 /admin
INFO: [ app_init ] --START--
INFO: Run Behavior\BuildLiteBehavior [ RunTime:0.000000s ]
INFO: [ app_init ] --END-- [ RunTime:0.000000s ]
INFO: [ app_begin ] --START--
INFO: Run Behavior\ReadHtmlCacheBehavior [ RunTime:0.000000s ]
INFO: [ app_begin ] --END-- [ RunTime:0.000000s ]
INFO: [ view_parse ] --START--
INFO: [ template_filter ] --START--
INFO: Run Behavior\ContentReplaceBehavior [ RunTime:0.000000s ]
INFO: [ template_filter ] --END-- [ RunTime:0.000000s ]
INFO: Run Behavior\ParseTemplateBehavior [ RunTime:0.006000s ]
INFO: [ view_parse ] --END-- [ RunTime:0.006000s ]
INFO: [ view_filter ] --START--
INFO: Run Behavior\WriteHtmlCacheBehavior [ RunTime:0.000000s ]
INFO: [ view_filter ] --END-- [ RunTime:0.000000s ]

[ 2017-10-18T08:53:24+08:00 ] 127.0.0.1 /Admin/Login/index.html
INFO: [ app_init ] --START--
INFO: Run Behavior\BuildLiteBehavior [ RunTime:0.000000s ]
INFO: [ app_init ] --END-- [ RunTime:0.000000s ]
INFO: [ app_begin ] --START--
INFO: Run Behavior\ReadHtmlCacheBehavior [ RunTime:0.015600s ]
INFO: [ app_begin ] --END-- [ RunTime:0.015600s ]
SQL: SHOW COLUMNS FROM `shenma_user` [ RunTime:0.0040s ]
SQL: SELECT * FROM `shenma_user` LIMIT 1   [ RunTime:0.0010s ]
SQL: SHOW COLUMNS FROM `shenma_role` [ RunTime:0.0030s ]
SQL: SELECT * FROM `shenma_role` WHERE `role_id` = 1 LIMIT 1   [ RunTime:0.0000s ]
SQL: SHOW COLUMNS FROM `shenma_auth` [ RunTime:0.0030s ]
SQL: SELECT * FROM `shenma_auth`  [ RunTime:0.0010s ]
INFO: [ view_parse ] --START--
INFO: [ template_filter ] --START--
INFO: Run Behavior\ContentReplaceBehavior [ RunTime:0.000000s ]
INFO: [ template_filter ] --END-- [ RunTime:0.000000s ]
INFO: Run Behavior\ParseTemplateBehavior [ RunTime:0.005000s ]
INFO: [ view_parse ] --END-- [ RunTime:0.005000s ]
INFO: [ view_filter ] --START--
INFO: Run Behavior\WriteHtmlCacheBehavior [ RunTime:0.000000s ]
INFO: [ view_filter ] --END-- [ RunTime:0.000000s ]
INFO: [ app_end ] --START--
INFO: Run Behavior\ShowPageTraceBehavior [ RunTime:0.000000s ]
INFO: [ app_end ] --END-- [ RunTime:0.000000s ]

[ 2017-10-18T08:53:24+08:00 ] 127.0.0.1 /Admin/Login/verify.html
INFO: [ app_init ] --START--
INFO: Run Behavior\BuildLiteBehavior [ RunTime:0.000000s ]
INFO: [ app_init ] --END-- [ RunTime:0.001000s ]
INFO: [ app_begin ] --START--
INFO: Run Behavior\ReadHtmlCacheBehavior [ RunTime:0.001000s ]
INFO: [ app_begin ] --END-- [ RunTime:0.001000s ]
SQL: SHOW COLUMNS FROM `shenma_user` [ RunTime:0.0040s ]
SQL: SELECT * FROM `shenma_user` LIMIT 1   [ RunTime:0.0010s ]
SQL: SHOW COLUMNS FROM `shenma_role` [ RunTime:0.0020s ]
SQL: SELECT * FROM `shenma_role` WHERE `role_id` = 1 LIMIT 1   [ RunTime:0.0000s ]
SQL: SHOW COLUMNS FROM `shenma_auth` [ RunTime:0.0020s ]
SQL: SELECT * FROM `shenma_auth`  [ RunTime:0.0010s ]
INFO: [ app_end ] --START--
INFO: Run Behavior\ShowPageTraceBehavior [ RunTime:0.000000s ]
INFO: [ app_end ] --END-- [ RunTime:0.001000s ]

[ 2017-10-18T08:53:33+08:00 ] 127.0.0.1 /Admin/Login/index.html
INFO: [ app_init ] --START--
INFO: Run Behavior\BuildLiteBehavior [ RunTime:0.000000s ]
INFO: [ app_init ] --END-- [ RunTime:0.001000s ]
INFO: [ app_begin ] --START--
INFO: Run Behavior\ReadHtmlCacheBehavior [ RunTime:0.001000s ]
INFO: [ app_begin ] --END-- [ RunTime:0.001000s ]
SQL: SHOW COLUMNS FROM `shenma_user` [ RunTime:0.0040s ]
SQL: SELECT * FROM `shenma_user` LIMIT 1   [ RunTime:0.0010s ]
SQL: SHOW COLUMNS FROM `shenma_role` [ RunTime:0.0020s ]
SQL: SELECT * FROM `shenma_role` WHERE `role_id` = 1 LIMIT 1   [ RunTime:0.0010s ]
SQL: SHOW COLUMNS FROM `shenma_auth` [ RunTime:0.0020s ]
SQL: SELECT * FROM `shenma_auth`  [ RunTime:0.0000s ]
SQL: SELECT * FROM `shenma_user` WHERE `username` = 'chunming' LIMIT 1   [ RunTime:0.0000s ]
SQL: SELECT * FROM `shenma_user` WHERE `user_id` = 1 LIMIT 1   [ RunTime:0.0010s ]
SQL: UPDATE `shenma_user` SET `login_times`='70',`last_login_time`='1508288013',`last_login_ip`='2130706433' WHERE `user_id` = 1 [ RunTime:0.0000s ]
INFO: [ view_parse ] --START--
INFO: [ template_filter ] --START--
INFO: Run Behavior\ContentReplaceBehavior [ RunTime:0.000000s ]
INFO: [ template_filter ] --END-- [ RunTime:0.000000s ]
INFO: Run Behavior\ParseTemplateBehavior [ RunTime:0.004000s ]
INFO: [ view_parse ] --END-- [ RunTime:0.004000s ]
INFO: [ view_filter ] --START--
INFO: Run Behavior\WriteHtmlCacheBehavior [ RunTime:0.000000s ]
INFO: [ view_filter ] --END-- [ RunTime:0.000000s ]
INFO: [ app_end ] --START--
INFO: Run Behavior\ShowPageTraceBehavior [ RunTime:0.001000s ]
INFO: [ app_end ] --END-- [ RunTime:0.001000s ]

[ 2017-10-18T08:53:34+08:00 ] 127.0.0.1 /Admin/Index/index.html
INFO: [ app_init ] --START--
INFO: Run Behavior\BuildLiteBehavior [ RunTime:0.000000s ]
INFO: [ app_init ] --END-- [ RunTime:0.000000s ]
INFO: [ app_begin ] --START--
INFO: Run Behavior\ReadHtmlCacheBehavior [ RunTime:0.001000s ]
INFO: [ app_begin ] --END-- [ RunTime:0.001000s ]
SQL: SHOW COLUMNS FROM `shenma_user` [ RunTime:0.0030s ]
SQL: SELECT * FROM `shenma_user` WHERE `user_id` = 1 LIMIT 1   [ RunTime:0.0010s ]
SQL: SHOW COLUMNS FROM `shenma_role` [ RunTime:0.0030s ]
SQL: SELECT * FROM `shenma_role` WHERE `role_id` = 1 LIMIT 1   [ RunTime:0.0000s ]
SQL: SHOW COLUMNS FROM `shenma_auth` [ RunTime:0.0020s ]
SQL: SELECT * FROM `shenma_auth`  [ RunTime:0.0010s ]
SQL: SHOW COLUMNS FROM `shenma_article` [ RunTime:0.0020s ]
SQL: SELECT COUNT(*) AS tp_count FROM `shenma_article` LIMIT 1   [ RunTime:0.0000s ]
SQL: SELECT COUNT(*) AS tp_count FROM `shenma_article` WHERE `status` = 0 LIMIT 1   [ RunTime:0.0000s ]
INFO: [ view_parse ] --START--
INFO: [ template_filter ] --START--
INFO: Run Behavior\ContentReplaceBehavior [ RunTime:0.000000s ]
INFO: [ template_filter ] --END-- [ RunTime:0.000000s ]
NOTIC: [8] Use of undefined constant auth_id - assumed 'auth_id' D:\phpStudy\WWW\shenma\Application\Runtime\Cache\Admin\b595b808c2ebeeeb0478ffc30bb4e87a.php 第 105 行.
NOTIC: [8] Use of undefined constant auth_id - assumed 'auth_id' D:\phpStudy\WWW\shenma\Application\Runtime\Cache\Admin\b595b808c2ebeeeb0478ffc30bb4e87a.php 第 105 行.
INFO: Run Behavior\ParseTemplateBehavior [ RunTime:0.011000s ]
INFO: [ view_parse ] --END-- [ RunTime:0.011000s ]
INFO: [ view_filter ] --START--
INFO: Run Behavior\WriteHtmlCacheBehavior [ RunTime:0.000000s ]
INFO: [ view_filter ] --END-- [ RunTime:0.000000s ]
INFO: [ app_end ] --START--
INFO: Run Behavior\ShowPageTraceBehavior [ RunTime:0.001000s ]
INFO: [ app_end ] --END-- [ RunTime:0.001000s ]

[ 2017-10-18T08:54:51+08:00 ] 127.0.0.1 /Admin/Productf/index/classify/17.html
INFO: [ app_init ] --START--
INFO: Run Behavior\BuildLiteBehavior [ RunTime:0.000000s ]
INFO: [ app_init ] --END-- [ RunTime:0.001000s ]
INFO: [ app_begin ] --START--
INFO: Run Behavior\ReadHtmlCacheBehavior [ RunTime:0.001000s ]
INFO: [ app_begin ] --END-- [ RunTime:0.001000s ]
SQL: SHOW COLUMNS FROM `shenma_user` [ RunTime:0.0030s ]
SQL: SELECT * FROM `shenma_user` WHERE `user_id` = 1 LIMIT 1   [ RunTime:0.0000s ]
SQL: SHOW COLUMNS FROM `shenma_role` [ RunTime:0.0030s ]
SQL: SELECT * FROM `shenma_role` WHERE `role_id` = 1 LIMIT 1   [ RunTime:0.0000s ]
SQL: SHOW COLUMNS FROM `shenma_auth` [ RunTime:0.0030s ]
SQL: SELECT * FROM `shenma_auth`  [ RunTime:0.0010s ]
SQL: SHOW COLUMNS FROM `shenma_productf` [ RunTime:0.0040s ]
SQL: SELECT * FROM `shenma_productf` WHERE `classify` = 17  [ RunTime:0.0000s ]
INFO: [ view_parse ] --START--
INFO: [ template_filter ] --START--
INFO: Run Behavior\ContentReplaceBehavior [ RunTime:0.000000s ]
INFO: [ template_filter ] --END-- [ RunTime:0.000000s ]
NOTIC: [8] Use of undefined constant auth_id - assumed 'auth_id' D:\phpStudy\WWW\shenma\Application\Runtime\Cache\Admin\92bb093e606567ecf1cfcecd10c34839.php 第 105 行.
NOTIC: [8] Use of undefined constant auth_id - assumed 'auth_id' D:\phpStudy\WWW\shenma\Application\Runtime\Cache\Admin\92bb093e606567ecf1cfcecd10c34839.php 第 105 行.
NOTIC: [8] Undefined index: url D:\phpStudy\WWW\shenma\Application\Runtime\Cache\Admin\92bb093e606567ecf1cfcecd10c34839.php 第 150 行.
NOTIC: [8] Undefined index: url D:\phpStudy\WWW\shenma\Application\Runtime\Cache\Admin\92bb093e606567ecf1cfcecd10c34839.php 第 150 行.
NOTIC: [8] Undefined index: url D:\phpStudy\WWW\shenma\Application\Runtime\Cache\Admin\92bb093e606567ecf1cfcecd10c34839.php 第 150 行.
INFO: Run Behavior\ParseTemplateBehavior [ RunTime:0.010000s ]
INFO: [ view_parse ] --END-- [ RunTime:0.010000s ]
INFO: [ view_filter ] --START--
INFO: Run Behavior\WriteHtmlCacheBehavior [ RunTime:0.000000s ]
INFO: [ view_filter ] --END-- [ RunTime:0.000000s ]
INFO: [ app_end ] --START--
INFO: Run Behavior\ShowPageTraceBehavior [ RunTime:0.000000s ]
INFO: [ app_end ] --END-- [ RunTime:0.000000s ]

[ 2017-10-18T08:54:53+08:00 ] 127.0.0.1 /Admin/Productf/edit/id/4.html
INFO: [ app_init ] --START--
INFO: Run Behavior\BuildLiteBehavior [ RunTime:0.000000s ]
INFO: [ app_init ] --END-- [ RunTime:0.001000s ]
INFO: [ app_begin ] --START--
INFO: Run Behavior\ReadHtmlCacheBehavior [ RunTime:0.000000s ]
INFO: [ app_begin ] --END-- [ RunTime:0.001000s ]
SQL: SHOW COLUMNS FROM `shenma_user` [ RunTime:0.0030s ]
SQL: SELECT * FROM `shenma_user` WHERE `user_id` = 1 LIMIT 1   [ RunTime:0.0000s ]
SQL: SHOW COLUMNS FROM `shenma_role` [ RunTime:0.0030s ]
SQL: SELECT * FROM `shenma_role` WHERE `role_id` = 1 LIMIT 1   [ RunTime:0.0000s ]
SQL: SHOW COLUMNS FROM `shenma_auth` [ RunTime:0.0020s ]
SQL: SELECT * FROM `shenma_auth`  [ RunTime:0.0000s ]
SQL: SHOW COLUMNS FROM `shenma_product` [ RunTime:0.0030s ]
SQL: SELECT * FROM `shenma_product` WHERE `id` = 4 LIMIT 1   [ RunTime:0.0000s ]
INFO: [ view_parse ] --START--
INFO: [ template_filter ] --START--
INFO: Run Behavior\ContentReplaceBehavior [ RunTime:0.000000s ]
INFO: [ template_filter ] --END-- [ RunTime:0.000000s ]
NOTIC: [8] Use of undefined constant auth_id - assumed 'auth_id' D:\phpStudy\WWW\shenma\Application\Runtime\Cache\Admin\433a790a91d12fe2cd3ed578c9a48778.php 第 109 行.
NOTIC: [8] Use of undefined constant auth_id - assumed 'auth_id' D:\phpStudy\WWW\shenma\Application\Runtime\Cache\Admin\433a790a91d12fe2cd3ed578c9a48778.php 第 109 行.
NOTIC: [8] Undefined variable: banner D:\phpStudy\WWW\shenma\Application\Runtime\Cache\Admin\433a790a91d12fe2cd3ed578c9a48778.php 第 133 行.
NOTIC: [8] Undefined variable: banner D:\phpStudy\WWW\shenma\Application\Runtime\Cache\Admin\433a790a91d12fe2cd3ed578c9a48778.php 第 134 行.
NOTIC: [8] Undefined variable: productf D:\phpStudy\WWW\shenma\Application\Runtime\Cache\Admin\433a790a91d12fe2cd3ed578c9a48778.php 第 144 行.
INFO: Run Behavior\ParseTemplateBehavior [ RunTime:0.011000s ]
INFO: [ view_parse ] --END-- [ RunTime:0.011000s ]
INFO: [ view_filter ] --START--
INFO: Run Behavior\WriteHtmlCacheBehavior [ RunTime:0.000000s ]
INFO: [ view_filter ] --END-- [ RunTime:0.000000s ]
INFO: [ app_end ] --START--
INFO: Run Behavior\ShowPageTraceBehavior [ RunTime:0.001000s ]
INFO: [ app_end ] --END-- [ RunTime:0.001000s ]

[ 2017-10-18T08:55:03+08:00 ] 127.0.0.1 /Admin/Productf/index/classify/17.html
INFO: [ app_init ] --START--
INFO: Run Behavior\BuildLiteBehavior [ RunTime:0.000000s ]
INFO: [ app_init ] --END-- [ RunTime:0.000000s ]
INFO: [ app_begin ] --START--
INFO: Run Behavior\ReadHtmlCacheBehavior [ RunTime:0.001000s ]
INFO: [ app_begin ] --END-- [ RunTime:0.001000s ]
SQL: SHOW COLUMNS FROM `shenma_user` [ RunTime:0.0030s ]
SQL: SELECT * FROM `shenma_user` WHERE `user_id` = 1 LIMIT 1   [ RunTime:0.0010s ]
SQL: SHOW COLUMNS FROM `shenma_role` [ RunTime:0.0030s ]
SQL: SELECT * FROM `shenma_role` WHERE `role_id` = 1 LIMIT 1   [ RunTime:0.0000s ]
SQL: SHOW COLUMNS FROM `shenma_auth` [ RunTime:0.0030s ]
SQL: SELECT * FROM `shenma_auth`  [ RunTime:0.0010s ]
SQL: SHOW COLUMNS FROM `shenma_productf` [ RunTime:0.0030s ]
SQL: SELECT * FROM `shenma_productf` WHERE `classify` = 17  [ RunTime:0.0000s ]
INFO: [ view_parse ] --START--
INFO: [ template_filter ] --START--
INFO: Run Behavior\ContentReplaceBehavior [ RunTime:0.000000s ]
INFO: [ template_filter ] --END-- [ RunTime:0.000000s ]
NOTIC: [8] Use of undefined constant auth_id - assumed 'auth_id' D:\phpStudy\WWW\shenma\Application\Runtime\Cache\Admin\92bb093e606567ecf1cfcecd10c34839.php 第 105 行.
NOTIC: [8] Use of undefined constant auth_id - assumed 'auth_id' D:\phpStudy\WWW\shenma\Application\Runtime\Cache\Admin\92bb093e606567ecf1cfcecd10c34839.php 第 105 行.
NOTIC: [8] Undefined index: url D:\phpStudy\WWW\shenma\Application\Runtime\Cache\Admin\92bb093e606567ecf1cfcecd10c34839.php 第 150 行.
NOTIC: [8] Undefined index: url D:\phpStudy\WWW\shenma\Application\Runtime\Cache\Admin\92bb093e606567ecf1cfcecd10c34839.php 第 150 行.
NOTIC: [8] Undefined index: url D:\phpStudy\WWW\shenma\Application\Runtime\Cache\Admin\92bb093e606567ecf1cfcecd10c34839.php 第 150 行.
INFO: Run Behavior\ParseTemplateBehavior [ RunTime:0.010000s ]
INFO: [ view_parse ] --END-- [ RunTime:0.010000s ]
INFO: [ view_filter ] --START--
INFO: Run Behavior\WriteHtmlCacheBehavior [ RunTime:0.000000s ]
INFO: [ view_filter ] --END-- [ RunTime:0.000000s ]
INFO: [ app_end ] --START--
INFO: Run Behavior\ShowPageTraceBehavior [ RunTime:0.001000s ]
INFO: [ app_end ] --END-- [ RunTime:0.001000s ]

[ 2017-10-18T08:55:04+08:00 ] 127.0.0.1 /Admin/Productf/edit/id/3.html
INFO: [ app_init ] --START--
INFO: Run Behavior\BuildLiteBehavior [ RunTime:0.000000s ]
INFO: [ app_init ] --END-- [ RunTime:0.000000s ]
INFO: [ app_begin ] --START--
INFO: Run Behavior\ReadHtmlCacheBehavior [ RunTime:0.001000s ]
INFO: [ app_begin ] --END-- [ RunTime:0.001000s ]
SQL: SHOW COLUMNS FROM `shenma_user` [ RunTime:0.0030s ]
SQL: SELECT * FROM `shenma_user` WHERE `user_id` = 1 LIMIT 1   [ RunTime:0.0000s ]
SQL: SHOW COLUMNS FROM `shenma_role` [ RunTime:0.0030s ]
SQL: SELECT * FROM `shenma_role` WHERE `role_id` = 1 LIMIT 1   [ RunTime:0.0010s ]
SQL: SHOW COLUMNS FROM `shenma_auth` [ RunTime:0.0030s ]
SQL: SELECT * FROM `shenma_auth`  [ RunTime:0.0000s ]
SQL: SHOW COLUMNS FROM `shenma_product` [ RunTime:0.0030s ]
SQL: SELECT * FROM `shenma_product` WHERE `id` = 3 LIMIT 1   [ RunTime:0.0000s ]
INFO: [ view_parse ] --START--
INFO: [ template_filter ] --START--
INFO: Run Behavior\ContentReplaceBehavior [ RunTime:0.000000s ]
INFO: [ template_filter ] --END-- [ RunTime:0.000000s ]
NOTIC: [8] Use of undefined constant auth_id - assumed 'auth_id' D:\phpStudy\WWW\shenma\Application\Runtime\Cache\Admin\433a790a91d12fe2cd3ed578c9a48778.php 第 109 行.
NOTIC: [8] Use of undefined constant auth_id - assumed 'auth_id' D:\phpStudy\WWW\shenma\Application\Runtime\Cache\Admin\433a790a91d12fe2cd3ed578c9a48778.php 第 109 行.
NOTIC: [8] Undefined variable: banner D:\phpStudy\WWW\shenma\Application\Runtime\Cache\Admin\433a790a91d12fe2cd3ed578c9a48778.php 第 133 行.
NOTIC: [8] Undefined variable: banner D:\phpStudy\WWW\shenma\Application\Runtime\Cache\Admin\433a790a91d12fe2cd3ed578c9a48778.php 第 134 行.
NOTIC: [8] Undefined variable: productf D:\phpStudy\WWW\shenma\Application\Runtime\Cache\Admin\433a790a91d12fe2cd3ed578c9a48778.php 第 144 行.
INFO: Run Behavior\ParseTemplateBehavior [ RunTime:0.010000s ]
INFO: [ view_parse ] --END-- [ RunTime:0.010000s ]
INFO: [ view_filter ] --START--
INFO: Run Behavior\WriteHtmlCacheBehavior [ RunTime:0.000000s ]
INFO: [ view_filter ] --END-- [ RunTime:0.000000s ]
INFO: [ app_end ] --START--
INFO: Run Behavior\ShowPageTraceBehavior [ RunTime:0.001000s ]
INFO: [ app_end ] --END-- [ RunTime:0.001000s ]

[ 2017-10-18T08:56:23+08:00 ] 127.0.0.1 /Admin/Productf/edit/id/3.html
INFO: [ app_init ] --START--
INFO: Run Behavior\BuildLiteBehavior [ RunTime:0.000000s ]
INFO: [ app_init ] --END-- [ RunTime:0.001000s ]
INFO: [ app_begin ] --START--
INFO: Run Behavior\ReadHtmlCacheBehavior [ RunTime:0.000000s ]
INFO: [ app_begin ] --END-- [ RunTime:0.000000s ]
SQL: SHOW COLUMNS FROM `shenma_user` [ RunTime:0.0030s ]
SQL: SELECT * FROM `shenma_user` WHERE `user_id` = 1 LIMIT 1   [ RunTime:0.0010s ]
SQL: SHOW COLUMNS FROM `shenma_role` [ RunTime:0.0030s ]
SQL: SELECT * FROM `shenma_role` WHERE `role_id` = 1 LIMIT 1   [ RunTime:0.0010s ]
SQL: SHOW COLUMNS FROM `shenma_auth` [ RunTime:0.0030s ]
SQL: SELECT * FROM `shenma_auth`  [ RunTime:0.0010s ]
SQL: SHOW COLUMNS FROM `shenma_productf` [ RunTime:0.0030s ]
SQL: SELECT * FROM `shenma_productf` WHERE `id` = 3 LIMIT 1   [ RunTime:0.0010s ]
INFO: [ view_parse ] --START--
INFO: [ template_filter ] --START--
INFO: Run Behavior\ContentReplaceBehavior [ RunTime:0.000000s ]
INFO: [ template_filter ] --END-- [ RunTime:0.000000s ]
NOTIC: [8] Use of undefined constant auth_id - assumed 'auth_id' D:\phpStudy\WWW\shenma\Application\Runtime\Cache\Admin\433a790a91d12fe2cd3ed578c9a48778.php 第 109 行.
NOTIC: [8] Use of undefined constant auth_id - assumed 'auth_id' D:\phpStudy\WWW\shenma\Application\Runtime\Cache\Admin\433a790a91d12fe2cd3ed578c9a48778.php 第 109 行.
NOTIC: [8] Undefined index: url D:\phpStudy\WWW\shenma\Application\Runtime\Cache\Admin\433a790a91d12fe2cd3ed578c9a48778.php 第 126 行.
NOTIC: [8] Undefined variable: banner D:\phpStudy\WWW\shenma\Application\Runtime\Cache\Admin\433a790a91d12fe2cd3ed578c9a48778.php 第 133 行.
NOTIC: [8] Undefined variable: banner D:\phpStudy\WWW\shenma\Application\Runtime\Cache\Admin\433a790a91d12fe2cd3ed578c9a48778.php 第 134 行.
NOTIC: [8] Undefined variable: productf D:\phpStudy\WWW\shenma\Application\Runtime\Cache\Admin\433a790a91d12fe2cd3ed578c9a48778.php 第 144 行.
INFO: Run Behavior\ParseTemplateBehavior [ RunTime:0.009000s ]
INFO: [ view_parse ] --END-- [ RunTime:0.009000s ]
INFO: [ view_filter ] --START--
INFO: Run Behavior\WriteHtmlCacheBehavior [ RunTime:0.000000s ]
INFO: [ view_filter ] --END-- [ RunTime:0.000000s ]
INFO: [ app_end ] --START--
INFO: Run Behavior\ShowPageTraceBehavior [ RunTime:0.001000s ]
INFO: [ app_end ] --END-- [ RunTime:0.001000s ]

[ 2017-10-18T08:56:51+08:00 ] 127.0.0.1 /Admin/Productf/edit/id/3.html
INFO: [ app_init ] --START--
INFO: Run Behavior\BuildLiteBehavior [ RunTime:0.000000s ]
INFO: [ app_init ] --END-- [ RunTime:0.001000s ]
INFO: [ app_begin ] --START--
INFO: Run Behavior\ReadHtmlCacheBehavior [ RunTime:0.001000s ]
INFO: [ app_begin ] --END-- [ RunTime:0.001000s ]
SQL: SHOW COLUMNS FROM `shenma_user` [ RunTime:0.0040s ]
SQL: SELECT * FROM `shenma_user` WHERE `user_id` = 1 LIMIT 1   [ RunTime:0.0000s ]
SQL: SHOW COLUMNS FROM `shenma_role` [ RunTime:0.0040s ]
SQL: SELECT * FROM `shenma_role` WHERE `role_id` = 1 LIMIT 1   [ RunTime:0.0010s ]
SQL: SHOW COLUMNS FROM `shenma_auth` [ RunTime:0.0040s ]
SQL: SELECT * FROM `shenma_auth`  [ RunTime:0.0000s ]
SQL: SHOW COLUMNS FROM `shenma_productf` [ RunTime:0.0040s ]
SQL: SELECT * FROM `shenma_productf` WHERE `id` = 3 LIMIT 1   [ RunTime:0.0000s ]
INFO: [ view_parse ] --START--
INFO: [ template_filter ] --START--
INFO: Run Behavior\ContentReplaceBehavior [ RunTime:0.001000s ]
INFO: [ template_filter ] --END-- [ RunTime:0.001000s ]
NOTIC: [8] Use of undefined constant auth_id - assumed 'auth_id' D:\phpStudy\WWW\shenma\Application\Runtime\Cache\Admin\433a790a91d12fe2cd3ed578c9a48778.php 第 109 行.
NOTIC: [8] Use of undefined constant auth_id - assumed 'auth_id' D:\phpStudy\WWW\shenma\Application\Runtime\Cache\Admin\433a790a91d12fe2cd3ed578c9a48778.php 第 109 行.
NOTIC: [8] Undefined index: url D:\phpStudy\WWW\shenma\Application\Runtime\Cache\Admin\433a790a91d12fe2cd3ed578c9a48778.php 第 126 行.
NOTIC: [8] Undefined variable: banner D:\phpStudy\WWW\shenma\Application\Runtime\Cache\Admin\433a790a91d12fe2cd3ed578c9a48778.php 第 133 行.
NOTIC: [8] Undefined variable: banner D:\phpStudy\WWW\shenma\Application\Runtime\Cache\Admin\433a790a91d12fe2cd3ed578c9a48778.php 第 134 行.
NOTIC: [8] Undefined variable: productf D:\phpStudy\WWW\shenma\Application\Runtime\Cache\Admin\433a790a91d12fe2cd3ed578c9a48778.php 第 144 行.
INFO: Run Behavior\ParseTemplateBehavior [ RunTime:0.012000s ]
INFO: [ view_parse ] --END-- [ RunTime:0.012000s ]
INFO: [ view_filter ] --START--
INFO: Run Behavior\WriteHtmlCacheBehavior [ RunTime:0.001000s ]
INFO: [ view_filter ] --END-- [ RunTime:0.001000s ]
INFO: [ app_end ] --START--
INFO: Run Behavior\ShowPageTraceBehavior [ RunTime:0.000000s ]
INFO: [ app_end ] --END-- [ RunTime:0.000000s ]

[ 2017-10-18T08:56:52+08:00 ] 127.0.0.1 /Admin/Productf/edit/id/3.html
INFO: [ app_init ] --START--
INFO: Run Behavior\BuildLiteBehavior [ RunTime:0.000000s ]
INFO: [ app_init ] --END-- [ RunTime:0.000000s ]
INFO: [ app_begin ] --START--
INFO: Run Behavior\ReadHtmlCacheBehavior [ RunTime:0.001000s ]
INFO: [ app_begin ] --END-- [ RunTime:0.001000s ]
SQL: SHOW COLUMNS FROM `shenma_user` [ RunTime:0.0030s ]
SQL: SELECT * FROM `shenma_user` WHERE `user_id` = 1 LIMIT 1   [ RunTime:0.0000s ]
SQL: SHOW COLUMNS FROM `shenma_role` [ RunTime:0.0030s ]
SQL: SELECT * FROM `shenma_role` WHERE `role_id` = 1 LIMIT 1   [ RunTime:0.0010s ]
SQL: SHOW COLUMNS FROM `shenma_auth` [ RunTime:0.0030s ]
SQL: SELECT * FROM `shenma_auth`  [ RunTime:0.0010s ]
SQL: SHOW COLUMNS FROM `shenma_productf` [ RunTime:0.0030s ]
SQL: SELECT * FROM `shenma_productf` WHERE `id` = 3 LIMIT 1   [ RunTime:0.0000s ]
INFO: [ view_parse ] --START--
INFO: [ template_filter ] --START--
INFO: Run Behavior\ContentReplaceBehavior [ RunTime:0.000000s ]
INFO: [ template_filter ] --END-- [ RunTime:0.001000s ]
NOTIC: [8] Use of undefined constant auth_id - assumed 'auth_id' D:\phpStudy\WWW\shenma\Application\Runtime\Cache\Admin\433a790a91d12fe2cd3ed578c9a48778.php 第 109 行.
NOTIC: [8] Use of undefined constant auth_id - assumed 'auth_id' D:\phpStudy\WWW\shenma\Application\Runtime\Cache\Admin\433a790a91d12fe2cd3ed578c9a48778.php 第 109 行.
NOTIC: [8] Undefined index: url D:\phpStudy\WWW\shenma\Application\Runtime\Cache\Admin\433a790a91d12fe2cd3ed578c9a48778.php 第 126 行.
NOTIC: [8] Undefined variable: banner D:\phpStudy\WWW\shenma\Application\Runtime\Cache\Admin\433a790a91d12fe2cd3ed578c9a48778.php 第 133 行.
NOTIC: [8] Undefined variable: banner D:\phpStudy\WWW\shenma\Application\Runtime\Cache\Admin\433a790a91d12fe2cd3ed578c9a48778.php 第 134 行.
NOTIC: [8] Undefined variable: productf D:\phpStudy\WWW\shenma\Application\Runtime\Cache\Admin\433a790a91d12fe2cd3ed578c9a48778.php 第 144 行.
INFO: Run Behavior\ParseTemplateBehavior [ RunTime:0.009000s ]
INFO: [ view_parse ] --END-- [ RunTime:0.010000s ]
INFO: [ view_filter ] --START--
INFO: Run Behavior\WriteHtmlCacheBehavior [ RunTime:0.000000s ]
INFO: [ view_filter ] --END-- [ RunTime:0.000000s ]
INFO: [ app_end ] --START--
INFO: Run Behavior\ShowPageTraceBehavior [ RunTime:0.000000s ]
INFO: [ app_end ] --END-- [ RunTime:0.000000s ]

[ 2017-10-18T08:56:52+08:00 ] 127.0.0.1 /Admin/Productf/edit/id/3.html
INFO: [ app_init ] --START--
INFO: Run Behavior\BuildLiteBehavior [ RunTime:0.000000s ]
INFO: [ app_init ] --END-- [ RunTime:0.001000s ]
INFO: [ app_begin ] --START--
INFO: Run Behavior\ReadHtmlCacheBehavior [ RunTime:0.001000s ]
INFO: [ app_begin ] --END-- [ RunTime:0.001000s ]
SQL: SHOW COLUMNS FROM `shenma_user` [ RunTime:0.0040s ]
SQL: SELECT * FROM `shenma_user` WHERE `user_id` = 1 LIMIT 1   [ RunTime:0.0000s ]
SQL: SHOW COLUMNS FROM `shenma_role` [ RunTime:0.0030s ]
SQL: SELECT * FROM `shenma_role` WHERE `role_id` = 1 LIMIT 1   [ RunTime:0.0000s ]
SQL: SHOW COLUMNS FROM `shenma_auth` [ RunTime:0.0030s ]
SQL: SELECT * FROM `shenma_auth`  [ RunTime:0.0010s ]
SQL: SHOW COLUMNS FROM `shenma_productf` [ RunTime:0.0030s ]
SQL: SELECT * FROM `shenma_productf` WHERE `id` = 3 LIMIT 1   [ RunTime:0.0000s ]
INFO: [ view_parse ] --START--
INFO: [ template_filter ] --START--
INFO: Run Behavior\ContentReplaceBehavior [ RunTime:0.001000s ]
INFO: [ template_filter ] --END-- [ RunTime:0.001000s ]
NOTIC: [8] Use of undefined constant auth_id - assumed 'auth_id' D:\phpStudy\WWW\shenma\Application\Runtime\Cache\Admin\433a790a91d12fe2cd3ed578c9a48778.php 第 109 行.
NOTIC: [8] Use of undefined constant auth_id - assumed 'auth_id' D:\phpStudy\WWW\shenma\Application\Runtime\Cache\Admin\433a790a91d12fe2cd3ed578c9a48778.php 第 109 行.
NOTIC: [8] Undefined index: url D:\phpStudy\WWW\shenma\Application\Runtime\Cache\Admin\433a790a91d12fe2cd3ed578c9a48778.php 第 126 行.
NOTIC: [8] Undefined variable: banner D:\phpStudy\WWW\shenma\Application\Runtime\Cache\Admin\433a790a91d12fe2cd3ed578c9a48778.php 第 133 行.
NOTIC: [8] Undefined variable: banner D:\phpStudy\WWW\shenma\Application\Runtime\Cache\Admin\433a790a91d12fe2cd3ed578c9a48778.php 第 134 行.
NOTIC: [8] Undefined variable: productf D:\phpStudy\WWW\shenma\Application\Runtime\Cache\Admin\433a790a91d12fe2cd3ed578c9a48778.php 第 144 行.
INFO: Run Behavior\ParseTemplateBehavior [ RunTime:0.011000s ]
INFO: [ view_parse ] --END-- [ RunTime:0.011000s ]
INFO: [ view_filter ] --START--
INFO: Run Behavior\WriteHtmlCacheBehavior [ RunTime:0.000000s ]
INFO: [ view_filter ] --END-- [ RunTime:0.000000s ]
INFO: [ app_end ] --START--
INFO: Run Behavior\ShowPageTraceBehavior [ RunTime:0.000000s ]
INFO: [ app_end ] --END-- [ RunTime:0.000000s ]

[ 2017-10-18T08:56:52+08:00 ] 127.0.0.1 /Admin/Productf/edit/id/3.html
INFO: [ app_init ] --START--
INFO: Run Behavior\BuildLiteBehavior [ RunTime:0.000000s ]
INFO: [ app_init ] --END-- [ RunTime:0.001000s ]
INFO: [ app_begin ] --START--
INFO: Run Behavior\ReadHtmlCacheBehavior [ RunTime:0.000000s ]
INFO: [ app_begin ] --END-- [ RunTime:0.000000s ]
SQL: SHOW COLUMNS FROM `shenma_user` [ RunTime:0.0030s ]
SQL: SELECT * FROM `shenma_user` WHERE `user_id` = 1 LIMIT 1   [ RunTime:0.0010s ]
SQL: SHOW COLUMNS FROM `shenma_role` [ RunTime:0.0030s ]
SQL: SELECT * FROM `shenma_role` WHERE `role_id` = 1 LIMIT 1   [ RunTime:0.0010s ]
SQL: SHOW COLUMNS FROM `shenma_auth` [ RunTime:0.0030s ]
SQL: SELECT * FROM `shenma_auth`  [ RunTime:0.0000s ]
SQL: SHOW COLUMNS FROM `shenma_productf` [ RunTime:0.0030s ]
SQL: SELECT * FROM `shenma_productf` WHERE `id` = 3 LIMIT 1   [ RunTime:0.0000s ]
INFO: [ view_parse ] --START--
INFO: [ template_filter ] --START--
INFO: Run Behavior\ContentReplaceBehavior [ RunTime:0.000000s ]
INFO: [ template_filter ] --END-- [ RunTime:0.000000s ]
NOTIC: [8] Use of undefined constant auth_id - assumed 'auth_id' D:\phpStudy\WWW\shenma\Application\Runtime\Cache\Admin\433a790a91d12fe2cd3ed578c9a48778.php 第 109 行.
NOTIC: [8] Use of undefined constant auth_id - assumed 'auth_id' D:\phpStudy\WWW\shenma\Application\Runtime\Cache\Admin\433a790a91d12fe2cd3ed578c9a48778.php 第 109 行.
NOTIC: [8] Undefined index: url D:\phpStudy\WWW\shenma\Application\Runtime\Cache\Admin\433a790a91d12fe2cd3ed578c9a48778.php 第 126 行.
NOTIC: [8] Undefined variable: banner D:\phpStudy\WWW\shenma\Application\Runtime\Cache\Admin\433a790a91d12fe2cd3ed578c9a48778.php 第 133 行.
NOTIC: [8] Undefined variable: banner D:\phpStudy\WWW\shenma\Application\Runtime\Cache\Admin\433a790a91d12fe2cd3ed578c9a48778.php 第 134 行.
NOTIC: [8] Undefined variable: productf D:\phpStudy\WWW\shenma\Application\Runtime\Cache\Admin\433a790a91d12fe2cd3ed578c9a48778.php 第 144 行.
INFO: Run Behavior\ParseTemplateBehavior [ RunTime:0.010000s ]
INFO: [ view_parse ] --END-- [ RunTime:0.010000s ]
INFO: [ view_filter ] --START--
INFO: Run Behavior\WriteHtmlCacheBehavior [ RunTime:0.000000s ]
INFO: [ view_filter ] --END-- [ RunTime:0.000000s ]
INFO: [ app_end ] --START--
INFO: Run Behavior\ShowPageTraceBehavior [ RunTime:0.001000s ]
INFO: [ app_end ] --END-- [ RunTime:0.001000s ]

[ 2017-10-18T08:56:54+08:00 ] 127.0.0.1 /Admin/Productf/edit/id/3.html
INFO: [ app_init ] --START--
INFO: Run Behavior\BuildLiteBehavior [ RunTime:0.000000s ]
INFO: [ app_init ] --END-- [ RunTime:0.000000s ]
INFO: [ app_begin ] --START--
INFO: Run Behavior\ReadHtmlCacheBehavior [ RunTime:0.000000s ]
INFO: [ app_begin ] --END-- [ RunTime:0.000000s ]
SQL: SHOW COLUMNS FROM `shenma_user` [ RunTime:0.0050s ]
SQL: SELECT * FROM `shenma_user` WHERE `user_id` = 1 LIMIT 1   [ RunTime:0.0010s ]
SQL: SHOW COLUMNS FROM `shenma_role` [ RunTime:0.0030s ]
SQL: SELECT * FROM `shenma_role` WHERE `role_id` = 1 LIMIT 1   [ RunTime:0.0000s ]
SQL: SHOW COLUMNS FROM `shenma_auth` [ RunTime:0.0020s ]
SQL: SELECT * FROM `shenma_auth`  [ RunTime:0.0010s ]
SQL: SHOW COLUMNS FROM `shenma_productf` [ RunTime:0.0030s ]
SQL: SELECT * FROM `shenma_productf` WHERE `id` = 3 LIMIT 1   [ RunTime:0.0000s ]
INFO: [ view_parse ] --START--
INFO: [ template_filter ] --START--
INFO: Run Behavior\ContentReplaceBehavior [ RunTime:0.000000s ]
INFO: [ template_filter ] --END-- [ RunTime:0.000000s ]
NOTIC: [8] Use of undefined constant auth_id - assumed 'auth_id' D:\phpStudy\WWW\shenma\Application\Runtime\Cache\Admin\433a790a91d12fe2cd3ed578c9a48778.php 第 109 行.
NOTIC: [8] Use of undefined constant auth_id - assumed 'auth_id' D:\phpStudy\WWW\shenma\Application\Runtime\Cache\Admin\433a790a91d12fe2cd3ed578c9a48778.php 第 109 行.
NOTIC: [8] Undefined index: url D:\phpStudy\WWW\shenma\Application\Runtime\Cache\Admin\433a790a91d12fe2cd3ed578c9a48778.php 第 126 行.
NOTIC: [8] Undefined variable: banner D:\phpStudy\WWW\shenma\Application\Runtime\Cache\Admin\433a790a91d12fe2cd3ed578c9a48778.php 第 133 行.
NOTIC: [8] Undefined variable: banner D:\phpStudy\WWW\shenma\Application\Runtime\Cache\Admin\433a790a91d12fe2cd3ed578c9a48778.php 第 134 行.
NOTIC: [8] Undefined variable: productf D:\phpStudy\WWW\shenma\Application\Runtime\Cache\Admin\433a790a91d12fe2cd3ed578c9a48778.php 第 144 行.
INFO: Run Behavior\ParseTemplateBehavior [ RunTime:0.009000s ]
INFO: [ view_parse ] --END-- [ RunTime:0.009000s ]
INFO: [ view_filter ] --START--
INFO: Run Behavior\WriteHtmlCacheBehavior [ RunTime:0.000000s ]
INFO: [ view_filter ] --END-- [ RunTime:0.001000s ]
INFO: [ app_end ] --START--
INFO: Run Behavior\ShowPageTraceBehavior [ RunTime:0.000000s ]
INFO: [ app_end ] --END-- [ RunTime:0.000000s ]

[ 2017-10-18T08:56:54+08:00 ] 127.0.0.1 /Admin/Productf/edit/id/3.html
INFO: [ app_init ] --START--
INFO: Run Behavior\BuildLiteBehavior [ RunTime:0.000000s ]
INFO: [ app_init ] --END-- [ RunTime:0.000000s ]
INFO: [ app_begin ] --START--
INFO: Run Behavior\ReadHtmlCacheBehavior [ RunTime:0.000000s ]
INFO: [ app_begin ] --END-- [ RunTime:0.000000s ]
SQL: SHOW COLUMNS FROM `shenma_user` [ RunTime:0.0030s ]
SQL: SELECT * FROM `shenma_user` WHERE `user_id` = 1 LIMIT 1   [ RunTime:0.0010s ]
SQL: SHOW COLUMNS FROM `shenma_role` [ RunTime:0.0030s ]
SQL: SELECT * FROM `shenma_role` WHERE `role_id` = 1 LIMIT 1   [ RunTime:0.0000s ]
SQL: SHOW COLUMNS FROM `shenma_auth` [ RunTime:0.0030s ]
SQL: SELECT * FROM `shenma_auth`  [ RunTime:0.0000s ]
SQL: SHOW COLUMNS FROM `shenma_productf` [ RunTime:0.0030s ]
SQL: SELECT * FROM `shenma_productf` WHERE `id` = 3 LIMIT 1   [ RunTime:0.0010s ]
INFO: [ view_parse ] --START--
INFO: [ template_filter ] --START--
INFO: Run Behavior\ContentReplaceBehavior [ RunTime:0.000000s ]
INFO: [ template_filter ] --END-- [ RunTime:0.000000s ]
NOTIC: [8] Use of undefined constant auth_id - assumed 'auth_id' D:\phpStudy\WWW\shenma\Application\Runtime\Cache\Admin\433a790a91d12fe2cd3ed578c9a48778.php 第 109 行.
NOTIC: [8] Use of undefined constant auth_id - assumed 'auth_id' D:\phpStudy\WWW\shenma\Application\Runtime\Cache\Admin\433a790a91d12fe2cd3ed578c9a48778.php 第 109 行.
NOTIC: [8] Undefined index: url D:\phpStudy\WWW\shenma\Application\Runtime\Cache\Admin\433a790a91d12fe2cd3ed578c9a48778.php 第 126 行.
NOTIC: [8] Undefined variable: banner D:\phpStudy\WWW\shenma\Application\Runtime\Cache\Admin\433a790a91d12fe2cd3ed578c9a48778.php 第 133 行.
NOTIC: [8] Undefined variable: banner D:\phpStudy\WWW\shenma\Application\Runtime\Cache\Admin\433a790a91d12fe2cd3ed578c9a48778.php 第 134 行.
NOTIC: [8] Undefined variable: productf D:\phpStudy\WWW\shenma\Application\Runtime\Cache\Admin\433a790a91d12fe2cd3ed578c9a48778.php 第 144 行.
INFO: Run Behavior\ParseTemplateBehavior [ RunTime:0.008000s ]
INFO: [ view_parse ] --END-- [ RunTime:0.008000s ]
INFO: [ view_filter ] --START--
INFO: Run Behavior\WriteHtmlCacheBehavior [ RunTime:0.000000s ]
INFO: [ view_filter ] --END-- [ RunTime:0.000000s ]
INFO: [ app_end ] --START--
INFO: Run Behavior\ShowPageTraceBehavior [ RunTime:0.000000s ]
INFO: [ app_end ] --END-- [ RunTime:0.000000s ]

[ 2017-10-18T08:56:58+08:00 ] 127.0.0.1 /Admin/Productf/index/classify/17.html
INFO: [ app_init ] --START--
INFO: Run Behavior\BuildLiteBehavior [ RunTime:0.000000s ]
INFO: [ app_init ] --END-- [ RunTime:0.000000s ]
INFO: [ app_begin ] --START--
INFO: Run Behavior\ReadHtmlCacheBehavior [ RunTime:0.000000s ]
INFO: [ app_begin ] --END-- [ RunTime:0.000000s ]
SQL: SHOW COLUMNS FROM `shenma_user` [ RunTime:0.0030s ]
SQL: SELECT * FROM `shenma_user` WHERE `user_id` = 1 LIMIT 1   [ RunTime:0.0000s ]
SQL: SHOW COLUMNS FROM `shenma_role` [ RunTime:0.0030s ]
SQL: SELECT * FROM `shenma_role` WHERE `role_id` = 1 LIMIT 1   [ RunTime:0.0000s ]
SQL: SHOW COLUMNS FROM `shenma_auth` [ RunTime:0.0030s ]
SQL: SELECT * FROM `shenma_auth`  [ RunTime:0.0000s ]
SQL: SHOW COLUMNS FROM `shenma_productf` [ RunTime:0.0020s ]
SQL: SELECT * FROM `shenma_productf` WHERE `classify` = 17  [ RunTime:0.0000s ]
INFO: [ view_parse ] --START--
INFO: [ template_filter ] --START--
INFO: Run Behavior\ContentReplaceBehavior [ RunTime:0.000000s ]
INFO: [ template_filter ] --END-- [ RunTime:0.000000s ]
NOTIC: [8] Use of undefined constant auth_id - assumed 'auth_id' D:\phpStudy\WWW\shenma\Application\Runtime\Cache\Admin\92bb093e606567ecf1cfcecd10c34839.php 第 105 行.
NOTIC: [8] Use of undefined constant auth_id - assumed 'auth_id' D:\phpStudy\WWW\shenma\Application\Runtime\Cache\Admin\92bb093e606567ecf1cfcecd10c34839.php 第 105 行.
NOTIC: [8] Undefined index: url D:\phpStudy\WWW\shenma\Application\Runtime\Cache\Admin\92bb093e606567ecf1cfcecd10c34839.php 第 150 行.
NOTIC: [8] Undefined index: url D:\phpStudy\WWW\shenma\Application\Runtime\Cache\Admin\92bb093e606567ecf1cfcecd10c34839.php 第 150 行.
NOTIC: [8] Undefined index: url D:\phpStudy\WWW\shenma\Application\Runtime\Cache\Admin\92bb093e606567ecf1cfcecd10c34839.php 第 150 行.
INFO: Run Behavior\ParseTemplateBehavior [ RunTime:0.010000s ]
INFO: [ view_parse ] --END-- [ RunTime:0.010000s ]
INFO: [ view_filter ] --START--
INFO: Run Behavior\WriteHtmlCacheBehavior [ RunTime:0.000000s ]
INFO: [ view_filter ] --END-- [ RunTime:0.000000s ]
INFO: [ app_end ] --START--
INFO: Run Behavior\ShowPageTraceBehavior [ RunTime:0.001000s ]
INFO: [ app_end ] --END-- [ RunTime:0.001000s ]

[ 2017-10-18T08:57:00+08:00 ] 127.0.0.1 /Admin/Productf/edit/id/4.html
INFO: [ app_init ] --START--
INFO: Run Behavior\BuildLiteBehavior [ RunTime:0.000000s ]
INFO: [ app_init ] --END-- [ RunTime:0.000000s ]
INFO: [ app_begin ] --START--
INFO: Run Behavior\ReadHtmlCacheBehavior [ RunTime:0.000000s ]
INFO: [ app_begin ] --END-- [ RunTime:0.001000s ]
SQL: SHOW COLUMNS FROM `shenma_user` [ RunTime:0.0030s ]
SQL: SELECT * FROM `shenma_user` WHERE `user_id` = 1 LIMIT 1   [ RunTime:0.0010s ]
SQL: SHOW COLUMNS FROM `shenma_role` [ RunTime:0.0020s ]
SQL: SELECT * FROM `shenma_role` WHERE `role_id` = 1 LIMIT 1   [ RunTime:0.0010s ]
SQL: SHOW COLUMNS FROM `shenma_auth` [ RunTime:0.0030s ]
SQL: SELECT * FROM `shenma_auth`  [ RunTime:0.0010s ]
SQL: SHOW COLUMNS FROM `shenma_productf` [ RunTime:0.0030s ]
SQL: SELECT * FROM `shenma_productf` WHERE `id` = 4 LIMIT 1   [ RunTime:0.0000s ]
INFO: [ view_parse ] --START--
INFO: [ template_filter ] --START--
INFO: Run Behavior\ContentReplaceBehavior [ RunTime:0.000000s ]
INFO: [ template_filter ] --END-- [ RunTime:0.000000s ]
NOTIC: [8] Use of undefined constant auth_id - assumed 'auth_id' D:\phpStudy\WWW\shenma\Application\Runtime\Cache\Admin\433a790a91d12fe2cd3ed578c9a48778.php 第 109 行.
NOTIC: [8] Use of undefined constant auth_id - assumed 'auth_id' D:\phpStudy\WWW\shenma\Application\Runtime\Cache\Admin\433a790a91d12fe2cd3ed578c9a48778.php 第 109 行.
NOTIC: [8] Undefined index: url D:\phpStudy\WWW\shenma\Application\Runtime\Cache\Admin\433a790a91d12fe2cd3ed578c9a48778.php 第 126 行.
NOTIC: [8] Undefined variable: banner D:\phpStudy\WWW\shenma\Application\Runtime\Cache\Admin\433a790a91d12fe2cd3ed578c9a48778.php 第 133 行.
NOTIC: [8] Undefined variable: banner D:\phpStudy\WWW\shenma\Application\Runtime\Cache\Admin\433a790a91d12fe2cd3ed578c9a48778.php 第 134 行.
NOTIC: [8] Undefined variable: productf D:\phpStudy\WWW\shenma\Application\Runtime\Cache\Admin\433a790a91d12fe2cd3ed578c9a48778.php 第 144 行.
INFO: Run Behavior\ParseTemplateBehavior [ RunTime:0.010000s ]
INFO: [ view_parse ] --END-- [ RunTime:0.010000s ]
INFO: [ view_filter ] --START--
INFO: Run Behavior\WriteHtmlCacheBehavior [ RunTime:0.001000s ]
INFO: [ view_filter ] --END-- [ RunTime:0.001000s ]
INFO: [ app_end ] --START--
INFO: Run Behavior\ShowPageTraceBehavior [ RunTime:0.000000s ]
INFO: [ app_end ] --END-- [ RunTime:0.000000s ]

[ 2017-10-18T08:58:01+08:00 ] 127.0.0.1 /Admin/Productf/edit/id/4.html
INFO: [ app_init ] --START--
INFO: Run Behavior\BuildLiteBehavior [ RunTime:0.000000s ]
INFO: [ app_init ] --END-- [ RunTime:0.000000s ]
INFO: [ app_begin ] --START--
INFO: Run Behavior\ReadHtmlCacheBehavior [ RunTime:0.001000s ]
INFO: [ app_begin ] --END-- [ RunTime:0.001000s ]
SQL: SHOW COLUMNS FROM `shenma_user` [ RunTime:0.0040s ]
SQL: SELECT * FROM `shenma_user` WHERE `user_id` = 1 LIMIT 1   [ RunTime:0.0010s ]
SQL: SHOW COLUMNS FROM `shenma_role` [ RunTime:0.0020s ]
SQL: SELECT * FROM `shenma_role` WHERE `role_id` = 1 LIMIT 1   [ RunTime:0.0010s ]
SQL: SHOW COLUMNS FROM `shenma_auth` [ RunTime:0.0020s ]
SQL: SELECT * FROM `shenma_auth`  [ RunTime:0.0010s ]
SQL: SHOW COLUMNS FROM `shenma_productf` [ RunTime:0.0030s ]
SQL: SELECT * FROM `shenma_productf` WHERE `id` = 4 LIMIT 1   [ RunTime:0.0010s ]
INFO: [ view_parse ] --START--
INFO: [ template_filter ] --START--
INFO: Run Behavior\ContentReplaceBehavior [ RunTime:0.001000s ]
INFO: [ template_filter ] --END-- [ RunTime:0.001000s ]
NOTIC: [8] Use of undefined constant auth_id - assumed 'auth_id' D:\phpStudy\WWW\shenma\Application\Runtime\Cache\Admin\433a790a91d12fe2cd3ed578c9a48778.php 第 109 行.
NOTIC: [8] Use of undefined constant auth_id - assumed 'auth_id' D:\phpStudy\WWW\shenma\Application\Runtime\Cache\Admin\433a790a91d12fe2cd3ed578c9a48778.php 第 109 行.
NOTIC: [8] Undefined index: url D:\phpStudy\WWW\shenma\Application\Runtime\Cache\Admin\433a790a91d12fe2cd3ed578c9a48778.php 第 126 行.
INFO: Run Behavior\ParseTemplateBehavior [ RunTime:0.009000s ]
INFO: [ view_parse ] --END-- [ RunTime:0.009000s ]
INFO: [ view_filter ] --START--
INFO: Run Behavior\WriteHtmlCacheBehavior [ RunTime:0.001000s ]
INFO: [ view_filter ] --END-- [ RunTime:0.001000s ]
INFO: [ app_end ] --START--
INFO: Run Behavior\ShowPageTraceBehavior [ RunTime:0.001000s ]
INFO: [ app_end ] --END-- [ RunTime:0.001000s ]

[ 2017-10-18T08:58:19+08:00 ] 127.0.0.1 /Admin/Banner/up.html
INFO: [ app_init ] --START--
INFO: Run Behavior\BuildLiteBehavior [ RunTime:0.000000s ]
INFO: [ app_init ] --END-- [ RunTime:0.000000s ]
INFO: [ app_begin ] --START--
INFO: Run Behavior\ReadHtmlCacheBehavior [ RunTime:0.001000s ]
INFO: [ app_begin ] --END-- [ RunTime:0.001000s ]
SQL: SHOW COLUMNS FROM `shenma_user` [ RunTime:0.0030s ]
SQL: SELECT * FROM `shenma_user` WHERE `user_id` = 1 LIMIT 1   [ RunTime:0.0010s ]
SQL: SHOW COLUMNS FROM `shenma_role` [ RunTime:0.0060s ]
SQL: SELECT * FROM `shenma_role` WHERE `role_id` = 1 LIMIT 1   [ RunTime:0.0000s ]
SQL: SHOW COLUMNS FROM `shenma_auth` [ RunTime:0.0020s ]
SQL: SELECT * FROM `shenma_auth`  [ RunTime:0.0010s ]
NOTIC: [2] call_user_func() expects parameter 1 to be a valid callback, no array or string given D:\phpStudy\WWW\shenma\ThinkPHP\Library\Think\Upload.class.php 第 170 行.

[ 2017-10-18T08:58:20+08:00 ] 127.0.0.1 /Admin/Productf/edit.html
INFO: [ app_init ] --START--
INFO: Run Behavior\BuildLiteBehavior [ RunTime:0.000000s ]
INFO: [ app_init ] --END-- [ RunTime:0.000000s ]
INFO: [ app_begin ] --START--
INFO: Run Behavior\ReadHtmlCacheBehavior [ RunTime:0.001000s ]
INFO: [ app_begin ] --END-- [ RunTime:0.001000s ]
SQL: SHOW COLUMNS FROM `shenma_user` [ RunTime:0.0030s ]
SQL: SELECT * FROM `shenma_user` WHERE `user_id` = 1 LIMIT 1   [ RunTime:0.0010s ]
SQL: SHOW COLUMNS FROM `shenma_role` [ RunTime:0.0020s ]
SQL: SELECT * FROM `shenma_role` WHERE `role_id` = 1 LIMIT 1   [ RunTime:0.0010s ]
SQL: SHOW COLUMNS FROM `shenma_auth` [ RunTime:0.0040s ]
SQL: SELECT * FROM `shenma_auth`  [ RunTime:0.0000s ]
SQL: SHOW COLUMNS FROM `shenma_productf` [ RunTime:0.0030s ]
NOTIC: [8] Undefined index: validate D:\phpStudy\WWW\shenma\ThinkPHP\Library\Think\Model.class.php 第 1185 行.
NOTIC: [8] Undefined index: auto D:\phpStudy\WWW\shenma\ThinkPHP\Library\Think\Model.class.php 第 1128 行.
SQL: UPDATE `shenma_productf` SET `name`='第二张',`thumbnail`='/Public/Upload/20171018/1508288299_1208356475.png',`sort`='2' WHERE `id` = 4 [ RunTime:0.0000s ]
INFO: [ view_parse ] --START--
INFO: [ template_filter ] --START--
INFO: Run Behavior\ContentReplaceBehavior [ RunTime:0.000000s ]
INFO: [ template_filter ] --END-- [ RunTime:0.000000s ]
INFO: Run Behavior\ParseTemplateBehavior [ RunTime:0.004000s ]
INFO: [ view_parse ] --END-- [ RunTime:0.004000s ]
INFO: [ view_filter ] --START--
INFO: Run Behavior\WriteHtmlCacheBehavior [ RunTime:0.001000s ]
INFO: [ view_filter ] --END-- [ RunTime:0.001000s ]
INFO: [ app_end ] --START--
INFO: Run Behavior\ShowPageTraceBehavior [ RunTime:0.000000s ]
INFO: [ app_end ] --END-- [ RunTime:0.000000s ]

[ 2017-10-18T08:58:21+08:00 ] 127.0.0.1 /Admin/Productf/edit/id/4.html
INFO: [ app_init ] --START--
INFO: Run Behavior\BuildLiteBehavior [ RunTime:0.000000s ]
INFO: [ app_init ] --END-- [ RunTime:0.000000s ]
INFO: [ app_begin ] --START--
INFO: Run Behavior\ReadHtmlCacheBehavior [ RunTime:0.001000s ]
INFO: [ app_begin ] --END-- [ RunTime:0.001000s ]
SQL: SHOW COLUMNS FROM `shenma_user` [ RunTime:0.0050s ]
SQL: SELECT * FROM `shenma_user` WHERE `user_id` = 1 LIMIT 1   [ RunTime:0.0000s ]
SQL: SHOW COLUMNS FROM `shenma_role` [ RunTime:0.0030s ]
SQL: SELECT * FROM `shenma_role` WHERE `role_id` = 1 LIMIT 1   [ RunTime:0.0010s ]
SQL: SHOW COLUMNS FROM `shenma_auth` [ RunTime:0.0030s ]
SQL: SELECT * FROM `shenma_auth`  [ RunTime:0.0010s ]
SQL: SHOW COLUMNS FROM `shenma_productf` [ RunTime:0.0030s ]
SQL: SELECT * FROM `shenma_productf` WHERE `id` = 4 LIMIT 1   [ RunTime:0.0000s ]
INFO: [ view_parse ] --START--
INFO: [ template_filter ] --START--
INFO: Run Behavior\ContentReplaceBehavior [ RunTime:0.000000s ]
INFO: [ template_filter ] --END-- [ RunTime:0.000000s ]
NOTIC: [8] Use of undefined constant auth_id - assumed 'auth_id' D:\phpStudy\WWW\shenma\Application\Runtime\Cache\Admin\433a790a91d12fe2cd3ed578c9a48778.php 第 109 行.
NOTIC: [8] Use of undefined constant auth_id - assumed 'auth_id' D:\phpStudy\WWW\shenma\Application\Runtime\Cache\Admin\433a790a91d12fe2cd3ed578c9a48778.php 第 109 行.
NOTIC: [8] Undefined index: url D:\phpStudy\WWW\shenma\Application\Runtime\Cache\Admin\433a790a91d12fe2cd3ed578c9a48778.php 第 126 行.
INFO: Run Behavior\ParseTemplateBehavior [ RunTime:0.010000s ]
INFO: [ view_parse ] --END-- [ RunTime:0.010000s ]
INFO: [ view_filter ] --START--
INFO: Run Behavior\WriteHtmlCacheBehavior [ RunTime:0.000000s ]
INFO: [ view_filter ] --END-- [ RunTime:0.000000s ]
INFO: [ app_end ] --START--
INFO: Run Behavior\ShowPageTraceBehavior [ RunTime:0.000000s ]
INFO: [ app_end ] --END-- [ RunTime:0.000000s ]

