[ 2017-10-07T22:30:12+08:00 ] 58.37.173.192 /Admin/Develop/index.html
INFO: [ app_init ] --START--
INFO: Run Behavior\BuildLiteBehavior [ RunTime:0.000014s ]
INFO: [ app_init ] --END-- [ RunTime:0.000280s ]
INFO: [ app_begin ] --START--
INFO: Run Behavior\ReadHtmlCacheBehavior [ RunTime:0.000323s ]
INFO: [ app_begin ] --END-- [ RunTime:0.000362s ]
SQL: SHOW COLUMNS FROM `shenma_user` [ RunTime:0.0005s ]
SQL: SELECT * FROM `shenma_user` WHERE `user_id` = 8 LIMIT 1   [ RunTime:0.0001s ]
SQL: SHOW COLUMNS FROM `shenma_role` [ RunTime:0.0003s ]
SQL: SELECT * FROM `shenma_role` WHERE `role_id` = 1 LIMIT 1   [ RunTime:0.0001s ]
SQL: SHOW COLUMNS FROM `shenma_auth` [ RunTime:0.0003s ]
SQL: SELECT * FROM `shenma_auth`  [ RunTime:0.0001s ]
SQL: SHOW COLUMNS FROM `shenma_develop` [ RunTime:0.0003s ]
SQL: SELECT * FROM `shenma_develop` ORDER BY id asc  [ RunTime:0.0001s ]
INFO: [ view_parse ] --START--
INFO: [ template_filter ] --START--
INFO: Run Behavior\ContentReplaceBehavior [ RunTime:0.000079s ]
INFO: [ template_filter ] --END-- [ RunTime:0.000134s ]
NOTIC: [8] Use of undefined constant auth_id - assumed 'auth_id' /home/wwwroot/default/sm/Application/Runtime/Cache/Admin/970994dcbd3e0b6625a5e58c063df21d.php 第 89 行.
NOTIC: [8] Use of undefined constant auth_id - assumed 'auth_id' /home/wwwroot/default/sm/Application/Runtime/Cache/Admin/970994dcbd3e0b6625a5e58c063df21d.php 第 89 行.
INFO: Run Behavior\ParseTemplateBehavior [ RunTime:0.010282s ]
INFO: [ view_parse ] --END-- [ RunTime:0.010318s ]
INFO: [ view_filter ] --START--
INFO: Run Behavior\WriteHtmlCacheBehavior [ RunTime:0.000140s ]
INFO: [ view_filter ] --END-- [ RunTime:0.000171s ]
INFO: [ app_end ] --START--
INFO: Run Behavior\ShowPageTraceBehavior [ RunTime:0.000408s ]
INFO: [ app_end ] --END-- [ RunTime:0.000447s ]

[ 2017-10-07T22:30:17+08:00 ] 58.37.173.192 /Admin/Index/index.html
INFO: [ app_init ] --START--
INFO: Run Behavior\BuildLiteBehavior [ RunTime:0.000014s ]
INFO: [ app_init ] --END-- [ RunTime:0.000273s ]
INFO: [ app_begin ] --START--
INFO: Run Behavior\ReadHtmlCacheBehavior [ RunTime:0.000332s ]
INFO: [ app_begin ] --END-- [ RunTime:0.000371s ]
SQL: SHOW COLUMNS FROM `shenma_user` [ RunTime:0.0005s ]
SQL: SELECT * FROM `shenma_user` WHERE `user_id` = 8 LIMIT 1   [ RunTime:0.0001s ]
SQL: SHOW COLUMNS FROM `shenma_role` [ RunTime:0.0003s ]
SQL: SELECT * FROM `shenma_role` WHERE `role_id` = 1 LIMIT 1   [ RunTime:0.0001s ]
SQL: SHOW COLUMNS FROM `shenma_auth` [ RunTime:0.0003s ]
SQL: SELECT * FROM `shenma_auth`  [ RunTime:0.0001s ]
SQL: SHOW COLUMNS FROM `shenma_article` [ RunTime:0.0004s ]
SQL: SELECT COUNT(*) AS tp_count FROM `shenma_article` LIMIT 1   [ RunTime:0.0001s ]
SQL: SELECT COUNT(*) AS tp_count FROM `shenma_article` WHERE `status` = 0 LIMIT 1   [ RunTime:0.0002s ]
INFO: [ view_parse ] --START--
INFO: [ template_filter ] --START--
INFO: Run Behavior\ContentReplaceBehavior [ RunTime:0.000081s ]
INFO: [ template_filter ] --END-- [ RunTime:0.000129s ]
NOTIC: [8] Use of undefined constant auth_id - assumed 'auth_id' /home/wwwroot/default/sm/Application/Runtime/Cache/Admin/b595b808c2ebeeeb0478ffc30bb4e87a.php 第 89 行.
NOTIC: [8] Use of undefined constant auth_id - assumed 'auth_id' /home/wwwroot/default/sm/Application/Runtime/Cache/Admin/b595b808c2ebeeeb0478ffc30bb4e87a.php 第 89 行.
INFO: Run Behavior\ParseTemplateBehavior [ RunTime:0.009880s ]
INFO: [ view_parse ] --END-- [ RunTime:0.009926s ]
INFO: [ view_filter ] --START--
INFO: Run Behavior\WriteHtmlCacheBehavior [ RunTime:0.000123s ]
INFO: [ view_filter ] --END-- [ RunTime:0.000152s ]
INFO: [ app_end ] --START--
INFO: Run Behavior\ShowPageTraceBehavior [ RunTime:0.000365s ]
INFO: [ app_end ] --END-- [ RunTime:0.000400s ]

